<?xml version="1.0" encoding="UTF-8" ?>
<testsuite tests="5" failures="3" name="finalprojectB.UrlValidatorTest" time="0.854" errors="0" skipped="0">
  <properties>
    <property name="java.runtime.name" value="OpenJDK Runtime Environment"/>
    <property name="sun.boot.library.path" value="/usr/lib/jvm/java-1.8.0-openjdk-1.8.0.131-3.b12.el7_3.x86_64/jre/lib/amd64"/>
    <property name="java.vm.version" value="25.131-b12"/>
    <property name="java.vm.vendor" value="Oracle Corporation"/>
    <property name="java.vendor.url" value="http://java.oracle.com/"/>
    <property name="path.separator" value=":"/>
    <property name="guice.disable.misplaced.annotation.check" value="true"/>
    <property name="java.vm.name" value="OpenJDK 64-Bit Server VM"/>
    <property name="file.encoding.pkg" value="sun.io"/>
    <property name="user.country" value="US"/>
    <property name="sun.java.launcher" value="SUN_STANDARD"/>
    <property name="sun.os.patch.level" value="unknown"/>
    <property name="java.vm.specification.name" value="Java Virtual Machine Specification"/>
    <property name="user.dir" value="/nfs/stak/students/h/heussere/cs_362/git/CS362-001-SP17/FinalProject/URLValidatorInCorrect"/>
    <property name="java.runtime.version" value="1.8.0_131-b12"/>
    <property name="java.awt.graphicsenv" value="sun.awt.X11GraphicsEnvironment"/>
    <property name="java.endorsed.dirs" value="/usr/lib/jvm/java-1.8.0-openjdk-1.8.0.131-3.b12.el7_3.x86_64/jre/lib/endorsed"/>
    <property name="os.arch" value="amd64"/>
    <property name="java.io.tmpdir" value="/tmp"/>
    <property name="line.separator" value="
"/>
    <property name="java.vm.specification.vendor" value="Oracle Corporation"/>
    <property name="os.name" value="Linux"/>
    <property name="classworlds.conf" value="/usr/share/maven/bin/m2.conf"/>
    <property name="sun.jnu.encoding" value="UTF-8"/>
    <property name="java.library.path" value="/usr/java/packages/lib/amd64:/usr/lib64:/lib64:/lib:/usr/lib"/>
    <property name="java.specification.name" value="Java Platform API Specification"/>
    <property name="java.class.version" value="52.0"/>
    <property name="sun.management.compiler" value="HotSpot 64-Bit Tiered Compilers"/>
    <property name="os.version" value="3.10.0-327.36.3.el7.x86_64"/>
    <property name="user.home" value="/nfs/stak/students/h/heussere"/>
    <property name="user.timezone" value="America/Los_Angeles"/>
    <property name="java.awt.printerjob" value="sun.print.PSPrinterJob"/>
    <property name="file.encoding" value="UTF-8"/>
    <property name="java.specification.version" value="1.8"/>
    <property name="user.name" value="heussere"/>
    <property name="java.class.path" value="/usr/share/maven/boot/plexus-classworlds.jar"/>
    <property name="java.vm.specification.version" value="1.8"/>
    <property name="sun.arch.data.model" value="64"/>
    <property name="java.home" value="/usr/lib/jvm/java-1.8.0-openjdk-1.8.0.131-3.b12.el7_3.x86_64/jre"/>
    <property name="sun.java.command" value="org.codehaus.plexus.classworlds.launcher.Launcher test"/>
    <property name="java.specification.vendor" value="Oracle Corporation"/>
    <property name="user.language" value="en"/>
    <property name="awt.toolkit" value="sun.awt.X11.XToolkit"/>
    <property name="java.vm.info" value="mixed mode"/>
    <property name="java.version" value="1.8.0_131"/>
    <property name="java.ext.dirs" value="/usr/lib/jvm/java-1.8.0-openjdk-1.8.0.131-3.b12.el7_3.x86_64/jre/lib/ext:/usr/java/packages/lib/ext"/>
    <property name="sun.boot.class.path" value="/usr/lib/jvm/java-1.8.0-openjdk-1.8.0.131-3.b12.el7_3.x86_64/jre/lib/resources.jar:/usr/lib/jvm/java-1.8.0-openjdk-1.8.0.131-3.b12.el7_3.x86_64/jre/lib/rt.jar:/usr/lib/jvm/java-1.8.0-openjdk-1.8.0.131-3.b12.el7_3.x86_64/jre/lib/sunrsasign.jar:/usr/lib/jvm/java-1.8.0-openjdk-1.8.0.131-3.b12.el7_3.x86_64/jre/lib/jsse.jar:/usr/lib/jvm/java-1.8.0-openjdk-1.8.0.131-3.b12.el7_3.x86_64/jre/lib/jce.jar:/usr/lib/jvm/java-1.8.0-openjdk-1.8.0.131-3.b12.el7_3.x86_64/jre/lib/charsets.jar:/usr/lib/jvm/java-1.8.0-openjdk-1.8.0.131-3.b12.el7_3.x86_64/jre/lib/jfr.jar:/usr/lib/jvm/java-1.8.0-openjdk-1.8.0.131-3.b12.el7_3.x86_64/jre/classes"/>
    <property name="java.vendor" value="Oracle Corporation"/>
    <property name="maven.home" value="/usr/share/maven"/>
    <property name="file.separator" value="/"/>
    <property name="java.vendor.url.bug" value="http://bugreport.sun.com/bugreport/"/>
    <property name="sun.cpu.endian" value="little"/>
    <property name="sun.io.unicode.encoding" value="UnicodeLittle"/>
    <property name="sun.cpu.isalist" value=""/>
  </properties>
  <testcase classname="finalprojectB.UrlValidatorTest" name="testManualTest" time="0.028">
    <failure type="junit.framework.AssertionFailedError">junit.framework.AssertionFailedError
	at junit.framework.Assert.fail(Assert.java:55)
	at junit.framework.Assert.assertTrue(Assert.java:22)
	at junit.framework.Assert.assertFalse(Assert.java:39)
	at junit.framework.Assert.assertFalse(Assert.java:47)
	at junit.framework.TestCase.assertFalse(TestCase.java:219)
	at finalprojectB.UrlValidatorTest.testManualTest(UrlValidatorTest.java:56)
	at sun.reflect.NativeMethodAccessorImpl.invoke0(Native Method)
	at sun.reflect.NativeMethodAccessorImpl.invoke(NativeMethodAccessorImpl.java:62)
	at sun.reflect.DelegatingMethodAccessorImpl.invoke(DelegatingMethodAccessorImpl.java:43)
	at java.lang.reflect.Method.invoke(Method.java:498)
	at junit.framework.TestCase.runTest(TestCase.java:176)
	at junit.framework.TestCase.runBare(TestCase.java:141)
	at junit.framework.TestResult$1.protect(TestResult.java:122)
	at junit.framework.TestResult.runProtected(TestResult.java:142)
	at junit.framework.TestResult.run(TestResult.java:125)
	at junit.framework.TestCase.run(TestCase.java:129)
	at junit.framework.TestSuite.runTest(TestSuite.java:252)
	at junit.framework.TestSuite.run(TestSuite.java:247)
	at org.junit.internal.runners.JUnit38ClassRunner.run(JUnit38ClassRunner.java:86)
	at org.apache.maven.surefire.junit4.JUnit4TestSet.execute(JUnit4TestSet.java:53)
	at org.apache.maven.surefire.junit4.JUnit4Provider.executeTestSet(JUnit4Provider.java:123)
	at org.apache.maven.surefire.junit4.JUnit4Provider.invoke(JUnit4Provider.java:104)
	at sun.reflect.NativeMethodAccessorImpl.invoke0(Native Method)
	at sun.reflect.NativeMethodAccessorImpl.invoke(NativeMethodAccessorImpl.java:62)
	at sun.reflect.DelegatingMethodAccessorImpl.invoke(DelegatingMethodAccessorImpl.java:43)
	at java.lang.reflect.Method.invoke(Method.java:498)
	at org.apache.maven.surefire.util.ReflectionUtils.invokeMethodWithArray(ReflectionUtils.java:164)
	at org.apache.maven.surefire.booter.ProviderFactory$ProviderProxy.invoke(ProviderFactory.java:110)
	at org.apache.maven.surefire.booter.SurefireStarter.invokeProvider(SurefireStarter.java:175)
	at org.apache.maven.surefire.booter.SurefireStarter.runSuitesInProcessWhenForked(SurefireStarter.java:107)
	at org.apache.maven.surefire.booter.ForkedBooter.main(ForkedBooter.java:68)
</failure>
  </testcase>
  <testcase classname="finalprojectB.UrlValidatorTest" name="testAnyOtherUnitTest" time="0"/>
  <testcase classname="finalprojectB.UrlValidatorTest" name="testYourSecondPartition" time="0">
    <failure type="junit.framework.AssertionFailedError">junit.framework.AssertionFailedError
	at junit.framework.Assert.fail(Assert.java:55)
	at junit.framework.Assert.assertTrue(Assert.java:22)
	at junit.framework.Assert.assertTrue(Assert.java:31)
	at junit.framework.TestCase.assertTrue(TestCase.java:201)
	at finalprojectB.UrlValidatorTest.testYourSecondPartition(UrlValidatorTest.java:81)
	at sun.reflect.NativeMethodAccessorImpl.invoke0(Native Method)
	at sun.reflect.NativeMethodAccessorImpl.invoke(NativeMethodAccessorImpl.java:62)
	at sun.reflect.DelegatingMethodAccessorImpl.invoke(DelegatingMethodAccessorImpl.java:43)
	at java.lang.reflect.Method.invoke(Method.java:498)
	at junit.framework.TestCase.runTest(TestCase.java:176)
	at junit.framework.TestCase.runBare(TestCase.java:141)
	at junit.framework.TestResult$1.protect(TestResult.java:122)
	at junit.framework.TestResult.runProtected(TestResult.java:142)
	at junit.framework.TestResult.run(TestResult.java:125)
	at junit.framework.TestCase.run(TestCase.java:129)
	at junit.framework.TestSuite.runTest(TestSuite.java:252)
	at junit.framework.TestSuite.run(TestSuite.java:247)
	at org.junit.internal.runners.JUnit38ClassRunner.run(JUnit38ClassRunner.java:86)
	at org.apache.maven.surefire.junit4.JUnit4TestSet.execute(JUnit4TestSet.java:53)
	at org.apache.maven.surefire.junit4.JUnit4Provider.executeTestSet(JUnit4Provider.java:123)
	at org.apache.maven.surefire.junit4.JUnit4Provider.invoke(JUnit4Provider.java:104)
	at sun.reflect.NativeMethodAccessorImpl.invoke0(Native Method)
	at sun.reflect.NativeMethodAccessorImpl.invoke(NativeMethodAccessorImpl.java:62)
	at sun.reflect.DelegatingMethodAccessorImpl.invoke(DelegatingMethodAccessorImpl.java:43)
	at java.lang.reflect.Method.invoke(Method.java:498)
	at org.apache.maven.surefire.util.ReflectionUtils.invokeMethodWithArray(ReflectionUtils.java:164)
	at org.apache.maven.surefire.booter.ProviderFactory$ProviderProxy.invoke(ProviderFactory.java:110)
	at org.apache.maven.surefire.booter.SurefireStarter.invokeProvider(SurefireStarter.java:175)
	at org.apache.maven.surefire.booter.SurefireStarter.runSuitesInProcessWhenForked(SurefireStarter.java:107)
	at org.apache.maven.surefire.booter.ForkedBooter.main(ForkedBooter.java:68)
</failure>
  </testcase>
  <testcase classname="finalprojectB.UrlValidatorTest" name="testYourFirstPartition" time="0"/>
  <testcase classname="finalprojectB.UrlValidatorTest" name="testIsValid" time="0.793">
    <failure message="There were errors in programmatic testing." type="junit.framework.AssertionFailedError">junit.framework.AssertionFailedError: There were errors in programmatic testing.
	at junit.framework.Assert.fail(Assert.java:57)
	at junit.framework.Assert.assertTrue(Assert.java:22)
	at junit.framework.TestCase.assertTrue(TestCase.java:192)
	at finalprojectB.UrlValidatorTest.testIsValid(UrlValidatorTest.java:179)
	at sun.reflect.NativeMethodAccessorImpl.invoke0(Native Method)
	at sun.reflect.NativeMethodAccessorImpl.invoke(NativeMethodAccessorImpl.java:62)
	at sun.reflect.DelegatingMethodAccessorImpl.invoke(DelegatingMethodAccessorImpl.java:43)
	at java.lang.reflect.Method.invoke(Method.java:498)
	at junit.framework.TestCase.runTest(TestCase.java:176)
	at junit.framework.TestCase.runBare(TestCase.java:141)
	at junit.framework.TestResult$1.protect(TestResult.java:122)
	at junit.framework.TestResult.runProtected(TestResult.java:142)
	at junit.framework.TestResult.run(TestResult.java:125)
	at junit.framework.TestCase.run(TestCase.java:129)
	at junit.framework.TestSuite.runTest(TestSuite.java:252)
	at junit.framework.TestSuite.run(TestSuite.java:247)
	at org.junit.internal.runners.JUnit38ClassRunner.run(JUnit38ClassRunner.java:86)
	at org.apache.maven.surefire.junit4.JUnit4TestSet.execute(JUnit4TestSet.java:53)
	at org.apache.maven.surefire.junit4.JUnit4Provider.executeTestSet(JUnit4Provider.java:123)
	at org.apache.maven.surefire.junit4.JUnit4Provider.invoke(JUnit4Provider.java:104)
	at sun.reflect.NativeMethodAccessorImpl.invoke0(Native Method)
	at sun.reflect.NativeMethodAccessorImpl.invoke(NativeMethodAccessorImpl.java:62)
	at sun.reflect.DelegatingMethodAccessorImpl.invoke(DelegatingMethodAccessorImpl.java:43)
	at java.lang.reflect.Method.invoke(Method.java:498)
	at org.apache.maven.surefire.util.ReflectionUtils.invokeMethodWithArray(ReflectionUtils.java:164)
	at org.apache.maven.surefire.booter.ProviderFactory$ProviderProxy.invoke(ProviderFactory.java:110)
	at org.apache.maven.surefire.booter.SurefireStarter.invokeProvider(SurefireStarter.java:175)
	at org.apache.maven.surefire.booter.SurefireStarter.runSuitesInProcessWhenForked(SurefireStarter.java:107)
	at org.apache.maven.surefire.booter.ForkedBooter.main(ForkedBooter.java:68)
</failure>
    <system-out>ERROR: expected isValid() to return true for http://www.google.com:80/test1/test1?action=view
ERROR: expected isValid() to return true for http://www.google.com:80/test1/test1?action=edit&amp;mode=up
ERROR: expected isValid() to return true for http://www.google.com:80/test1/t123?action=view
ERROR: expected isValid() to return true for http://www.google.com:80/test1/t123?action=edit&amp;mode=up
ERROR: expected isValid() to return true for http://www.google.com:80/test1/$23?action=view
ERROR: expected isValid() to return true for http://www.google.com:80/test1/$23?action=edit&amp;mode=up
ERROR: expected isValid() to return true for http://www.google.com:80/test1/test1?action=view
ERROR: expected isValid() to return true for http://www.google.com:80/test1/test1?action=edit&amp;mode=up
ERROR: expected isValid() to return true for http://www.google.com:80/test1/test1/file?action=view
ERROR: expected isValid() to return true for http://www.google.com:80/test1/test1/file?action=edit&amp;mode=up
ERROR: expected isValid() to return true for http://www.google.com:80/test1/t123/file?action=view
ERROR: expected isValid() to return true for http://www.google.com:80/test1/t123/file?action=edit&amp;mode=up
ERROR: expected isValid() to return true for http://www.google.com:80/test1/$23/file?action=view
ERROR: expected isValid() to return true for http://www.google.com:80/test1/$23/file?action=edit&amp;mode=up
ERROR: expected isValid() to return true for http://www.google.com:80/t123/test1?action=view
ERROR: expected isValid() to return true for http://www.google.com:80/t123/test1?action=edit&amp;mode=up
ERROR: expected isValid() to return true for http://www.google.com:80/t123/t123?action=view
ERROR: expected isValid() to return true for http://www.google.com:80/t123/t123?action=edit&amp;mode=up
ERROR: expected isValid() to return true for http://www.google.com:80/t123/$23?action=view
ERROR: expected isValid() to return true for http://www.google.com:80/t123/$23?action=edit&amp;mode=up
ERROR: expected isValid() to return true for http://www.google.com:80/t123/test1?action=view
ERROR: expected isValid() to return true for http://www.google.com:80/t123/test1?action=edit&amp;mode=up
ERROR: expected isValid() to return true for http://www.google.com:80/t123/test1/file?action=view
ERROR: expected isValid() to return true for http://www.google.com:80/t123/test1/file?action=edit&amp;mode=up
ERROR: expected isValid() to return true for http://www.google.com:80/t123/t123/file?action=view
ERROR: expected isValid() to return true for http://www.google.com:80/t123/t123/file?action=edit&amp;mode=up
ERROR: expected isValid() to return true for http://www.google.com:80/t123/$23/file?action=view
ERROR: expected isValid() to return true for http://www.google.com:80/t123/$23/file?action=edit&amp;mode=up
ERROR: expected isValid() to return true for http://www.google.com:80/$23/test1?action=view
ERROR: expected isValid() to return true for http://www.google.com:80/$23/test1?action=edit&amp;mode=up
ERROR: expected isValid() to return true for http://www.google.com:80/$23/t123?action=view
ERROR: expected isValid() to return true for http://www.google.com:80/$23/t123?action=edit&amp;mode=up
ERROR: expected isValid() to return true for http://www.google.com:80/$23/$23?action=view
ERROR: expected isValid() to return true for http://www.google.com:80/$23/$23?action=edit&amp;mode=up
ERROR: expected isValid() to return true for http://www.google.com:80/$23/test1?action=view
ERROR: expected isValid() to return true for http://www.google.com:80/$23/test1?action=edit&amp;mode=up
ERROR: expected isValid() to return true for http://www.google.com:80/$23/test1/file?action=view
ERROR: expected isValid() to return true for http://www.google.com:80/$23/test1/file?action=edit&amp;mode=up
ERROR: expected isValid() to return true for http://www.google.com:80/$23/t123/file?action=view
ERROR: expected isValid() to return true for http://www.google.com:80/$23/t123/file?action=edit&amp;mode=up
ERROR: expected isValid() to return true for http://www.google.com:80/$23/$23/file?action=view
ERROR: expected isValid() to return true for http://www.google.com:80/$23/$23/file?action=edit&amp;mode=up
ERROR: expected isValid() to return true for http://www.google.com:80/test1/test1?action=view
ERROR: expected isValid() to return true for http://www.google.com:80/test1/test1?action=edit&amp;mode=up
ERROR: expected isValid() to return true for http://www.google.com:80/test1/t123?action=view
ERROR: expected isValid() to return true for http://www.google.com:80/test1/t123?action=edit&amp;mode=up
ERROR: expected isValid() to return true for http://www.google.com:80/test1/$23?action=view
ERROR: expected isValid() to return true for http://www.google.com:80/test1/$23?action=edit&amp;mode=up
ERROR: expected isValid() to return true for http://www.google.com:80/test1/test1?action=view
ERROR: expected isValid() to return true for http://www.google.com:80/test1/test1?action=edit&amp;mode=up
ERROR: expected isValid() to return true for http://www.google.com:80/test1/test1/file?action=view
ERROR: expected isValid() to return true for http://www.google.com:80/test1/test1/file?action=edit&amp;mode=up
ERROR: expected isValid() to return true for http://www.google.com:80/test1/t123/file?action=view
ERROR: expected isValid() to return true for http://www.google.com:80/test1/t123/file?action=edit&amp;mode=up
ERROR: expected isValid() to return true for http://www.google.com:80/test1/$23/file?action=view
ERROR: expected isValid() to return true for http://www.google.com:80/test1/$23/file?action=edit&amp;mode=up
ERROR: expected isValid() to return true for http://www.google.com:80/test1/file/test1?action=view
ERROR: expected isValid() to return true for http://www.google.com:80/test1/file/test1?action=edit&amp;mode=up
ERROR: expected isValid() to return true for http://www.google.com:80/test1/file/t123?action=view
ERROR: expected isValid() to return true for http://www.google.com:80/test1/file/t123?action=edit&amp;mode=up
ERROR: expected isValid() to return true for http://www.google.com:80/test1/file/$23?action=view
ERROR: expected isValid() to return true for http://www.google.com:80/test1/file/$23?action=edit&amp;mode=up
ERROR: expected isValid() to return true for http://www.google.com:80/test1/file/test1?action=view
ERROR: expected isValid() to return true for http://www.google.com:80/test1/file/test1?action=edit&amp;mode=up
ERROR: expected isValid() to return true for http://www.google.com:80/test1/file/test1/file?action=view
ERROR: expected isValid() to return true for http://www.google.com:80/test1/file/test1/file?action=edit&amp;mode=up
ERROR: expected isValid() to return true for http://www.google.com:80/test1/file/t123/file?action=view
ERROR: expected isValid() to return true for http://www.google.com:80/test1/file/t123/file?action=edit&amp;mode=up
ERROR: expected isValid() to return true for http://www.google.com:80/test1/file/$23/file?action=view
ERROR: expected isValid() to return true for http://www.google.com:80/test1/file/$23/file?action=edit&amp;mode=up
ERROR: expected isValid() to return true for http://www.google.com:65535/test1/test1?action=view
ERROR: expected isValid() to return true for http://www.google.com:65535/test1/test1?action=edit&amp;mode=up
ERROR: expected isValid() to return true for http://www.google.com:65535/test1/test1
ERROR: expected isValid() to return true for http://www.google.com:65535/test1/t123?action=view
ERROR: expected isValid() to return true for http://www.google.com:65535/test1/t123?action=edit&amp;mode=up
ERROR: expected isValid() to return true for http://www.google.com:65535/test1/t123
ERROR: expected isValid() to return true for http://www.google.com:65535/test1/$23?action=view
ERROR: expected isValid() to return true for http://www.google.com:65535/test1/$23?action=edit&amp;mode=up
ERROR: expected isValid() to return true for http://www.google.com:65535/test1/$23
ERROR: expected isValid() to return true for http://www.google.com:65535/test1/test1?action=view
ERROR: expected isValid() to return true for http://www.google.com:65535/test1/test1?action=edit&amp;mode=up
ERROR: expected isValid() to return true for http://www.google.com:65535/test1/test1
ERROR: expected isValid() to return true for http://www.google.com:65535/test1/test1/file?action=view
ERROR: expected isValid() to return true for http://www.google.com:65535/test1/test1/file?action=edit&amp;mode=up
ERROR: expected isValid() to return true for http://www.google.com:65535/test1/test1/file
ERROR: expected isValid() to return true for http://www.google.com:65535/test1/t123/file?action=view
ERROR: expected isValid() to return true for http://www.google.com:65535/test1/t123/file?action=edit&amp;mode=up
ERROR: expected isValid() to return true for http://www.google.com:65535/test1/t123/file
ERROR: expected isValid() to return true for http://www.google.com:65535/test1/$23/file?action=view
ERROR: expected isValid() to return true for http://www.google.com:65535/test1/$23/file?action=edit&amp;mode=up
ERROR: expected isValid() to return true for http://www.google.com:65535/test1/$23/file
ERROR: expected isValid() to return true for http://www.google.com:65535/t123/test1?action=view
ERROR: expected isValid() to return true for http://www.google.com:65535/t123/test1?action=edit&amp;mode=up
ERROR: expected isValid() to return true for http://www.google.com:65535/t123/test1
ERROR: expected isValid() to return true for http://www.google.com:65535/t123/t123?action=view
ERROR: expected isValid() to return true for http://www.google.com:65535/t123/t123?action=edit&amp;mode=up
ERROR: expected isValid() to return true for http://www.google.com:65535/t123/t123
ERROR: expected isValid() to return true for http://www.google.com:65535/t123/$23?action=view
ERROR: expected isValid() to return true for http://www.google.com:65535/t123/$23?action=edit&amp;mode=up
ERROR: expected isValid() to return true for http://www.google.com:65535/t123/$23
ERROR: expected isValid() to return true for http://www.google.com:65535/t123/test1?action=view
ERROR: expected isValid() to return true for http://www.google.com:65535/t123/test1?action=edit&amp;mode=up
ERROR: expected isValid() to return true for http://www.google.com:65535/t123/test1
ERROR: expected isValid() to return true for http://www.google.com:65535/t123/test1/file?action=view
ERROR: expected isValid() to return true for http://www.google.com:65535/t123/test1/file?action=edit&amp;mode=up
ERROR: expected isValid() to return true for http://www.google.com:65535/t123/test1/file
ERROR: expected isValid() to return true for http://www.google.com:65535/t123/t123/file?action=view
ERROR: expected isValid() to return true for http://www.google.com:65535/t123/t123/file?action=edit&amp;mode=up
ERROR: expected isValid() to return true for http://www.google.com:65535/t123/t123/file
ERROR: expected isValid() to return true for http://www.google.com:65535/t123/$23/file?action=view
ERROR: expected isValid() to return true for http://www.google.com:65535/t123/$23/file?action=edit&amp;mode=up
ERROR: expected isValid() to return true for http://www.google.com:65535/t123/$23/file
ERROR: expected isValid() to return true for http://www.google.com:65535/$23/test1?action=view
ERROR: expected isValid() to return true for http://www.google.com:65535/$23/test1?action=edit&amp;mode=up
ERROR: expected isValid() to return true for http://www.google.com:65535/$23/test1
ERROR: expected isValid() to return true for http://www.google.com:65535/$23/t123?action=view
ERROR: expected isValid() to return true for http://www.google.com:65535/$23/t123?action=edit&amp;mode=up
ERROR: expected isValid() to return true for http://www.google.com:65535/$23/t123
ERROR: expected isValid() to return true for http://www.google.com:65535/$23/$23?action=view
ERROR: expected isValid() to return true for http://www.google.com:65535/$23/$23?action=edit&amp;mode=up
ERROR: expected isValid() to return true for http://www.google.com:65535/$23/$23
ERROR: expected isValid() to return true for http://www.google.com:65535/$23/test1?action=view
ERROR: expected isValid() to return true for http://www.google.com:65535/$23/test1?action=edit&amp;mode=up
ERROR: expected isValid() to return true for http://www.google.com:65535/$23/test1
ERROR: expected isValid() to return true for http://www.google.com:65535/$23/test1/file?action=view
ERROR: expected isValid() to return true for http://www.google.com:65535/$23/test1/file?action=edit&amp;mode=up
ERROR: expected isValid() to return true for http://www.google.com:65535/$23/test1/file
ERROR: expected isValid() to return true for http://www.google.com:65535/$23/t123/file?action=view
ERROR: expected isValid() to return true for http://www.google.com:65535/$23/t123/file?action=edit&amp;mode=up
ERROR: expected isValid() to return true for http://www.google.com:65535/$23/t123/file
ERROR: expected isValid() to return true for http://www.google.com:65535/$23/$23/file?action=view
ERROR: expected isValid() to return true for http://www.google.com:65535/$23/$23/file?action=edit&amp;mode=up
ERROR: expected isValid() to return true for http://www.google.com:65535/$23/$23/file
ERROR: expected isValid() to return true for http://www.google.com:65535/test1/test1?action=view
ERROR: expected isValid() to return true for http://www.google.com:65535/test1/test1?action=edit&amp;mode=up
ERROR: expected isValid() to return true for http://www.google.com:65535/test1/test1
ERROR: expected isValid() to return true for http://www.google.com:65535/test1/t123?action=view
ERROR: expected isValid() to return true for http://www.google.com:65535/test1/t123?action=edit&amp;mode=up
ERROR: expected isValid() to return true for http://www.google.com:65535/test1/t123
ERROR: expected isValid() to return true for http://www.google.com:65535/test1/$23?action=view
ERROR: expected isValid() to return true for http://www.google.com:65535/test1/$23?action=edit&amp;mode=up
ERROR: expected isValid() to return true for http://www.google.com:65535/test1/$23
ERROR: expected isValid() to return true for http://www.google.com:65535/test1/test1?action=view
ERROR: expected isValid() to return true for http://www.google.com:65535/test1/test1?action=edit&amp;mode=up
ERROR: expected isValid() to return true for http://www.google.com:65535/test1/test1
ERROR: expected isValid() to return true for http://www.google.com:65535/test1/test1/file?action=view
ERROR: expected isValid() to return true for http://www.google.com:65535/test1/test1/file?action=edit&amp;mode=up
ERROR: expected isValid() to return true for http://www.google.com:65535/test1/test1/file
ERROR: expected isValid() to return true for http://www.google.com:65535/test1/t123/file?action=view
ERROR: expected isValid() to return true for http://www.google.com:65535/test1/t123/file?action=edit&amp;mode=up
ERROR: expected isValid() to return true for http://www.google.com:65535/test1/t123/file
ERROR: expected isValid() to return true for http://www.google.com:65535/test1/$23/file?action=view
ERROR: expected isValid() to return true for http://www.google.com:65535/test1/$23/file?action=edit&amp;mode=up
ERROR: expected isValid() to return true for http://www.google.com:65535/test1/$23/file
ERROR: expected isValid() to return true for http://www.google.com:65535/test1/file/test1?action=view
ERROR: expected isValid() to return true for http://www.google.com:65535/test1/file/test1?action=edit&amp;mode=up
ERROR: expected isValid() to return true for http://www.google.com:65535/test1/file/test1
ERROR: expected isValid() to return true for http://www.google.com:65535/test1/file/t123?action=view
ERROR: expected isValid() to return true for http://www.google.com:65535/test1/file/t123?action=edit&amp;mode=up
ERROR: expected isValid() to return true for http://www.google.com:65535/test1/file/t123
ERROR: expected isValid() to return true for http://www.google.com:65535/test1/file/$23?action=view
ERROR: expected isValid() to return true for http://www.google.com:65535/test1/file/$23?action=edit&amp;mode=up
ERROR: expected isValid() to return true for http://www.google.com:65535/test1/file/$23
ERROR: expected isValid() to return true for http://www.google.com:65535/test1/file/test1?action=view
ERROR: expected isValid() to return true for http://www.google.com:65535/test1/file/test1?action=edit&amp;mode=up
ERROR: expected isValid() to return true for http://www.google.com:65535/test1/file/test1
ERROR: expected isValid() to return true for http://www.google.com:65535/test1/file/test1/file?action=view
ERROR: expected isValid() to return true for http://www.google.com:65535/test1/file/test1/file?action=edit&amp;mode=up
ERROR: expected isValid() to return true for http://www.google.com:65535/test1/file/test1/file
ERROR: expected isValid() to return true for http://www.google.com:65535/test1/file/t123/file?action=view
ERROR: expected isValid() to return true for http://www.google.com:65535/test1/file/t123/file?action=edit&amp;mode=up
ERROR: expected isValid() to return true for http://www.google.com:65535/test1/file/t123/file
ERROR: expected isValid() to return true for http://www.google.com:65535/test1/file/$23/file?action=view
ERROR: expected isValid() to return true for http://www.google.com:65535/test1/file/$23/file?action=edit&amp;mode=up
ERROR: expected isValid() to return true for http://www.google.com:65535/test1/file/$23/file
ERROR: expected isValid() to return true for http://www.google.com:0/test1/test1?action=view
ERROR: expected isValid() to return true for http://www.google.com:0/test1/test1?action=edit&amp;mode=up
ERROR: expected isValid() to return true for http://www.google.com:0/test1/t123?action=view
ERROR: expected isValid() to return true for http://www.google.com:0/test1/t123?action=edit&amp;mode=up
ERROR: expected isValid() to return true for http://www.google.com:0/test1/$23?action=view
ERROR: expected isValid() to return true for http://www.google.com:0/test1/$23?action=edit&amp;mode=up
ERROR: expected isValid() to return true for http://www.google.com:0/test1/test1?action=view
ERROR: expected isValid() to return true for http://www.google.com:0/test1/test1?action=edit&amp;mode=up
ERROR: expected isValid() to return true for http://www.google.com:0/test1/test1/file?action=view
ERROR: expected isValid() to return true for http://www.google.com:0/test1/test1/file?action=edit&amp;mode=up
ERROR: expected isValid() to return true for http://www.google.com:0/test1/t123/file?action=view
ERROR: expected isValid() to return true for http://www.google.com:0/test1/t123/file?action=edit&amp;mode=up
ERROR: expected isValid() to return true for http://www.google.com:0/test1/$23/file?action=view
ERROR: expected isValid() to return true for http://www.google.com:0/test1/$23/file?action=edit&amp;mode=up
ERROR: expected isValid() to return true for http://www.google.com:0/t123/test1?action=view
ERROR: expected isValid() to return true for http://www.google.com:0/t123/test1?action=edit&amp;mode=up
ERROR: expected isValid() to return true for http://www.google.com:0/t123/t123?action=view
ERROR: expected isValid() to return true for http://www.google.com:0/t123/t123?action=edit&amp;mode=up
ERROR: expected isValid() to return true for http://www.google.com:0/t123/$23?action=view
ERROR: expected isValid() to return true for http://www.google.com:0/t123/$23?action=edit&amp;mode=up
ERROR: expected isValid() to return true for http://www.google.com:0/t123/test1?action=view
ERROR: expected isValid() to return true for http://www.google.com:0/t123/test1?action=edit&amp;mode=up
ERROR: expected isValid() to return true for http://www.google.com:0/t123/test1/file?action=view
ERROR: expected isValid() to return true for http://www.google.com:0/t123/test1/file?action=edit&amp;mode=up
ERROR: expected isValid() to return true for http://www.google.com:0/t123/t123/file?action=view
ERROR: expected isValid() to return true for http://www.google.com:0/t123/t123/file?action=edit&amp;mode=up
ERROR: expected isValid() to return true for http://www.google.com:0/t123/$23/file?action=view
ERROR: expected isValid() to return true for http://www.google.com:0/t123/$23/file?action=edit&amp;mode=up
ERROR: expected isValid() to return true for http://www.google.com:0/$23/test1?action=view
ERROR: expected isValid() to return true for http://www.google.com:0/$23/test1?action=edit&amp;mode=up
ERROR: expected isValid() to return true for http://www.google.com:0/$23/t123?action=view
ERROR: expected isValid() to return true for http://www.google.com:0/$23/t123?action=edit&amp;mode=up
ERROR: expected isValid() to return true for http://www.google.com:0/$23/$23?action=view
ERROR: expected isValid() to return true for http://www.google.com:0/$23/$23?action=edit&amp;mode=up
ERROR: expected isValid() to return true for http://www.google.com:0/$23/test1?action=view
ERROR: expected isValid() to return true for http://www.google.com:0/$23/test1?action=edit&amp;mode=up
ERROR: expected isValid() to return true for http://www.google.com:0/$23/test1/file?action=view
ERROR: expected isValid() to return true for http://www.google.com:0/$23/test1/file?action=edit&amp;mode=up
ERROR: expected isValid() to return true for http://www.google.com:0/$23/t123/file?action=view
ERROR: expected isValid() to return true for http://www.google.com:0/$23/t123/file?action=edit&amp;mode=up
ERROR: expected isValid() to return true for http://www.google.com:0/$23/$23/file?action=view
ERROR: expected isValid() to return true for http://www.google.com:0/$23/$23/file?action=edit&amp;mode=up
ERROR: expected isValid() to return true for http://www.google.com:0/test1/test1?action=view
ERROR: expected isValid() to return true for http://www.google.com:0/test1/test1?action=edit&amp;mode=up
ERROR: expected isValid() to return true for http://www.google.com:0/test1/t123?action=view
ERROR: expected isValid() to return true for http://www.google.com:0/test1/t123?action=edit&amp;mode=up
ERROR: expected isValid() to return true for http://www.google.com:0/test1/$23?action=view
ERROR: expected isValid() to return true for http://www.google.com:0/test1/$23?action=edit&amp;mode=up
ERROR: expected isValid() to return true for http://www.google.com:0/test1/test1?action=view
ERROR: expected isValid() to return true for http://www.google.com:0/test1/test1?action=edit&amp;mode=up
ERROR: expected isValid() to return true for http://www.google.com:0/test1/test1/file?action=view
ERROR: expected isValid() to return true for http://www.google.com:0/test1/test1/file?action=edit&amp;mode=up
ERROR: expected isValid() to return true for http://www.google.com:0/test1/t123/file?action=view
ERROR: expected isValid() to return true for http://www.google.com:0/test1/t123/file?action=edit&amp;mode=up
ERROR: expected isValid() to return true for http://www.google.com:0/test1/$23/file?action=view
ERROR: expected isValid() to return true for http://www.google.com:0/test1/$23/file?action=edit&amp;mode=up
ERROR: expected isValid() to return true for http://www.google.com:0/test1/file/test1?action=view
ERROR: expected isValid() to return true for http://www.google.com:0/test1/file/test1?action=edit&amp;mode=up
ERROR: expected isValid() to return true for http://www.google.com:0/test1/file/t123?action=view
ERROR: expected isValid() to return true for http://www.google.com:0/test1/file/t123?action=edit&amp;mode=up
ERROR: expected isValid() to return true for http://www.google.com:0/test1/file/$23?action=view
ERROR: expected isValid() to return true for http://www.google.com:0/test1/file/$23?action=edit&amp;mode=up
ERROR: expected isValid() to return true for http://www.google.com:0/test1/file/test1?action=view
ERROR: expected isValid() to return true for http://www.google.com:0/test1/file/test1?action=edit&amp;mode=up
ERROR: expected isValid() to return true for http://www.google.com:0/test1/file/test1/file?action=view
ERROR: expected isValid() to return true for http://www.google.com:0/test1/file/test1/file?action=edit&amp;mode=up
ERROR: expected isValid() to return true for http://www.google.com:0/test1/file/t123/file?action=view
ERROR: expected isValid() to return true for http://www.google.com:0/test1/file/t123/file?action=edit&amp;mode=up
ERROR: expected isValid() to return true for http://www.google.com:0/test1/file/$23/file?action=view
ERROR: expected isValid() to return true for http://www.google.com:0/test1/file/$23/file?action=edit&amp;mode=up
ERROR: expected isValid() to return true for http://www.google.com/test1/test1?action=view
ERROR: expected isValid() to return true for http://www.google.com/test1/test1?action=edit&amp;mode=up
ERROR: expected isValid() to return true for http://www.google.com/test1/t123?action=view
ERROR: expected isValid() to return true for http://www.google.com/test1/t123?action=edit&amp;mode=up
ERROR: expected isValid() to return true for http://www.google.com/test1/$23?action=view
ERROR: expected isValid() to return true for http://www.google.com/test1/$23?action=edit&amp;mode=up
ERROR: expected isValid() to return true for http://www.google.com/test1/test1?action=view
ERROR: expected isValid() to return true for http://www.google.com/test1/test1?action=edit&amp;mode=up
ERROR: expected isValid() to return true for http://www.google.com/test1/test1/file?action=view
ERROR: expected isValid() to return true for http://www.google.com/test1/test1/file?action=edit&amp;mode=up
ERROR: expected isValid() to return true for http://www.google.com/test1/t123/file?action=view
ERROR: expected isValid() to return true for http://www.google.com/test1/t123/file?action=edit&amp;mode=up
ERROR: expected isValid() to return true for http://www.google.com/test1/$23/file?action=view
ERROR: expected isValid() to return true for http://www.google.com/test1/$23/file?action=edit&amp;mode=up
ERROR: expected isValid() to return true for http://www.google.com/t123/test1?action=view
ERROR: expected isValid() to return true for http://www.google.com/t123/test1?action=edit&amp;mode=up
ERROR: expected isValid() to return true for http://www.google.com/t123/t123?action=view
ERROR: expected isValid() to return true for http://www.google.com/t123/t123?action=edit&amp;mode=up
ERROR: expected isValid() to return true for http://www.google.com/t123/$23?action=view
ERROR: expected isValid() to return true for http://www.google.com/t123/$23?action=edit&amp;mode=up
ERROR: expected isValid() to return true for http://www.google.com/t123/test1?action=view
ERROR: expected isValid() to return true for http://www.google.com/t123/test1?action=edit&amp;mode=up
ERROR: expected isValid() to return true for http://www.google.com/t123/test1/file?action=view
ERROR: expected isValid() to return true for http://www.google.com/t123/test1/file?action=edit&amp;mode=up
ERROR: expected isValid() to return true for http://www.google.com/t123/t123/file?action=view
ERROR: expected isValid() to return true for http://www.google.com/t123/t123/file?action=edit&amp;mode=up
ERROR: expected isValid() to return true for http://www.google.com/t123/$23/file?action=view
ERROR: expected isValid() to return true for http://www.google.com/t123/$23/file?action=edit&amp;mode=up
ERROR: expected isValid() to return true for http://www.google.com/$23/test1?action=view
ERROR: expected isValid() to return true for http://www.google.com/$23/test1?action=edit&amp;mode=up
ERROR: expected isValid() to return true for http://www.google.com/$23/t123?action=view
ERROR: expected isValid() to return true for http://www.google.com/$23/t123?action=edit&amp;mode=up
ERROR: expected isValid() to return true for http://www.google.com/$23/$23?action=view
ERROR: expected isValid() to return true for http://www.google.com/$23/$23?action=edit&amp;mode=up
ERROR: expected isValid() to return true for http://www.google.com/$23/test1?action=view
ERROR: expected isValid() to return true for http://www.google.com/$23/test1?action=edit&amp;mode=up
ERROR: expected isValid() to return true for http://www.google.com/$23/test1/file?action=view
ERROR: expected isValid() to return true for http://www.google.com/$23/test1/file?action=edit&amp;mode=up
ERROR: expected isValid() to return true for http://www.google.com/$23/t123/file?action=view
ERROR: expected isValid() to return true for http://www.google.com/$23/t123/file?action=edit&amp;mode=up
ERROR: expected isValid() to return true for http://www.google.com/$23/$23/file?action=view
ERROR: expected isValid() to return true for http://www.google.com/$23/$23/file?action=edit&amp;mode=up
ERROR: expected isValid() to return true for http://www.google.com/test1/test1?action=view
ERROR: expected isValid() to return true for http://www.google.com/test1/test1?action=edit&amp;mode=up
ERROR: expected isValid() to return true for http://www.google.com/test1/t123?action=view
ERROR: expected isValid() to return true for http://www.google.com/test1/t123?action=edit&amp;mode=up
ERROR: expected isValid() to return true for http://www.google.com/test1/$23?action=view
ERROR: expected isValid() to return true for http://www.google.com/test1/$23?action=edit&amp;mode=up
ERROR: expected isValid() to return true for http://www.google.com/test1/test1?action=view
ERROR: expected isValid() to return true for http://www.google.com/test1/test1?action=edit&amp;mode=up
ERROR: expected isValid() to return true for http://www.google.com/test1/test1/file?action=view
ERROR: expected isValid() to return true for http://www.google.com/test1/test1/file?action=edit&amp;mode=up
ERROR: expected isValid() to return true for http://www.google.com/test1/t123/file?action=view
ERROR: expected isValid() to return true for http://www.google.com/test1/t123/file?action=edit&amp;mode=up
ERROR: expected isValid() to return true for http://www.google.com/test1/$23/file?action=view
ERROR: expected isValid() to return true for http://www.google.com/test1/$23/file?action=edit&amp;mode=up
ERROR: expected isValid() to return true for http://www.google.com/test1/file/test1?action=view
ERROR: expected isValid() to return true for http://www.google.com/test1/file/test1?action=edit&amp;mode=up
ERROR: expected isValid() to return true for http://www.google.com/test1/file/t123?action=view
ERROR: expected isValid() to return true for http://www.google.com/test1/file/t123?action=edit&amp;mode=up
ERROR: expected isValid() to return true for http://www.google.com/test1/file/$23?action=view
ERROR: expected isValid() to return true for http://www.google.com/test1/file/$23?action=edit&amp;mode=up
ERROR: expected isValid() to return true for http://www.google.com/test1/file/test1?action=view
ERROR: expected isValid() to return true for http://www.google.com/test1/file/test1?action=edit&amp;mode=up
ERROR: expected isValid() to return true for http://www.google.com/test1/file/test1/file?action=view
ERROR: expected isValid() to return true for http://www.google.com/test1/file/test1/file?action=edit&amp;mode=up
ERROR: expected isValid() to return true for http://www.google.com/test1/file/t123/file?action=view
ERROR: expected isValid() to return true for http://www.google.com/test1/file/t123/file?action=edit&amp;mode=up
ERROR: expected isValid() to return true for http://www.google.com/test1/file/$23/file?action=view
ERROR: expected isValid() to return true for http://www.google.com/test1/file/$23/file?action=edit&amp;mode=up
ERROR: expected isValid() to return true for http://www.google.com:65636/test1/test1?action=view
ERROR: expected isValid() to return true for http://www.google.com:65636/test1/test1?action=edit&amp;mode=up
ERROR: expected isValid() to return true for http://www.google.com:65636/test1/test1
ERROR: expected isValid() to return true for http://www.google.com:65636/test1/t123?action=view
ERROR: expected isValid() to return true for http://www.google.com:65636/test1/t123?action=edit&amp;mode=up
ERROR: expected isValid() to return true for http://www.google.com:65636/test1/t123
ERROR: expected isValid() to return true for http://www.google.com:65636/test1/$23?action=view
ERROR: expected isValid() to return true for http://www.google.com:65636/test1/$23?action=edit&amp;mode=up
ERROR: expected isValid() to return true for http://www.google.com:65636/test1/$23
ERROR: expected isValid() to return true for http://www.google.com:65636/test1/test1?action=view
ERROR: expected isValid() to return true for http://www.google.com:65636/test1/test1?action=edit&amp;mode=up
ERROR: expected isValid() to return true for http://www.google.com:65636/test1/test1
ERROR: expected isValid() to return true for http://www.google.com:65636/test1/test1/file?action=view
ERROR: expected isValid() to return true for http://www.google.com:65636/test1/test1/file?action=edit&amp;mode=up
ERROR: expected isValid() to return true for http://www.google.com:65636/test1/test1/file
ERROR: expected isValid() to return true for http://www.google.com:65636/test1/t123/file?action=view
ERROR: expected isValid() to return true for http://www.google.com:65636/test1/t123/file?action=edit&amp;mode=up
ERROR: expected isValid() to return true for http://www.google.com:65636/test1/t123/file
ERROR: expected isValid() to return true for http://www.google.com:65636/test1/$23/file?action=view
ERROR: expected isValid() to return true for http://www.google.com:65636/test1/$23/file?action=edit&amp;mode=up
ERROR: expected isValid() to return true for http://www.google.com:65636/test1/$23/file
ERROR: expected isValid() to return true for http://www.google.com:65636/t123/test1?action=view
ERROR: expected isValid() to return true for http://www.google.com:65636/t123/test1?action=edit&amp;mode=up
ERROR: expected isValid() to return true for http://www.google.com:65636/t123/test1
ERROR: expected isValid() to return true for http://www.google.com:65636/t123/t123?action=view
ERROR: expected isValid() to return true for http://www.google.com:65636/t123/t123?action=edit&amp;mode=up
ERROR: expected isValid() to return true for http://www.google.com:65636/t123/t123
ERROR: expected isValid() to return true for http://www.google.com:65636/t123/$23?action=view
ERROR: expected isValid() to return true for http://www.google.com:65636/t123/$23?action=edit&amp;mode=up
ERROR: expected isValid() to return true for http://www.google.com:65636/t123/$23
ERROR: expected isValid() to return true for http://www.google.com:65636/t123/test1?action=view
ERROR: expected isValid() to return true for http://www.google.com:65636/t123/test1?action=edit&amp;mode=up
ERROR: expected isValid() to return true for http://www.google.com:65636/t123/test1
ERROR: expected isValid() to return true for http://www.google.com:65636/t123/test1/file?action=view
ERROR: expected isValid() to return true for http://www.google.com:65636/t123/test1/file?action=edit&amp;mode=up
ERROR: expected isValid() to return true for http://www.google.com:65636/t123/test1/file
ERROR: expected isValid() to return true for http://www.google.com:65636/t123/t123/file?action=view
ERROR: expected isValid() to return true for http://www.google.com:65636/t123/t123/file?action=edit&amp;mode=up
ERROR: expected isValid() to return true for http://www.google.com:65636/t123/t123/file
ERROR: expected isValid() to return true for http://www.google.com:65636/t123/$23/file?action=view
ERROR: expected isValid() to return true for http://www.google.com:65636/t123/$23/file?action=edit&amp;mode=up
ERROR: expected isValid() to return true for http://www.google.com:65636/t123/$23/file
ERROR: expected isValid() to return true for http://www.google.com:65636/$23/test1?action=view
ERROR: expected isValid() to return true for http://www.google.com:65636/$23/test1?action=edit&amp;mode=up
ERROR: expected isValid() to return true for http://www.google.com:65636/$23/test1
ERROR: expected isValid() to return true for http://www.google.com:65636/$23/t123?action=view
ERROR: expected isValid() to return true for http://www.google.com:65636/$23/t123?action=edit&amp;mode=up
ERROR: expected isValid() to return true for http://www.google.com:65636/$23/t123
ERROR: expected isValid() to return true for http://www.google.com:65636/$23/$23?action=view
ERROR: expected isValid() to return true for http://www.google.com:65636/$23/$23?action=edit&amp;mode=up
ERROR: expected isValid() to return true for http://www.google.com:65636/$23/$23
ERROR: expected isValid() to return true for http://www.google.com:65636/$23/test1?action=view
ERROR: expected isValid() to return true for http://www.google.com:65636/$23/test1?action=edit&amp;mode=up
ERROR: expected isValid() to return true for http://www.google.com:65636/$23/test1
ERROR: expected isValid() to return true for http://www.google.com:65636/$23/test1/file?action=view
ERROR: expected isValid() to return true for http://www.google.com:65636/$23/test1/file?action=edit&amp;mode=up
ERROR: expected isValid() to return true for http://www.google.com:65636/$23/test1/file
ERROR: expected isValid() to return true for http://www.google.com:65636/$23/t123/file?action=view
ERROR: expected isValid() to return true for http://www.google.com:65636/$23/t123/file?action=edit&amp;mode=up
ERROR: expected isValid() to return true for http://www.google.com:65636/$23/t123/file
ERROR: expected isValid() to return true for http://www.google.com:65636/$23/$23/file?action=view
ERROR: expected isValid() to return true for http://www.google.com:65636/$23/$23/file?action=edit&amp;mode=up
ERROR: expected isValid() to return true for http://www.google.com:65636/$23/$23/file
ERROR: expected isValid() to return true for http://www.google.com:65636/test1/test1?action=view
ERROR: expected isValid() to return true for http://www.google.com:65636/test1/test1?action=edit&amp;mode=up
ERROR: expected isValid() to return true for http://www.google.com:65636/test1/test1
ERROR: expected isValid() to return true for http://www.google.com:65636/test1/t123?action=view
ERROR: expected isValid() to return true for http://www.google.com:65636/test1/t123?action=edit&amp;mode=up
ERROR: expected isValid() to return true for http://www.google.com:65636/test1/t123
ERROR: expected isValid() to return true for http://www.google.com:65636/test1/$23?action=view
ERROR: expected isValid() to return true for http://www.google.com:65636/test1/$23?action=edit&amp;mode=up
ERROR: expected isValid() to return true for http://www.google.com:65636/test1/$23
ERROR: expected isValid() to return true for http://www.google.com:65636/test1/test1?action=view
ERROR: expected isValid() to return true for http://www.google.com:65636/test1/test1?action=edit&amp;mode=up
ERROR: expected isValid() to return true for http://www.google.com:65636/test1/test1
ERROR: expected isValid() to return true for http://www.google.com:65636/test1/test1/file?action=view
ERROR: expected isValid() to return true for http://www.google.com:65636/test1/test1/file?action=edit&amp;mode=up
ERROR: expected isValid() to return true for http://www.google.com:65636/test1/test1/file
ERROR: expected isValid() to return true for http://www.google.com:65636/test1/t123/file?action=view
ERROR: expected isValid() to return true for http://www.google.com:65636/test1/t123/file?action=edit&amp;mode=up
ERROR: expected isValid() to return true for http://www.google.com:65636/test1/t123/file
ERROR: expected isValid() to return true for http://www.google.com:65636/test1/$23/file?action=view
ERROR: expected isValid() to return true for http://www.google.com:65636/test1/$23/file?action=edit&amp;mode=up
ERROR: expected isValid() to return true for http://www.google.com:65636/test1/$23/file
ERROR: expected isValid() to return true for http://www.google.com:65636/test1/file/test1?action=view
ERROR: expected isValid() to return true for http://www.google.com:65636/test1/file/test1?action=edit&amp;mode=up
ERROR: expected isValid() to return true for http://www.google.com:65636/test1/file/test1
ERROR: expected isValid() to return true for http://www.google.com:65636/test1/file/t123?action=view
ERROR: expected isValid() to return true for http://www.google.com:65636/test1/file/t123?action=edit&amp;mode=up
ERROR: expected isValid() to return true for http://www.google.com:65636/test1/file/t123
ERROR: expected isValid() to return true for http://www.google.com:65636/test1/file/$23?action=view
ERROR: expected isValid() to return true for http://www.google.com:65636/test1/file/$23?action=edit&amp;mode=up
ERROR: expected isValid() to return true for http://www.google.com:65636/test1/file/$23
ERROR: expected isValid() to return true for http://www.google.com:65636/test1/file/test1?action=view
ERROR: expected isValid() to return true for http://www.google.com:65636/test1/file/test1?action=edit&amp;mode=up
ERROR: expected isValid() to return true for http://www.google.com:65636/test1/file/test1
ERROR: expected isValid() to return true for http://www.google.com:65636/test1/file/test1/file?action=view
ERROR: expected isValid() to return true for http://www.google.com:65636/test1/file/test1/file?action=edit&amp;mode=up
ERROR: expected isValid() to return true for http://www.google.com:65636/test1/file/test1/file
ERROR: expected isValid() to return true for http://www.google.com:65636/test1/file/t123/file?action=view
ERROR: expected isValid() to return true for http://www.google.com:65636/test1/file/t123/file?action=edit&amp;mode=up
ERROR: expected isValid() to return true for http://www.google.com:65636/test1/file/t123/file
ERROR: expected isValid() to return true for http://www.google.com:65636/test1/file/$23/file?action=view
ERROR: expected isValid() to return true for http://www.google.com:65636/test1/file/$23/file?action=edit&amp;mode=up
ERROR: expected isValid() to return true for http://www.google.com:65636/test1/file/$23/file
ERROR: expected isValid() to return true for http://go.com:80/test1/test1?action=view
ERROR: expected isValid() to return true for http://go.com:80/test1/test1?action=edit&amp;mode=up
ERROR: expected isValid() to return true for http://go.com:80/test1/t123?action=view
ERROR: expected isValid() to return true for http://go.com:80/test1/t123?action=edit&amp;mode=up
ERROR: expected isValid() to return true for http://go.com:80/test1/$23?action=view
ERROR: expected isValid() to return true for http://go.com:80/test1/$23?action=edit&amp;mode=up
ERROR: expected isValid() to return true for http://go.com:80/test1/test1?action=view
ERROR: expected isValid() to return true for http://go.com:80/test1/test1?action=edit&amp;mode=up
ERROR: expected isValid() to return true for http://go.com:80/test1/test1/file?action=view
ERROR: expected isValid() to return true for http://go.com:80/test1/test1/file?action=edit&amp;mode=up
ERROR: expected isValid() to return true for http://go.com:80/test1/t123/file?action=view
ERROR: expected isValid() to return true for http://go.com:80/test1/t123/file?action=edit&amp;mode=up
ERROR: expected isValid() to return true for http://go.com:80/test1/$23/file?action=view
ERROR: expected isValid() to return true for http://go.com:80/test1/$23/file?action=edit&amp;mode=up
ERROR: expected isValid() to return true for http://go.com:80/t123/test1?action=view
ERROR: expected isValid() to return true for http://go.com:80/t123/test1?action=edit&amp;mode=up
ERROR: expected isValid() to return true for http://go.com:80/t123/t123?action=view
ERROR: expected isValid() to return true for http://go.com:80/t123/t123?action=edit&amp;mode=up
ERROR: expected isValid() to return true for http://go.com:80/t123/$23?action=view
ERROR: expected isValid() to return true for http://go.com:80/t123/$23?action=edit&amp;mode=up
ERROR: expected isValid() to return true for http://go.com:80/t123/test1?action=view
ERROR: expected isValid() to return true for http://go.com:80/t123/test1?action=edit&amp;mode=up
ERROR: expected isValid() to return true for http://go.com:80/t123/test1/file?action=view
ERROR: expected isValid() to return true for http://go.com:80/t123/test1/file?action=edit&amp;mode=up
ERROR: expected isValid() to return true for http://go.com:80/t123/t123/file?action=view
ERROR: expected isValid() to return true for http://go.com:80/t123/t123/file?action=edit&amp;mode=up
ERROR: expected isValid() to return true for http://go.com:80/t123/$23/file?action=view
ERROR: expected isValid() to return true for http://go.com:80/t123/$23/file?action=edit&amp;mode=up
ERROR: expected isValid() to return true for http://go.com:80/$23/test1?action=view
ERROR: expected isValid() to return true for http://go.com:80/$23/test1?action=edit&amp;mode=up
ERROR: expected isValid() to return true for http://go.com:80/$23/t123?action=view
ERROR: expected isValid() to return true for http://go.com:80/$23/t123?action=edit&amp;mode=up
ERROR: expected isValid() to return true for http://go.com:80/$23/$23?action=view
ERROR: expected isValid() to return true for http://go.com:80/$23/$23?action=edit&amp;mode=up
ERROR: expected isValid() to return true for http://go.com:80/$23/test1?action=view
ERROR: expected isValid() to return true for http://go.com:80/$23/test1?action=edit&amp;mode=up
ERROR: expected isValid() to return true for http://go.com:80/$23/test1/file?action=view
ERROR: expected isValid() to return true for http://go.com:80/$23/test1/file?action=edit&amp;mode=up
ERROR: expected isValid() to return true for http://go.com:80/$23/t123/file?action=view
ERROR: expected isValid() to return true for http://go.com:80/$23/t123/file?action=edit&amp;mode=up
ERROR: expected isValid() to return true for http://go.com:80/$23/$23/file?action=view
ERROR: expected isValid() to return true for http://go.com:80/$23/$23/file?action=edit&amp;mode=up
ERROR: expected isValid() to return true for http://go.com:80/test1/test1?action=view
ERROR: expected isValid() to return true for http://go.com:80/test1/test1?action=edit&amp;mode=up
ERROR: expected isValid() to return true for http://go.com:80/test1/t123?action=view
ERROR: expected isValid() to return true for http://go.com:80/test1/t123?action=edit&amp;mode=up
ERROR: expected isValid() to return true for http://go.com:80/test1/$23?action=view
ERROR: expected isValid() to return true for http://go.com:80/test1/$23?action=edit&amp;mode=up
ERROR: expected isValid() to return true for http://go.com:80/test1/test1?action=view
ERROR: expected isValid() to return true for http://go.com:80/test1/test1?action=edit&amp;mode=up
ERROR: expected isValid() to return true for http://go.com:80/test1/test1/file?action=view
ERROR: expected isValid() to return true for http://go.com:80/test1/test1/file?action=edit&amp;mode=up
ERROR: expected isValid() to return true for http://go.com:80/test1/t123/file?action=view
ERROR: expected isValid() to return true for http://go.com:80/test1/t123/file?action=edit&amp;mode=up
ERROR: expected isValid() to return true for http://go.com:80/test1/$23/file?action=view
ERROR: expected isValid() to return true for http://go.com:80/test1/$23/file?action=edit&amp;mode=up
ERROR: expected isValid() to return true for http://go.com:80/test1/file/test1?action=view
ERROR: expected isValid() to return true for http://go.com:80/test1/file/test1?action=edit&amp;mode=up
ERROR: expected isValid() to return true for http://go.com:80/test1/file/t123?action=view
ERROR: expected isValid() to return true for http://go.com:80/test1/file/t123?action=edit&amp;mode=up
ERROR: expected isValid() to return true for http://go.com:80/test1/file/$23?action=view
ERROR: expected isValid() to return true for http://go.com:80/test1/file/$23?action=edit&amp;mode=up
ERROR: expected isValid() to return true for http://go.com:80/test1/file/test1?action=view
ERROR: expected isValid() to return true for http://go.com:80/test1/file/test1?action=edit&amp;mode=up
ERROR: expected isValid() to return true for http://go.com:80/test1/file/test1/file?action=view
ERROR: expected isValid() to return true for http://go.com:80/test1/file/test1/file?action=edit&amp;mode=up
ERROR: expected isValid() to return true for http://go.com:80/test1/file/t123/file?action=view
ERROR: expected isValid() to return true for http://go.com:80/test1/file/t123/file?action=edit&amp;mode=up
ERROR: expected isValid() to return true for http://go.com:80/test1/file/$23/file?action=view
ERROR: expected isValid() to return true for http://go.com:80/test1/file/$23/file?action=edit&amp;mode=up
ERROR: expected isValid() to return true for http://go.com:65535/test1/test1?action=view
ERROR: expected isValid() to return true for http://go.com:65535/test1/test1?action=edit&amp;mode=up
ERROR: expected isValid() to return true for http://go.com:65535/test1/test1
ERROR: expected isValid() to return true for http://go.com:65535/test1/t123?action=view
ERROR: expected isValid() to return true for http://go.com:65535/test1/t123?action=edit&amp;mode=up
ERROR: expected isValid() to return true for http://go.com:65535/test1/t123
ERROR: expected isValid() to return true for http://go.com:65535/test1/$23?action=view
ERROR: expected isValid() to return true for http://go.com:65535/test1/$23?action=edit&amp;mode=up
ERROR: expected isValid() to return true for http://go.com:65535/test1/$23
ERROR: expected isValid() to return true for http://go.com:65535/test1/test1?action=view
ERROR: expected isValid() to return true for http://go.com:65535/test1/test1?action=edit&amp;mode=up
ERROR: expected isValid() to return true for http://go.com:65535/test1/test1
ERROR: expected isValid() to return true for http://go.com:65535/test1/test1/file?action=view
ERROR: expected isValid() to return true for http://go.com:65535/test1/test1/file?action=edit&amp;mode=up
ERROR: expected isValid() to return true for http://go.com:65535/test1/test1/file
ERROR: expected isValid() to return true for http://go.com:65535/test1/t123/file?action=view
ERROR: expected isValid() to return true for http://go.com:65535/test1/t123/file?action=edit&amp;mode=up
ERROR: expected isValid() to return true for http://go.com:65535/test1/t123/file
ERROR: expected isValid() to return true for http://go.com:65535/test1/$23/file?action=view
ERROR: expected isValid() to return true for http://go.com:65535/test1/$23/file?action=edit&amp;mode=up
ERROR: expected isValid() to return true for http://go.com:65535/test1/$23/file
ERROR: expected isValid() to return true for http://go.com:65535/t123/test1?action=view
ERROR: expected isValid() to return true for http://go.com:65535/t123/test1?action=edit&amp;mode=up
ERROR: expected isValid() to return true for http://go.com:65535/t123/test1
ERROR: expected isValid() to return true for http://go.com:65535/t123/t123?action=view
ERROR: expected isValid() to return true for http://go.com:65535/t123/t123?action=edit&amp;mode=up
ERROR: expected isValid() to return true for http://go.com:65535/t123/t123
ERROR: expected isValid() to return true for http://go.com:65535/t123/$23?action=view
ERROR: expected isValid() to return true for http://go.com:65535/t123/$23?action=edit&amp;mode=up
ERROR: expected isValid() to return true for http://go.com:65535/t123/$23
ERROR: expected isValid() to return true for http://go.com:65535/t123/test1?action=view
ERROR: expected isValid() to return true for http://go.com:65535/t123/test1?action=edit&amp;mode=up
ERROR: expected isValid() to return true for http://go.com:65535/t123/test1
ERROR: expected isValid() to return true for http://go.com:65535/t123/test1/file?action=view
ERROR: expected isValid() to return true for http://go.com:65535/t123/test1/file?action=edit&amp;mode=up
ERROR: expected isValid() to return true for http://go.com:65535/t123/test1/file
ERROR: expected isValid() to return true for http://go.com:65535/t123/t123/file?action=view
ERROR: expected isValid() to return true for http://go.com:65535/t123/t123/file?action=edit&amp;mode=up
ERROR: expected isValid() to return true for http://go.com:65535/t123/t123/file
ERROR: expected isValid() to return true for http://go.com:65535/t123/$23/file?action=view
ERROR: expected isValid() to return true for http://go.com:65535/t123/$23/file?action=edit&amp;mode=up
ERROR: expected isValid() to return true for http://go.com:65535/t123/$23/file
ERROR: expected isValid() to return true for http://go.com:65535/$23/test1?action=view
ERROR: expected isValid() to return true for http://go.com:65535/$23/test1?action=edit&amp;mode=up
ERROR: expected isValid() to return true for http://go.com:65535/$23/test1
ERROR: expected isValid() to return true for http://go.com:65535/$23/t123?action=view
ERROR: expected isValid() to return true for http://go.com:65535/$23/t123?action=edit&amp;mode=up
ERROR: expected isValid() to return true for http://go.com:65535/$23/t123
ERROR: expected isValid() to return true for http://go.com:65535/$23/$23?action=view
ERROR: expected isValid() to return true for http://go.com:65535/$23/$23?action=edit&amp;mode=up
ERROR: expected isValid() to return true for http://go.com:65535/$23/$23
ERROR: expected isValid() to return true for http://go.com:65535/$23/test1?action=view
ERROR: expected isValid() to return true for http://go.com:65535/$23/test1?action=edit&amp;mode=up
ERROR: expected isValid() to return true for http://go.com:65535/$23/test1
ERROR: expected isValid() to return true for http://go.com:65535/$23/test1/file?action=view
ERROR: expected isValid() to return true for http://go.com:65535/$23/test1/file?action=edit&amp;mode=up
ERROR: expected isValid() to return true for http://go.com:65535/$23/test1/file
ERROR: expected isValid() to return true for http://go.com:65535/$23/t123/file?action=view
ERROR: expected isValid() to return true for http://go.com:65535/$23/t123/file?action=edit&amp;mode=up
ERROR: expected isValid() to return true for http://go.com:65535/$23/t123/file
ERROR: expected isValid() to return true for http://go.com:65535/$23/$23/file?action=view
ERROR: expected isValid() to return true for http://go.com:65535/$23/$23/file?action=edit&amp;mode=up
ERROR: expected isValid() to return true for http://go.com:65535/$23/$23/file
ERROR: expected isValid() to return true for http://go.com:65535/test1/test1?action=view
ERROR: expected isValid() to return true for http://go.com:65535/test1/test1?action=edit&amp;mode=up
ERROR: expected isValid() to return true for http://go.com:65535/test1/test1
ERROR: expected isValid() to return true for http://go.com:65535/test1/t123?action=view
ERROR: expected isValid() to return true for http://go.com:65535/test1/t123?action=edit&amp;mode=up
ERROR: expected isValid() to return true for http://go.com:65535/test1/t123
ERROR: expected isValid() to return true for http://go.com:65535/test1/$23?action=view
ERROR: expected isValid() to return true for http://go.com:65535/test1/$23?action=edit&amp;mode=up
ERROR: expected isValid() to return true for http://go.com:65535/test1/$23
ERROR: expected isValid() to return true for http://go.com:65535/test1/test1?action=view
ERROR: expected isValid() to return true for http://go.com:65535/test1/test1?action=edit&amp;mode=up
ERROR: expected isValid() to return true for http://go.com:65535/test1/test1
ERROR: expected isValid() to return true for http://go.com:65535/test1/test1/file?action=view
ERROR: expected isValid() to return true for http://go.com:65535/test1/test1/file?action=edit&amp;mode=up
ERROR: expected isValid() to return true for http://go.com:65535/test1/test1/file
ERROR: expected isValid() to return true for http://go.com:65535/test1/t123/file?action=view
ERROR: expected isValid() to return true for http://go.com:65535/test1/t123/file?action=edit&amp;mode=up
ERROR: expected isValid() to return true for http://go.com:65535/test1/t123/file
ERROR: expected isValid() to return true for http://go.com:65535/test1/$23/file?action=view
ERROR: expected isValid() to return true for http://go.com:65535/test1/$23/file?action=edit&amp;mode=up
ERROR: expected isValid() to return true for http://go.com:65535/test1/$23/file
ERROR: expected isValid() to return true for http://go.com:65535/test1/file/test1?action=view
ERROR: expected isValid() to return true for http://go.com:65535/test1/file/test1?action=edit&amp;mode=up
ERROR: expected isValid() to return true for http://go.com:65535/test1/file/test1
ERROR: expected isValid() to return true for http://go.com:65535/test1/file/t123?action=view
ERROR: expected isValid() to return true for http://go.com:65535/test1/file/t123?action=edit&amp;mode=up
ERROR: expected isValid() to return true for http://go.com:65535/test1/file/t123
ERROR: expected isValid() to return true for http://go.com:65535/test1/file/$23?action=view
ERROR: expected isValid() to return true for http://go.com:65535/test1/file/$23?action=edit&amp;mode=up
ERROR: expected isValid() to return true for http://go.com:65535/test1/file/$23
ERROR: expected isValid() to return true for http://go.com:65535/test1/file/test1?action=view
ERROR: expected isValid() to return true for http://go.com:65535/test1/file/test1?action=edit&amp;mode=up
ERROR: expected isValid() to return true for http://go.com:65535/test1/file/test1
ERROR: expected isValid() to return true for http://go.com:65535/test1/file/test1/file?action=view
ERROR: expected isValid() to return true for http://go.com:65535/test1/file/test1/file?action=edit&amp;mode=up
ERROR: expected isValid() to return true for http://go.com:65535/test1/file/test1/file
ERROR: expected isValid() to return true for http://go.com:65535/test1/file/t123/file?action=view
ERROR: expected isValid() to return true for http://go.com:65535/test1/file/t123/file?action=edit&amp;mode=up
ERROR: expected isValid() to return true for http://go.com:65535/test1/file/t123/file
ERROR: expected isValid() to return true for http://go.com:65535/test1/file/$23/file?action=view
ERROR: expected isValid() to return true for http://go.com:65535/test1/file/$23/file?action=edit&amp;mode=up
ERROR: expected isValid() to return true for http://go.com:65535/test1/file/$23/file
ERROR: expected isValid() to return true for http://go.com:0/test1/test1?action=view
ERROR: expected isValid() to return true for http://go.com:0/test1/test1?action=edit&amp;mode=up
ERROR: expected isValid() to return true for http://go.com:0/test1/t123?action=view
ERROR: expected isValid() to return true for http://go.com:0/test1/t123?action=edit&amp;mode=up
ERROR: expected isValid() to return true for http://go.com:0/test1/$23?action=view
ERROR: expected isValid() to return true for http://go.com:0/test1/$23?action=edit&amp;mode=up
ERROR: expected isValid() to return true for http://go.com:0/test1/test1?action=view
ERROR: expected isValid() to return true for http://go.com:0/test1/test1?action=edit&amp;mode=up
ERROR: expected isValid() to return true for http://go.com:0/test1/test1/file?action=view
ERROR: expected isValid() to return true for http://go.com:0/test1/test1/file?action=edit&amp;mode=up
ERROR: expected isValid() to return true for http://go.com:0/test1/t123/file?action=view
ERROR: expected isValid() to return true for http://go.com:0/test1/t123/file?action=edit&amp;mode=up
ERROR: expected isValid() to return true for http://go.com:0/test1/$23/file?action=view
ERROR: expected isValid() to return true for http://go.com:0/test1/$23/file?action=edit&amp;mode=up
ERROR: expected isValid() to return true for http://go.com:0/t123/test1?action=view
ERROR: expected isValid() to return true for http://go.com:0/t123/test1?action=edit&amp;mode=up
ERROR: expected isValid() to return true for http://go.com:0/t123/t123?action=view
ERROR: expected isValid() to return true for http://go.com:0/t123/t123?action=edit&amp;mode=up
ERROR: expected isValid() to return true for http://go.com:0/t123/$23?action=view
ERROR: expected isValid() to return true for http://go.com:0/t123/$23?action=edit&amp;mode=up
ERROR: expected isValid() to return true for http://go.com:0/t123/test1?action=view
ERROR: expected isValid() to return true for http://go.com:0/t123/test1?action=edit&amp;mode=up
ERROR: expected isValid() to return true for http://go.com:0/t123/test1/file?action=view
ERROR: expected isValid() to return true for http://go.com:0/t123/test1/file?action=edit&amp;mode=up
ERROR: expected isValid() to return true for http://go.com:0/t123/t123/file?action=view
ERROR: expected isValid() to return true for http://go.com:0/t123/t123/file?action=edit&amp;mode=up
ERROR: expected isValid() to return true for http://go.com:0/t123/$23/file?action=view
ERROR: expected isValid() to return true for http://go.com:0/t123/$23/file?action=edit&amp;mode=up
ERROR: expected isValid() to return true for http://go.com:0/$23/test1?action=view
ERROR: expected isValid() to return true for http://go.com:0/$23/test1?action=edit&amp;mode=up
ERROR: expected isValid() to return true for http://go.com:0/$23/t123?action=view
ERROR: expected isValid() to return true for http://go.com:0/$23/t123?action=edit&amp;mode=up
ERROR: expected isValid() to return true for http://go.com:0/$23/$23?action=view
ERROR: expected isValid() to return true for http://go.com:0/$23/$23?action=edit&amp;mode=up
ERROR: expected isValid() to return true for http://go.com:0/$23/test1?action=view
ERROR: expected isValid() to return true for http://go.com:0/$23/test1?action=edit&amp;mode=up
ERROR: expected isValid() to return true for http://go.com:0/$23/test1/file?action=view
ERROR: expected isValid() to return true for http://go.com:0/$23/test1/file?action=edit&amp;mode=up
ERROR: expected isValid() to return true for http://go.com:0/$23/t123/file?action=view
ERROR: expected isValid() to return true for http://go.com:0/$23/t123/file?action=edit&amp;mode=up
ERROR: expected isValid() to return true for http://go.com:0/$23/$23/file?action=view
ERROR: expected isValid() to return true for http://go.com:0/$23/$23/file?action=edit&amp;mode=up
ERROR: expected isValid() to return true for http://go.com:0/test1/test1?action=view
ERROR: expected isValid() to return true for http://go.com:0/test1/test1?action=edit&amp;mode=up
ERROR: expected isValid() to return true for http://go.com:0/test1/t123?action=view
ERROR: expected isValid() to return true for http://go.com:0/test1/t123?action=edit&amp;mode=up
ERROR: expected isValid() to return true for http://go.com:0/test1/$23?action=view
ERROR: expected isValid() to return true for http://go.com:0/test1/$23?action=edit&amp;mode=up
ERROR: expected isValid() to return true for http://go.com:0/test1/test1?action=view
ERROR: expected isValid() to return true for http://go.com:0/test1/test1?action=edit&amp;mode=up
ERROR: expected isValid() to return true for http://go.com:0/test1/test1/file?action=view
ERROR: expected isValid() to return true for http://go.com:0/test1/test1/file?action=edit&amp;mode=up
ERROR: expected isValid() to return true for http://go.com:0/test1/t123/file?action=view
ERROR: expected isValid() to return true for http://go.com:0/test1/t123/file?action=edit&amp;mode=up
ERROR: expected isValid() to return true for http://go.com:0/test1/$23/file?action=view
ERROR: expected isValid() to return true for http://go.com:0/test1/$23/file?action=edit&amp;mode=up
ERROR: expected isValid() to return true for http://go.com:0/test1/file/test1?action=view
ERROR: expected isValid() to return true for http://go.com:0/test1/file/test1?action=edit&amp;mode=up
ERROR: expected isValid() to return true for http://go.com:0/test1/file/t123?action=view
ERROR: expected isValid() to return true for http://go.com:0/test1/file/t123?action=edit&amp;mode=up
ERROR: expected isValid() to return true for http://go.com:0/test1/file/$23?action=view
ERROR: expected isValid() to return true for http://go.com:0/test1/file/$23?action=edit&amp;mode=up
ERROR: expected isValid() to return true for http://go.com:0/test1/file/test1?action=view
ERROR: expected isValid() to return true for http://go.com:0/test1/file/test1?action=edit&amp;mode=up
ERROR: expected isValid() to return true for http://go.com:0/test1/file/test1/file?action=view
ERROR: expected isValid() to return true for http://go.com:0/test1/file/test1/file?action=edit&amp;mode=up
ERROR: expected isValid() to return true for http://go.com:0/test1/file/t123/file?action=view
ERROR: expected isValid() to return true for http://go.com:0/test1/file/t123/file?action=edit&amp;mode=up
ERROR: expected isValid() to return true for http://go.com:0/test1/file/$23/file?action=view
ERROR: expected isValid() to return true for http://go.com:0/test1/file/$23/file?action=edit&amp;mode=up
ERROR: expected isValid() to return true for http://go.com/test1/test1?action=view
ERROR: expected isValid() to return true for http://go.com/test1/test1?action=edit&amp;mode=up
ERROR: expected isValid() to return true for http://go.com/test1/t123?action=view
ERROR: expected isValid() to return true for http://go.com/test1/t123?action=edit&amp;mode=up
ERROR: expected isValid() to return true for http://go.com/test1/$23?action=view
ERROR: expected isValid() to return true for http://go.com/test1/$23?action=edit&amp;mode=up
ERROR: expected isValid() to return true for http://go.com/test1/test1?action=view
ERROR: expected isValid() to return true for http://go.com/test1/test1?action=edit&amp;mode=up
ERROR: expected isValid() to return true for http://go.com/test1/test1/file?action=view
ERROR: expected isValid() to return true for http://go.com/test1/test1/file?action=edit&amp;mode=up
ERROR: expected isValid() to return true for http://go.com/test1/t123/file?action=view
ERROR: expected isValid() to return true for http://go.com/test1/t123/file?action=edit&amp;mode=up
ERROR: expected isValid() to return true for http://go.com/test1/$23/file?action=view
ERROR: expected isValid() to return true for http://go.com/test1/$23/file?action=edit&amp;mode=up
ERROR: expected isValid() to return true for http://go.com/t123/test1?action=view
ERROR: expected isValid() to return true for http://go.com/t123/test1?action=edit&amp;mode=up
ERROR: expected isValid() to return true for http://go.com/t123/t123?action=view
ERROR: expected isValid() to return true for http://go.com/t123/t123?action=edit&amp;mode=up
ERROR: expected isValid() to return true for http://go.com/t123/$23?action=view
ERROR: expected isValid() to return true for http://go.com/t123/$23?action=edit&amp;mode=up
ERROR: expected isValid() to return true for http://go.com/t123/test1?action=view
ERROR: expected isValid() to return true for http://go.com/t123/test1?action=edit&amp;mode=up
ERROR: expected isValid() to return true for http://go.com/t123/test1/file?action=view
ERROR: expected isValid() to return true for http://go.com/t123/test1/file?action=edit&amp;mode=up
ERROR: expected isValid() to return true for http://go.com/t123/t123/file?action=view
ERROR: expected isValid() to return true for http://go.com/t123/t123/file?action=edit&amp;mode=up
ERROR: expected isValid() to return true for http://go.com/t123/$23/file?action=view
ERROR: expected isValid() to return true for http://go.com/t123/$23/file?action=edit&amp;mode=up
ERROR: expected isValid() to return true for http://go.com/$23/test1?action=view
ERROR: expected isValid() to return true for http://go.com/$23/test1?action=edit&amp;mode=up
ERROR: expected isValid() to return true for http://go.com/$23/t123?action=view
ERROR: expected isValid() to return true for http://go.com/$23/t123?action=edit&amp;mode=up
ERROR: expected isValid() to return true for http://go.com/$23/$23?action=view
ERROR: expected isValid() to return true for http://go.com/$23/$23?action=edit&amp;mode=up
ERROR: expected isValid() to return true for http://go.com/$23/test1?action=view
ERROR: expected isValid() to return true for http://go.com/$23/test1?action=edit&amp;mode=up
ERROR: expected isValid() to return true for http://go.com/$23/test1/file?action=view
ERROR: expected isValid() to return true for http://go.com/$23/test1/file?action=edit&amp;mode=up
ERROR: expected isValid() to return true for http://go.com/$23/t123/file?action=view
ERROR: expected isValid() to return true for http://go.com/$23/t123/file?action=edit&amp;mode=up
ERROR: expected isValid() to return true for http://go.com/$23/$23/file?action=view
ERROR: expected isValid() to return true for http://go.com/$23/$23/file?action=edit&amp;mode=up
ERROR: expected isValid() to return true for http://go.com/test1/test1?action=view
ERROR: expected isValid() to return true for http://go.com/test1/test1?action=edit&amp;mode=up
ERROR: expected isValid() to return true for http://go.com/test1/t123?action=view
ERROR: expected isValid() to return true for http://go.com/test1/t123?action=edit&amp;mode=up
ERROR: expected isValid() to return true for http://go.com/test1/$23?action=view
ERROR: expected isValid() to return true for http://go.com/test1/$23?action=edit&amp;mode=up
ERROR: expected isValid() to return true for http://go.com/test1/test1?action=view
ERROR: expected isValid() to return true for http://go.com/test1/test1?action=edit&amp;mode=up
ERROR: expected isValid() to return true for http://go.com/test1/test1/file?action=view
ERROR: expected isValid() to return true for http://go.com/test1/test1/file?action=edit&amp;mode=up
ERROR: expected isValid() to return true for http://go.com/test1/t123/file?action=view
ERROR: expected isValid() to return true for http://go.com/test1/t123/file?action=edit&amp;mode=up
ERROR: expected isValid() to return true for http://go.com/test1/$23/file?action=view
ERROR: expected isValid() to return true for http://go.com/test1/$23/file?action=edit&amp;mode=up
ERROR: expected isValid() to return true for http://go.com/test1/file/test1?action=view
ERROR: expected isValid() to return true for http://go.com/test1/file/test1?action=edit&amp;mode=up
ERROR: expected isValid() to return true for http://go.com/test1/file/t123?action=view
ERROR: expected isValid() to return true for http://go.com/test1/file/t123?action=edit&amp;mode=up
ERROR: expected isValid() to return true for http://go.com/test1/file/$23?action=view
ERROR: expected isValid() to return true for http://go.com/test1/file/$23?action=edit&amp;mode=up
ERROR: expected isValid() to return true for http://go.com/test1/file/test1?action=view
ERROR: expected isValid() to return true for http://go.com/test1/file/test1?action=edit&amp;mode=up
ERROR: expected isValid() to return true for http://go.com/test1/file/test1/file?action=view
ERROR: expected isValid() to return true for http://go.com/test1/file/test1/file?action=edit&amp;mode=up
ERROR: expected isValid() to return true for http://go.com/test1/file/t123/file?action=view
ERROR: expected isValid() to return true for http://go.com/test1/file/t123/file?action=edit&amp;mode=up
ERROR: expected isValid() to return true for http://go.com/test1/file/$23/file?action=view
ERROR: expected isValid() to return true for http://go.com/test1/file/$23/file?action=edit&amp;mode=up
ERROR: expected isValid() to return true for http://go.com:65636/test1/test1?action=view
ERROR: expected isValid() to return true for http://go.com:65636/test1/test1?action=edit&amp;mode=up
ERROR: expected isValid() to return true for http://go.com:65636/test1/test1
ERROR: expected isValid() to return true for http://go.com:65636/test1/t123?action=view
ERROR: expected isValid() to return true for http://go.com:65636/test1/t123?action=edit&amp;mode=up
ERROR: expected isValid() to return true for http://go.com:65636/test1/t123
ERROR: expected isValid() to return true for http://go.com:65636/test1/$23?action=view
ERROR: expected isValid() to return true for http://go.com:65636/test1/$23?action=edit&amp;mode=up
ERROR: expected isValid() to return true for http://go.com:65636/test1/$23
ERROR: expected isValid() to return true for http://go.com:65636/test1/test1?action=view
ERROR: expected isValid() to return true for http://go.com:65636/test1/test1?action=edit&amp;mode=up
ERROR: expected isValid() to return true for http://go.com:65636/test1/test1
ERROR: expected isValid() to return true for http://go.com:65636/test1/test1/file?action=view
ERROR: expected isValid() to return true for http://go.com:65636/test1/test1/file?action=edit&amp;mode=up
ERROR: expected isValid() to return true for http://go.com:65636/test1/test1/file
ERROR: expected isValid() to return true for http://go.com:65636/test1/t123/file?action=view
ERROR: expected isValid() to return true for http://go.com:65636/test1/t123/file?action=edit&amp;mode=up
ERROR: expected isValid() to return true for http://go.com:65636/test1/t123/file
ERROR: expected isValid() to return true for http://go.com:65636/test1/$23/file?action=view
ERROR: expected isValid() to return true for http://go.com:65636/test1/$23/file?action=edit&amp;mode=up
ERROR: expected isValid() to return true for http://go.com:65636/test1/$23/file
ERROR: expected isValid() to return true for http://go.com:65636/t123/test1?action=view
ERROR: expected isValid() to return true for http://go.com:65636/t123/test1?action=edit&amp;mode=up
ERROR: expected isValid() to return true for http://go.com:65636/t123/test1
ERROR: expected isValid() to return true for http://go.com:65636/t123/t123?action=view
ERROR: expected isValid() to return true for http://go.com:65636/t123/t123?action=edit&amp;mode=up
ERROR: expected isValid() to return true for http://go.com:65636/t123/t123
ERROR: expected isValid() to return true for http://go.com:65636/t123/$23?action=view
ERROR: expected isValid() to return true for http://go.com:65636/t123/$23?action=edit&amp;mode=up
ERROR: expected isValid() to return true for http://go.com:65636/t123/$23
ERROR: expected isValid() to return true for http://go.com:65636/t123/test1?action=view
ERROR: expected isValid() to return true for http://go.com:65636/t123/test1?action=edit&amp;mode=up
ERROR: expected isValid() to return true for http://go.com:65636/t123/test1
ERROR: expected isValid() to return true for http://go.com:65636/t123/test1/file?action=view
ERROR: expected isValid() to return true for http://go.com:65636/t123/test1/file?action=edit&amp;mode=up
ERROR: expected isValid() to return true for http://go.com:65636/t123/test1/file
ERROR: expected isValid() to return true for http://go.com:65636/t123/t123/file?action=view
ERROR: expected isValid() to return true for http://go.com:65636/t123/t123/file?action=edit&amp;mode=up
ERROR: expected isValid() to return true for http://go.com:65636/t123/t123/file
ERROR: expected isValid() to return true for http://go.com:65636/t123/$23/file?action=view
ERROR: expected isValid() to return true for http://go.com:65636/t123/$23/file?action=edit&amp;mode=up
ERROR: expected isValid() to return true for http://go.com:65636/t123/$23/file
ERROR: expected isValid() to return true for http://go.com:65636/$23/test1?action=view
ERROR: expected isValid() to return true for http://go.com:65636/$23/test1?action=edit&amp;mode=up
ERROR: expected isValid() to return true for http://go.com:65636/$23/test1
ERROR: expected isValid() to return true for http://go.com:65636/$23/t123?action=view
ERROR: expected isValid() to return true for http://go.com:65636/$23/t123?action=edit&amp;mode=up
ERROR: expected isValid() to return true for http://go.com:65636/$23/t123
ERROR: expected isValid() to return true for http://go.com:65636/$23/$23?action=view
ERROR: expected isValid() to return true for http://go.com:65636/$23/$23?action=edit&amp;mode=up
ERROR: expected isValid() to return true for http://go.com:65636/$23/$23
ERROR: expected isValid() to return true for http://go.com:65636/$23/test1?action=view
ERROR: expected isValid() to return true for http://go.com:65636/$23/test1?action=edit&amp;mode=up
ERROR: expected isValid() to return true for http://go.com:65636/$23/test1
ERROR: expected isValid() to return true for http://go.com:65636/$23/test1/file?action=view
ERROR: expected isValid() to return true for http://go.com:65636/$23/test1/file?action=edit&amp;mode=up
ERROR: expected isValid() to return true for http://go.com:65636/$23/test1/file
ERROR: expected isValid() to return true for http://go.com:65636/$23/t123/file?action=view
ERROR: expected isValid() to return true for http://go.com:65636/$23/t123/file?action=edit&amp;mode=up
ERROR: expected isValid() to return true for http://go.com:65636/$23/t123/file
ERROR: expected isValid() to return true for http://go.com:65636/$23/$23/file?action=view
ERROR: expected isValid() to return true for http://go.com:65636/$23/$23/file?action=edit&amp;mode=up
ERROR: expected isValid() to return true for http://go.com:65636/$23/$23/file
ERROR: expected isValid() to return true for http://go.com:65636/test1/test1?action=view
ERROR: expected isValid() to return true for http://go.com:65636/test1/test1?action=edit&amp;mode=up
ERROR: expected isValid() to return true for http://go.com:65636/test1/test1
ERROR: expected isValid() to return true for http://go.com:65636/test1/t123?action=view
ERROR: expected isValid() to return true for http://go.com:65636/test1/t123?action=edit&amp;mode=up
ERROR: expected isValid() to return true for http://go.com:65636/test1/t123
ERROR: expected isValid() to return true for http://go.com:65636/test1/$23?action=view
ERROR: expected isValid() to return true for http://go.com:65636/test1/$23?action=edit&amp;mode=up
ERROR: expected isValid() to return true for http://go.com:65636/test1/$23
ERROR: expected isValid() to return true for http://go.com:65636/test1/test1?action=view
ERROR: expected isValid() to return true for http://go.com:65636/test1/test1?action=edit&amp;mode=up
ERROR: expected isValid() to return true for http://go.com:65636/test1/test1
ERROR: expected isValid() to return true for http://go.com:65636/test1/test1/file?action=view
ERROR: expected isValid() to return true for http://go.com:65636/test1/test1/file?action=edit&amp;mode=up
ERROR: expected isValid() to return true for http://go.com:65636/test1/test1/file
ERROR: expected isValid() to return true for http://go.com:65636/test1/t123/file?action=view
ERROR: expected isValid() to return true for http://go.com:65636/test1/t123/file?action=edit&amp;mode=up
ERROR: expected isValid() to return true for http://go.com:65636/test1/t123/file
ERROR: expected isValid() to return true for http://go.com:65636/test1/$23/file?action=view
ERROR: expected isValid() to return true for http://go.com:65636/test1/$23/file?action=edit&amp;mode=up
ERROR: expected isValid() to return true for http://go.com:65636/test1/$23/file
ERROR: expected isValid() to return true for http://go.com:65636/test1/file/test1?action=view
ERROR: expected isValid() to return true for http://go.com:65636/test1/file/test1?action=edit&amp;mode=up
ERROR: expected isValid() to return true for http://go.com:65636/test1/file/test1
ERROR: expected isValid() to return true for http://go.com:65636/test1/file/t123?action=view
ERROR: expected isValid() to return true for http://go.com:65636/test1/file/t123?action=edit&amp;mode=up
ERROR: expected isValid() to return true for http://go.com:65636/test1/file/t123
ERROR: expected isValid() to return true for http://go.com:65636/test1/file/$23?action=view
ERROR: expected isValid() to return true for http://go.com:65636/test1/file/$23?action=edit&amp;mode=up
ERROR: expected isValid() to return true for http://go.com:65636/test1/file/$23
ERROR: expected isValid() to return true for http://go.com:65636/test1/file/test1?action=view
ERROR: expected isValid() to return true for http://go.com:65636/test1/file/test1?action=edit&amp;mode=up
ERROR: expected isValid() to return true for http://go.com:65636/test1/file/test1
ERROR: expected isValid() to return true for http://go.com:65636/test1/file/test1/file?action=view
ERROR: expected isValid() to return true for http://go.com:65636/test1/file/test1/file?action=edit&amp;mode=up
ERROR: expected isValid() to return true for http://go.com:65636/test1/file/test1/file
ERROR: expected isValid() to return true for http://go.com:65636/test1/file/t123/file?action=view
ERROR: expected isValid() to return true for http://go.com:65636/test1/file/t123/file?action=edit&amp;mode=up
ERROR: expected isValid() to return true for http://go.com:65636/test1/file/t123/file
ERROR: expected isValid() to return true for http://go.com:65636/test1/file/$23/file?action=view
ERROR: expected isValid() to return true for http://go.com:65636/test1/file/$23/file?action=edit&amp;mode=up
ERROR: expected isValid() to return true for http://go.com:65636/test1/file/$23/file
ERROR: expected isValid() to return true for http://go.au:80/test1/test1?action=view
ERROR: expected isValid() to return true for http://go.au:80/test1/test1?action=edit&amp;mode=up
ERROR: expected isValid() to return true for http://go.au:80/test1/t123?action=view
ERROR: expected isValid() to return true for http://go.au:80/test1/t123?action=edit&amp;mode=up
ERROR: expected isValid() to return true for http://go.au:80/test1/$23?action=view
ERROR: expected isValid() to return true for http://go.au:80/test1/$23?action=edit&amp;mode=up
ERROR: expected isValid() to return true for http://go.au:80/test1/test1?action=view
ERROR: expected isValid() to return true for http://go.au:80/test1/test1?action=edit&amp;mode=up
ERROR: expected isValid() to return true for http://go.au:80/test1/test1/file?action=view
ERROR: expected isValid() to return true for http://go.au:80/test1/test1/file?action=edit&amp;mode=up
ERROR: expected isValid() to return true for http://go.au:80/test1/t123/file?action=view
ERROR: expected isValid() to return true for http://go.au:80/test1/t123/file?action=edit&amp;mode=up
ERROR: expected isValid() to return true for http://go.au:80/test1/$23/file?action=view
ERROR: expected isValid() to return true for http://go.au:80/test1/$23/file?action=edit&amp;mode=up
ERROR: expected isValid() to return true for http://go.au:80/t123/test1?action=view
ERROR: expected isValid() to return true for http://go.au:80/t123/test1?action=edit&amp;mode=up
ERROR: expected isValid() to return true for http://go.au:80/t123/t123?action=view
ERROR: expected isValid() to return true for http://go.au:80/t123/t123?action=edit&amp;mode=up
ERROR: expected isValid() to return true for http://go.au:80/t123/$23?action=view
ERROR: expected isValid() to return true for http://go.au:80/t123/$23?action=edit&amp;mode=up
ERROR: expected isValid() to return true for http://go.au:80/t123/test1?action=view
ERROR: expected isValid() to return true for http://go.au:80/t123/test1?action=edit&amp;mode=up
ERROR: expected isValid() to return true for http://go.au:80/t123/test1/file?action=view
ERROR: expected isValid() to return true for http://go.au:80/t123/test1/file?action=edit&amp;mode=up
ERROR: expected isValid() to return true for http://go.au:80/t123/t123/file?action=view
ERROR: expected isValid() to return true for http://go.au:80/t123/t123/file?action=edit&amp;mode=up
ERROR: expected isValid() to return true for http://go.au:80/t123/$23/file?action=view
ERROR: expected isValid() to return true for http://go.au:80/t123/$23/file?action=edit&amp;mode=up
ERROR: expected isValid() to return true for http://go.au:80/$23/test1?action=view
ERROR: expected isValid() to return true for http://go.au:80/$23/test1?action=edit&amp;mode=up
ERROR: expected isValid() to return true for http://go.au:80/$23/t123?action=view
ERROR: expected isValid() to return true for http://go.au:80/$23/t123?action=edit&amp;mode=up
ERROR: expected isValid() to return true for http://go.au:80/$23/$23?action=view
ERROR: expected isValid() to return true for http://go.au:80/$23/$23?action=edit&amp;mode=up
ERROR: expected isValid() to return true for http://go.au:80/$23/test1?action=view
ERROR: expected isValid() to return true for http://go.au:80/$23/test1?action=edit&amp;mode=up
ERROR: expected isValid() to return true for http://go.au:80/$23/test1/file?action=view
ERROR: expected isValid() to return true for http://go.au:80/$23/test1/file?action=edit&amp;mode=up
ERROR: expected isValid() to return true for http://go.au:80/$23/t123/file?action=view
ERROR: expected isValid() to return true for http://go.au:80/$23/t123/file?action=edit&amp;mode=up
ERROR: expected isValid() to return true for http://go.au:80/$23/$23/file?action=view
ERROR: expected isValid() to return true for http://go.au:80/$23/$23/file?action=edit&amp;mode=up
ERROR: expected isValid() to return true for http://go.au:80/test1/test1?action=view
ERROR: expected isValid() to return true for http://go.au:80/test1/test1?action=edit&amp;mode=up
ERROR: expected isValid() to return true for http://go.au:80/test1/t123?action=view
ERROR: expected isValid() to return true for http://go.au:80/test1/t123?action=edit&amp;mode=up
ERROR: expected isValid() to return true for http://go.au:80/test1/$23?action=view
ERROR: expected isValid() to return true for http://go.au:80/test1/$23?action=edit&amp;mode=up
ERROR: expected isValid() to return true for http://go.au:80/test1/test1?action=view
ERROR: expected isValid() to return true for http://go.au:80/test1/test1?action=edit&amp;mode=up
ERROR: expected isValid() to return true for http://go.au:80/test1/test1/file?action=view
ERROR: expected isValid() to return true for http://go.au:80/test1/test1/file?action=edit&amp;mode=up
ERROR: expected isValid() to return true for http://go.au:80/test1/t123/file?action=view
ERROR: expected isValid() to return true for http://go.au:80/test1/t123/file?action=edit&amp;mode=up
ERROR: expected isValid() to return true for http://go.au:80/test1/$23/file?action=view
ERROR: expected isValid() to return true for http://go.au:80/test1/$23/file?action=edit&amp;mode=up
ERROR: expected isValid() to return true for http://go.au:80/test1/file/test1?action=view
ERROR: expected isValid() to return true for http://go.au:80/test1/file/test1?action=edit&amp;mode=up
ERROR: expected isValid() to return true for http://go.au:80/test1/file/t123?action=view
ERROR: expected isValid() to return true for http://go.au:80/test1/file/t123?action=edit&amp;mode=up
ERROR: expected isValid() to return true for http://go.au:80/test1/file/$23?action=view
ERROR: expected isValid() to return true for http://go.au:80/test1/file/$23?action=edit&amp;mode=up
ERROR: expected isValid() to return true for http://go.au:80/test1/file/test1?action=view
ERROR: expected isValid() to return true for http://go.au:80/test1/file/test1?action=edit&amp;mode=up
ERROR: expected isValid() to return true for http://go.au:80/test1/file/test1/file?action=view
ERROR: expected isValid() to return true for http://go.au:80/test1/file/test1/file?action=edit&amp;mode=up
ERROR: expected isValid() to return true for http://go.au:80/test1/file/t123/file?action=view
ERROR: expected isValid() to return true for http://go.au:80/test1/file/t123/file?action=edit&amp;mode=up
ERROR: expected isValid() to return true for http://go.au:80/test1/file/$23/file?action=view
ERROR: expected isValid() to return true for http://go.au:80/test1/file/$23/file?action=edit&amp;mode=up
ERROR: expected isValid() to return true for http://go.au:65535/test1/test1?action=view
ERROR: expected isValid() to return true for http://go.au:65535/test1/test1?action=edit&amp;mode=up
ERROR: expected isValid() to return true for http://go.au:65535/test1/test1
ERROR: expected isValid() to return true for http://go.au:65535/test1/t123?action=view
ERROR: expected isValid() to return true for http://go.au:65535/test1/t123?action=edit&amp;mode=up
ERROR: expected isValid() to return true for http://go.au:65535/test1/t123
ERROR: expected isValid() to return true for http://go.au:65535/test1/$23?action=view
ERROR: expected isValid() to return true for http://go.au:65535/test1/$23?action=edit&amp;mode=up
ERROR: expected isValid() to return true for http://go.au:65535/test1/$23
ERROR: expected isValid() to return true for http://go.au:65535/test1/test1?action=view
ERROR: expected isValid() to return true for http://go.au:65535/test1/test1?action=edit&amp;mode=up
ERROR: expected isValid() to return true for http://go.au:65535/test1/test1
ERROR: expected isValid() to return true for http://go.au:65535/test1/test1/file?action=view
ERROR: expected isValid() to return true for http://go.au:65535/test1/test1/file?action=edit&amp;mode=up
ERROR: expected isValid() to return true for http://go.au:65535/test1/test1/file
ERROR: expected isValid() to return true for http://go.au:65535/test1/t123/file?action=view
ERROR: expected isValid() to return true for http://go.au:65535/test1/t123/file?action=edit&amp;mode=up
ERROR: expected isValid() to return true for http://go.au:65535/test1/t123/file
ERROR: expected isValid() to return true for http://go.au:65535/test1/$23/file?action=view
ERROR: expected isValid() to return true for http://go.au:65535/test1/$23/file?action=edit&amp;mode=up
ERROR: expected isValid() to return true for http://go.au:65535/test1/$23/file
ERROR: expected isValid() to return true for http://go.au:65535/t123/test1?action=view
ERROR: expected isValid() to return true for http://go.au:65535/t123/test1?action=edit&amp;mode=up
ERROR: expected isValid() to return true for http://go.au:65535/t123/test1
ERROR: expected isValid() to return true for http://go.au:65535/t123/t123?action=view
ERROR: expected isValid() to return true for http://go.au:65535/t123/t123?action=edit&amp;mode=up
ERROR: expected isValid() to return true for http://go.au:65535/t123/t123
ERROR: expected isValid() to return true for http://go.au:65535/t123/$23?action=view
ERROR: expected isValid() to return true for http://go.au:65535/t123/$23?action=edit&amp;mode=up
ERROR: expected isValid() to return true for http://go.au:65535/t123/$23
ERROR: expected isValid() to return true for http://go.au:65535/t123/test1?action=view
ERROR: expected isValid() to return true for http://go.au:65535/t123/test1?action=edit&amp;mode=up
ERROR: expected isValid() to return true for http://go.au:65535/t123/test1
ERROR: expected isValid() to return true for http://go.au:65535/t123/test1/file?action=view
ERROR: expected isValid() to return true for http://go.au:65535/t123/test1/file?action=edit&amp;mode=up
ERROR: expected isValid() to return true for http://go.au:65535/t123/test1/file
ERROR: expected isValid() to return true for http://go.au:65535/t123/t123/file?action=view
ERROR: expected isValid() to return true for http://go.au:65535/t123/t123/file?action=edit&amp;mode=up
ERROR: expected isValid() to return true for http://go.au:65535/t123/t123/file
ERROR: expected isValid() to return true for http://go.au:65535/t123/$23/file?action=view
ERROR: expected isValid() to return true for http://go.au:65535/t123/$23/file?action=edit&amp;mode=up
ERROR: expected isValid() to return true for http://go.au:65535/t123/$23/file
ERROR: expected isValid() to return true for http://go.au:65535/$23/test1?action=view
ERROR: expected isValid() to return true for http://go.au:65535/$23/test1?action=edit&amp;mode=up
ERROR: expected isValid() to return true for http://go.au:65535/$23/test1
ERROR: expected isValid() to return true for http://go.au:65535/$23/t123?action=view
ERROR: expected isValid() to return true for http://go.au:65535/$23/t123?action=edit&amp;mode=up
ERROR: expected isValid() to return true for http://go.au:65535/$23/t123
ERROR: expected isValid() to return true for http://go.au:65535/$23/$23?action=view
ERROR: expected isValid() to return true for http://go.au:65535/$23/$23?action=edit&amp;mode=up
ERROR: expected isValid() to return true for http://go.au:65535/$23/$23
ERROR: expected isValid() to return true for http://go.au:65535/$23/test1?action=view
ERROR: expected isValid() to return true for http://go.au:65535/$23/test1?action=edit&amp;mode=up
ERROR: expected isValid() to return true for http://go.au:65535/$23/test1
ERROR: expected isValid() to return true for http://go.au:65535/$23/test1/file?action=view
ERROR: expected isValid() to return true for http://go.au:65535/$23/test1/file?action=edit&amp;mode=up
ERROR: expected isValid() to return true for http://go.au:65535/$23/test1/file
ERROR: expected isValid() to return true for http://go.au:65535/$23/t123/file?action=view
ERROR: expected isValid() to return true for http://go.au:65535/$23/t123/file?action=edit&amp;mode=up
ERROR: expected isValid() to return true for http://go.au:65535/$23/t123/file
ERROR: expected isValid() to return true for http://go.au:65535/$23/$23/file?action=view
ERROR: expected isValid() to return true for http://go.au:65535/$23/$23/file?action=edit&amp;mode=up
ERROR: expected isValid() to return true for http://go.au:65535/$23/$23/file
ERROR: expected isValid() to return true for http://go.au:65535/test1/test1?action=view
ERROR: expected isValid() to return true for http://go.au:65535/test1/test1?action=edit&amp;mode=up
ERROR: expected isValid() to return true for http://go.au:65535/test1/test1
ERROR: expected isValid() to return true for http://go.au:65535/test1/t123?action=view
ERROR: expected isValid() to return true for http://go.au:65535/test1/t123?action=edit&amp;mode=up
ERROR: expected isValid() to return true for http://go.au:65535/test1/t123
ERROR: expected isValid() to return true for http://go.au:65535/test1/$23?action=view
ERROR: expected isValid() to return true for http://go.au:65535/test1/$23?action=edit&amp;mode=up
ERROR: expected isValid() to return true for http://go.au:65535/test1/$23
ERROR: expected isValid() to return true for http://go.au:65535/test1/test1?action=view
ERROR: expected isValid() to return true for http://go.au:65535/test1/test1?action=edit&amp;mode=up
ERROR: expected isValid() to return true for http://go.au:65535/test1/test1
ERROR: expected isValid() to return true for http://go.au:65535/test1/test1/file?action=view
ERROR: expected isValid() to return true for http://go.au:65535/test1/test1/file?action=edit&amp;mode=up
ERROR: expected isValid() to return true for http://go.au:65535/test1/test1/file
ERROR: expected isValid() to return true for http://go.au:65535/test1/t123/file?action=view
ERROR: expected isValid() to return true for http://go.au:65535/test1/t123/file?action=edit&amp;mode=up
ERROR: expected isValid() to return true for http://go.au:65535/test1/t123/file
ERROR: expected isValid() to return true for http://go.au:65535/test1/$23/file?action=view
ERROR: expected isValid() to return true for http://go.au:65535/test1/$23/file?action=edit&amp;mode=up
ERROR: expected isValid() to return true for http://go.au:65535/test1/$23/file
ERROR: expected isValid() to return true for http://go.au:65535/test1/file/test1?action=view
ERROR: expected isValid() to return true for http://go.au:65535/test1/file/test1?action=edit&amp;mode=up
ERROR: expected isValid() to return true for http://go.au:65535/test1/file/test1
ERROR: expected isValid() to return true for http://go.au:65535/test1/file/t123?action=view
ERROR: expected isValid() to return true for http://go.au:65535/test1/file/t123?action=edit&amp;mode=up
ERROR: expected isValid() to return true for http://go.au:65535/test1/file/t123
ERROR: expected isValid() to return true for http://go.au:65535/test1/file/$23?action=view
ERROR: expected isValid() to return true for http://go.au:65535/test1/file/$23?action=edit&amp;mode=up
ERROR: expected isValid() to return true for http://go.au:65535/test1/file/$23
ERROR: expected isValid() to return true for http://go.au:65535/test1/file/test1?action=view
ERROR: expected isValid() to return true for http://go.au:65535/test1/file/test1?action=edit&amp;mode=up
ERROR: expected isValid() to return true for http://go.au:65535/test1/file/test1
ERROR: expected isValid() to return true for http://go.au:65535/test1/file/test1/file?action=view
ERROR: expected isValid() to return true for http://go.au:65535/test1/file/test1/file?action=edit&amp;mode=up
ERROR: expected isValid() to return true for http://go.au:65535/test1/file/test1/file
ERROR: expected isValid() to return true for http://go.au:65535/test1/file/t123/file?action=view
ERROR: expected isValid() to return true for http://go.au:65535/test1/file/t123/file?action=edit&amp;mode=up
ERROR: expected isValid() to return true for http://go.au:65535/test1/file/t123/file
ERROR: expected isValid() to return true for http://go.au:65535/test1/file/$23/file?action=view
ERROR: expected isValid() to return true for http://go.au:65535/test1/file/$23/file?action=edit&amp;mode=up
ERROR: expected isValid() to return true for http://go.au:65535/test1/file/$23/file
ERROR: expected isValid() to return true for http://go.au:0/test1/test1?action=view
ERROR: expected isValid() to return true for http://go.au:0/test1/test1?action=edit&amp;mode=up
ERROR: expected isValid() to return true for http://go.au:0/test1/t123?action=view
ERROR: expected isValid() to return true for http://go.au:0/test1/t123?action=edit&amp;mode=up
ERROR: expected isValid() to return true for http://go.au:0/test1/$23?action=view
ERROR: expected isValid() to return true for http://go.au:0/test1/$23?action=edit&amp;mode=up
ERROR: expected isValid() to return true for http://go.au:0/test1/test1?action=view
ERROR: expected isValid() to return true for http://go.au:0/test1/test1?action=edit&amp;mode=up
ERROR: expected isValid() to return true for http://go.au:0/test1/test1/file?action=view
ERROR: expected isValid() to return true for http://go.au:0/test1/test1/file?action=edit&amp;mode=up
ERROR: expected isValid() to return true for http://go.au:0/test1/t123/file?action=view
ERROR: expected isValid() to return true for http://go.au:0/test1/t123/file?action=edit&amp;mode=up
ERROR: expected isValid() to return true for http://go.au:0/test1/$23/file?action=view
ERROR: expected isValid() to return true for http://go.au:0/test1/$23/file?action=edit&amp;mode=up
ERROR: expected isValid() to return true for http://go.au:0/t123/test1?action=view
ERROR: expected isValid() to return true for http://go.au:0/t123/test1?action=edit&amp;mode=up
ERROR: expected isValid() to return true for http://go.au:0/t123/t123?action=view
ERROR: expected isValid() to return true for http://go.au:0/t123/t123?action=edit&amp;mode=up
ERROR: expected isValid() to return true for http://go.au:0/t123/$23?action=view
ERROR: expected isValid() to return true for http://go.au:0/t123/$23?action=edit&amp;mode=up
ERROR: expected isValid() to return true for http://go.au:0/t123/test1?action=view
ERROR: expected isValid() to return true for http://go.au:0/t123/test1?action=edit&amp;mode=up
ERROR: expected isValid() to return true for http://go.au:0/t123/test1/file?action=view
ERROR: expected isValid() to return true for http://go.au:0/t123/test1/file?action=edit&amp;mode=up
ERROR: expected isValid() to return true for http://go.au:0/t123/t123/file?action=view
ERROR: expected isValid() to return true for http://go.au:0/t123/t123/file?action=edit&amp;mode=up
ERROR: expected isValid() to return true for http://go.au:0/t123/$23/file?action=view
ERROR: expected isValid() to return true for http://go.au:0/t123/$23/file?action=edit&amp;mode=up
ERROR: expected isValid() to return true for http://go.au:0/$23/test1?action=view
ERROR: expected isValid() to return true for http://go.au:0/$23/test1?action=edit&amp;mode=up
ERROR: expected isValid() to return true for http://go.au:0/$23/t123?action=view
ERROR: expected isValid() to return true for http://go.au:0/$23/t123?action=edit&amp;mode=up
ERROR: expected isValid() to return true for http://go.au:0/$23/$23?action=view
ERROR: expected isValid() to return true for http://go.au:0/$23/$23?action=edit&amp;mode=up
ERROR: expected isValid() to return true for http://go.au:0/$23/test1?action=view
ERROR: expected isValid() to return true for http://go.au:0/$23/test1?action=edit&amp;mode=up
ERROR: expected isValid() to return true for http://go.au:0/$23/test1/file?action=view
ERROR: expected isValid() to return true for http://go.au:0/$23/test1/file?action=edit&amp;mode=up
ERROR: expected isValid() to return true for http://go.au:0/$23/t123/file?action=view
ERROR: expected isValid() to return true for http://go.au:0/$23/t123/file?action=edit&amp;mode=up
ERROR: expected isValid() to return true for http://go.au:0/$23/$23/file?action=view
ERROR: expected isValid() to return true for http://go.au:0/$23/$23/file?action=edit&amp;mode=up
ERROR: expected isValid() to return true for http://go.au:0/test1/test1?action=view
ERROR: expected isValid() to return true for http://go.au:0/test1/test1?action=edit&amp;mode=up
ERROR: expected isValid() to return true for http://go.au:0/test1/t123?action=view
ERROR: expected isValid() to return true for http://go.au:0/test1/t123?action=edit&amp;mode=up
ERROR: expected isValid() to return true for http://go.au:0/test1/$23?action=view
ERROR: expected isValid() to return true for http://go.au:0/test1/$23?action=edit&amp;mode=up
ERROR: expected isValid() to return true for http://go.au:0/test1/test1?action=view
ERROR: expected isValid() to return true for http://go.au:0/test1/test1?action=edit&amp;mode=up
ERROR: expected isValid() to return true for http://go.au:0/test1/test1/file?action=view
ERROR: expected isValid() to return true for http://go.au:0/test1/test1/file?action=edit&amp;mode=up
ERROR: expected isValid() to return true for http://go.au:0/test1/t123/file?action=view
ERROR: expected isValid() to return true for http://go.au:0/test1/t123/file?action=edit&amp;mode=up
ERROR: expected isValid() to return true for http://go.au:0/test1/$23/file?action=view
ERROR: expected isValid() to return true for http://go.au:0/test1/$23/file?action=edit&amp;mode=up
ERROR: expected isValid() to return true for http://go.au:0/test1/file/test1?action=view
ERROR: expected isValid() to return true for http://go.au:0/test1/file/test1?action=edit&amp;mode=up
ERROR: expected isValid() to return true for http://go.au:0/test1/file/t123?action=view
ERROR: expected isValid() to return true for http://go.au:0/test1/file/t123?action=edit&amp;mode=up
ERROR: expected isValid() to return true for http://go.au:0/test1/file/$23?action=view
ERROR: expected isValid() to return true for http://go.au:0/test1/file/$23?action=edit&amp;mode=up
ERROR: expected isValid() to return true for http://go.au:0/test1/file/test1?action=view
ERROR: expected isValid() to return true for http://go.au:0/test1/file/test1?action=edit&amp;mode=up
ERROR: expected isValid() to return true for http://go.au:0/test1/file/test1/file?action=view
ERROR: expected isValid() to return true for http://go.au:0/test1/file/test1/file?action=edit&amp;mode=up
ERROR: expected isValid() to return true for http://go.au:0/test1/file/t123/file?action=view
ERROR: expected isValid() to return true for http://go.au:0/test1/file/t123/file?action=edit&amp;mode=up
ERROR: expected isValid() to return true for http://go.au:0/test1/file/$23/file?action=view
ERROR: expected isValid() to return true for http://go.au:0/test1/file/$23/file?action=edit&amp;mode=up
ERROR: expected isValid() to return true for http://go.au/test1/test1?action=view
ERROR: expected isValid() to return true for http://go.au/test1/test1?action=edit&amp;mode=up
ERROR: expected isValid() to return true for http://go.au/test1/t123?action=view
ERROR: expected isValid() to return true for http://go.au/test1/t123?action=edit&amp;mode=up
ERROR: expected isValid() to return true for http://go.au/test1/$23?action=view
ERROR: expected isValid() to return true for http://go.au/test1/$23?action=edit&amp;mode=up
ERROR: expected isValid() to return true for http://go.au/test1/test1?action=view
ERROR: expected isValid() to return true for http://go.au/test1/test1?action=edit&amp;mode=up
ERROR: expected isValid() to return true for http://go.au/test1/test1/file?action=view
ERROR: expected isValid() to return true for http://go.au/test1/test1/file?action=edit&amp;mode=up
ERROR: expected isValid() to return true for http://go.au/test1/t123/file?action=view
ERROR: expected isValid() to return true for http://go.au/test1/t123/file?action=edit&amp;mode=up
ERROR: expected isValid() to return true for http://go.au/test1/$23/file?action=view
ERROR: expected isValid() to return true for http://go.au/test1/$23/file?action=edit&amp;mode=up
ERROR: expected isValid() to return true for http://go.au/t123/test1?action=view
ERROR: expected isValid() to return true for http://go.au/t123/test1?action=edit&amp;mode=up
ERROR: expected isValid() to return true for http://go.au/t123/t123?action=view
ERROR: expected isValid() to return true for http://go.au/t123/t123?action=edit&amp;mode=up
ERROR: expected isValid() to return true for http://go.au/t123/$23?action=view
ERROR: expected isValid() to return true for http://go.au/t123/$23?action=edit&amp;mode=up
ERROR: expected isValid() to return true for http://go.au/t123/test1?action=view
ERROR: expected isValid() to return true for http://go.au/t123/test1?action=edit&amp;mode=up
ERROR: expected isValid() to return true for http://go.au/t123/test1/file?action=view
ERROR: expected isValid() to return true for http://go.au/t123/test1/file?action=edit&amp;mode=up
ERROR: expected isValid() to return true for http://go.au/t123/t123/file?action=view
ERROR: expected isValid() to return true for http://go.au/t123/t123/file?action=edit&amp;mode=up
ERROR: expected isValid() to return true for http://go.au/t123/$23/file?action=view
ERROR: expected isValid() to return true for http://go.au/t123/$23/file?action=edit&amp;mode=up
ERROR: expected isValid() to return true for http://go.au/$23/test1?action=view
ERROR: expected isValid() to return true for http://go.au/$23/test1?action=edit&amp;mode=up
ERROR: expected isValid() to return true for http://go.au/$23/t123?action=view
ERROR: expected isValid() to return true for http://go.au/$23/t123?action=edit&amp;mode=up
ERROR: expected isValid() to return true for http://go.au/$23/$23?action=view
ERROR: expected isValid() to return true for http://go.au/$23/$23?action=edit&amp;mode=up
ERROR: expected isValid() to return true for http://go.au/$23/test1?action=view
ERROR: expected isValid() to return true for http://go.au/$23/test1?action=edit&amp;mode=up
ERROR: expected isValid() to return true for http://go.au/$23/test1/file?action=view
ERROR: expected isValid() to return true for http://go.au/$23/test1/file?action=edit&amp;mode=up
ERROR: expected isValid() to return true for http://go.au/$23/t123/file?action=view
ERROR: expected isValid() to return true for http://go.au/$23/t123/file?action=edit&amp;mode=up
ERROR: expected isValid() to return true for http://go.au/$23/$23/file?action=view
ERROR: expected isValid() to return true for http://go.au/$23/$23/file?action=edit&amp;mode=up
ERROR: expected isValid() to return true for http://go.au/test1/test1?action=view
ERROR: expected isValid() to return true for http://go.au/test1/test1?action=edit&amp;mode=up
ERROR: expected isValid() to return true for http://go.au/test1/t123?action=view
ERROR: expected isValid() to return true for http://go.au/test1/t123?action=edit&amp;mode=up
ERROR: expected isValid() to return true for http://go.au/test1/$23?action=view
ERROR: expected isValid() to return true for http://go.au/test1/$23?action=edit&amp;mode=up
ERROR: expected isValid() to return true for http://go.au/test1/test1?action=view
ERROR: expected isValid() to return true for http://go.au/test1/test1?action=edit&amp;mode=up
ERROR: expected isValid() to return true for http://go.au/test1/test1/file?action=view
ERROR: expected isValid() to return true for http://go.au/test1/test1/file?action=edit&amp;mode=up
ERROR: expected isValid() to return true for http://go.au/test1/t123/file?action=view
ERROR: expected isValid() to return true for http://go.au/test1/t123/file?action=edit&amp;mode=up
ERROR: expected isValid() to return true for http://go.au/test1/$23/file?action=view
ERROR: expected isValid() to return true for http://go.au/test1/$23/file?action=edit&amp;mode=up
ERROR: expected isValid() to return true for http://go.au/test1/file/test1?action=view
ERROR: expected isValid() to return true for http://go.au/test1/file/test1?action=edit&amp;mode=up
ERROR: expected isValid() to return true for http://go.au/test1/file/t123?action=view
ERROR: expected isValid() to return true for http://go.au/test1/file/t123?action=edit&amp;mode=up
ERROR: expected isValid() to return true for http://go.au/test1/file/$23?action=view
ERROR: expected isValid() to return true for http://go.au/test1/file/$23?action=edit&amp;mode=up
ERROR: expected isValid() to return true for http://go.au/test1/file/test1?action=view
ERROR: expected isValid() to return true for http://go.au/test1/file/test1?action=edit&amp;mode=up
ERROR: expected isValid() to return true for http://go.au/test1/file/test1/file?action=view
ERROR: expected isValid() to return true for http://go.au/test1/file/test1/file?action=edit&amp;mode=up
ERROR: expected isValid() to return true for http://go.au/test1/file/t123/file?action=view
ERROR: expected isValid() to return true for http://go.au/test1/file/t123/file?action=edit&amp;mode=up
ERROR: expected isValid() to return true for http://go.au/test1/file/$23/file?action=view
ERROR: expected isValid() to return true for http://go.au/test1/file/$23/file?action=edit&amp;mode=up
ERROR: expected isValid() to return true for http://go.au:65636/test1/test1?action=view
ERROR: expected isValid() to return true for http://go.au:65636/test1/test1?action=edit&amp;mode=up
ERROR: expected isValid() to return true for http://go.au:65636/test1/test1
ERROR: expected isValid() to return true for http://go.au:65636/test1/t123?action=view
ERROR: expected isValid() to return true for http://go.au:65636/test1/t123?action=edit&amp;mode=up
ERROR: expected isValid() to return true for http://go.au:65636/test1/t123
ERROR: expected isValid() to return true for http://go.au:65636/test1/$23?action=view
ERROR: expected isValid() to return true for http://go.au:65636/test1/$23?action=edit&amp;mode=up
ERROR: expected isValid() to return true for http://go.au:65636/test1/$23
ERROR: expected isValid() to return true for http://go.au:65636/test1/test1?action=view
ERROR: expected isValid() to return true for http://go.au:65636/test1/test1?action=edit&amp;mode=up
ERROR: expected isValid() to return true for http://go.au:65636/test1/test1
ERROR: expected isValid() to return true for http://go.au:65636/test1/test1/file?action=view
ERROR: expected isValid() to return true for http://go.au:65636/test1/test1/file?action=edit&amp;mode=up
ERROR: expected isValid() to return true for http://go.au:65636/test1/test1/file
ERROR: expected isValid() to return true for http://go.au:65636/test1/t123/file?action=view
ERROR: expected isValid() to return true for http://go.au:65636/test1/t123/file?action=edit&amp;mode=up
ERROR: expected isValid() to return true for http://go.au:65636/test1/t123/file
ERROR: expected isValid() to return true for http://go.au:65636/test1/$23/file?action=view
ERROR: expected isValid() to return true for http://go.au:65636/test1/$23/file?action=edit&amp;mode=up
ERROR: expected isValid() to return true for http://go.au:65636/test1/$23/file
ERROR: expected isValid() to return true for http://go.au:65636/t123/test1?action=view
ERROR: expected isValid() to return true for http://go.au:65636/t123/test1?action=edit&amp;mode=up
ERROR: expected isValid() to return true for http://go.au:65636/t123/test1
ERROR: expected isValid() to return true for http://go.au:65636/t123/t123?action=view
ERROR: expected isValid() to return true for http://go.au:65636/t123/t123?action=edit&amp;mode=up
ERROR: expected isValid() to return true for http://go.au:65636/t123/t123
ERROR: expected isValid() to return true for http://go.au:65636/t123/$23?action=view
ERROR: expected isValid() to return true for http://go.au:65636/t123/$23?action=edit&amp;mode=up
ERROR: expected isValid() to return true for http://go.au:65636/t123/$23
ERROR: expected isValid() to return true for http://go.au:65636/t123/test1?action=view
ERROR: expected isValid() to return true for http://go.au:65636/t123/test1?action=edit&amp;mode=up
ERROR: expected isValid() to return true for http://go.au:65636/t123/test1
ERROR: expected isValid() to return true for http://go.au:65636/t123/test1/file?action=view
ERROR: expected isValid() to return true for http://go.au:65636/t123/test1/file?action=edit&amp;mode=up
ERROR: expected isValid() to return true for http://go.au:65636/t123/test1/file
ERROR: expected isValid() to return true for http://go.au:65636/t123/t123/file?action=view
ERROR: expected isValid() to return true for http://go.au:65636/t123/t123/file?action=edit&amp;mode=up
ERROR: expected isValid() to return true for http://go.au:65636/t123/t123/file
ERROR: expected isValid() to return true for http://go.au:65636/t123/$23/file?action=view
ERROR: expected isValid() to return true for http://go.au:65636/t123/$23/file?action=edit&amp;mode=up
ERROR: expected isValid() to return true for http://go.au:65636/t123/$23/file
ERROR: expected isValid() to return true for http://go.au:65636/$23/test1?action=view
ERROR: expected isValid() to return true for http://go.au:65636/$23/test1?action=edit&amp;mode=up
ERROR: expected isValid() to return true for http://go.au:65636/$23/test1
ERROR: expected isValid() to return true for http://go.au:65636/$23/t123?action=view
ERROR: expected isValid() to return true for http://go.au:65636/$23/t123?action=edit&amp;mode=up
ERROR: expected isValid() to return true for http://go.au:65636/$23/t123
ERROR: expected isValid() to return true for http://go.au:65636/$23/$23?action=view
ERROR: expected isValid() to return true for http://go.au:65636/$23/$23?action=edit&amp;mode=up
ERROR: expected isValid() to return true for http://go.au:65636/$23/$23
ERROR: expected isValid() to return true for http://go.au:65636/$23/test1?action=view
ERROR: expected isValid() to return true for http://go.au:65636/$23/test1?action=edit&amp;mode=up
ERROR: expected isValid() to return true for http://go.au:65636/$23/test1
ERROR: expected isValid() to return true for http://go.au:65636/$23/test1/file?action=view
ERROR: expected isValid() to return true for http://go.au:65636/$23/test1/file?action=edit&amp;mode=up
ERROR: expected isValid() to return true for http://go.au:65636/$23/test1/file
ERROR: expected isValid() to return true for http://go.au:65636/$23/t123/file?action=view
ERROR: expected isValid() to return true for http://go.au:65636/$23/t123/file?action=edit&amp;mode=up
ERROR: expected isValid() to return true for http://go.au:65636/$23/t123/file
ERROR: expected isValid() to return true for http://go.au:65636/$23/$23/file?action=view
ERROR: expected isValid() to return true for http://go.au:65636/$23/$23/file?action=edit&amp;mode=up
ERROR: expected isValid() to return true for http://go.au:65636/$23/$23/file
ERROR: expected isValid() to return true for http://go.au:65636/test1/test1?action=view
ERROR: expected isValid() to return true for http://go.au:65636/test1/test1?action=edit&amp;mode=up
ERROR: expected isValid() to return true for http://go.au:65636/test1/test1
ERROR: expected isValid() to return true for http://go.au:65636/test1/t123?action=view
ERROR: expected isValid() to return true for http://go.au:65636/test1/t123?action=edit&amp;mode=up
ERROR: expected isValid() to return true for http://go.au:65636/test1/t123
ERROR: expected isValid() to return true for http://go.au:65636/test1/$23?action=view
ERROR: expected isValid() to return true for http://go.au:65636/test1/$23?action=edit&amp;mode=up
ERROR: expected isValid() to return true for http://go.au:65636/test1/$23
ERROR: expected isValid() to return true for http://go.au:65636/test1/test1?action=view
ERROR: expected isValid() to return true for http://go.au:65636/test1/test1?action=edit&amp;mode=up
ERROR: expected isValid() to return true for http://go.au:65636/test1/test1
ERROR: expected isValid() to return true for http://go.au:65636/test1/test1/file?action=view
ERROR: expected isValid() to return true for http://go.au:65636/test1/test1/file?action=edit&amp;mode=up
ERROR: expected isValid() to return true for http://go.au:65636/test1/test1/file
ERROR: expected isValid() to return true for http://go.au:65636/test1/t123/file?action=view
ERROR: expected isValid() to return true for http://go.au:65636/test1/t123/file?action=edit&amp;mode=up
ERROR: expected isValid() to return true for http://go.au:65636/test1/t123/file
ERROR: expected isValid() to return true for http://go.au:65636/test1/$23/file?action=view
ERROR: expected isValid() to return true for http://go.au:65636/test1/$23/file?action=edit&amp;mode=up
ERROR: expected isValid() to return true for http://go.au:65636/test1/$23/file
ERROR: expected isValid() to return true for http://go.au:65636/test1/file/test1?action=view
ERROR: expected isValid() to return true for http://go.au:65636/test1/file/test1?action=edit&amp;mode=up
ERROR: expected isValid() to return true for http://go.au:65636/test1/file/test1
ERROR: expected isValid() to return true for http://go.au:65636/test1/file/t123?action=view
ERROR: expected isValid() to return true for http://go.au:65636/test1/file/t123?action=edit&amp;mode=up
ERROR: expected isValid() to return true for http://go.au:65636/test1/file/t123
ERROR: expected isValid() to return true for http://go.au:65636/test1/file/$23?action=view
ERROR: expected isValid() to return true for http://go.au:65636/test1/file/$23?action=edit&amp;mode=up
ERROR: expected isValid() to return true for http://go.au:65636/test1/file/$23
ERROR: expected isValid() to return true for http://go.au:65636/test1/file/test1?action=view
ERROR: expected isValid() to return true for http://go.au:65636/test1/file/test1?action=edit&amp;mode=up
ERROR: expected isValid() to return true for http://go.au:65636/test1/file/test1
ERROR: expected isValid() to return true for http://go.au:65636/test1/file/test1/file?action=view
ERROR: expected isValid() to return true for http://go.au:65636/test1/file/test1/file?action=edit&amp;mode=up
ERROR: expected isValid() to return true for http://go.au:65636/test1/file/test1/file
ERROR: expected isValid() to return true for http://go.au:65636/test1/file/t123/file?action=view
ERROR: expected isValid() to return true for http://go.au:65636/test1/file/t123/file?action=edit&amp;mode=up
ERROR: expected isValid() to return true for http://go.au:65636/test1/file/t123/file
ERROR: expected isValid() to return true for http://go.au:65636/test1/file/$23/file?action=view
ERROR: expected isValid() to return true for http://go.au:65636/test1/file/$23/file?action=edit&amp;mode=up
ERROR: expected isValid() to return true for http://go.au:65636/test1/file/$23/file
ERROR: expected isValid() to return true for http://0.0.0.0:80/test1/test1?action=view
ERROR: expected isValid() to return true for http://0.0.0.0:80/test1/test1?action=edit&amp;mode=up
ERROR: expected isValid() to return true for http://0.0.0.0:80/test1/t123?action=view
ERROR: expected isValid() to return true for http://0.0.0.0:80/test1/t123?action=edit&amp;mode=up
ERROR: expected isValid() to return true for http://0.0.0.0:80/test1/$23?action=view
ERROR: expected isValid() to return true for http://0.0.0.0:80/test1/$23?action=edit&amp;mode=up
ERROR: expected isValid() to return true for http://0.0.0.0:80/test1/test1?action=view
ERROR: expected isValid() to return true for http://0.0.0.0:80/test1/test1?action=edit&amp;mode=up
ERROR: expected isValid() to return true for http://0.0.0.0:80/test1/test1/file?action=view
ERROR: expected isValid() to return true for http://0.0.0.0:80/test1/test1/file?action=edit&amp;mode=up
ERROR: expected isValid() to return true for http://0.0.0.0:80/test1/t123/file?action=view
ERROR: expected isValid() to return true for http://0.0.0.0:80/test1/t123/file?action=edit&amp;mode=up
ERROR: expected isValid() to return true for http://0.0.0.0:80/test1/$23/file?action=view
ERROR: expected isValid() to return true for http://0.0.0.0:80/test1/$23/file?action=edit&amp;mode=up
ERROR: expected isValid() to return true for http://0.0.0.0:80/t123/test1?action=view
ERROR: expected isValid() to return true for http://0.0.0.0:80/t123/test1?action=edit&amp;mode=up
ERROR: expected isValid() to return true for http://0.0.0.0:80/t123/t123?action=view
ERROR: expected isValid() to return true for http://0.0.0.0:80/t123/t123?action=edit&amp;mode=up
ERROR: expected isValid() to return true for http://0.0.0.0:80/t123/$23?action=view
ERROR: expected isValid() to return true for http://0.0.0.0:80/t123/$23?action=edit&amp;mode=up
ERROR: expected isValid() to return true for http://0.0.0.0:80/t123/test1?action=view
ERROR: expected isValid() to return true for http://0.0.0.0:80/t123/test1?action=edit&amp;mode=up
ERROR: expected isValid() to return true for http://0.0.0.0:80/t123/test1/file?action=view
ERROR: expected isValid() to return true for http://0.0.0.0:80/t123/test1/file?action=edit&amp;mode=up
ERROR: expected isValid() to return true for http://0.0.0.0:80/t123/t123/file?action=view
ERROR: expected isValid() to return true for http://0.0.0.0:80/t123/t123/file?action=edit&amp;mode=up
ERROR: expected isValid() to return true for http://0.0.0.0:80/t123/$23/file?action=view
ERROR: expected isValid() to return true for http://0.0.0.0:80/t123/$23/file?action=edit&amp;mode=up
ERROR: expected isValid() to return true for http://0.0.0.0:80/$23/test1?action=view
ERROR: expected isValid() to return true for http://0.0.0.0:80/$23/test1?action=edit&amp;mode=up
ERROR: expected isValid() to return true for http://0.0.0.0:80/$23/t123?action=view
ERROR: expected isValid() to return true for http://0.0.0.0:80/$23/t123?action=edit&amp;mode=up
ERROR: expected isValid() to return true for http://0.0.0.0:80/$23/$23?action=view
ERROR: expected isValid() to return true for http://0.0.0.0:80/$23/$23?action=edit&amp;mode=up
ERROR: expected isValid() to return true for http://0.0.0.0:80/$23/test1?action=view
ERROR: expected isValid() to return true for http://0.0.0.0:80/$23/test1?action=edit&amp;mode=up
ERROR: expected isValid() to return true for http://0.0.0.0:80/$23/test1/file?action=view
ERROR: expected isValid() to return true for http://0.0.0.0:80/$23/test1/file?action=edit&amp;mode=up
ERROR: expected isValid() to return true for http://0.0.0.0:80/$23/t123/file?action=view
ERROR: expected isValid() to return true for http://0.0.0.0:80/$23/t123/file?action=edit&amp;mode=up
ERROR: expected isValid() to return true for http://0.0.0.0:80/$23/$23/file?action=view
ERROR: expected isValid() to return true for http://0.0.0.0:80/$23/$23/file?action=edit&amp;mode=up
ERROR: expected isValid() to return true for http://0.0.0.0:80/test1/test1?action=view
ERROR: expected isValid() to return true for http://0.0.0.0:80/test1/test1?action=edit&amp;mode=up
ERROR: expected isValid() to return true for http://0.0.0.0:80/test1/t123?action=view
ERROR: expected isValid() to return true for http://0.0.0.0:80/test1/t123?action=edit&amp;mode=up
ERROR: expected isValid() to return true for http://0.0.0.0:80/test1/$23?action=view
ERROR: expected isValid() to return true for http://0.0.0.0:80/test1/$23?action=edit&amp;mode=up
ERROR: expected isValid() to return true for http://0.0.0.0:80/test1/test1?action=view
ERROR: expected isValid() to return true for http://0.0.0.0:80/test1/test1?action=edit&amp;mode=up
ERROR: expected isValid() to return true for http://0.0.0.0:80/test1/test1/file?action=view
ERROR: expected isValid() to return true for http://0.0.0.0:80/test1/test1/file?action=edit&amp;mode=up
ERROR: expected isValid() to return true for http://0.0.0.0:80/test1/t123/file?action=view
ERROR: expected isValid() to return true for http://0.0.0.0:80/test1/t123/file?action=edit&amp;mode=up
ERROR: expected isValid() to return true for http://0.0.0.0:80/test1/$23/file?action=view
ERROR: expected isValid() to return true for http://0.0.0.0:80/test1/$23/file?action=edit&amp;mode=up
ERROR: expected isValid() to return true for http://0.0.0.0:80/test1/file/test1?action=view
ERROR: expected isValid() to return true for http://0.0.0.0:80/test1/file/test1?action=edit&amp;mode=up
ERROR: expected isValid() to return true for http://0.0.0.0:80/test1/file/t123?action=view
ERROR: expected isValid() to return true for http://0.0.0.0:80/test1/file/t123?action=edit&amp;mode=up
ERROR: expected isValid() to return true for http://0.0.0.0:80/test1/file/$23?action=view
ERROR: expected isValid() to return true for http://0.0.0.0:80/test1/file/$23?action=edit&amp;mode=up
ERROR: expected isValid() to return true for http://0.0.0.0:80/test1/file/test1?action=view
ERROR: expected isValid() to return true for http://0.0.0.0:80/test1/file/test1?action=edit&amp;mode=up
ERROR: expected isValid() to return true for http://0.0.0.0:80/test1/file/test1/file?action=view
ERROR: expected isValid() to return true for http://0.0.0.0:80/test1/file/test1/file?action=edit&amp;mode=up
ERROR: expected isValid() to return true for http://0.0.0.0:80/test1/file/t123/file?action=view
ERROR: expected isValid() to return true for http://0.0.0.0:80/test1/file/t123/file?action=edit&amp;mode=up
ERROR: expected isValid() to return true for http://0.0.0.0:80/test1/file/$23/file?action=view
ERROR: expected isValid() to return true for http://0.0.0.0:80/test1/file/$23/file?action=edit&amp;mode=up
ERROR: expected isValid() to return true for http://0.0.0.0:65535/test1/test1?action=view
ERROR: expected isValid() to return true for http://0.0.0.0:65535/test1/test1?action=edit&amp;mode=up
ERROR: expected isValid() to return true for http://0.0.0.0:65535/test1/test1
ERROR: expected isValid() to return true for http://0.0.0.0:65535/test1/t123?action=view
ERROR: expected isValid() to return true for http://0.0.0.0:65535/test1/t123?action=edit&amp;mode=up
ERROR: expected isValid() to return true for http://0.0.0.0:65535/test1/t123
ERROR: expected isValid() to return true for http://0.0.0.0:65535/test1/$23?action=view
ERROR: expected isValid() to return true for http://0.0.0.0:65535/test1/$23?action=edit&amp;mode=up
ERROR: expected isValid() to return true for http://0.0.0.0:65535/test1/$23
ERROR: expected isValid() to return true for http://0.0.0.0:65535/test1/test1?action=view
ERROR: expected isValid() to return true for http://0.0.0.0:65535/test1/test1?action=edit&amp;mode=up
ERROR: expected isValid() to return true for http://0.0.0.0:65535/test1/test1
ERROR: expected isValid() to return true for http://0.0.0.0:65535/test1/test1/file?action=view
ERROR: expected isValid() to return true for http://0.0.0.0:65535/test1/test1/file?action=edit&amp;mode=up
ERROR: expected isValid() to return true for http://0.0.0.0:65535/test1/test1/file
ERROR: expected isValid() to return true for http://0.0.0.0:65535/test1/t123/file?action=view
ERROR: expected isValid() to return true for http://0.0.0.0:65535/test1/t123/file?action=edit&amp;mode=up
ERROR: expected isValid() to return true for http://0.0.0.0:65535/test1/t123/file
ERROR: expected isValid() to return true for http://0.0.0.0:65535/test1/$23/file?action=view
ERROR: expected isValid() to return true for http://0.0.0.0:65535/test1/$23/file?action=edit&amp;mode=up
ERROR: expected isValid() to return true for http://0.0.0.0:65535/test1/$23/file
ERROR: expected isValid() to return true for http://0.0.0.0:65535/t123/test1?action=view
ERROR: expected isValid() to return true for http://0.0.0.0:65535/t123/test1?action=edit&amp;mode=up
ERROR: expected isValid() to return true for http://0.0.0.0:65535/t123/test1
ERROR: expected isValid() to return true for http://0.0.0.0:65535/t123/t123?action=view
ERROR: expected isValid() to return true for http://0.0.0.0:65535/t123/t123?action=edit&amp;mode=up
ERROR: expected isValid() to return true for http://0.0.0.0:65535/t123/t123
ERROR: expected isValid() to return true for http://0.0.0.0:65535/t123/$23?action=view
ERROR: expected isValid() to return true for http://0.0.0.0:65535/t123/$23?action=edit&amp;mode=up
ERROR: expected isValid() to return true for http://0.0.0.0:65535/t123/$23
ERROR: expected isValid() to return true for http://0.0.0.0:65535/t123/test1?action=view
ERROR: expected isValid() to return true for http://0.0.0.0:65535/t123/test1?action=edit&amp;mode=up
ERROR: expected isValid() to return true for http://0.0.0.0:65535/t123/test1
ERROR: expected isValid() to return true for http://0.0.0.0:65535/t123/test1/file?action=view
ERROR: expected isValid() to return true for http://0.0.0.0:65535/t123/test1/file?action=edit&amp;mode=up
ERROR: expected isValid() to return true for http://0.0.0.0:65535/t123/test1/file
ERROR: expected isValid() to return true for http://0.0.0.0:65535/t123/t123/file?action=view
ERROR: expected isValid() to return true for http://0.0.0.0:65535/t123/t123/file?action=edit&amp;mode=up
ERROR: expected isValid() to return true for http://0.0.0.0:65535/t123/t123/file
ERROR: expected isValid() to return true for http://0.0.0.0:65535/t123/$23/file?action=view
ERROR: expected isValid() to return true for http://0.0.0.0:65535/t123/$23/file?action=edit&amp;mode=up
ERROR: expected isValid() to return true for http://0.0.0.0:65535/t123/$23/file
ERROR: expected isValid() to return true for http://0.0.0.0:65535/$23/test1?action=view
ERROR: expected isValid() to return true for http://0.0.0.0:65535/$23/test1?action=edit&amp;mode=up
ERROR: expected isValid() to return true for http://0.0.0.0:65535/$23/test1
ERROR: expected isValid() to return true for http://0.0.0.0:65535/$23/t123?action=view
ERROR: expected isValid() to return true for http://0.0.0.0:65535/$23/t123?action=edit&amp;mode=up
ERROR: expected isValid() to return true for http://0.0.0.0:65535/$23/t123
ERROR: expected isValid() to return true for http://0.0.0.0:65535/$23/$23?action=view
ERROR: expected isValid() to return true for http://0.0.0.0:65535/$23/$23?action=edit&amp;mode=up
ERROR: expected isValid() to return true for http://0.0.0.0:65535/$23/$23
ERROR: expected isValid() to return true for http://0.0.0.0:65535/$23/test1?action=view
ERROR: expected isValid() to return true for http://0.0.0.0:65535/$23/test1?action=edit&amp;mode=up
ERROR: expected isValid() to return true for http://0.0.0.0:65535/$23/test1
ERROR: expected isValid() to return true for http://0.0.0.0:65535/$23/test1/file?action=view
ERROR: expected isValid() to return true for http://0.0.0.0:65535/$23/test1/file?action=edit&amp;mode=up
ERROR: expected isValid() to return true for http://0.0.0.0:65535/$23/test1/file
ERROR: expected isValid() to return true for http://0.0.0.0:65535/$23/t123/file?action=view
ERROR: expected isValid() to return true for http://0.0.0.0:65535/$23/t123/file?action=edit&amp;mode=up
ERROR: expected isValid() to return true for http://0.0.0.0:65535/$23/t123/file
ERROR: expected isValid() to return true for http://0.0.0.0:65535/$23/$23/file?action=view
ERROR: expected isValid() to return true for http://0.0.0.0:65535/$23/$23/file?action=edit&amp;mode=up
ERROR: expected isValid() to return true for http://0.0.0.0:65535/$23/$23/file
ERROR: expected isValid() to return true for http://0.0.0.0:65535/test1/test1?action=view
ERROR: expected isValid() to return true for http://0.0.0.0:65535/test1/test1?action=edit&amp;mode=up
ERROR: expected isValid() to return true for http://0.0.0.0:65535/test1/test1
ERROR: expected isValid() to return true for http://0.0.0.0:65535/test1/t123?action=view
ERROR: expected isValid() to return true for http://0.0.0.0:65535/test1/t123?action=edit&amp;mode=up
ERROR: expected isValid() to return true for http://0.0.0.0:65535/test1/t123
ERROR: expected isValid() to return true for http://0.0.0.0:65535/test1/$23?action=view
ERROR: expected isValid() to return true for http://0.0.0.0:65535/test1/$23?action=edit&amp;mode=up
ERROR: expected isValid() to return true for http://0.0.0.0:65535/test1/$23
ERROR: expected isValid() to return true for http://0.0.0.0:65535/test1/test1?action=view
ERROR: expected isValid() to return true for http://0.0.0.0:65535/test1/test1?action=edit&amp;mode=up
ERROR: expected isValid() to return true for http://0.0.0.0:65535/test1/test1
ERROR: expected isValid() to return true for http://0.0.0.0:65535/test1/test1/file?action=view
ERROR: expected isValid() to return true for http://0.0.0.0:65535/test1/test1/file?action=edit&amp;mode=up
ERROR: expected isValid() to return true for http://0.0.0.0:65535/test1/test1/file
ERROR: expected isValid() to return true for http://0.0.0.0:65535/test1/t123/file?action=view
ERROR: expected isValid() to return true for http://0.0.0.0:65535/test1/t123/file?action=edit&amp;mode=up
ERROR: expected isValid() to return true for http://0.0.0.0:65535/test1/t123/file
ERROR: expected isValid() to return true for http://0.0.0.0:65535/test1/$23/file?action=view
ERROR: expected isValid() to return true for http://0.0.0.0:65535/test1/$23/file?action=edit&amp;mode=up
ERROR: expected isValid() to return true for http://0.0.0.0:65535/test1/$23/file
ERROR: expected isValid() to return true for http://0.0.0.0:65535/test1/file/test1?action=view
ERROR: expected isValid() to return true for http://0.0.0.0:65535/test1/file/test1?action=edit&amp;mode=up
ERROR: expected isValid() to return true for http://0.0.0.0:65535/test1/file/test1
ERROR: expected isValid() to return true for http://0.0.0.0:65535/test1/file/t123?action=view
ERROR: expected isValid() to return true for http://0.0.0.0:65535/test1/file/t123?action=edit&amp;mode=up
ERROR: expected isValid() to return true for http://0.0.0.0:65535/test1/file/t123
ERROR: expected isValid() to return true for http://0.0.0.0:65535/test1/file/$23?action=view
ERROR: expected isValid() to return true for http://0.0.0.0:65535/test1/file/$23?action=edit&amp;mode=up
ERROR: expected isValid() to return true for http://0.0.0.0:65535/test1/file/$23
ERROR: expected isValid() to return true for http://0.0.0.0:65535/test1/file/test1?action=view
ERROR: expected isValid() to return true for http://0.0.0.0:65535/test1/file/test1?action=edit&amp;mode=up
ERROR: expected isValid() to return true for http://0.0.0.0:65535/test1/file/test1
ERROR: expected isValid() to return true for http://0.0.0.0:65535/test1/file/test1/file?action=view
ERROR: expected isValid() to return true for http://0.0.0.0:65535/test1/file/test1/file?action=edit&amp;mode=up
ERROR: expected isValid() to return true for http://0.0.0.0:65535/test1/file/test1/file
ERROR: expected isValid() to return true for http://0.0.0.0:65535/test1/file/t123/file?action=view
ERROR: expected isValid() to return true for http://0.0.0.0:65535/test1/file/t123/file?action=edit&amp;mode=up
ERROR: expected isValid() to return true for http://0.0.0.0:65535/test1/file/t123/file
ERROR: expected isValid() to return true for http://0.0.0.0:65535/test1/file/$23/file?action=view
ERROR: expected isValid() to return true for http://0.0.0.0:65535/test1/file/$23/file?action=edit&amp;mode=up
ERROR: expected isValid() to return true for http://0.0.0.0:65535/test1/file/$23/file
ERROR: expected isValid() to return true for http://0.0.0.0:0/test1/test1?action=view
ERROR: expected isValid() to return true for http://0.0.0.0:0/test1/test1?action=edit&amp;mode=up
ERROR: expected isValid() to return true for http://0.0.0.0:0/test1/t123?action=view
ERROR: expected isValid() to return true for http://0.0.0.0:0/test1/t123?action=edit&amp;mode=up
ERROR: expected isValid() to return true for http://0.0.0.0:0/test1/$23?action=view
ERROR: expected isValid() to return true for http://0.0.0.0:0/test1/$23?action=edit&amp;mode=up
ERROR: expected isValid() to return true for http://0.0.0.0:0/test1/test1?action=view
ERROR: expected isValid() to return true for http://0.0.0.0:0/test1/test1?action=edit&amp;mode=up
ERROR: expected isValid() to return true for http://0.0.0.0:0/test1/test1/file?action=view
ERROR: expected isValid() to return true for http://0.0.0.0:0/test1/test1/file?action=edit&amp;mode=up
ERROR: expected isValid() to return true for http://0.0.0.0:0/test1/t123/file?action=view
ERROR: expected isValid() to return true for http://0.0.0.0:0/test1/t123/file?action=edit&amp;mode=up
ERROR: expected isValid() to return true for http://0.0.0.0:0/test1/$23/file?action=view
ERROR: expected isValid() to return true for http://0.0.0.0:0/test1/$23/file?action=edit&amp;mode=up
ERROR: expected isValid() to return true for http://0.0.0.0:0/t123/test1?action=view
ERROR: expected isValid() to return true for http://0.0.0.0:0/t123/test1?action=edit&amp;mode=up
ERROR: expected isValid() to return true for http://0.0.0.0:0/t123/t123?action=view
ERROR: expected isValid() to return true for http://0.0.0.0:0/t123/t123?action=edit&amp;mode=up
ERROR: expected isValid() to return true for http://0.0.0.0:0/t123/$23?action=view
ERROR: expected isValid() to return true for http://0.0.0.0:0/t123/$23?action=edit&amp;mode=up
ERROR: expected isValid() to return true for http://0.0.0.0:0/t123/test1?action=view
ERROR: expected isValid() to return true for http://0.0.0.0:0/t123/test1?action=edit&amp;mode=up
ERROR: expected isValid() to return true for http://0.0.0.0:0/t123/test1/file?action=view
ERROR: expected isValid() to return true for http://0.0.0.0:0/t123/test1/file?action=edit&amp;mode=up
ERROR: expected isValid() to return true for http://0.0.0.0:0/t123/t123/file?action=view
ERROR: expected isValid() to return true for http://0.0.0.0:0/t123/t123/file?action=edit&amp;mode=up
ERROR: expected isValid() to return true for http://0.0.0.0:0/t123/$23/file?action=view
ERROR: expected isValid() to return true for http://0.0.0.0:0/t123/$23/file?action=edit&amp;mode=up
ERROR: expected isValid() to return true for http://0.0.0.0:0/$23/test1?action=view
ERROR: expected isValid() to return true for http://0.0.0.0:0/$23/test1?action=edit&amp;mode=up
ERROR: expected isValid() to return true for http://0.0.0.0:0/$23/t123?action=view
ERROR: expected isValid() to return true for http://0.0.0.0:0/$23/t123?action=edit&amp;mode=up
ERROR: expected isValid() to return true for http://0.0.0.0:0/$23/$23?action=view
ERROR: expected isValid() to return true for http://0.0.0.0:0/$23/$23?action=edit&amp;mode=up
ERROR: expected isValid() to return true for http://0.0.0.0:0/$23/test1?action=view
ERROR: expected isValid() to return true for http://0.0.0.0:0/$23/test1?action=edit&amp;mode=up
ERROR: expected isValid() to return true for http://0.0.0.0:0/$23/test1/file?action=view
ERROR: expected isValid() to return true for http://0.0.0.0:0/$23/test1/file?action=edit&amp;mode=up
ERROR: expected isValid() to return true for http://0.0.0.0:0/$23/t123/file?action=view
ERROR: expected isValid() to return true for http://0.0.0.0:0/$23/t123/file?action=edit&amp;mode=up
ERROR: expected isValid() to return true for http://0.0.0.0:0/$23/$23/file?action=view
ERROR: expected isValid() to return true for http://0.0.0.0:0/$23/$23/file?action=edit&amp;mode=up
ERROR: expected isValid() to return true for http://0.0.0.0:0/test1/test1?action=view
ERROR: expected isValid() to return true for http://0.0.0.0:0/test1/test1?action=edit&amp;mode=up
ERROR: expected isValid() to return true for http://0.0.0.0:0/test1/t123?action=view
ERROR: expected isValid() to return true for http://0.0.0.0:0/test1/t123?action=edit&amp;mode=up
ERROR: expected isValid() to return true for http://0.0.0.0:0/test1/$23?action=view
ERROR: expected isValid() to return true for http://0.0.0.0:0/test1/$23?action=edit&amp;mode=up
ERROR: expected isValid() to return true for http://0.0.0.0:0/test1/test1?action=view
ERROR: expected isValid() to return true for http://0.0.0.0:0/test1/test1?action=edit&amp;mode=up
ERROR: expected isValid() to return true for http://0.0.0.0:0/test1/test1/file?action=view
ERROR: expected isValid() to return true for http://0.0.0.0:0/test1/test1/file?action=edit&amp;mode=up
ERROR: expected isValid() to return true for http://0.0.0.0:0/test1/t123/file?action=view
ERROR: expected isValid() to return true for http://0.0.0.0:0/test1/t123/file?action=edit&amp;mode=up
ERROR: expected isValid() to return true for http://0.0.0.0:0/test1/$23/file?action=view
ERROR: expected isValid() to return true for http://0.0.0.0:0/test1/$23/file?action=edit&amp;mode=up
ERROR: expected isValid() to return true for http://0.0.0.0:0/test1/file/test1?action=view
ERROR: expected isValid() to return true for http://0.0.0.0:0/test1/file/test1?action=edit&amp;mode=up
ERROR: expected isValid() to return true for http://0.0.0.0:0/test1/file/t123?action=view
ERROR: expected isValid() to return true for http://0.0.0.0:0/test1/file/t123?action=edit&amp;mode=up
ERROR: expected isValid() to return true for http://0.0.0.0:0/test1/file/$23?action=view
ERROR: expected isValid() to return true for http://0.0.0.0:0/test1/file/$23?action=edit&amp;mode=up
ERROR: expected isValid() to return true for http://0.0.0.0:0/test1/file/test1?action=view
ERROR: expected isValid() to return true for http://0.0.0.0:0/test1/file/test1?action=edit&amp;mode=up
ERROR: expected isValid() to return true for http://0.0.0.0:0/test1/file/test1/file?action=view
ERROR: expected isValid() to return true for http://0.0.0.0:0/test1/file/test1/file?action=edit&amp;mode=up
ERROR: expected isValid() to return true for http://0.0.0.0:0/test1/file/t123/file?action=view
ERROR: expected isValid() to return true for http://0.0.0.0:0/test1/file/t123/file?action=edit&amp;mode=up
ERROR: expected isValid() to return true for http://0.0.0.0:0/test1/file/$23/file?action=view
ERROR: expected isValid() to return true for http://0.0.0.0:0/test1/file/$23/file?action=edit&amp;mode=up
ERROR: expected isValid() to return true for http://0.0.0.0/test1/test1?action=view
ERROR: expected isValid() to return true for http://0.0.0.0/test1/test1?action=edit&amp;mode=up
ERROR: expected isValid() to return true for http://0.0.0.0/test1/t123?action=view
ERROR: expected isValid() to return true for http://0.0.0.0/test1/t123?action=edit&amp;mode=up
ERROR: expected isValid() to return true for http://0.0.0.0/test1/$23?action=view
ERROR: expected isValid() to return true for http://0.0.0.0/test1/$23?action=edit&amp;mode=up
ERROR: expected isValid() to return true for http://0.0.0.0/test1/test1?action=view
ERROR: expected isValid() to return true for http://0.0.0.0/test1/test1?action=edit&amp;mode=up
ERROR: expected isValid() to return true for http://0.0.0.0/test1/test1/file?action=view
ERROR: expected isValid() to return true for http://0.0.0.0/test1/test1/file?action=edit&amp;mode=up
ERROR: expected isValid() to return true for http://0.0.0.0/test1/t123/file?action=view
ERROR: expected isValid() to return true for http://0.0.0.0/test1/t123/file?action=edit&amp;mode=up
ERROR: expected isValid() to return true for http://0.0.0.0/test1/$23/file?action=view
ERROR: expected isValid() to return true for http://0.0.0.0/test1/$23/file?action=edit&amp;mode=up
ERROR: expected isValid() to return true for http://0.0.0.0/t123/test1?action=view
ERROR: expected isValid() to return true for http://0.0.0.0/t123/test1?action=edit&amp;mode=up
ERROR: expected isValid() to return true for http://0.0.0.0/t123/t123?action=view
ERROR: expected isValid() to return true for http://0.0.0.0/t123/t123?action=edit&amp;mode=up
ERROR: expected isValid() to return true for http://0.0.0.0/t123/$23?action=view
ERROR: expected isValid() to return true for http://0.0.0.0/t123/$23?action=edit&amp;mode=up
ERROR: expected isValid() to return true for http://0.0.0.0/t123/test1?action=view
ERROR: expected isValid() to return true for http://0.0.0.0/t123/test1?action=edit&amp;mode=up
ERROR: expected isValid() to return true for http://0.0.0.0/t123/test1/file?action=view
ERROR: expected isValid() to return true for http://0.0.0.0/t123/test1/file?action=edit&amp;mode=up
ERROR: expected isValid() to return true for http://0.0.0.0/t123/t123/file?action=view
ERROR: expected isValid() to return true for http://0.0.0.0/t123/t123/file?action=edit&amp;mode=up
ERROR: expected isValid() to return true for http://0.0.0.0/t123/$23/file?action=view
ERROR: expected isValid() to return true for http://0.0.0.0/t123/$23/file?action=edit&amp;mode=up
ERROR: expected isValid() to return true for http://0.0.0.0/$23/test1?action=view
ERROR: expected isValid() to return true for http://0.0.0.0/$23/test1?action=edit&amp;mode=up
ERROR: expected isValid() to return true for http://0.0.0.0/$23/t123?action=view
ERROR: expected isValid() to return true for http://0.0.0.0/$23/t123?action=edit&amp;mode=up
ERROR: expected isValid() to return true for http://0.0.0.0/$23/$23?action=view
ERROR: expected isValid() to return true for http://0.0.0.0/$23/$23?action=edit&amp;mode=up
ERROR: expected isValid() to return true for http://0.0.0.0/$23/test1?action=view
ERROR: expected isValid() to return true for http://0.0.0.0/$23/test1?action=edit&amp;mode=up
ERROR: expected isValid() to return true for http://0.0.0.0/$23/test1/file?action=view
ERROR: expected isValid() to return true for http://0.0.0.0/$23/test1/file?action=edit&amp;mode=up
ERROR: expected isValid() to return true for http://0.0.0.0/$23/t123/file?action=view
ERROR: expected isValid() to return true for http://0.0.0.0/$23/t123/file?action=edit&amp;mode=up
ERROR: expected isValid() to return true for http://0.0.0.0/$23/$23/file?action=view
ERROR: expected isValid() to return true for http://0.0.0.0/$23/$23/file?action=edit&amp;mode=up
ERROR: expected isValid() to return true for http://0.0.0.0/test1/test1?action=view
ERROR: expected isValid() to return true for http://0.0.0.0/test1/test1?action=edit&amp;mode=up
ERROR: expected isValid() to return true for http://0.0.0.0/test1/t123?action=view
ERROR: expected isValid() to return true for http://0.0.0.0/test1/t123?action=edit&amp;mode=up
ERROR: expected isValid() to return true for http://0.0.0.0/test1/$23?action=view
ERROR: expected isValid() to return true for http://0.0.0.0/test1/$23?action=edit&amp;mode=up
ERROR: expected isValid() to return true for http://0.0.0.0/test1/test1?action=view
ERROR: expected isValid() to return true for http://0.0.0.0/test1/test1?action=edit&amp;mode=up
ERROR: expected isValid() to return true for http://0.0.0.0/test1/test1/file?action=view
ERROR: expected isValid() to return true for http://0.0.0.0/test1/test1/file?action=edit&amp;mode=up
ERROR: expected isValid() to return true for http://0.0.0.0/test1/t123/file?action=view
ERROR: expected isValid() to return true for http://0.0.0.0/test1/t123/file?action=edit&amp;mode=up
ERROR: expected isValid() to return true for http://0.0.0.0/test1/$23/file?action=view
ERROR: expected isValid() to return true for http://0.0.0.0/test1/$23/file?action=edit&amp;mode=up
ERROR: expected isValid() to return true for http://0.0.0.0/test1/file/test1?action=view
ERROR: expected isValid() to return true for http://0.0.0.0/test1/file/test1?action=edit&amp;mode=up
ERROR: expected isValid() to return true for http://0.0.0.0/test1/file/t123?action=view
ERROR: expected isValid() to return true for http://0.0.0.0/test1/file/t123?action=edit&amp;mode=up
ERROR: expected isValid() to return true for http://0.0.0.0/test1/file/$23?action=view
ERROR: expected isValid() to return true for http://0.0.0.0/test1/file/$23?action=edit&amp;mode=up
ERROR: expected isValid() to return true for http://0.0.0.0/test1/file/test1?action=view
ERROR: expected isValid() to return true for http://0.0.0.0/test1/file/test1?action=edit&amp;mode=up
ERROR: expected isValid() to return true for http://0.0.0.0/test1/file/test1/file?action=view
ERROR: expected isValid() to return true for http://0.0.0.0/test1/file/test1/file?action=edit&amp;mode=up
ERROR: expected isValid() to return true for http://0.0.0.0/test1/file/t123/file?action=view
ERROR: expected isValid() to return true for http://0.0.0.0/test1/file/t123/file?action=edit&amp;mode=up
ERROR: expected isValid() to return true for http://0.0.0.0/test1/file/$23/file?action=view
ERROR: expected isValid() to return true for http://0.0.0.0/test1/file/$23/file?action=edit&amp;mode=up
ERROR: expected isValid() to return true for http://0.0.0.0:65636/test1/test1?action=view
ERROR: expected isValid() to return true for http://0.0.0.0:65636/test1/test1?action=edit&amp;mode=up
ERROR: expected isValid() to return true for http://0.0.0.0:65636/test1/test1
ERROR: expected isValid() to return true for http://0.0.0.0:65636/test1/t123?action=view
ERROR: expected isValid() to return true for http://0.0.0.0:65636/test1/t123?action=edit&amp;mode=up
ERROR: expected isValid() to return true for http://0.0.0.0:65636/test1/t123
ERROR: expected isValid() to return true for http://0.0.0.0:65636/test1/$23?action=view
ERROR: expected isValid() to return true for http://0.0.0.0:65636/test1/$23?action=edit&amp;mode=up
ERROR: expected isValid() to return true for http://0.0.0.0:65636/test1/$23
ERROR: expected isValid() to return true for http://0.0.0.0:65636/test1/test1?action=view
ERROR: expected isValid() to return true for http://0.0.0.0:65636/test1/test1?action=edit&amp;mode=up
ERROR: expected isValid() to return true for http://0.0.0.0:65636/test1/test1
ERROR: expected isValid() to return true for http://0.0.0.0:65636/test1/test1/file?action=view
ERROR: expected isValid() to return true for http://0.0.0.0:65636/test1/test1/file?action=edit&amp;mode=up
ERROR: expected isValid() to return true for http://0.0.0.0:65636/test1/test1/file
ERROR: expected isValid() to return true for http://0.0.0.0:65636/test1/t123/file?action=view
ERROR: expected isValid() to return true for http://0.0.0.0:65636/test1/t123/file?action=edit&amp;mode=up
ERROR: expected isValid() to return true for http://0.0.0.0:65636/test1/t123/file
ERROR: expected isValid() to return true for http://0.0.0.0:65636/test1/$23/file?action=view
ERROR: expected isValid() to return true for http://0.0.0.0:65636/test1/$23/file?action=edit&amp;mode=up
ERROR: expected isValid() to return true for http://0.0.0.0:65636/test1/$23/file
ERROR: expected isValid() to return true for http://0.0.0.0:65636/t123/test1?action=view
ERROR: expected isValid() to return true for http://0.0.0.0:65636/t123/test1?action=edit&amp;mode=up
ERROR: expected isValid() to return true for http://0.0.0.0:65636/t123/test1
ERROR: expected isValid() to return true for http://0.0.0.0:65636/t123/t123?action=view
ERROR: expected isValid() to return true for http://0.0.0.0:65636/t123/t123?action=edit&amp;mode=up
ERROR: expected isValid() to return true for http://0.0.0.0:65636/t123/t123
ERROR: expected isValid() to return true for http://0.0.0.0:65636/t123/$23?action=view
ERROR: expected isValid() to return true for http://0.0.0.0:65636/t123/$23?action=edit&amp;mode=up
ERROR: expected isValid() to return true for http://0.0.0.0:65636/t123/$23
ERROR: expected isValid() to return true for http://0.0.0.0:65636/t123/test1?action=view
ERROR: expected isValid() to return true for http://0.0.0.0:65636/t123/test1?action=edit&amp;mode=up
ERROR: expected isValid() to return true for http://0.0.0.0:65636/t123/test1
ERROR: expected isValid() to return true for http://0.0.0.0:65636/t123/test1/file?action=view
ERROR: expected isValid() to return true for http://0.0.0.0:65636/t123/test1/file?action=edit&amp;mode=up
ERROR: expected isValid() to return true for http://0.0.0.0:65636/t123/test1/file
ERROR: expected isValid() to return true for http://0.0.0.0:65636/t123/t123/file?action=view
ERROR: expected isValid() to return true for http://0.0.0.0:65636/t123/t123/file?action=edit&amp;mode=up
ERROR: expected isValid() to return true for http://0.0.0.0:65636/t123/t123/file
ERROR: expected isValid() to return true for http://0.0.0.0:65636/t123/$23/file?action=view
ERROR: expected isValid() to return true for http://0.0.0.0:65636/t123/$23/file?action=edit&amp;mode=up
ERROR: expected isValid() to return true for http://0.0.0.0:65636/t123/$23/file
ERROR: expected isValid() to return true for http://0.0.0.0:65636/$23/test1?action=view
ERROR: expected isValid() to return true for http://0.0.0.0:65636/$23/test1?action=edit&amp;mode=up
ERROR: expected isValid() to return true for http://0.0.0.0:65636/$23/test1
ERROR: expected isValid() to return true for http://0.0.0.0:65636/$23/t123?action=view
ERROR: expected isValid() to return true for http://0.0.0.0:65636/$23/t123?action=edit&amp;mode=up
ERROR: expected isValid() to return true for http://0.0.0.0:65636/$23/t123
ERROR: expected isValid() to return true for http://0.0.0.0:65636/$23/$23?action=view
ERROR: expected isValid() to return true for http://0.0.0.0:65636/$23/$23?action=edit&amp;mode=up
ERROR: expected isValid() to return true for http://0.0.0.0:65636/$23/$23
ERROR: expected isValid() to return true for http://0.0.0.0:65636/$23/test1?action=view
ERROR: expected isValid() to return true for http://0.0.0.0:65636/$23/test1?action=edit&amp;mode=up
ERROR: expected isValid() to return true for http://0.0.0.0:65636/$23/test1
ERROR: expected isValid() to return true for http://0.0.0.0:65636/$23/test1/file?action=view
ERROR: expected isValid() to return true for http://0.0.0.0:65636/$23/test1/file?action=edit&amp;mode=up
ERROR: expected isValid() to return true for http://0.0.0.0:65636/$23/test1/file
ERROR: expected isValid() to return true for http://0.0.0.0:65636/$23/t123/file?action=view
ERROR: expected isValid() to return true for http://0.0.0.0:65636/$23/t123/file?action=edit&amp;mode=up
ERROR: expected isValid() to return true for http://0.0.0.0:65636/$23/t123/file
ERROR: expected isValid() to return true for http://0.0.0.0:65636/$23/$23/file?action=view
ERROR: expected isValid() to return true for http://0.0.0.0:65636/$23/$23/file?action=edit&amp;mode=up
ERROR: expected isValid() to return true for http://0.0.0.0:65636/$23/$23/file
ERROR: expected isValid() to return true for http://0.0.0.0:65636/test1/test1?action=view
ERROR: expected isValid() to return true for http://0.0.0.0:65636/test1/test1?action=edit&amp;mode=up
ERROR: expected isValid() to return true for http://0.0.0.0:65636/test1/test1
ERROR: expected isValid() to return true for http://0.0.0.0:65636/test1/t123?action=view
ERROR: expected isValid() to return true for http://0.0.0.0:65636/test1/t123?action=edit&amp;mode=up
ERROR: expected isValid() to return true for http://0.0.0.0:65636/test1/t123
ERROR: expected isValid() to return true for http://0.0.0.0:65636/test1/$23?action=view
ERROR: expected isValid() to return true for http://0.0.0.0:65636/test1/$23?action=edit&amp;mode=up
ERROR: expected isValid() to return true for http://0.0.0.0:65636/test1/$23
ERROR: expected isValid() to return true for http://0.0.0.0:65636/test1/test1?action=view
ERROR: expected isValid() to return true for http://0.0.0.0:65636/test1/test1?action=edit&amp;mode=up
ERROR: expected isValid() to return true for http://0.0.0.0:65636/test1/test1
ERROR: expected isValid() to return true for http://0.0.0.0:65636/test1/test1/file?action=view
ERROR: expected isValid() to return true for http://0.0.0.0:65636/test1/test1/file?action=edit&amp;mode=up
ERROR: expected isValid() to return true for http://0.0.0.0:65636/test1/test1/file
ERROR: expected isValid() to return true for http://0.0.0.0:65636/test1/t123/file?action=view
ERROR: expected isValid() to return true for http://0.0.0.0:65636/test1/t123/file?action=edit&amp;mode=up
ERROR: expected isValid() to return true for http://0.0.0.0:65636/test1/t123/file
ERROR: expected isValid() to return true for http://0.0.0.0:65636/test1/$23/file?action=view
ERROR: expected isValid() to return true for http://0.0.0.0:65636/test1/$23/file?action=edit&amp;mode=up
ERROR: expected isValid() to return true for http://0.0.0.0:65636/test1/$23/file
ERROR: expected isValid() to return true for http://0.0.0.0:65636/test1/file/test1?action=view
ERROR: expected isValid() to return true for http://0.0.0.0:65636/test1/file/test1?action=edit&amp;mode=up
ERROR: expected isValid() to return true for http://0.0.0.0:65636/test1/file/test1
ERROR: expected isValid() to return true for http://0.0.0.0:65636/test1/file/t123?action=view
ERROR: expected isValid() to return true for http://0.0.0.0:65636/test1/file/t123?action=edit&amp;mode=up
ERROR: expected isValid() to return true for http://0.0.0.0:65636/test1/file/t123
ERROR: expected isValid() to return true for http://0.0.0.0:65636/test1/file/$23?action=view
ERROR: expected isValid() to return true for http://0.0.0.0:65636/test1/file/$23?action=edit&amp;mode=up
ERROR: expected isValid() to return true for http://0.0.0.0:65636/test1/file/$23
ERROR: expected isValid() to return true for http://0.0.0.0:65636/test1/file/test1?action=view
ERROR: expected isValid() to return true for http://0.0.0.0:65636/test1/file/test1?action=edit&amp;mode=up
ERROR: expected isValid() to return true for http://0.0.0.0:65636/test1/file/test1
ERROR: expected isValid() to return true for http://0.0.0.0:65636/test1/file/test1/file?action=view
ERROR: expected isValid() to return true for http://0.0.0.0:65636/test1/file/test1/file?action=edit&amp;mode=up
ERROR: expected isValid() to return true for http://0.0.0.0:65636/test1/file/test1/file
ERROR: expected isValid() to return true for http://0.0.0.0:65636/test1/file/t123/file?action=view
ERROR: expected isValid() to return true for http://0.0.0.0:65636/test1/file/t123/file?action=edit&amp;mode=up
ERROR: expected isValid() to return true for http://0.0.0.0:65636/test1/file/t123/file
ERROR: expected isValid() to return true for http://0.0.0.0:65636/test1/file/$23/file?action=view
ERROR: expected isValid() to return true for http://0.0.0.0:65636/test1/file/$23/file?action=edit&amp;mode=up
ERROR: expected isValid() to return true for http://0.0.0.0:65636/test1/file/$23/file
ERROR: expected isValid() to return true for http://255.255.255.255:80/test1/test1?action=view
ERROR: expected isValid() to return true for http://255.255.255.255:80/test1/test1?action=edit&amp;mode=up
ERROR: expected isValid() to return true for http://255.255.255.255:80/test1/t123?action=view
ERROR: expected isValid() to return true for http://255.255.255.255:80/test1/t123?action=edit&amp;mode=up
ERROR: expected isValid() to return true for http://255.255.255.255:80/test1/$23?action=view
ERROR: expected isValid() to return true for http://255.255.255.255:80/test1/$23?action=edit&amp;mode=up
ERROR: expected isValid() to return true for http://255.255.255.255:80/test1/test1?action=view
ERROR: expected isValid() to return true for http://255.255.255.255:80/test1/test1?action=edit&amp;mode=up
ERROR: expected isValid() to return true for http://255.255.255.255:80/test1/test1/file?action=view
ERROR: expected isValid() to return true for http://255.255.255.255:80/test1/test1/file?action=edit&amp;mode=up
ERROR: expected isValid() to return true for http://255.255.255.255:80/test1/t123/file?action=view
ERROR: expected isValid() to return true for http://255.255.255.255:80/test1/t123/file?action=edit&amp;mode=up
ERROR: expected isValid() to return true for http://255.255.255.255:80/test1/$23/file?action=view
ERROR: expected isValid() to return true for http://255.255.255.255:80/test1/$23/file?action=edit&amp;mode=up
ERROR: expected isValid() to return true for http://255.255.255.255:80/t123/test1?action=view
ERROR: expected isValid() to return true for http://255.255.255.255:80/t123/test1?action=edit&amp;mode=up
ERROR: expected isValid() to return true for http://255.255.255.255:80/t123/t123?action=view
ERROR: expected isValid() to return true for http://255.255.255.255:80/t123/t123?action=edit&amp;mode=up
ERROR: expected isValid() to return true for http://255.255.255.255:80/t123/$23?action=view
ERROR: expected isValid() to return true for http://255.255.255.255:80/t123/$23?action=edit&amp;mode=up
ERROR: expected isValid() to return true for http://255.255.255.255:80/t123/test1?action=view
ERROR: expected isValid() to return true for http://255.255.255.255:80/t123/test1?action=edit&amp;mode=up
ERROR: expected isValid() to return true for http://255.255.255.255:80/t123/test1/file?action=view
ERROR: expected isValid() to return true for http://255.255.255.255:80/t123/test1/file?action=edit&amp;mode=up
ERROR: expected isValid() to return true for http://255.255.255.255:80/t123/t123/file?action=view
ERROR: expected isValid() to return true for http://255.255.255.255:80/t123/t123/file?action=edit&amp;mode=up
ERROR: expected isValid() to return true for http://255.255.255.255:80/t123/$23/file?action=view
ERROR: expected isValid() to return true for http://255.255.255.255:80/t123/$23/file?action=edit&amp;mode=up
ERROR: expected isValid() to return true for http://255.255.255.255:80/$23/test1?action=view
ERROR: expected isValid() to return true for http://255.255.255.255:80/$23/test1?action=edit&amp;mode=up
ERROR: expected isValid() to return true for http://255.255.255.255:80/$23/t123?action=view
ERROR: expected isValid() to return true for http://255.255.255.255:80/$23/t123?action=edit&amp;mode=up
ERROR: expected isValid() to return true for http://255.255.255.255:80/$23/$23?action=view
ERROR: expected isValid() to return true for http://255.255.255.255:80/$23/$23?action=edit&amp;mode=up
ERROR: expected isValid() to return true for http://255.255.255.255:80/$23/test1?action=view
ERROR: expected isValid() to return true for http://255.255.255.255:80/$23/test1?action=edit&amp;mode=up
ERROR: expected isValid() to return true for http://255.255.255.255:80/$23/test1/file?action=view
ERROR: expected isValid() to return true for http://255.255.255.255:80/$23/test1/file?action=edit&amp;mode=up
ERROR: expected isValid() to return true for http://255.255.255.255:80/$23/t123/file?action=view
ERROR: expected isValid() to return true for http://255.255.255.255:80/$23/t123/file?action=edit&amp;mode=up
ERROR: expected isValid() to return true for http://255.255.255.255:80/$23/$23/file?action=view
ERROR: expected isValid() to return true for http://255.255.255.255:80/$23/$23/file?action=edit&amp;mode=up
ERROR: expected isValid() to return true for http://255.255.255.255:80/test1/test1?action=view
ERROR: expected isValid() to return true for http://255.255.255.255:80/test1/test1?action=edit&amp;mode=up
ERROR: expected isValid() to return true for http://255.255.255.255:80/test1/t123?action=view
ERROR: expected isValid() to return true for http://255.255.255.255:80/test1/t123?action=edit&amp;mode=up
ERROR: expected isValid() to return true for http://255.255.255.255:80/test1/$23?action=view
ERROR: expected isValid() to return true for http://255.255.255.255:80/test1/$23?action=edit&amp;mode=up
ERROR: expected isValid() to return true for http://255.255.255.255:80/test1/test1?action=view
ERROR: expected isValid() to return true for http://255.255.255.255:80/test1/test1?action=edit&amp;mode=up
ERROR: expected isValid() to return true for http://255.255.255.255:80/test1/test1/file?action=view
ERROR: expected isValid() to return true for http://255.255.255.255:80/test1/test1/file?action=edit&amp;mode=up
ERROR: expected isValid() to return true for http://255.255.255.255:80/test1/t123/file?action=view
ERROR: expected isValid() to return true for http://255.255.255.255:80/test1/t123/file?action=edit&amp;mode=up
ERROR: expected isValid() to return true for http://255.255.255.255:80/test1/$23/file?action=view
ERROR: expected isValid() to return true for http://255.255.255.255:80/test1/$23/file?action=edit&amp;mode=up
ERROR: expected isValid() to return true for http://255.255.255.255:80/test1/file/test1?action=view
ERROR: expected isValid() to return true for http://255.255.255.255:80/test1/file/test1?action=edit&amp;mode=up
ERROR: expected isValid() to return true for http://255.255.255.255:80/test1/file/t123?action=view
ERROR: expected isValid() to return true for http://255.255.255.255:80/test1/file/t123?action=edit&amp;mode=up
ERROR: expected isValid() to return true for http://255.255.255.255:80/test1/file/$23?action=view
ERROR: expected isValid() to return true for http://255.255.255.255:80/test1/file/$23?action=edit&amp;mode=up
ERROR: expected isValid() to return true for http://255.255.255.255:80/test1/file/test1?action=view
ERROR: expected isValid() to return true for http://255.255.255.255:80/test1/file/test1?action=edit&amp;mode=up
ERROR: expected isValid() to return true for http://255.255.255.255:80/test1/file/test1/file?action=view
ERROR: expected isValid() to return true for http://255.255.255.255:80/test1/file/test1/file?action=edit&amp;mode=up
ERROR: expected isValid() to return true for http://255.255.255.255:80/test1/file/t123/file?action=view
ERROR: expected isValid() to return true for http://255.255.255.255:80/test1/file/t123/file?action=edit&amp;mode=up
ERROR: expected isValid() to return true for http://255.255.255.255:80/test1/file/$23/file?action=view
ERROR: expected isValid() to return true for http://255.255.255.255:80/test1/file/$23/file?action=edit&amp;mode=up
ERROR: expected isValid() to return true for http://255.255.255.255:65535/test1/test1?action=view
ERROR: expected isValid() to return true for http://255.255.255.255:65535/test1/test1?action=edit&amp;mode=up
ERROR: expected isValid() to return true for http://255.255.255.255:65535/test1/test1
ERROR: expected isValid() to return true for http://255.255.255.255:65535/test1/t123?action=view
ERROR: expected isValid() to return true for http://255.255.255.255:65535/test1/t123?action=edit&amp;mode=up
ERROR: expected isValid() to return true for http://255.255.255.255:65535/test1/t123
ERROR: expected isValid() to return true for http://255.255.255.255:65535/test1/$23?action=view
ERROR: expected isValid() to return true for http://255.255.255.255:65535/test1/$23?action=edit&amp;mode=up
ERROR: expected isValid() to return true for http://255.255.255.255:65535/test1/$23
ERROR: expected isValid() to return true for http://255.255.255.255:65535/test1/test1?action=view
ERROR: expected isValid() to return true for http://255.255.255.255:65535/test1/test1?action=edit&amp;mode=up
ERROR: expected isValid() to return true for http://255.255.255.255:65535/test1/test1
ERROR: expected isValid() to return true for http://255.255.255.255:65535/test1/test1/file?action=view
ERROR: expected isValid() to return true for http://255.255.255.255:65535/test1/test1/file?action=edit&amp;mode=up
ERROR: expected isValid() to return true for http://255.255.255.255:65535/test1/test1/file
ERROR: expected isValid() to return true for http://255.255.255.255:65535/test1/t123/file?action=view
ERROR: expected isValid() to return true for http://255.255.255.255:65535/test1/t123/file?action=edit&amp;mode=up
ERROR: expected isValid() to return true for http://255.255.255.255:65535/test1/t123/file
ERROR: expected isValid() to return true for http://255.255.255.255:65535/test1/$23/file?action=view
ERROR: expected isValid() to return true for http://255.255.255.255:65535/test1/$23/file?action=edit&amp;mode=up
ERROR: expected isValid() to return true for http://255.255.255.255:65535/test1/$23/file
ERROR: expected isValid() to return true for http://255.255.255.255:65535/t123/test1?action=view
ERROR: expected isValid() to return true for http://255.255.255.255:65535/t123/test1?action=edit&amp;mode=up
ERROR: expected isValid() to return true for http://255.255.255.255:65535/t123/test1
ERROR: expected isValid() to return true for http://255.255.255.255:65535/t123/t123?action=view
ERROR: expected isValid() to return true for http://255.255.255.255:65535/t123/t123?action=edit&amp;mode=up
ERROR: expected isValid() to return true for http://255.255.255.255:65535/t123/t123
ERROR: expected isValid() to return true for http://255.255.255.255:65535/t123/$23?action=view
ERROR: expected isValid() to return true for http://255.255.255.255:65535/t123/$23?action=edit&amp;mode=up
ERROR: expected isValid() to return true for http://255.255.255.255:65535/t123/$23
ERROR: expected isValid() to return true for http://255.255.255.255:65535/t123/test1?action=view
ERROR: expected isValid() to return true for http://255.255.255.255:65535/t123/test1?action=edit&amp;mode=up
ERROR: expected isValid() to return true for http://255.255.255.255:65535/t123/test1
ERROR: expected isValid() to return true for http://255.255.255.255:65535/t123/test1/file?action=view
ERROR: expected isValid() to return true for http://255.255.255.255:65535/t123/test1/file?action=edit&amp;mode=up
ERROR: expected isValid() to return true for http://255.255.255.255:65535/t123/test1/file
ERROR: expected isValid() to return true for http://255.255.255.255:65535/t123/t123/file?action=view
ERROR: expected isValid() to return true for http://255.255.255.255:65535/t123/t123/file?action=edit&amp;mode=up
ERROR: expected isValid() to return true for http://255.255.255.255:65535/t123/t123/file
ERROR: expected isValid() to return true for http://255.255.255.255:65535/t123/$23/file?action=view
ERROR: expected isValid() to return true for http://255.255.255.255:65535/t123/$23/file?action=edit&amp;mode=up
ERROR: expected isValid() to return true for http://255.255.255.255:65535/t123/$23/file
ERROR: expected isValid() to return true for http://255.255.255.255:65535/$23/test1?action=view
ERROR: expected isValid() to return true for http://255.255.255.255:65535/$23/test1?action=edit&amp;mode=up
ERROR: expected isValid() to return true for http://255.255.255.255:65535/$23/test1
ERROR: expected isValid() to return true for http://255.255.255.255:65535/$23/t123?action=view
ERROR: expected isValid() to return true for http://255.255.255.255:65535/$23/t123?action=edit&amp;mode=up
ERROR: expected isValid() to return true for http://255.255.255.255:65535/$23/t123
ERROR: expected isValid() to return true for http://255.255.255.255:65535/$23/$23?action=view
ERROR: expected isValid() to return true for http://255.255.255.255:65535/$23/$23?action=edit&amp;mode=up
ERROR: expected isValid() to return true for http://255.255.255.255:65535/$23/$23
ERROR: expected isValid() to return true for http://255.255.255.255:65535/$23/test1?action=view
ERROR: expected isValid() to return true for http://255.255.255.255:65535/$23/test1?action=edit&amp;mode=up
ERROR: expected isValid() to return true for http://255.255.255.255:65535/$23/test1
ERROR: expected isValid() to return true for http://255.255.255.255:65535/$23/test1/file?action=view
ERROR: expected isValid() to return true for http://255.255.255.255:65535/$23/test1/file?action=edit&amp;mode=up
ERROR: expected isValid() to return true for http://255.255.255.255:65535/$23/test1/file
ERROR: expected isValid() to return true for http://255.255.255.255:65535/$23/t123/file?action=view
ERROR: expected isValid() to return true for http://255.255.255.255:65535/$23/t123/file?action=edit&amp;mode=up
ERROR: expected isValid() to return true for http://255.255.255.255:65535/$23/t123/file
ERROR: expected isValid() to return true for http://255.255.255.255:65535/$23/$23/file?action=view
ERROR: expected isValid() to return true for http://255.255.255.255:65535/$23/$23/file?action=edit&amp;mode=up
ERROR: expected isValid() to return true for http://255.255.255.255:65535/$23/$23/file
ERROR: expected isValid() to return true for http://255.255.255.255:65535/test1/test1?action=view
ERROR: expected isValid() to return true for http://255.255.255.255:65535/test1/test1?action=edit&amp;mode=up
ERROR: expected isValid() to return true for http://255.255.255.255:65535/test1/test1
ERROR: expected isValid() to return true for http://255.255.255.255:65535/test1/t123?action=view
ERROR: expected isValid() to return true for http://255.255.255.255:65535/test1/t123?action=edit&amp;mode=up
ERROR: expected isValid() to return true for http://255.255.255.255:65535/test1/t123
ERROR: expected isValid() to return true for http://255.255.255.255:65535/test1/$23?action=view
ERROR: expected isValid() to return true for http://255.255.255.255:65535/test1/$23?action=edit&amp;mode=up
ERROR: expected isValid() to return true for http://255.255.255.255:65535/test1/$23
ERROR: expected isValid() to return true for http://255.255.255.255:65535/test1/test1?action=view
ERROR: expected isValid() to return true for http://255.255.255.255:65535/test1/test1?action=edit&amp;mode=up
ERROR: expected isValid() to return true for http://255.255.255.255:65535/test1/test1
ERROR: expected isValid() to return true for http://255.255.255.255:65535/test1/test1/file?action=view
ERROR: expected isValid() to return true for http://255.255.255.255:65535/test1/test1/file?action=edit&amp;mode=up
ERROR: expected isValid() to return true for http://255.255.255.255:65535/test1/test1/file
ERROR: expected isValid() to return true for http://255.255.255.255:65535/test1/t123/file?action=view
ERROR: expected isValid() to return true for http://255.255.255.255:65535/test1/t123/file?action=edit&amp;mode=up
ERROR: expected isValid() to return true for http://255.255.255.255:65535/test1/t123/file
ERROR: expected isValid() to return true for http://255.255.255.255:65535/test1/$23/file?action=view
ERROR: expected isValid() to return true for http://255.255.255.255:65535/test1/$23/file?action=edit&amp;mode=up
ERROR: expected isValid() to return true for http://255.255.255.255:65535/test1/$23/file
ERROR: expected isValid() to return true for http://255.255.255.255:65535/test1/file/test1?action=view
ERROR: expected isValid() to return true for http://255.255.255.255:65535/test1/file/test1?action=edit&amp;mode=up
ERROR: expected isValid() to return true for http://255.255.255.255:65535/test1/file/test1
ERROR: expected isValid() to return true for http://255.255.255.255:65535/test1/file/t123?action=view
ERROR: expected isValid() to return true for http://255.255.255.255:65535/test1/file/t123?action=edit&amp;mode=up
ERROR: expected isValid() to return true for http://255.255.255.255:65535/test1/file/t123
ERROR: expected isValid() to return true for http://255.255.255.255:65535/test1/file/$23?action=view
ERROR: expected isValid() to return true for http://255.255.255.255:65535/test1/file/$23?action=edit&amp;mode=up
ERROR: expected isValid() to return true for http://255.255.255.255:65535/test1/file/$23
ERROR: expected isValid() to return true for http://255.255.255.255:65535/test1/file/test1?action=view
ERROR: expected isValid() to return true for http://255.255.255.255:65535/test1/file/test1?action=edit&amp;mode=up
ERROR: expected isValid() to return true for http://255.255.255.255:65535/test1/file/test1
ERROR: expected isValid() to return true for http://255.255.255.255:65535/test1/file/test1/file?action=view
ERROR: expected isValid() to return true for http://255.255.255.255:65535/test1/file/test1/file?action=edit&amp;mode=up
ERROR: expected isValid() to return true for http://255.255.255.255:65535/test1/file/test1/file
ERROR: expected isValid() to return true for http://255.255.255.255:65535/test1/file/t123/file?action=view
ERROR: expected isValid() to return true for http://255.255.255.255:65535/test1/file/t123/file?action=edit&amp;mode=up
ERROR: expected isValid() to return true for http://255.255.255.255:65535/test1/file/t123/file
ERROR: expected isValid() to return true for http://255.255.255.255:65535/test1/file/$23/file?action=view
ERROR: expected isValid() to return true for http://255.255.255.255:65535/test1/file/$23/file?action=edit&amp;mode=up
ERROR: expected isValid() to return true for http://255.255.255.255:65535/test1/file/$23/file
ERROR: expected isValid() to return true for http://255.255.255.255:0/test1/test1?action=view
ERROR: expected isValid() to return true for http://255.255.255.255:0/test1/test1?action=edit&amp;mode=up
ERROR: expected isValid() to return true for http://255.255.255.255:0/test1/t123?action=view
ERROR: expected isValid() to return true for http://255.255.255.255:0/test1/t123?action=edit&amp;mode=up
ERROR: expected isValid() to return true for http://255.255.255.255:0/test1/$23?action=view
ERROR: expected isValid() to return true for http://255.255.255.255:0/test1/$23?action=edit&amp;mode=up
ERROR: expected isValid() to return true for http://255.255.255.255:0/test1/test1?action=view
ERROR: expected isValid() to return true for http://255.255.255.255:0/test1/test1?action=edit&amp;mode=up
ERROR: expected isValid() to return true for http://255.255.255.255:0/test1/test1/file?action=view
ERROR: expected isValid() to return true for http://255.255.255.255:0/test1/test1/file?action=edit&amp;mode=up
ERROR: expected isValid() to return true for http://255.255.255.255:0/test1/t123/file?action=view
ERROR: expected isValid() to return true for http://255.255.255.255:0/test1/t123/file?action=edit&amp;mode=up
ERROR: expected isValid() to return true for http://255.255.255.255:0/test1/$23/file?action=view
ERROR: expected isValid() to return true for http://255.255.255.255:0/test1/$23/file?action=edit&amp;mode=up
ERROR: expected isValid() to return true for http://255.255.255.255:0/t123/test1?action=view
ERROR: expected isValid() to return true for http://255.255.255.255:0/t123/test1?action=edit&amp;mode=up
ERROR: expected isValid() to return true for http://255.255.255.255:0/t123/t123?action=view
ERROR: expected isValid() to return true for http://255.255.255.255:0/t123/t123?action=edit&amp;mode=up
ERROR: expected isValid() to return true for http://255.255.255.255:0/t123/$23?action=view
ERROR: expected isValid() to return true for http://255.255.255.255:0/t123/$23?action=edit&amp;mode=up
ERROR: expected isValid() to return true for http://255.255.255.255:0/t123/test1?action=view
ERROR: expected isValid() to return true for http://255.255.255.255:0/t123/test1?action=edit&amp;mode=up
ERROR: expected isValid() to return true for http://255.255.255.255:0/t123/test1/file?action=view
ERROR: expected isValid() to return true for http://255.255.255.255:0/t123/test1/file?action=edit&amp;mode=up
ERROR: expected isValid() to return true for http://255.255.255.255:0/t123/t123/file?action=view
ERROR: expected isValid() to return true for http://255.255.255.255:0/t123/t123/file?action=edit&amp;mode=up
ERROR: expected isValid() to return true for http://255.255.255.255:0/t123/$23/file?action=view
ERROR: expected isValid() to return true for http://255.255.255.255:0/t123/$23/file?action=edit&amp;mode=up
ERROR: expected isValid() to return true for http://255.255.255.255:0/$23/test1?action=view
ERROR: expected isValid() to return true for http://255.255.255.255:0/$23/test1?action=edit&amp;mode=up
ERROR: expected isValid() to return true for http://255.255.255.255:0/$23/t123?action=view
ERROR: expected isValid() to return true for http://255.255.255.255:0/$23/t123?action=edit&amp;mode=up
ERROR: expected isValid() to return true for http://255.255.255.255:0/$23/$23?action=view
ERROR: expected isValid() to return true for http://255.255.255.255:0/$23/$23?action=edit&amp;mode=up
ERROR: expected isValid() to return true for http://255.255.255.255:0/$23/test1?action=view
ERROR: expected isValid() to return true for http://255.255.255.255:0/$23/test1?action=edit&amp;mode=up
ERROR: expected isValid() to return true for http://255.255.255.255:0/$23/test1/file?action=view
ERROR: expected isValid() to return true for http://255.255.255.255:0/$23/test1/file?action=edit&amp;mode=up
ERROR: expected isValid() to return true for http://255.255.255.255:0/$23/t123/file?action=view
ERROR: expected isValid() to return true for http://255.255.255.255:0/$23/t123/file?action=edit&amp;mode=up
ERROR: expected isValid() to return true for http://255.255.255.255:0/$23/$23/file?action=view
ERROR: expected isValid() to return true for http://255.255.255.255:0/$23/$23/file?action=edit&amp;mode=up
ERROR: expected isValid() to return true for http://255.255.255.255:0/test1/test1?action=view
ERROR: expected isValid() to return true for http://255.255.255.255:0/test1/test1?action=edit&amp;mode=up
ERROR: expected isValid() to return true for http://255.255.255.255:0/test1/t123?action=view
ERROR: expected isValid() to return true for http://255.255.255.255:0/test1/t123?action=edit&amp;mode=up
ERROR: expected isValid() to return true for http://255.255.255.255:0/test1/$23?action=view
ERROR: expected isValid() to return true for http://255.255.255.255:0/test1/$23?action=edit&amp;mode=up
ERROR: expected isValid() to return true for http://255.255.255.255:0/test1/test1?action=view
ERROR: expected isValid() to return true for http://255.255.255.255:0/test1/test1?action=edit&amp;mode=up
ERROR: expected isValid() to return true for http://255.255.255.255:0/test1/test1/file?action=view
ERROR: expected isValid() to return true for http://255.255.255.255:0/test1/test1/file?action=edit&amp;mode=up
ERROR: expected isValid() to return true for http://255.255.255.255:0/test1/t123/file?action=view
ERROR: expected isValid() to return true for http://255.255.255.255:0/test1/t123/file?action=edit&amp;mode=up
ERROR: expected isValid() to return true for http://255.255.255.255:0/test1/$23/file?action=view
ERROR: expected isValid() to return true for http://255.255.255.255:0/test1/$23/file?action=edit&amp;mode=up
ERROR: expected isValid() to return true for http://255.255.255.255:0/test1/file/test1?action=view
ERROR: expected isValid() to return true for http://255.255.255.255:0/test1/file/test1?action=edit&amp;mode=up
ERROR: expected isValid() to return true for http://255.255.255.255:0/test1/file/t123?action=view
ERROR: expected isValid() to return true for http://255.255.255.255:0/test1/file/t123?action=edit&amp;mode=up
ERROR: expected isValid() to return true for http://255.255.255.255:0/test1/file/$23?action=view
ERROR: expected isValid() to return true for http://255.255.255.255:0/test1/file/$23?action=edit&amp;mode=up
ERROR: expected isValid() to return true for http://255.255.255.255:0/test1/file/test1?action=view
ERROR: expected isValid() to return true for http://255.255.255.255:0/test1/file/test1?action=edit&amp;mode=up
ERROR: expected isValid() to return true for http://255.255.255.255:0/test1/file/test1/file?action=view
ERROR: expected isValid() to return true for http://255.255.255.255:0/test1/file/test1/file?action=edit&amp;mode=up
ERROR: expected isValid() to return true for http://255.255.255.255:0/test1/file/t123/file?action=view
ERROR: expected isValid() to return true for http://255.255.255.255:0/test1/file/t123/file?action=edit&amp;mode=up
ERROR: expected isValid() to return true for http://255.255.255.255:0/test1/file/$23/file?action=view
ERROR: expected isValid() to return true for http://255.255.255.255:0/test1/file/$23/file?action=edit&amp;mode=up
ERROR: expected isValid() to return true for http://255.255.255.255/test1/test1?action=view
ERROR: expected isValid() to return true for http://255.255.255.255/test1/test1?action=edit&amp;mode=up
ERROR: expected isValid() to return true for http://255.255.255.255/test1/t123?action=view
ERROR: expected isValid() to return true for http://255.255.255.255/test1/t123?action=edit&amp;mode=up
ERROR: expected isValid() to return true for http://255.255.255.255/test1/$23?action=view
ERROR: expected isValid() to return true for http://255.255.255.255/test1/$23?action=edit&amp;mode=up
ERROR: expected isValid() to return true for http://255.255.255.255/test1/test1?action=view
ERROR: expected isValid() to return true for http://255.255.255.255/test1/test1?action=edit&amp;mode=up
ERROR: expected isValid() to return true for http://255.255.255.255/test1/test1/file?action=view
ERROR: expected isValid() to return true for http://255.255.255.255/test1/test1/file?action=edit&amp;mode=up
ERROR: expected isValid() to return true for http://255.255.255.255/test1/t123/file?action=view
ERROR: expected isValid() to return true for http://255.255.255.255/test1/t123/file?action=edit&amp;mode=up
ERROR: expected isValid() to return true for http://255.255.255.255/test1/$23/file?action=view
ERROR: expected isValid() to return true for http://255.255.255.255/test1/$23/file?action=edit&amp;mode=up
ERROR: expected isValid() to return true for http://255.255.255.255/t123/test1?action=view
ERROR: expected isValid() to return true for http://255.255.255.255/t123/test1?action=edit&amp;mode=up
ERROR: expected isValid() to return true for http://255.255.255.255/t123/t123?action=view
ERROR: expected isValid() to return true for http://255.255.255.255/t123/t123?action=edit&amp;mode=up
ERROR: expected isValid() to return true for http://255.255.255.255/t123/$23?action=view
ERROR: expected isValid() to return true for http://255.255.255.255/t123/$23?action=edit&amp;mode=up
ERROR: expected isValid() to return true for http://255.255.255.255/t123/test1?action=view
ERROR: expected isValid() to return true for http://255.255.255.255/t123/test1?action=edit&amp;mode=up
ERROR: expected isValid() to return true for http://255.255.255.255/t123/test1/file?action=view
ERROR: expected isValid() to return true for http://255.255.255.255/t123/test1/file?action=edit&amp;mode=up
ERROR: expected isValid() to return true for http://255.255.255.255/t123/t123/file?action=view
ERROR: expected isValid() to return true for http://255.255.255.255/t123/t123/file?action=edit&amp;mode=up
ERROR: expected isValid() to return true for http://255.255.255.255/t123/$23/file?action=view
ERROR: expected isValid() to return true for http://255.255.255.255/t123/$23/file?action=edit&amp;mode=up
ERROR: expected isValid() to return true for http://255.255.255.255/$23/test1?action=view
ERROR: expected isValid() to return true for http://255.255.255.255/$23/test1?action=edit&amp;mode=up
ERROR: expected isValid() to return true for http://255.255.255.255/$23/t123?action=view
ERROR: expected isValid() to return true for http://255.255.255.255/$23/t123?action=edit&amp;mode=up
ERROR: expected isValid() to return true for http://255.255.255.255/$23/$23?action=view
ERROR: expected isValid() to return true for http://255.255.255.255/$23/$23?action=edit&amp;mode=up
ERROR: expected isValid() to return true for http://255.255.255.255/$23/test1?action=view
ERROR: expected isValid() to return true for http://255.255.255.255/$23/test1?action=edit&amp;mode=up
ERROR: expected isValid() to return true for http://255.255.255.255/$23/test1/file?action=view
ERROR: expected isValid() to return true for http://255.255.255.255/$23/test1/file?action=edit&amp;mode=up
ERROR: expected isValid() to return true for http://255.255.255.255/$23/t123/file?action=view
ERROR: expected isValid() to return true for http://255.255.255.255/$23/t123/file?action=edit&amp;mode=up
ERROR: expected isValid() to return true for http://255.255.255.255/$23/$23/file?action=view
ERROR: expected isValid() to return true for http://255.255.255.255/$23/$23/file?action=edit&amp;mode=up
ERROR: expected isValid() to return true for http://255.255.255.255/test1/test1?action=view
ERROR: expected isValid() to return true for http://255.255.255.255/test1/test1?action=edit&amp;mode=up
ERROR: expected isValid() to return true for http://255.255.255.255/test1/t123?action=view
ERROR: expected isValid() to return true for http://255.255.255.255/test1/t123?action=edit&amp;mode=up
ERROR: expected isValid() to return true for http://255.255.255.255/test1/$23?action=view
ERROR: expected isValid() to return true for http://255.255.255.255/test1/$23?action=edit&amp;mode=up
ERROR: expected isValid() to return true for http://255.255.255.255/test1/test1?action=view
ERROR: expected isValid() to return true for http://255.255.255.255/test1/test1?action=edit&amp;mode=up
ERROR: expected isValid() to return true for http://255.255.255.255/test1/test1/file?action=view
ERROR: expected isValid() to return true for http://255.255.255.255/test1/test1/file?action=edit&amp;mode=up
ERROR: expected isValid() to return true for http://255.255.255.255/test1/t123/file?action=view
ERROR: expected isValid() to return true for http://255.255.255.255/test1/t123/file?action=edit&amp;mode=up
ERROR: expected isValid() to return true for http://255.255.255.255/test1/$23/file?action=view
ERROR: expected isValid() to return true for http://255.255.255.255/test1/$23/file?action=edit&amp;mode=up
ERROR: expected isValid() to return true for http://255.255.255.255/test1/file/test1?action=view
ERROR: expected isValid() to return true for http://255.255.255.255/test1/file/test1?action=edit&amp;mode=up
ERROR: expected isValid() to return true for http://255.255.255.255/test1/file/t123?action=view
ERROR: expected isValid() to return true for http://255.255.255.255/test1/file/t123?action=edit&amp;mode=up
ERROR: expected isValid() to return true for http://255.255.255.255/test1/file/$23?action=view
ERROR: expected isValid() to return true for http://255.255.255.255/test1/file/$23?action=edit&amp;mode=up
ERROR: expected isValid() to return true for http://255.255.255.255/test1/file/test1?action=view
ERROR: expected isValid() to return true for http://255.255.255.255/test1/file/test1?action=edit&amp;mode=up
ERROR: expected isValid() to return true for http://255.255.255.255/test1/file/test1/file?action=view
ERROR: expected isValid() to return true for http://255.255.255.255/test1/file/test1/file?action=edit&amp;mode=up
ERROR: expected isValid() to return true for http://255.255.255.255/test1/file/t123/file?action=view
ERROR: expected isValid() to return true for http://255.255.255.255/test1/file/t123/file?action=edit&amp;mode=up
ERROR: expected isValid() to return true for http://255.255.255.255/test1/file/$23/file?action=view
ERROR: expected isValid() to return true for http://255.255.255.255/test1/file/$23/file?action=edit&amp;mode=up
ERROR: expected isValid() to return true for http://255.255.255.255:65636/test1/test1?action=view
ERROR: expected isValid() to return true for http://255.255.255.255:65636/test1/test1?action=edit&amp;mode=up
ERROR: expected isValid() to return true for http://255.255.255.255:65636/test1/test1
ERROR: expected isValid() to return true for http://255.255.255.255:65636/test1/t123?action=view
ERROR: expected isValid() to return true for http://255.255.255.255:65636/test1/t123?action=edit&amp;mode=up
ERROR: expected isValid() to return true for http://255.255.255.255:65636/test1/t123
ERROR: expected isValid() to return true for http://255.255.255.255:65636/test1/$23?action=view
ERROR: expected isValid() to return true for http://255.255.255.255:65636/test1/$23?action=edit&amp;mode=up
ERROR: expected isValid() to return true for http://255.255.255.255:65636/test1/$23
ERROR: expected isValid() to return true for http://255.255.255.255:65636/test1/test1?action=view
ERROR: expected isValid() to return true for http://255.255.255.255:65636/test1/test1?action=edit&amp;mode=up
ERROR: expected isValid() to return true for http://255.255.255.255:65636/test1/test1
ERROR: expected isValid() to return true for http://255.255.255.255:65636/test1/test1/file?action=view
ERROR: expected isValid() to return true for http://255.255.255.255:65636/test1/test1/file?action=edit&amp;mode=up
ERROR: expected isValid() to return true for http://255.255.255.255:65636/test1/test1/file
ERROR: expected isValid() to return true for http://255.255.255.255:65636/test1/t123/file?action=view
ERROR: expected isValid() to return true for http://255.255.255.255:65636/test1/t123/file?action=edit&amp;mode=up
ERROR: expected isValid() to return true for http://255.255.255.255:65636/test1/t123/file
ERROR: expected isValid() to return true for http://255.255.255.255:65636/test1/$23/file?action=view
ERROR: expected isValid() to return true for http://255.255.255.255:65636/test1/$23/file?action=edit&amp;mode=up
ERROR: expected isValid() to return true for http://255.255.255.255:65636/test1/$23/file
ERROR: expected isValid() to return true for http://255.255.255.255:65636/t123/test1?action=view
ERROR: expected isValid() to return true for http://255.255.255.255:65636/t123/test1?action=edit&amp;mode=up
ERROR: expected isValid() to return true for http://255.255.255.255:65636/t123/test1
ERROR: expected isValid() to return true for http://255.255.255.255:65636/t123/t123?action=view
ERROR: expected isValid() to return true for http://255.255.255.255:65636/t123/t123?action=edit&amp;mode=up
ERROR: expected isValid() to return true for http://255.255.255.255:65636/t123/t123
ERROR: expected isValid() to return true for http://255.255.255.255:65636/t123/$23?action=view
ERROR: expected isValid() to return true for http://255.255.255.255:65636/t123/$23?action=edit&amp;mode=up
ERROR: expected isValid() to return true for http://255.255.255.255:65636/t123/$23
ERROR: expected isValid() to return true for http://255.255.255.255:65636/t123/test1?action=view
ERROR: expected isValid() to return true for http://255.255.255.255:65636/t123/test1?action=edit&amp;mode=up
ERROR: expected isValid() to return true for http://255.255.255.255:65636/t123/test1
ERROR: expected isValid() to return true for http://255.255.255.255:65636/t123/test1/file?action=view
ERROR: expected isValid() to return true for http://255.255.255.255:65636/t123/test1/file?action=edit&amp;mode=up
ERROR: expected isValid() to return true for http://255.255.255.255:65636/t123/test1/file
ERROR: expected isValid() to return true for http://255.255.255.255:65636/t123/t123/file?action=view
ERROR: expected isValid() to return true for http://255.255.255.255:65636/t123/t123/file?action=edit&amp;mode=up
ERROR: expected isValid() to return true for http://255.255.255.255:65636/t123/t123/file
ERROR: expected isValid() to return true for http://255.255.255.255:65636/t123/$23/file?action=view
ERROR: expected isValid() to return true for http://255.255.255.255:65636/t123/$23/file?action=edit&amp;mode=up
ERROR: expected isValid() to return true for http://255.255.255.255:65636/t123/$23/file
ERROR: expected isValid() to return true for http://255.255.255.255:65636/$23/test1?action=view
ERROR: expected isValid() to return true for http://255.255.255.255:65636/$23/test1?action=edit&amp;mode=up
ERROR: expected isValid() to return true for http://255.255.255.255:65636/$23/test1
ERROR: expected isValid() to return true for http://255.255.255.255:65636/$23/t123?action=view
ERROR: expected isValid() to return true for http://255.255.255.255:65636/$23/t123?action=edit&amp;mode=up
ERROR: expected isValid() to return true for http://255.255.255.255:65636/$23/t123
ERROR: expected isValid() to return true for http://255.255.255.255:65636/$23/$23?action=view
ERROR: expected isValid() to return true for http://255.255.255.255:65636/$23/$23?action=edit&amp;mode=up
ERROR: expected isValid() to return true for http://255.255.255.255:65636/$23/$23
ERROR: expected isValid() to return true for http://255.255.255.255:65636/$23/test1?action=view
ERROR: expected isValid() to return true for http://255.255.255.255:65636/$23/test1?action=edit&amp;mode=up
ERROR: expected isValid() to return true for http://255.255.255.255:65636/$23/test1
ERROR: expected isValid() to return true for http://255.255.255.255:65636/$23/test1/file?action=view
ERROR: expected isValid() to return true for http://255.255.255.255:65636/$23/test1/file?action=edit&amp;mode=up
ERROR: expected isValid() to return true for http://255.255.255.255:65636/$23/test1/file
ERROR: expected isValid() to return true for http://255.255.255.255:65636/$23/t123/file?action=view
ERROR: expected isValid() to return true for http://255.255.255.255:65636/$23/t123/file?action=edit&amp;mode=up
ERROR: expected isValid() to return true for http://255.255.255.255:65636/$23/t123/file
ERROR: expected isValid() to return true for http://255.255.255.255:65636/$23/$23/file?action=view
ERROR: expected isValid() to return true for http://255.255.255.255:65636/$23/$23/file?action=edit&amp;mode=up
ERROR: expected isValid() to return true for http://255.255.255.255:65636/$23/$23/file
ERROR: expected isValid() to return true for http://255.255.255.255:65636/test1/test1?action=view
ERROR: expected isValid() to return true for http://255.255.255.255:65636/test1/test1?action=edit&amp;mode=up
ERROR: expected isValid() to return true for http://255.255.255.255:65636/test1/test1
ERROR: expected isValid() to return true for http://255.255.255.255:65636/test1/t123?action=view
ERROR: expected isValid() to return true for http://255.255.255.255:65636/test1/t123?action=edit&amp;mode=up
ERROR: expected isValid() to return true for http://255.255.255.255:65636/test1/t123
ERROR: expected isValid() to return true for http://255.255.255.255:65636/test1/$23?action=view
ERROR: expected isValid() to return true for http://255.255.255.255:65636/test1/$23?action=edit&amp;mode=up
ERROR: expected isValid() to return true for http://255.255.255.255:65636/test1/$23
ERROR: expected isValid() to return true for http://255.255.255.255:65636/test1/test1?action=view
ERROR: expected isValid() to return true for http://255.255.255.255:65636/test1/test1?action=edit&amp;mode=up
ERROR: expected isValid() to return true for http://255.255.255.255:65636/test1/test1
ERROR: expected isValid() to return true for http://255.255.255.255:65636/test1/test1/file?action=view
ERROR: expected isValid() to return true for http://255.255.255.255:65636/test1/test1/file?action=edit&amp;mode=up
ERROR: expected isValid() to return true for http://255.255.255.255:65636/test1/test1/file
ERROR: expected isValid() to return true for http://255.255.255.255:65636/test1/t123/file?action=view
ERROR: expected isValid() to return true for http://255.255.255.255:65636/test1/t123/file?action=edit&amp;mode=up
ERROR: expected isValid() to return true for http://255.255.255.255:65636/test1/t123/file
ERROR: expected isValid() to return true for http://255.255.255.255:65636/test1/$23/file?action=view
ERROR: expected isValid() to return true for http://255.255.255.255:65636/test1/$23/file?action=edit&amp;mode=up
ERROR: expected isValid() to return true for http://255.255.255.255:65636/test1/$23/file
ERROR: expected isValid() to return true for http://255.255.255.255:65636/test1/file/test1?action=view
ERROR: expected isValid() to return true for http://255.255.255.255:65636/test1/file/test1?action=edit&amp;mode=up
ERROR: expected isValid() to return true for http://255.255.255.255:65636/test1/file/test1
ERROR: expected isValid() to return true for http://255.255.255.255:65636/test1/file/t123?action=view
ERROR: expected isValid() to return true for http://255.255.255.255:65636/test1/file/t123?action=edit&amp;mode=up
ERROR: expected isValid() to return true for http://255.255.255.255:65636/test1/file/t123
ERROR: expected isValid() to return true for http://255.255.255.255:65636/test1/file/$23?action=view
ERROR: expected isValid() to return true for http://255.255.255.255:65636/test1/file/$23?action=edit&amp;mode=up
ERROR: expected isValid() to return true for http://255.255.255.255:65636/test1/file/$23
ERROR: expected isValid() to return true for http://255.255.255.255:65636/test1/file/test1?action=view
ERROR: expected isValid() to return true for http://255.255.255.255:65636/test1/file/test1?action=edit&amp;mode=up
ERROR: expected isValid() to return true for http://255.255.255.255:65636/test1/file/test1
ERROR: expected isValid() to return true for http://255.255.255.255:65636/test1/file/test1/file?action=view
ERROR: expected isValid() to return true for http://255.255.255.255:65636/test1/file/test1/file?action=edit&amp;mode=up
ERROR: expected isValid() to return true for http://255.255.255.255:65636/test1/file/test1/file
ERROR: expected isValid() to return true for http://255.255.255.255:65636/test1/file/t123/file?action=view
ERROR: expected isValid() to return true for http://255.255.255.255:65636/test1/file/t123/file?action=edit&amp;mode=up
ERROR: expected isValid() to return true for http://255.255.255.255:65636/test1/file/t123/file
ERROR: expected isValid() to return true for http://255.255.255.255:65636/test1/file/$23/file?action=view
ERROR: expected isValid() to return true for http://255.255.255.255:65636/test1/file/$23/file?action=edit&amp;mode=up
ERROR: expected isValid() to return true for http://255.255.255.255:65636/test1/file/$23/file
ERROR: expected isValid() to return false for http://256.256.256.256:80/test1/test1
ERROR: expected isValid() to return false for http://256.256.256.256:80/test1/t123
ERROR: expected isValid() to return false for http://256.256.256.256:80/test1/$23
ERROR: expected isValid() to return false for http://256.256.256.256:80/test1/test1
ERROR: expected isValid() to return false for http://256.256.256.256:80/test1/test1/file
ERROR: expected isValid() to return false for http://256.256.256.256:80/test1/t123/file
ERROR: expected isValid() to return false for http://256.256.256.256:80/test1/$23/file
ERROR: expected isValid() to return false for http://256.256.256.256:80/t123/test1
ERROR: expected isValid() to return false for http://256.256.256.256:80/t123/t123
ERROR: expected isValid() to return false for http://256.256.256.256:80/t123/$23
ERROR: expected isValid() to return false for http://256.256.256.256:80/t123/test1
ERROR: expected isValid() to return false for http://256.256.256.256:80/t123/test1/file
ERROR: expected isValid() to return false for http://256.256.256.256:80/t123/t123/file
ERROR: expected isValid() to return false for http://256.256.256.256:80/t123/$23/file
ERROR: expected isValid() to return false for http://256.256.256.256:80/$23/test1
ERROR: expected isValid() to return false for http://256.256.256.256:80/$23/t123
ERROR: expected isValid() to return false for http://256.256.256.256:80/$23/$23
ERROR: expected isValid() to return false for http://256.256.256.256:80/$23/test1
ERROR: expected isValid() to return false for http://256.256.256.256:80/$23/test1/file
ERROR: expected isValid() to return false for http://256.256.256.256:80/$23/t123/file
ERROR: expected isValid() to return false for http://256.256.256.256:80/$23/$23/file
ERROR: expected isValid() to return false for http://256.256.256.256:80/test1/test1
ERROR: expected isValid() to return false for http://256.256.256.256:80/test1/t123
ERROR: expected isValid() to return false for http://256.256.256.256:80/test1/$23
ERROR: expected isValid() to return false for http://256.256.256.256:80/test1/test1
ERROR: expected isValid() to return false for http://256.256.256.256:80/test1/test1/file
ERROR: expected isValid() to return false for http://256.256.256.256:80/test1/t123/file
ERROR: expected isValid() to return false for http://256.256.256.256:80/test1/$23/file
ERROR: expected isValid() to return false for http://256.256.256.256:80/test1/file/test1
ERROR: expected isValid() to return false for http://256.256.256.256:80/test1/file/t123
ERROR: expected isValid() to return false for http://256.256.256.256:80/test1/file/$23
ERROR: expected isValid() to return false for http://256.256.256.256:80/test1/file/test1
ERROR: expected isValid() to return false for http://256.256.256.256:80/test1/file/test1/file
ERROR: expected isValid() to return false for http://256.256.256.256:80/test1/file/t123/file
ERROR: expected isValid() to return false for http://256.256.256.256:80/test1/file/$23/file
ERROR: expected isValid() to return false for http://256.256.256.256:0/test1/test1
ERROR: expected isValid() to return false for http://256.256.256.256:0/test1/t123
ERROR: expected isValid() to return false for http://256.256.256.256:0/test1/$23
ERROR: expected isValid() to return false for http://256.256.256.256:0/test1/test1
ERROR: expected isValid() to return false for http://256.256.256.256:0/test1/test1/file
ERROR: expected isValid() to return false for http://256.256.256.256:0/test1/t123/file
ERROR: expected isValid() to return false for http://256.256.256.256:0/test1/$23/file
ERROR: expected isValid() to return false for http://256.256.256.256:0/t123/test1
ERROR: expected isValid() to return false for http://256.256.256.256:0/t123/t123
ERROR: expected isValid() to return false for http://256.256.256.256:0/t123/$23
ERROR: expected isValid() to return false for http://256.256.256.256:0/t123/test1
ERROR: expected isValid() to return false for http://256.256.256.256:0/t123/test1/file
ERROR: expected isValid() to return false for http://256.256.256.256:0/t123/t123/file
ERROR: expected isValid() to return false for http://256.256.256.256:0/t123/$23/file
ERROR: expected isValid() to return false for http://256.256.256.256:0/$23/test1
ERROR: expected isValid() to return false for http://256.256.256.256:0/$23/t123
ERROR: expected isValid() to return false for http://256.256.256.256:0/$23/$23
ERROR: expected isValid() to return false for http://256.256.256.256:0/$23/test1
ERROR: expected isValid() to return false for http://256.256.256.256:0/$23/test1/file
ERROR: expected isValid() to return false for http://256.256.256.256:0/$23/t123/file
ERROR: expected isValid() to return false for http://256.256.256.256:0/$23/$23/file
ERROR: expected isValid() to return false for http://256.256.256.256:0/test1/test1
ERROR: expected isValid() to return false for http://256.256.256.256:0/test1/t123
ERROR: expected isValid() to return false for http://256.256.256.256:0/test1/$23
ERROR: expected isValid() to return false for http://256.256.256.256:0/test1/test1
ERROR: expected isValid() to return false for http://256.256.256.256:0/test1/test1/file
ERROR: expected isValid() to return false for http://256.256.256.256:0/test1/t123/file
ERROR: expected isValid() to return false for http://256.256.256.256:0/test1/$23/file
ERROR: expected isValid() to return false for http://256.256.256.256:0/test1/file/test1
ERROR: expected isValid() to return false for http://256.256.256.256:0/test1/file/t123
ERROR: expected isValid() to return false for http://256.256.256.256:0/test1/file/$23
ERROR: expected isValid() to return false for http://256.256.256.256:0/test1/file/test1
ERROR: expected isValid() to return false for http://256.256.256.256:0/test1/file/test1/file
ERROR: expected isValid() to return false for http://256.256.256.256:0/test1/file/t123/file
ERROR: expected isValid() to return false for http://256.256.256.256:0/test1/file/$23/file
ERROR: expected isValid() to return false for http://256.256.256.256/test1/test1
ERROR: expected isValid() to return false for http://256.256.256.256/test1/t123
ERROR: expected isValid() to return false for http://256.256.256.256/test1/$23
ERROR: expected isValid() to return false for http://256.256.256.256/test1/test1
ERROR: expected isValid() to return false for http://256.256.256.256/test1/test1/file
ERROR: expected isValid() to return false for http://256.256.256.256/test1/t123/file
ERROR: expected isValid() to return false for http://256.256.256.256/test1/$23/file
ERROR: expected isValid() to return false for http://256.256.256.256/t123/test1
ERROR: expected isValid() to return false for http://256.256.256.256/t123/t123
ERROR: expected isValid() to return false for http://256.256.256.256/t123/$23
ERROR: expected isValid() to return false for http://256.256.256.256/t123/test1
ERROR: expected isValid() to return false for http://256.256.256.256/t123/test1/file
ERROR: expected isValid() to return false for http://256.256.256.256/t123/t123/file
ERROR: expected isValid() to return false for http://256.256.256.256/t123/$23/file
ERROR: expected isValid() to return false for http://256.256.256.256/$23/test1
ERROR: expected isValid() to return false for http://256.256.256.256/$23/t123
ERROR: expected isValid() to return false for http://256.256.256.256/$23/$23
ERROR: expected isValid() to return false for http://256.256.256.256/$23/test1
ERROR: expected isValid() to return false for http://256.256.256.256/$23/test1/file
ERROR: expected isValid() to return false for http://256.256.256.256/$23/t123/file
ERROR: expected isValid() to return false for http://256.256.256.256/$23/$23/file
ERROR: expected isValid() to return false for http://256.256.256.256/test1/test1
ERROR: expected isValid() to return false for http://256.256.256.256/test1/t123
ERROR: expected isValid() to return false for http://256.256.256.256/test1/$23
ERROR: expected isValid() to return false for http://256.256.256.256/test1/test1
ERROR: expected isValid() to return false for http://256.256.256.256/test1/test1/file
ERROR: expected isValid() to return false for http://256.256.256.256/test1/t123/file
ERROR: expected isValid() to return false for http://256.256.256.256/test1/$23/file
ERROR: expected isValid() to return false for http://256.256.256.256/test1/file/test1
ERROR: expected isValid() to return false for http://256.256.256.256/test1/file/t123
ERROR: expected isValid() to return false for http://256.256.256.256/test1/file/$23
ERROR: expected isValid() to return false for http://256.256.256.256/test1/file/test1
ERROR: expected isValid() to return false for http://256.256.256.256/test1/file/test1/file
ERROR: expected isValid() to return false for http://256.256.256.256/test1/file/t123/file
ERROR: expected isValid() to return false for http://256.256.256.256/test1/file/$23/file
ERROR: expected isValid() to return true for http://255.com:80/test1/test1?action=view
ERROR: expected isValid() to return true for http://255.com:80/test1/test1?action=edit&amp;mode=up
ERROR: expected isValid() to return true for http://255.com:80/test1/t123?action=view
ERROR: expected isValid() to return true for http://255.com:80/test1/t123?action=edit&amp;mode=up
ERROR: expected isValid() to return true for http://255.com:80/test1/$23?action=view
ERROR: expected isValid() to return true for http://255.com:80/test1/$23?action=edit&amp;mode=up
ERROR: expected isValid() to return true for http://255.com:80/test1/test1?action=view
ERROR: expected isValid() to return true for http://255.com:80/test1/test1?action=edit&amp;mode=up
ERROR: expected isValid() to return true for http://255.com:80/test1/test1/file?action=view
ERROR: expected isValid() to return true for http://255.com:80/test1/test1/file?action=edit&amp;mode=up
ERROR: expected isValid() to return true for http://255.com:80/test1/t123/file?action=view
ERROR: expected isValid() to return true for http://255.com:80/test1/t123/file?action=edit&amp;mode=up
ERROR: expected isValid() to return true for http://255.com:80/test1/$23/file?action=view
ERROR: expected isValid() to return true for http://255.com:80/test1/$23/file?action=edit&amp;mode=up
ERROR: expected isValid() to return true for http://255.com:80/t123/test1?action=view
ERROR: expected isValid() to return true for http://255.com:80/t123/test1?action=edit&amp;mode=up
ERROR: expected isValid() to return true for http://255.com:80/t123/t123?action=view
ERROR: expected isValid() to return true for http://255.com:80/t123/t123?action=edit&amp;mode=up
ERROR: expected isValid() to return true for http://255.com:80/t123/$23?action=view
ERROR: expected isValid() to return true for http://255.com:80/t123/$23?action=edit&amp;mode=up
ERROR: expected isValid() to return true for http://255.com:80/t123/test1?action=view
ERROR: expected isValid() to return true for http://255.com:80/t123/test1?action=edit&amp;mode=up
ERROR: expected isValid() to return true for http://255.com:80/t123/test1/file?action=view
ERROR: expected isValid() to return true for http://255.com:80/t123/test1/file?action=edit&amp;mode=up
ERROR: expected isValid() to return true for http://255.com:80/t123/t123/file?action=view
ERROR: expected isValid() to return true for http://255.com:80/t123/t123/file?action=edit&amp;mode=up
ERROR: expected isValid() to return true for http://255.com:80/t123/$23/file?action=view
ERROR: expected isValid() to return true for http://255.com:80/t123/$23/file?action=edit&amp;mode=up
ERROR: expected isValid() to return true for http://255.com:80/$23/test1?action=view
ERROR: expected isValid() to return true for http://255.com:80/$23/test1?action=edit&amp;mode=up
ERROR: expected isValid() to return true for http://255.com:80/$23/t123?action=view
ERROR: expected isValid() to return true for http://255.com:80/$23/t123?action=edit&amp;mode=up
ERROR: expected isValid() to return true for http://255.com:80/$23/$23?action=view
ERROR: expected isValid() to return true for http://255.com:80/$23/$23?action=edit&amp;mode=up
ERROR: expected isValid() to return true for http://255.com:80/$23/test1?action=view
ERROR: expected isValid() to return true for http://255.com:80/$23/test1?action=edit&amp;mode=up
ERROR: expected isValid() to return true for http://255.com:80/$23/test1/file?action=view
ERROR: expected isValid() to return true for http://255.com:80/$23/test1/file?action=edit&amp;mode=up
ERROR: expected isValid() to return true for http://255.com:80/$23/t123/file?action=view
ERROR: expected isValid() to return true for http://255.com:80/$23/t123/file?action=edit&amp;mode=up
ERROR: expected isValid() to return true for http://255.com:80/$23/$23/file?action=view
ERROR: expected isValid() to return true for http://255.com:80/$23/$23/file?action=edit&amp;mode=up
ERROR: expected isValid() to return true for http://255.com:80/test1/test1?action=view
ERROR: expected isValid() to return true for http://255.com:80/test1/test1?action=edit&amp;mode=up
ERROR: expected isValid() to return true for http://255.com:80/test1/t123?action=view
ERROR: expected isValid() to return true for http://255.com:80/test1/t123?action=edit&amp;mode=up
ERROR: expected isValid() to return true for http://255.com:80/test1/$23?action=view
ERROR: expected isValid() to return true for http://255.com:80/test1/$23?action=edit&amp;mode=up
ERROR: expected isValid() to return true for http://255.com:80/test1/test1?action=view
ERROR: expected isValid() to return true for http://255.com:80/test1/test1?action=edit&amp;mode=up
ERROR: expected isValid() to return true for http://255.com:80/test1/test1/file?action=view
ERROR: expected isValid() to return true for http://255.com:80/test1/test1/file?action=edit&amp;mode=up
ERROR: expected isValid() to return true for http://255.com:80/test1/t123/file?action=view
ERROR: expected isValid() to return true for http://255.com:80/test1/t123/file?action=edit&amp;mode=up
ERROR: expected isValid() to return true for http://255.com:80/test1/$23/file?action=view
ERROR: expected isValid() to return true for http://255.com:80/test1/$23/file?action=edit&amp;mode=up
ERROR: expected isValid() to return true for http://255.com:80/test1/file/test1?action=view
ERROR: expected isValid() to return true for http://255.com:80/test1/file/test1?action=edit&amp;mode=up
ERROR: expected isValid() to return true for http://255.com:80/test1/file/t123?action=view
ERROR: expected isValid() to return true for http://255.com:80/test1/file/t123?action=edit&amp;mode=up
ERROR: expected isValid() to return true for http://255.com:80/test1/file/$23?action=view
ERROR: expected isValid() to return true for http://255.com:80/test1/file/$23?action=edit&amp;mode=up
ERROR: expected isValid() to return true for http://255.com:80/test1/file/test1?action=view
ERROR: expected isValid() to return true for http://255.com:80/test1/file/test1?action=edit&amp;mode=up
ERROR: expected isValid() to return true for http://255.com:80/test1/file/test1/file?action=view
ERROR: expected isValid() to return true for http://255.com:80/test1/file/test1/file?action=edit&amp;mode=up
ERROR: expected isValid() to return true for http://255.com:80/test1/file/t123/file?action=view
ERROR: expected isValid() to return true for http://255.com:80/test1/file/t123/file?action=edit&amp;mode=up
ERROR: expected isValid() to return true for http://255.com:80/test1/file/$23/file?action=view
ERROR: expected isValid() to return true for http://255.com:80/test1/file/$23/file?action=edit&amp;mode=up
ERROR: expected isValid() to return true for http://255.com:65535/test1/test1?action=view
ERROR: expected isValid() to return true for http://255.com:65535/test1/test1?action=edit&amp;mode=up
ERROR: expected isValid() to return true for http://255.com:65535/test1/test1
ERROR: expected isValid() to return true for http://255.com:65535/test1/t123?action=view
ERROR: expected isValid() to return true for http://255.com:65535/test1/t123?action=edit&amp;mode=up
ERROR: expected isValid() to return true for http://255.com:65535/test1/t123
ERROR: expected isValid() to return true for http://255.com:65535/test1/$23?action=view
ERROR: expected isValid() to return true for http://255.com:65535/test1/$23?action=edit&amp;mode=up
ERROR: expected isValid() to return true for http://255.com:65535/test1/$23
ERROR: expected isValid() to return true for http://255.com:65535/test1/test1?action=view
ERROR: expected isValid() to return true for http://255.com:65535/test1/test1?action=edit&amp;mode=up
ERROR: expected isValid() to return true for http://255.com:65535/test1/test1
ERROR: expected isValid() to return true for http://255.com:65535/test1/test1/file?action=view
ERROR: expected isValid() to return true for http://255.com:65535/test1/test1/file?action=edit&amp;mode=up
ERROR: expected isValid() to return true for http://255.com:65535/test1/test1/file
ERROR: expected isValid() to return true for http://255.com:65535/test1/t123/file?action=view
ERROR: expected isValid() to return true for http://255.com:65535/test1/t123/file?action=edit&amp;mode=up
ERROR: expected isValid() to return true for http://255.com:65535/test1/t123/file
ERROR: expected isValid() to return true for http://255.com:65535/test1/$23/file?action=view
ERROR: expected isValid() to return true for http://255.com:65535/test1/$23/file?action=edit&amp;mode=up
ERROR: expected isValid() to return true for http://255.com:65535/test1/$23/file
ERROR: expected isValid() to return true for http://255.com:65535/t123/test1?action=view
ERROR: expected isValid() to return true for http://255.com:65535/t123/test1?action=edit&amp;mode=up
ERROR: expected isValid() to return true for http://255.com:65535/t123/test1
ERROR: expected isValid() to return true for http://255.com:65535/t123/t123?action=view
ERROR: expected isValid() to return true for http://255.com:65535/t123/t123?action=edit&amp;mode=up
ERROR: expected isValid() to return true for http://255.com:65535/t123/t123
ERROR: expected isValid() to return true for http://255.com:65535/t123/$23?action=view
ERROR: expected isValid() to return true for http://255.com:65535/t123/$23?action=edit&amp;mode=up
ERROR: expected isValid() to return true for http://255.com:65535/t123/$23
ERROR: expected isValid() to return true for http://255.com:65535/t123/test1?action=view
ERROR: expected isValid() to return true for http://255.com:65535/t123/test1?action=edit&amp;mode=up
ERROR: expected isValid() to return true for http://255.com:65535/t123/test1
ERROR: expected isValid() to return true for http://255.com:65535/t123/test1/file?action=view
ERROR: expected isValid() to return true for http://255.com:65535/t123/test1/file?action=edit&amp;mode=up
ERROR: expected isValid() to return true for http://255.com:65535/t123/test1/file
ERROR: expected isValid() to return true for http://255.com:65535/t123/t123/file?action=view
ERROR: expected isValid() to return true for http://255.com:65535/t123/t123/file?action=edit&amp;mode=up
ERROR: expected isValid() to return true for http://255.com:65535/t123/t123/file
ERROR: expected isValid() to return true for http://255.com:65535/t123/$23/file?action=view
ERROR: expected isValid() to return true for http://255.com:65535/t123/$23/file?action=edit&amp;mode=up
ERROR: expected isValid() to return true for http://255.com:65535/t123/$23/file
ERROR: expected isValid() to return true for http://255.com:65535/$23/test1?action=view
ERROR: expected isValid() to return true for http://255.com:65535/$23/test1?action=edit&amp;mode=up
ERROR: expected isValid() to return true for http://255.com:65535/$23/test1
ERROR: expected isValid() to return true for http://255.com:65535/$23/t123?action=view
ERROR: expected isValid() to return true for http://255.com:65535/$23/t123?action=edit&amp;mode=up
ERROR: expected isValid() to return true for http://255.com:65535/$23/t123
ERROR: expected isValid() to return true for http://255.com:65535/$23/$23?action=view
ERROR: expected isValid() to return true for http://255.com:65535/$23/$23?action=edit&amp;mode=up
ERROR: expected isValid() to return true for http://255.com:65535/$23/$23
ERROR: expected isValid() to return true for http://255.com:65535/$23/test1?action=view
ERROR: expected isValid() to return true for http://255.com:65535/$23/test1?action=edit&amp;mode=up
ERROR: expected isValid() to return true for http://255.com:65535/$23/test1
ERROR: expected isValid() to return true for http://255.com:65535/$23/test1/file?action=view
ERROR: expected isValid() to return true for http://255.com:65535/$23/test1/file?action=edit&amp;mode=up
ERROR: expected isValid() to return true for http://255.com:65535/$23/test1/file
ERROR: expected isValid() to return true for http://255.com:65535/$23/t123/file?action=view
ERROR: expected isValid() to return true for http://255.com:65535/$23/t123/file?action=edit&amp;mode=up
ERROR: expected isValid() to return true for http://255.com:65535/$23/t123/file
ERROR: expected isValid() to return true for http://255.com:65535/$23/$23/file?action=view
ERROR: expected isValid() to return true for http://255.com:65535/$23/$23/file?action=edit&amp;mode=up
ERROR: expected isValid() to return true for http://255.com:65535/$23/$23/file
ERROR: expected isValid() to return true for http://255.com:65535/test1/test1?action=view
ERROR: expected isValid() to return true for http://255.com:65535/test1/test1?action=edit&amp;mode=up
ERROR: expected isValid() to return true for http://255.com:65535/test1/test1
ERROR: expected isValid() to return true for http://255.com:65535/test1/t123?action=view
ERROR: expected isValid() to return true for http://255.com:65535/test1/t123?action=edit&amp;mode=up
ERROR: expected isValid() to return true for http://255.com:65535/test1/t123
ERROR: expected isValid() to return true for http://255.com:65535/test1/$23?action=view
ERROR: expected isValid() to return true for http://255.com:65535/test1/$23?action=edit&amp;mode=up
ERROR: expected isValid() to return true for http://255.com:65535/test1/$23
ERROR: expected isValid() to return true for http://255.com:65535/test1/test1?action=view
ERROR: expected isValid() to return true for http://255.com:65535/test1/test1?action=edit&amp;mode=up
ERROR: expected isValid() to return true for http://255.com:65535/test1/test1
ERROR: expected isValid() to return true for http://255.com:65535/test1/test1/file?action=view
ERROR: expected isValid() to return true for http://255.com:65535/test1/test1/file?action=edit&amp;mode=up
ERROR: expected isValid() to return true for http://255.com:65535/test1/test1/file
ERROR: expected isValid() to return true for http://255.com:65535/test1/t123/file?action=view
ERROR: expected isValid() to return true for http://255.com:65535/test1/t123/file?action=edit&amp;mode=up
ERROR: expected isValid() to return true for http://255.com:65535/test1/t123/file
ERROR: expected isValid() to return true for http://255.com:65535/test1/$23/file?action=view
ERROR: expected isValid() to return true for http://255.com:65535/test1/$23/file?action=edit&amp;mode=up
ERROR: expected isValid() to return true for http://255.com:65535/test1/$23/file
ERROR: expected isValid() to return true for http://255.com:65535/test1/file/test1?action=view
ERROR: expected isValid() to return true for http://255.com:65535/test1/file/test1?action=edit&amp;mode=up
ERROR: expected isValid() to return true for http://255.com:65535/test1/file/test1
ERROR: expected isValid() to return true for http://255.com:65535/test1/file/t123?action=view
ERROR: expected isValid() to return true for http://255.com:65535/test1/file/t123?action=edit&amp;mode=up
ERROR: expected isValid() to return true for http://255.com:65535/test1/file/t123
ERROR: expected isValid() to return true for http://255.com:65535/test1/file/$23?action=view
ERROR: expected isValid() to return true for http://255.com:65535/test1/file/$23?action=edit&amp;mode=up
ERROR: expected isValid() to return true for http://255.com:65535/test1/file/$23
ERROR: expected isValid() to return true for http://255.com:65535/test1/file/test1?action=view
ERROR: expected isValid() to return true for http://255.com:65535/test1/file/test1?action=edit&amp;mode=up
ERROR: expected isValid() to return true for http://255.com:65535/test1/file/test1
ERROR: expected isValid() to return true for http://255.com:65535/test1/file/test1/file?action=view
ERROR: expected isValid() to return true for http://255.com:65535/test1/file/test1/file?action=edit&amp;mode=up
ERROR: expected isValid() to return true for http://255.com:65535/test1/file/test1/file
ERROR: expected isValid() to return true for http://255.com:65535/test1/file/t123/file?action=view
ERROR: expected isValid() to return true for http://255.com:65535/test1/file/t123/file?action=edit&amp;mode=up
ERROR: expected isValid() to return true for http://255.com:65535/test1/file/t123/file
ERROR: expected isValid() to return true for http://255.com:65535/test1/file/$23/file?action=view
ERROR: expected isValid() to return true for http://255.com:65535/test1/file/$23/file?action=edit&amp;mode=up
ERROR: expected isValid() to return true for http://255.com:65535/test1/file/$23/file
ERROR: expected isValid() to return true for http://255.com:0/test1/test1?action=view
ERROR: expected isValid() to return true for http://255.com:0/test1/test1?action=edit&amp;mode=up
ERROR: expected isValid() to return true for http://255.com:0/test1/t123?action=view
ERROR: expected isValid() to return true for http://255.com:0/test1/t123?action=edit&amp;mode=up
ERROR: expected isValid() to return true for http://255.com:0/test1/$23?action=view
ERROR: expected isValid() to return true for http://255.com:0/test1/$23?action=edit&amp;mode=up
ERROR: expected isValid() to return true for http://255.com:0/test1/test1?action=view
ERROR: expected isValid() to return true for http://255.com:0/test1/test1?action=edit&amp;mode=up
ERROR: expected isValid() to return true for http://255.com:0/test1/test1/file?action=view
ERROR: expected isValid() to return true for http://255.com:0/test1/test1/file?action=edit&amp;mode=up
ERROR: expected isValid() to return true for http://255.com:0/test1/t123/file?action=view
ERROR: expected isValid() to return true for http://255.com:0/test1/t123/file?action=edit&amp;mode=up
ERROR: expected isValid() to return true for http://255.com:0/test1/$23/file?action=view
ERROR: expected isValid() to return true for http://255.com:0/test1/$23/file?action=edit&amp;mode=up
ERROR: expected isValid() to return true for http://255.com:0/t123/test1?action=view
ERROR: expected isValid() to return true for http://255.com:0/t123/test1?action=edit&amp;mode=up
ERROR: expected isValid() to return true for http://255.com:0/t123/t123?action=view
ERROR: expected isValid() to return true for http://255.com:0/t123/t123?action=edit&amp;mode=up
ERROR: expected isValid() to return true for http://255.com:0/t123/$23?action=view
ERROR: expected isValid() to return true for http://255.com:0/t123/$23?action=edit&amp;mode=up
ERROR: expected isValid() to return true for http://255.com:0/t123/test1?action=view
ERROR: expected isValid() to return true for http://255.com:0/t123/test1?action=edit&amp;mode=up
ERROR: expected isValid() to return true for http://255.com:0/t123/test1/file?action=view
ERROR: expected isValid() to return true for http://255.com:0/t123/test1/file?action=edit&amp;mode=up
ERROR: expected isValid() to return true for http://255.com:0/t123/t123/file?action=view
ERROR: expected isValid() to return true for http://255.com:0/t123/t123/file?action=edit&amp;mode=up
ERROR: expected isValid() to return true for http://255.com:0/t123/$23/file?action=view
ERROR: expected isValid() to return true for http://255.com:0/t123/$23/file?action=edit&amp;mode=up
ERROR: expected isValid() to return true for http://255.com:0/$23/test1?action=view
ERROR: expected isValid() to return true for http://255.com:0/$23/test1?action=edit&amp;mode=up
ERROR: expected isValid() to return true for http://255.com:0/$23/t123?action=view
ERROR: expected isValid() to return true for http://255.com:0/$23/t123?action=edit&amp;mode=up
ERROR: expected isValid() to return true for http://255.com:0/$23/$23?action=view
ERROR: expected isValid() to return true for http://255.com:0/$23/$23?action=edit&amp;mode=up
ERROR: expected isValid() to return true for http://255.com:0/$23/test1?action=view
ERROR: expected isValid() to return true for http://255.com:0/$23/test1?action=edit&amp;mode=up
ERROR: expected isValid() to return true for http://255.com:0/$23/test1/file?action=view
ERROR: expected isValid() to return true for http://255.com:0/$23/test1/file?action=edit&amp;mode=up
ERROR: expected isValid() to return true for http://255.com:0/$23/t123/file?action=view
ERROR: expected isValid() to return true for http://255.com:0/$23/t123/file?action=edit&amp;mode=up
ERROR: expected isValid() to return true for http://255.com:0/$23/$23/file?action=view
ERROR: expected isValid() to return true for http://255.com:0/$23/$23/file?action=edit&amp;mode=up
ERROR: expected isValid() to return true for http://255.com:0/test1/test1?action=view
ERROR: expected isValid() to return true for http://255.com:0/test1/test1?action=edit&amp;mode=up
ERROR: expected isValid() to return true for http://255.com:0/test1/t123?action=view
ERROR: expected isValid() to return true for http://255.com:0/test1/t123?action=edit&amp;mode=up
ERROR: expected isValid() to return true for http://255.com:0/test1/$23?action=view
ERROR: expected isValid() to return true for http://255.com:0/test1/$23?action=edit&amp;mode=up
ERROR: expected isValid() to return true for http://255.com:0/test1/test1?action=view
ERROR: expected isValid() to return true for http://255.com:0/test1/test1?action=edit&amp;mode=up
ERROR: expected isValid() to return true for http://255.com:0/test1/test1/file?action=view
ERROR: expected isValid() to return true for http://255.com:0/test1/test1/file?action=edit&amp;mode=up
ERROR: expected isValid() to return true for http://255.com:0/test1/t123/file?action=view
ERROR: expected isValid() to return true for http://255.com:0/test1/t123/file?action=edit&amp;mode=up
ERROR: expected isValid() to return true for http://255.com:0/test1/$23/file?action=view
ERROR: expected isValid() to return true for http://255.com:0/test1/$23/file?action=edit&amp;mode=up
ERROR: expected isValid() to return true for http://255.com:0/test1/file/test1?action=view
ERROR: expected isValid() to return true for http://255.com:0/test1/file/test1?action=edit&amp;mode=up
ERROR: expected isValid() to return true for http://255.com:0/test1/file/t123?action=view
ERROR: expected isValid() to return true for http://255.com:0/test1/file/t123?action=edit&amp;mode=up
ERROR: expected isValid() to return true for http://255.com:0/test1/file/$23?action=view
ERROR: expected isValid() to return true for http://255.com:0/test1/file/$23?action=edit&amp;mode=up
ERROR: expected isValid() to return true for http://255.com:0/test1/file/test1?action=view
ERROR: expected isValid() to return true for http://255.com:0/test1/file/test1?action=edit&amp;mode=up
ERROR: expected isValid() to return true for http://255.com:0/test1/file/test1/file?action=view
ERROR: expected isValid() to return true for http://255.com:0/test1/file/test1/file?action=edit&amp;mode=up
ERROR: expected isValid() to return true for http://255.com:0/test1/file/t123/file?action=view
ERROR: expected isValid() to return true for http://255.com:0/test1/file/t123/file?action=edit&amp;mode=up
ERROR: expected isValid() to return true for http://255.com:0/test1/file/$23/file?action=view
ERROR: expected isValid() to return true for http://255.com:0/test1/file/$23/file?action=edit&amp;mode=up
ERROR: expected isValid() to return true for http://255.com/test1/test1?action=view
ERROR: expected isValid() to return true for http://255.com/test1/test1?action=edit&amp;mode=up
ERROR: expected isValid() to return true for http://255.com/test1/t123?action=view
ERROR: expected isValid() to return true for http://255.com/test1/t123?action=edit&amp;mode=up
ERROR: expected isValid() to return true for http://255.com/test1/$23?action=view
ERROR: expected isValid() to return true for http://255.com/test1/$23?action=edit&amp;mode=up
ERROR: expected isValid() to return true for http://255.com/test1/test1?action=view
ERROR: expected isValid() to return true for http://255.com/test1/test1?action=edit&amp;mode=up
ERROR: expected isValid() to return true for http://255.com/test1/test1/file?action=view
ERROR: expected isValid() to return true for http://255.com/test1/test1/file?action=edit&amp;mode=up
ERROR: expected isValid() to return true for http://255.com/test1/t123/file?action=view
ERROR: expected isValid() to return true for http://255.com/test1/t123/file?action=edit&amp;mode=up
ERROR: expected isValid() to return true for http://255.com/test1/$23/file?action=view
ERROR: expected isValid() to return true for http://255.com/test1/$23/file?action=edit&amp;mode=up
ERROR: expected isValid() to return true for http://255.com/t123/test1?action=view
ERROR: expected isValid() to return true for http://255.com/t123/test1?action=edit&amp;mode=up
ERROR: expected isValid() to return true for http://255.com/t123/t123?action=view
ERROR: expected isValid() to return true for http://255.com/t123/t123?action=edit&amp;mode=up
ERROR: expected isValid() to return true for http://255.com/t123/$23?action=view
ERROR: expected isValid() to return true for http://255.com/t123/$23?action=edit&amp;mode=up
ERROR: expected isValid() to return true for http://255.com/t123/test1?action=view
ERROR: expected isValid() to return true for http://255.com/t123/test1?action=edit&amp;mode=up
ERROR: expected isValid() to return true for http://255.com/t123/test1/file?action=view
ERROR: expected isValid() to return true for http://255.com/t123/test1/file?action=edit&amp;mode=up
ERROR: expected isValid() to return true for http://255.com/t123/t123/file?action=view
ERROR: expected isValid() to return true for http://255.com/t123/t123/file?action=edit&amp;mode=up
ERROR: expected isValid() to return true for http://255.com/t123/$23/file?action=view
ERROR: expected isValid() to return true for http://255.com/t123/$23/file?action=edit&amp;mode=up
ERROR: expected isValid() to return true for http://255.com/$23/test1?action=view
ERROR: expected isValid() to return true for http://255.com/$23/test1?action=edit&amp;mode=up
ERROR: expected isValid() to return true for http://255.com/$23/t123?action=view
ERROR: expected isValid() to return true for http://255.com/$23/t123?action=edit&amp;mode=up
ERROR: expected isValid() to return true for http://255.com/$23/$23?action=view
ERROR: expected isValid() to return true for http://255.com/$23/$23?action=edit&amp;mode=up
ERROR: expected isValid() to return true for http://255.com/$23/test1?action=view
ERROR: expected isValid() to return true for http://255.com/$23/test1?action=edit&amp;mode=up
ERROR: expected isValid() to return true for http://255.com/$23/test1/file?action=view
ERROR: expected isValid() to return true for http://255.com/$23/test1/file?action=edit&amp;mode=up
ERROR: expected isValid() to return true for http://255.com/$23/t123/file?action=view
ERROR: expected isValid() to return true for http://255.com/$23/t123/file?action=edit&amp;mode=up
ERROR: expected isValid() to return true for http://255.com/$23/$23/file?action=view
ERROR: expected isValid() to return true for http://255.com/$23/$23/file?action=edit&amp;mode=up
ERROR: expected isValid() to return true for http://255.com/test1/test1?action=view
ERROR: expected isValid() to return true for http://255.com/test1/test1?action=edit&amp;mode=up
ERROR: expected isValid() to return true for http://255.com/test1/t123?action=view
ERROR: expected isValid() to return true for http://255.com/test1/t123?action=edit&amp;mode=up
ERROR: expected isValid() to return true for http://255.com/test1/$23?action=view
ERROR: expected isValid() to return true for http://255.com/test1/$23?action=edit&amp;mode=up
ERROR: expected isValid() to return true for http://255.com/test1/test1?action=view
ERROR: expected isValid() to return true for http://255.com/test1/test1?action=edit&amp;mode=up
ERROR: expected isValid() to return true for http://255.com/test1/test1/file?action=view
ERROR: expected isValid() to return true for http://255.com/test1/test1/file?action=edit&amp;mode=up
ERROR: expected isValid() to return true for http://255.com/test1/t123/file?action=view
ERROR: expected isValid() to return true for http://255.com/test1/t123/file?action=edit&amp;mode=up
ERROR: expected isValid() to return true for http://255.com/test1/$23/file?action=view
ERROR: expected isValid() to return true for http://255.com/test1/$23/file?action=edit&amp;mode=up
ERROR: expected isValid() to return true for http://255.com/test1/file/test1?action=view
ERROR: expected isValid() to return true for http://255.com/test1/file/test1?action=edit&amp;mode=up
ERROR: expected isValid() to return true for http://255.com/test1/file/t123?action=view
ERROR: expected isValid() to return true for http://255.com/test1/file/t123?action=edit&amp;mode=up
ERROR: expected isValid() to return true for http://255.com/test1/file/$23?action=view
ERROR: expected isValid() to return true for http://255.com/test1/file/$23?action=edit&amp;mode=up
ERROR: expected isValid() to return true for http://255.com/test1/file/test1?action=view
ERROR: expected isValid() to return true for http://255.com/test1/file/test1?action=edit&amp;mode=up
ERROR: expected isValid() to return true for http://255.com/test1/file/test1/file?action=view
ERROR: expected isValid() to return true for http://255.com/test1/file/test1/file?action=edit&amp;mode=up
ERROR: expected isValid() to return true for http://255.com/test1/file/t123/file?action=view
ERROR: expected isValid() to return true for http://255.com/test1/file/t123/file?action=edit&amp;mode=up
ERROR: expected isValid() to return true for http://255.com/test1/file/$23/file?action=view
ERROR: expected isValid() to return true for http://255.com/test1/file/$23/file?action=edit&amp;mode=up
ERROR: expected isValid() to return true for http://255.com:65636/test1/test1?action=view
ERROR: expected isValid() to return true for http://255.com:65636/test1/test1?action=edit&amp;mode=up
ERROR: expected isValid() to return true for http://255.com:65636/test1/test1
ERROR: expected isValid() to return true for http://255.com:65636/test1/t123?action=view
ERROR: expected isValid() to return true for http://255.com:65636/test1/t123?action=edit&amp;mode=up
ERROR: expected isValid() to return true for http://255.com:65636/test1/t123
ERROR: expected isValid() to return true for http://255.com:65636/test1/$23?action=view
ERROR: expected isValid() to return true for http://255.com:65636/test1/$23?action=edit&amp;mode=up
ERROR: expected isValid() to return true for http://255.com:65636/test1/$23
ERROR: expected isValid() to return true for http://255.com:65636/test1/test1?action=view
ERROR: expected isValid() to return true for http://255.com:65636/test1/test1?action=edit&amp;mode=up
ERROR: expected isValid() to return true for http://255.com:65636/test1/test1
ERROR: expected isValid() to return true for http://255.com:65636/test1/test1/file?action=view
ERROR: expected isValid() to return true for http://255.com:65636/test1/test1/file?action=edit&amp;mode=up
ERROR: expected isValid() to return true for http://255.com:65636/test1/test1/file
ERROR: expected isValid() to return true for http://255.com:65636/test1/t123/file?action=view
ERROR: expected isValid() to return true for http://255.com:65636/test1/t123/file?action=edit&amp;mode=up
ERROR: expected isValid() to return true for http://255.com:65636/test1/t123/file
ERROR: expected isValid() to return true for http://255.com:65636/test1/$23/file?action=view
ERROR: expected isValid() to return true for http://255.com:65636/test1/$23/file?action=edit&amp;mode=up
ERROR: expected isValid() to return true for http://255.com:65636/test1/$23/file
ERROR: expected isValid() to return true for http://255.com:65636/t123/test1?action=view
ERROR: expected isValid() to return true for http://255.com:65636/t123/test1?action=edit&amp;mode=up
ERROR: expected isValid() to return true for http://255.com:65636/t123/test1
ERROR: expected isValid() to return true for http://255.com:65636/t123/t123?action=view
ERROR: expected isValid() to return true for http://255.com:65636/t123/t123?action=edit&amp;mode=up
ERROR: expected isValid() to return true for http://255.com:65636/t123/t123
ERROR: expected isValid() to return true for http://255.com:65636/t123/$23?action=view
ERROR: expected isValid() to return true for http://255.com:65636/t123/$23?action=edit&amp;mode=up
ERROR: expected isValid() to return true for http://255.com:65636/t123/$23
ERROR: expected isValid() to return true for http://255.com:65636/t123/test1?action=view
ERROR: expected isValid() to return true for http://255.com:65636/t123/test1?action=edit&amp;mode=up
ERROR: expected isValid() to return true for http://255.com:65636/t123/test1
ERROR: expected isValid() to return true for http://255.com:65636/t123/test1/file?action=view
ERROR: expected isValid() to return true for http://255.com:65636/t123/test1/file?action=edit&amp;mode=up
ERROR: expected isValid() to return true for http://255.com:65636/t123/test1/file
ERROR: expected isValid() to return true for http://255.com:65636/t123/t123/file?action=view
ERROR: expected isValid() to return true for http://255.com:65636/t123/t123/file?action=edit&amp;mode=up
ERROR: expected isValid() to return true for http://255.com:65636/t123/t123/file
ERROR: expected isValid() to return true for http://255.com:65636/t123/$23/file?action=view
ERROR: expected isValid() to return true for http://255.com:65636/t123/$23/file?action=edit&amp;mode=up
ERROR: expected isValid() to return true for http://255.com:65636/t123/$23/file
ERROR: expected isValid() to return true for http://255.com:65636/$23/test1?action=view
ERROR: expected isValid() to return true for http://255.com:65636/$23/test1?action=edit&amp;mode=up
ERROR: expected isValid() to return true for http://255.com:65636/$23/test1
ERROR: expected isValid() to return true for http://255.com:65636/$23/t123?action=view
ERROR: expected isValid() to return true for http://255.com:65636/$23/t123?action=edit&amp;mode=up
ERROR: expected isValid() to return true for http://255.com:65636/$23/t123
ERROR: expected isValid() to return true for http://255.com:65636/$23/$23?action=view
ERROR: expected isValid() to return true for http://255.com:65636/$23/$23?action=edit&amp;mode=up
ERROR: expected isValid() to return true for http://255.com:65636/$23/$23
ERROR: expected isValid() to return true for http://255.com:65636/$23/test1?action=view
ERROR: expected isValid() to return true for http://255.com:65636/$23/test1?action=edit&amp;mode=up
ERROR: expected isValid() to return true for http://255.com:65636/$23/test1
ERROR: expected isValid() to return true for http://255.com:65636/$23/test1/file?action=view
ERROR: expected isValid() to return true for http://255.com:65636/$23/test1/file?action=edit&amp;mode=up
ERROR: expected isValid() to return true for http://255.com:65636/$23/test1/file
ERROR: expected isValid() to return true for http://255.com:65636/$23/t123/file?action=view
ERROR: expected isValid() to return true for http://255.com:65636/$23/t123/file?action=edit&amp;mode=up
ERROR: expected isValid() to return true for http://255.com:65636/$23/t123/file
ERROR: expected isValid() to return true for http://255.com:65636/$23/$23/file?action=view
ERROR: expected isValid() to return true for http://255.com:65636/$23/$23/file?action=edit&amp;mode=up
ERROR: expected isValid() to return true for http://255.com:65636/$23/$23/file
ERROR: expected isValid() to return true for http://255.com:65636/test1/test1?action=view
ERROR: expected isValid() to return true for http://255.com:65636/test1/test1?action=edit&amp;mode=up
ERROR: expected isValid() to return true for http://255.com:65636/test1/test1
ERROR: expected isValid() to return true for http://255.com:65636/test1/t123?action=view
ERROR: expected isValid() to return true for http://255.com:65636/test1/t123?action=edit&amp;mode=up
ERROR: expected isValid() to return true for http://255.com:65636/test1/t123
ERROR: expected isValid() to return true for http://255.com:65636/test1/$23?action=view
ERROR: expected isValid() to return true for http://255.com:65636/test1/$23?action=edit&amp;mode=up
ERROR: expected isValid() to return true for http://255.com:65636/test1/$23
ERROR: expected isValid() to return true for http://255.com:65636/test1/test1?action=view
ERROR: expected isValid() to return true for http://255.com:65636/test1/test1?action=edit&amp;mode=up
ERROR: expected isValid() to return true for http://255.com:65636/test1/test1
ERROR: expected isValid() to return true for http://255.com:65636/test1/test1/file?action=view
ERROR: expected isValid() to return true for http://255.com:65636/test1/test1/file?action=edit&amp;mode=up
ERROR: expected isValid() to return true for http://255.com:65636/test1/test1/file
ERROR: expected isValid() to return true for http://255.com:65636/test1/t123/file?action=view
ERROR: expected isValid() to return true for http://255.com:65636/test1/t123/file?action=edit&amp;mode=up
ERROR: expected isValid() to return true for http://255.com:65636/test1/t123/file
ERROR: expected isValid() to return true for http://255.com:65636/test1/$23/file?action=view
ERROR: expected isValid() to return true for http://255.com:65636/test1/$23/file?action=edit&amp;mode=up
ERROR: expected isValid() to return true for http://255.com:65636/test1/$23/file
ERROR: expected isValid() to return true for http://255.com:65636/test1/file/test1?action=view
ERROR: expected isValid() to return true for http://255.com:65636/test1/file/test1?action=edit&amp;mode=up
ERROR: expected isValid() to return true for http://255.com:65636/test1/file/test1
ERROR: expected isValid() to return true for http://255.com:65636/test1/file/t123?action=view
ERROR: expected isValid() to return true for http://255.com:65636/test1/file/t123?action=edit&amp;mode=up
ERROR: expected isValid() to return true for http://255.com:65636/test1/file/t123
ERROR: expected isValid() to return true for http://255.com:65636/test1/file/$23?action=view
ERROR: expected isValid() to return true for http://255.com:65636/test1/file/$23?action=edit&amp;mode=up
ERROR: expected isValid() to return true for http://255.com:65636/test1/file/$23
ERROR: expected isValid() to return true for http://255.com:65636/test1/file/test1?action=view
ERROR: expected isValid() to return true for http://255.com:65636/test1/file/test1?action=edit&amp;mode=up
ERROR: expected isValid() to return true for http://255.com:65636/test1/file/test1
ERROR: expected isValid() to return true for http://255.com:65636/test1/file/test1/file?action=view
ERROR: expected isValid() to return true for http://255.com:65636/test1/file/test1/file?action=edit&amp;mode=up
ERROR: expected isValid() to return true for http://255.com:65636/test1/file/test1/file
ERROR: expected isValid() to return true for http://255.com:65636/test1/file/t123/file?action=view
ERROR: expected isValid() to return true for http://255.com:65636/test1/file/t123/file?action=edit&amp;mode=up
ERROR: expected isValid() to return true for http://255.com:65636/test1/file/t123/file
ERROR: expected isValid() to return true for http://255.com:65636/test1/file/$23/file?action=view
ERROR: expected isValid() to return true for http://255.com:65636/test1/file/$23/file?action=edit&amp;mode=up
ERROR: expected isValid() to return true for http://255.com:65636/test1/file/$23/file
ERROR: expected isValid() to return true for http://go.cc:80/test1/test1?action=view
ERROR: expected isValid() to return true for http://go.cc:80/test1/test1?action=edit&amp;mode=up
ERROR: expected isValid() to return true for http://go.cc:80/test1/t123?action=view
ERROR: expected isValid() to return true for http://go.cc:80/test1/t123?action=edit&amp;mode=up
ERROR: expected isValid() to return true for http://go.cc:80/test1/$23?action=view
ERROR: expected isValid() to return true for http://go.cc:80/test1/$23?action=edit&amp;mode=up
ERROR: expected isValid() to return true for http://go.cc:80/test1/test1?action=view
ERROR: expected isValid() to return true for http://go.cc:80/test1/test1?action=edit&amp;mode=up
ERROR: expected isValid() to return true for http://go.cc:80/test1/test1/file?action=view
ERROR: expected isValid() to return true for http://go.cc:80/test1/test1/file?action=edit&amp;mode=up
ERROR: expected isValid() to return true for http://go.cc:80/test1/t123/file?action=view
ERROR: expected isValid() to return true for http://go.cc:80/test1/t123/file?action=edit&amp;mode=up
ERROR: expected isValid() to return true for http://go.cc:80/test1/$23/file?action=view
ERROR: expected isValid() to return true for http://go.cc:80/test1/$23/file?action=edit&amp;mode=up
ERROR: expected isValid() to return true for http://go.cc:80/t123/test1?action=view
ERROR: expected isValid() to return true for http://go.cc:80/t123/test1?action=edit&amp;mode=up
ERROR: expected isValid() to return true for http://go.cc:80/t123/t123?action=view
ERROR: expected isValid() to return true for http://go.cc:80/t123/t123?action=edit&amp;mode=up
ERROR: expected isValid() to return true for http://go.cc:80/t123/$23?action=view
ERROR: expected isValid() to return true for http://go.cc:80/t123/$23?action=edit&amp;mode=up
ERROR: expected isValid() to return true for http://go.cc:80/t123/test1?action=view
ERROR: expected isValid() to return true for http://go.cc:80/t123/test1?action=edit&amp;mode=up
ERROR: expected isValid() to return true for http://go.cc:80/t123/test1/file?action=view
ERROR: expected isValid() to return true for http://go.cc:80/t123/test1/file?action=edit&amp;mode=up
ERROR: expected isValid() to return true for http://go.cc:80/t123/t123/file?action=view
ERROR: expected isValid() to return true for http://go.cc:80/t123/t123/file?action=edit&amp;mode=up
ERROR: expected isValid() to return true for http://go.cc:80/t123/$23/file?action=view
ERROR: expected isValid() to return true for http://go.cc:80/t123/$23/file?action=edit&amp;mode=up
ERROR: expected isValid() to return true for http://go.cc:80/$23/test1?action=view
ERROR: expected isValid() to return true for http://go.cc:80/$23/test1?action=edit&amp;mode=up
ERROR: expected isValid() to return true for http://go.cc:80/$23/t123?action=view
ERROR: expected isValid() to return true for http://go.cc:80/$23/t123?action=edit&amp;mode=up
ERROR: expected isValid() to return true for http://go.cc:80/$23/$23?action=view
ERROR: expected isValid() to return true for http://go.cc:80/$23/$23?action=edit&amp;mode=up
ERROR: expected isValid() to return true for http://go.cc:80/$23/test1?action=view
ERROR: expected isValid() to return true for http://go.cc:80/$23/test1?action=edit&amp;mode=up
ERROR: expected isValid() to return true for http://go.cc:80/$23/test1/file?action=view
ERROR: expected isValid() to return true for http://go.cc:80/$23/test1/file?action=edit&amp;mode=up
ERROR: expected isValid() to return true for http://go.cc:80/$23/t123/file?action=view
ERROR: expected isValid() to return true for http://go.cc:80/$23/t123/file?action=edit&amp;mode=up
ERROR: expected isValid() to return true for http://go.cc:80/$23/$23/file?action=view
ERROR: expected isValid() to return true for http://go.cc:80/$23/$23/file?action=edit&amp;mode=up
ERROR: expected isValid() to return true for http://go.cc:80/test1/test1?action=view
ERROR: expected isValid() to return true for http://go.cc:80/test1/test1?action=edit&amp;mode=up
ERROR: expected isValid() to return true for http://go.cc:80/test1/t123?action=view
ERROR: expected isValid() to return true for http://go.cc:80/test1/t123?action=edit&amp;mode=up
ERROR: expected isValid() to return true for http://go.cc:80/test1/$23?action=view
ERROR: expected isValid() to return true for http://go.cc:80/test1/$23?action=edit&amp;mode=up
ERROR: expected isValid() to return true for http://go.cc:80/test1/test1?action=view
ERROR: expected isValid() to return true for http://go.cc:80/test1/test1?action=edit&amp;mode=up
ERROR: expected isValid() to return true for http://go.cc:80/test1/test1/file?action=view
ERROR: expected isValid() to return true for http://go.cc:80/test1/test1/file?action=edit&amp;mode=up
ERROR: expected isValid() to return true for http://go.cc:80/test1/t123/file?action=view
ERROR: expected isValid() to return true for http://go.cc:80/test1/t123/file?action=edit&amp;mode=up
ERROR: expected isValid() to return true for http://go.cc:80/test1/$23/file?action=view
ERROR: expected isValid() to return true for http://go.cc:80/test1/$23/file?action=edit&amp;mode=up
ERROR: expected isValid() to return true for http://go.cc:80/test1/file/test1?action=view
ERROR: expected isValid() to return true for http://go.cc:80/test1/file/test1?action=edit&amp;mode=up
ERROR: expected isValid() to return true for http://go.cc:80/test1/file/t123?action=view
ERROR: expected isValid() to return true for http://go.cc:80/test1/file/t123?action=edit&amp;mode=up
ERROR: expected isValid() to return true for http://go.cc:80/test1/file/$23?action=view
ERROR: expected isValid() to return true for http://go.cc:80/test1/file/$23?action=edit&amp;mode=up
ERROR: expected isValid() to return true for http://go.cc:80/test1/file/test1?action=view
ERROR: expected isValid() to return true for http://go.cc:80/test1/file/test1?action=edit&amp;mode=up
ERROR: expected isValid() to return true for http://go.cc:80/test1/file/test1/file?action=view
ERROR: expected isValid() to return true for http://go.cc:80/test1/file/test1/file?action=edit&amp;mode=up
ERROR: expected isValid() to return true for http://go.cc:80/test1/file/t123/file?action=view
ERROR: expected isValid() to return true for http://go.cc:80/test1/file/t123/file?action=edit&amp;mode=up
ERROR: expected isValid() to return true for http://go.cc:80/test1/file/$23/file?action=view
ERROR: expected isValid() to return true for http://go.cc:80/test1/file/$23/file?action=edit&amp;mode=up
ERROR: expected isValid() to return true for http://go.cc:65535/test1/test1?action=view
ERROR: expected isValid() to return true for http://go.cc:65535/test1/test1?action=edit&amp;mode=up
ERROR: expected isValid() to return true for http://go.cc:65535/test1/test1
ERROR: expected isValid() to return true for http://go.cc:65535/test1/t123?action=view
ERROR: expected isValid() to return true for http://go.cc:65535/test1/t123?action=edit&amp;mode=up
ERROR: expected isValid() to return true for http://go.cc:65535/test1/t123
ERROR: expected isValid() to return true for http://go.cc:65535/test1/$23?action=view
ERROR: expected isValid() to return true for http://go.cc:65535/test1/$23?action=edit&amp;mode=up
ERROR: expected isValid() to return true for http://go.cc:65535/test1/$23
ERROR: expected isValid() to return true for http://go.cc:65535/test1/test1?action=view
ERROR: expected isValid() to return true for http://go.cc:65535/test1/test1?action=edit&amp;mode=up
ERROR: expected isValid() to return true for http://go.cc:65535/test1/test1
ERROR: expected isValid() to return true for http://go.cc:65535/test1/test1/file?action=view
ERROR: expected isValid() to return true for http://go.cc:65535/test1/test1/file?action=edit&amp;mode=up
ERROR: expected isValid() to return true for http://go.cc:65535/test1/test1/file
ERROR: expected isValid() to return true for http://go.cc:65535/test1/t123/file?action=view
ERROR: expected isValid() to return true for http://go.cc:65535/test1/t123/file?action=edit&amp;mode=up
ERROR: expected isValid() to return true for http://go.cc:65535/test1/t123/file
ERROR: expected isValid() to return true for http://go.cc:65535/test1/$23/file?action=view
ERROR: expected isValid() to return true for http://go.cc:65535/test1/$23/file?action=edit&amp;mode=up
ERROR: expected isValid() to return true for http://go.cc:65535/test1/$23/file
ERROR: expected isValid() to return true for http://go.cc:65535/t123/test1?action=view
ERROR: expected isValid() to return true for http://go.cc:65535/t123/test1?action=edit&amp;mode=up
ERROR: expected isValid() to return true for http://go.cc:65535/t123/test1
ERROR: expected isValid() to return true for http://go.cc:65535/t123/t123?action=view
ERROR: expected isValid() to return true for http://go.cc:65535/t123/t123?action=edit&amp;mode=up
ERROR: expected isValid() to return true for http://go.cc:65535/t123/t123
ERROR: expected isValid() to return true for http://go.cc:65535/t123/$23?action=view
ERROR: expected isValid() to return true for http://go.cc:65535/t123/$23?action=edit&amp;mode=up
ERROR: expected isValid() to return true for http://go.cc:65535/t123/$23
ERROR: expected isValid() to return true for http://go.cc:65535/t123/test1?action=view
ERROR: expected isValid() to return true for http://go.cc:65535/t123/test1?action=edit&amp;mode=up
ERROR: expected isValid() to return true for http://go.cc:65535/t123/test1
ERROR: expected isValid() to return true for http://go.cc:65535/t123/test1/file?action=view
ERROR: expected isValid() to return true for http://go.cc:65535/t123/test1/file?action=edit&amp;mode=up
ERROR: expected isValid() to return true for http://go.cc:65535/t123/test1/file
ERROR: expected isValid() to return true for http://go.cc:65535/t123/t123/file?action=view
ERROR: expected isValid() to return true for http://go.cc:65535/t123/t123/file?action=edit&amp;mode=up
ERROR: expected isValid() to return true for http://go.cc:65535/t123/t123/file
ERROR: expected isValid() to return true for http://go.cc:65535/t123/$23/file?action=view
ERROR: expected isValid() to return true for http://go.cc:65535/t123/$23/file?action=edit&amp;mode=up
ERROR: expected isValid() to return true for http://go.cc:65535/t123/$23/file
ERROR: expected isValid() to return true for http://go.cc:65535/$23/test1?action=view
ERROR: expected isValid() to return true for http://go.cc:65535/$23/test1?action=edit&amp;mode=up
ERROR: expected isValid() to return true for http://go.cc:65535/$23/test1
ERROR: expected isValid() to return true for http://go.cc:65535/$23/t123?action=view
ERROR: expected isValid() to return true for http://go.cc:65535/$23/t123?action=edit&amp;mode=up
ERROR: expected isValid() to return true for http://go.cc:65535/$23/t123
ERROR: expected isValid() to return true for http://go.cc:65535/$23/$23?action=view
ERROR: expected isValid() to return true for http://go.cc:65535/$23/$23?action=edit&amp;mode=up
ERROR: expected isValid() to return true for http://go.cc:65535/$23/$23
ERROR: expected isValid() to return true for http://go.cc:65535/$23/test1?action=view
ERROR: expected isValid() to return true for http://go.cc:65535/$23/test1?action=edit&amp;mode=up
ERROR: expected isValid() to return true for http://go.cc:65535/$23/test1
ERROR: expected isValid() to return true for http://go.cc:65535/$23/test1/file?action=view
ERROR: expected isValid() to return true for http://go.cc:65535/$23/test1/file?action=edit&amp;mode=up
ERROR: expected isValid() to return true for http://go.cc:65535/$23/test1/file
ERROR: expected isValid() to return true for http://go.cc:65535/$23/t123/file?action=view
ERROR: expected isValid() to return true for http://go.cc:65535/$23/t123/file?action=edit&amp;mode=up
ERROR: expected isValid() to return true for http://go.cc:65535/$23/t123/file
ERROR: expected isValid() to return true for http://go.cc:65535/$23/$23/file?action=view
ERROR: expected isValid() to return true for http://go.cc:65535/$23/$23/file?action=edit&amp;mode=up
ERROR: expected isValid() to return true for http://go.cc:65535/$23/$23/file
ERROR: expected isValid() to return true for http://go.cc:65535/test1/test1?action=view
ERROR: expected isValid() to return true for http://go.cc:65535/test1/test1?action=edit&amp;mode=up
ERROR: expected isValid() to return true for http://go.cc:65535/test1/test1
ERROR: expected isValid() to return true for http://go.cc:65535/test1/t123?action=view
ERROR: expected isValid() to return true for http://go.cc:65535/test1/t123?action=edit&amp;mode=up
ERROR: expected isValid() to return true for http://go.cc:65535/test1/t123
ERROR: expected isValid() to return true for http://go.cc:65535/test1/$23?action=view
ERROR: expected isValid() to return true for http://go.cc:65535/test1/$23?action=edit&amp;mode=up
ERROR: expected isValid() to return true for http://go.cc:65535/test1/$23
ERROR: expected isValid() to return true for http://go.cc:65535/test1/test1?action=view
ERROR: expected isValid() to return true for http://go.cc:65535/test1/test1?action=edit&amp;mode=up
ERROR: expected isValid() to return true for http://go.cc:65535/test1/test1
ERROR: expected isValid() to return true for http://go.cc:65535/test1/test1/file?action=view
ERROR: expected isValid() to return true for http://go.cc:65535/test1/test1/file?action=edit&amp;mode=up
ERROR: expected isValid() to return true for http://go.cc:65535/test1/test1/file
ERROR: expected isValid() to return true for http://go.cc:65535/test1/t123/file?action=view
ERROR: expected isValid() to return true for http://go.cc:65535/test1/t123/file?action=edit&amp;mode=up
ERROR: expected isValid() to return true for http://go.cc:65535/test1/t123/file
ERROR: expected isValid() to return true for http://go.cc:65535/test1/$23/file?action=view
ERROR: expected isValid() to return true for http://go.cc:65535/test1/$23/file?action=edit&amp;mode=up
ERROR: expected isValid() to return true for http://go.cc:65535/test1/$23/file
ERROR: expected isValid() to return true for http://go.cc:65535/test1/file/test1?action=view
ERROR: expected isValid() to return true for http://go.cc:65535/test1/file/test1?action=edit&amp;mode=up
ERROR: expected isValid() to return true for http://go.cc:65535/test1/file/test1
ERROR: expected isValid() to return true for http://go.cc:65535/test1/file/t123?action=view
ERROR: expected isValid() to return true for http://go.cc:65535/test1/file/t123?action=edit&amp;mode=up
ERROR: expected isValid() to return true for http://go.cc:65535/test1/file/t123
ERROR: expected isValid() to return true for http://go.cc:65535/test1/file/$23?action=view
ERROR: expected isValid() to return true for http://go.cc:65535/test1/file/$23?action=edit&amp;mode=up
ERROR: expected isValid() to return true for http://go.cc:65535/test1/file/$23
ERROR: expected isValid() to return true for http://go.cc:65535/test1/file/test1?action=view
ERROR: expected isValid() to return true for http://go.cc:65535/test1/file/test1?action=edit&amp;mode=up
ERROR: expected isValid() to return true for http://go.cc:65535/test1/file/test1
ERROR: expected isValid() to return true for http://go.cc:65535/test1/file/test1/file?action=view
ERROR: expected isValid() to return true for http://go.cc:65535/test1/file/test1/file?action=edit&amp;mode=up
ERROR: expected isValid() to return true for http://go.cc:65535/test1/file/test1/file
ERROR: expected isValid() to return true for http://go.cc:65535/test1/file/t123/file?action=view
ERROR: expected isValid() to return true for http://go.cc:65535/test1/file/t123/file?action=edit&amp;mode=up
ERROR: expected isValid() to return true for http://go.cc:65535/test1/file/t123/file
ERROR: expected isValid() to return true for http://go.cc:65535/test1/file/$23/file?action=view
ERROR: expected isValid() to return true for http://go.cc:65535/test1/file/$23/file?action=edit&amp;mode=up
ERROR: expected isValid() to return true for http://go.cc:65535/test1/file/$23/file
ERROR: expected isValid() to return true for http://go.cc:0/test1/test1?action=view
ERROR: expected isValid() to return true for http://go.cc:0/test1/test1?action=edit&amp;mode=up
ERROR: expected isValid() to return true for http://go.cc:0/test1/t123?action=view
ERROR: expected isValid() to return true for http://go.cc:0/test1/t123?action=edit&amp;mode=up
ERROR: expected isValid() to return true for http://go.cc:0/test1/$23?action=view
ERROR: expected isValid() to return true for http://go.cc:0/test1/$23?action=edit&amp;mode=up
ERROR: expected isValid() to return true for http://go.cc:0/test1/test1?action=view
ERROR: expected isValid() to return true for http://go.cc:0/test1/test1?action=edit&amp;mode=up
ERROR: expected isValid() to return true for http://go.cc:0/test1/test1/file?action=view
ERROR: expected isValid() to return true for http://go.cc:0/test1/test1/file?action=edit&amp;mode=up
ERROR: expected isValid() to return true for http://go.cc:0/test1/t123/file?action=view
ERROR: expected isValid() to return true for http://go.cc:0/test1/t123/file?action=edit&amp;mode=up
ERROR: expected isValid() to return true for http://go.cc:0/test1/$23/file?action=view
ERROR: expected isValid() to return true for http://go.cc:0/test1/$23/file?action=edit&amp;mode=up
ERROR: expected isValid() to return true for http://go.cc:0/t123/test1?action=view
ERROR: expected isValid() to return true for http://go.cc:0/t123/test1?action=edit&amp;mode=up
ERROR: expected isValid() to return true for http://go.cc:0/t123/t123?action=view
ERROR: expected isValid() to return true for http://go.cc:0/t123/t123?action=edit&amp;mode=up
ERROR: expected isValid() to return true for http://go.cc:0/t123/$23?action=view
ERROR: expected isValid() to return true for http://go.cc:0/t123/$23?action=edit&amp;mode=up
ERROR: expected isValid() to return true for http://go.cc:0/t123/test1?action=view
ERROR: expected isValid() to return true for http://go.cc:0/t123/test1?action=edit&amp;mode=up
ERROR: expected isValid() to return true for http://go.cc:0/t123/test1/file?action=view
ERROR: expected isValid() to return true for http://go.cc:0/t123/test1/file?action=edit&amp;mode=up
ERROR: expected isValid() to return true for http://go.cc:0/t123/t123/file?action=view
ERROR: expected isValid() to return true for http://go.cc:0/t123/t123/file?action=edit&amp;mode=up
ERROR: expected isValid() to return true for http://go.cc:0/t123/$23/file?action=view
ERROR: expected isValid() to return true for http://go.cc:0/t123/$23/file?action=edit&amp;mode=up
ERROR: expected isValid() to return true for http://go.cc:0/$23/test1?action=view
ERROR: expected isValid() to return true for http://go.cc:0/$23/test1?action=edit&amp;mode=up
ERROR: expected isValid() to return true for http://go.cc:0/$23/t123?action=view
ERROR: expected isValid() to return true for http://go.cc:0/$23/t123?action=edit&amp;mode=up
ERROR: expected isValid() to return true for http://go.cc:0/$23/$23?action=view
ERROR: expected isValid() to return true for http://go.cc:0/$23/$23?action=edit&amp;mode=up
ERROR: expected isValid() to return true for http://go.cc:0/$23/test1?action=view
ERROR: expected isValid() to return true for http://go.cc:0/$23/test1?action=edit&amp;mode=up
ERROR: expected isValid() to return true for http://go.cc:0/$23/test1/file?action=view
ERROR: expected isValid() to return true for http://go.cc:0/$23/test1/file?action=edit&amp;mode=up
ERROR: expected isValid() to return true for http://go.cc:0/$23/t123/file?action=view
ERROR: expected isValid() to return true for http://go.cc:0/$23/t123/file?action=edit&amp;mode=up
ERROR: expected isValid() to return true for http://go.cc:0/$23/$23/file?action=view
ERROR: expected isValid() to return true for http://go.cc:0/$23/$23/file?action=edit&amp;mode=up
ERROR: expected isValid() to return true for http://go.cc:0/test1/test1?action=view
ERROR: expected isValid() to return true for http://go.cc:0/test1/test1?action=edit&amp;mode=up
ERROR: expected isValid() to return true for http://go.cc:0/test1/t123?action=view
ERROR: expected isValid() to return true for http://go.cc:0/test1/t123?action=edit&amp;mode=up
ERROR: expected isValid() to return true for http://go.cc:0/test1/$23?action=view
ERROR: expected isValid() to return true for http://go.cc:0/test1/$23?action=edit&amp;mode=up
ERROR: expected isValid() to return true for http://go.cc:0/test1/test1?action=view
ERROR: expected isValid() to return true for http://go.cc:0/test1/test1?action=edit&amp;mode=up
ERROR: expected isValid() to return true for http://go.cc:0/test1/test1/file?action=view
ERROR: expected isValid() to return true for http://go.cc:0/test1/test1/file?action=edit&amp;mode=up
ERROR: expected isValid() to return true for http://go.cc:0/test1/t123/file?action=view
ERROR: expected isValid() to return true for http://go.cc:0/test1/t123/file?action=edit&amp;mode=up
ERROR: expected isValid() to return true for http://go.cc:0/test1/$23/file?action=view
ERROR: expected isValid() to return true for http://go.cc:0/test1/$23/file?action=edit&amp;mode=up
ERROR: expected isValid() to return true for http://go.cc:0/test1/file/test1?action=view
ERROR: expected isValid() to return true for http://go.cc:0/test1/file/test1?action=edit&amp;mode=up
ERROR: expected isValid() to return true for http://go.cc:0/test1/file/t123?action=view
ERROR: expected isValid() to return true for http://go.cc:0/test1/file/t123?action=edit&amp;mode=up
ERROR: expected isValid() to return true for http://go.cc:0/test1/file/$23?action=view
ERROR: expected isValid() to return true for http://go.cc:0/test1/file/$23?action=edit&amp;mode=up
ERROR: expected isValid() to return true for http://go.cc:0/test1/file/test1?action=view
ERROR: expected isValid() to return true for http://go.cc:0/test1/file/test1?action=edit&amp;mode=up
ERROR: expected isValid() to return true for http://go.cc:0/test1/file/test1/file?action=view
ERROR: expected isValid() to return true for http://go.cc:0/test1/file/test1/file?action=edit&amp;mode=up
ERROR: expected isValid() to return true for http://go.cc:0/test1/file/t123/file?action=view
ERROR: expected isValid() to return true for http://go.cc:0/test1/file/t123/file?action=edit&amp;mode=up
ERROR: expected isValid() to return true for http://go.cc:0/test1/file/$23/file?action=view
ERROR: expected isValid() to return true for http://go.cc:0/test1/file/$23/file?action=edit&amp;mode=up
ERROR: expected isValid() to return true for http://go.cc/test1/test1?action=view
ERROR: expected isValid() to return true for http://go.cc/test1/test1?action=edit&amp;mode=up
ERROR: expected isValid() to return true for http://go.cc/test1/t123?action=view
ERROR: expected isValid() to return true for http://go.cc/test1/t123?action=edit&amp;mode=up
ERROR: expected isValid() to return true for http://go.cc/test1/$23?action=view
ERROR: expected isValid() to return true for http://go.cc/test1/$23?action=edit&amp;mode=up
ERROR: expected isValid() to return true for http://go.cc/test1/test1?action=view
ERROR: expected isValid() to return true for http://go.cc/test1/test1?action=edit&amp;mode=up
ERROR: expected isValid() to return true for http://go.cc/test1/test1/file?action=view
ERROR: expected isValid() to return true for http://go.cc/test1/test1/file?action=edit&amp;mode=up
ERROR: expected isValid() to return true for http://go.cc/test1/t123/file?action=view
ERROR: expected isValid() to return true for http://go.cc/test1/t123/file?action=edit&amp;mode=up
ERROR: expected isValid() to return true for http://go.cc/test1/$23/file?action=view
ERROR: expected isValid() to return true for http://go.cc/test1/$23/file?action=edit&amp;mode=up
ERROR: expected isValid() to return true for http://go.cc/t123/test1?action=view
ERROR: expected isValid() to return true for http://go.cc/t123/test1?action=edit&amp;mode=up
ERROR: expected isValid() to return true for http://go.cc/t123/t123?action=view
ERROR: expected isValid() to return true for http://go.cc/t123/t123?action=edit&amp;mode=up
ERROR: expected isValid() to return true for http://go.cc/t123/$23?action=view
ERROR: expected isValid() to return true for http://go.cc/t123/$23?action=edit&amp;mode=up
ERROR: expected isValid() to return true for http://go.cc/t123/test1?action=view
ERROR: expected isValid() to return true for http://go.cc/t123/test1?action=edit&amp;mode=up
ERROR: expected isValid() to return true for http://go.cc/t123/test1/file?action=view
ERROR: expected isValid() to return true for http://go.cc/t123/test1/file?action=edit&amp;mode=up
ERROR: expected isValid() to return true for http://go.cc/t123/t123/file?action=view
ERROR: expected isValid() to return true for http://go.cc/t123/t123/file?action=edit&amp;mode=up
ERROR: expected isValid() to return true for http://go.cc/t123/$23/file?action=view
ERROR: expected isValid() to return true for http://go.cc/t123/$23/file?action=edit&amp;mode=up
ERROR: expected isValid() to return true for http://go.cc/$23/test1?action=view
ERROR: expected isValid() to return true for http://go.cc/$23/test1?action=edit&amp;mode=up
ERROR: expected isValid() to return true for http://go.cc/$23/t123?action=view
ERROR: expected isValid() to return true for http://go.cc/$23/t123?action=edit&amp;mode=up
ERROR: expected isValid() to return true for http://go.cc/$23/$23?action=view
ERROR: expected isValid() to return true for http://go.cc/$23/$23?action=edit&amp;mode=up
ERROR: expected isValid() to return true for http://go.cc/$23/test1?action=view
ERROR: expected isValid() to return true for http://go.cc/$23/test1?action=edit&amp;mode=up
ERROR: expected isValid() to return true for http://go.cc/$23/test1/file?action=view
ERROR: expected isValid() to return true for http://go.cc/$23/test1/file?action=edit&amp;mode=up
ERROR: expected isValid() to return true for http://go.cc/$23/t123/file?action=view
ERROR: expected isValid() to return true for http://go.cc/$23/t123/file?action=edit&amp;mode=up
ERROR: expected isValid() to return true for http://go.cc/$23/$23/file?action=view
ERROR: expected isValid() to return true for http://go.cc/$23/$23/file?action=edit&amp;mode=up
ERROR: expected isValid() to return true for http://go.cc/test1/test1?action=view
ERROR: expected isValid() to return true for http://go.cc/test1/test1?action=edit&amp;mode=up
ERROR: expected isValid() to return true for http://go.cc/test1/t123?action=view
ERROR: expected isValid() to return true for http://go.cc/test1/t123?action=edit&amp;mode=up
ERROR: expected isValid() to return true for http://go.cc/test1/$23?action=view
ERROR: expected isValid() to return true for http://go.cc/test1/$23?action=edit&amp;mode=up
ERROR: expected isValid() to return true for http://go.cc/test1/test1?action=view
ERROR: expected isValid() to return true for http://go.cc/test1/test1?action=edit&amp;mode=up
ERROR: expected isValid() to return true for http://go.cc/test1/test1/file?action=view
ERROR: expected isValid() to return true for http://go.cc/test1/test1/file?action=edit&amp;mode=up
ERROR: expected isValid() to return true for http://go.cc/test1/t123/file?action=view
ERROR: expected isValid() to return true for http://go.cc/test1/t123/file?action=edit&amp;mode=up
ERROR: expected isValid() to return true for http://go.cc/test1/$23/file?action=view
ERROR: expected isValid() to return true for http://go.cc/test1/$23/file?action=edit&amp;mode=up
ERROR: expected isValid() to return true for http://go.cc/test1/file/test1?action=view
ERROR: expected isValid() to return true for http://go.cc/test1/file/test1?action=edit&amp;mode=up
ERROR: expected isValid() to return true for http://go.cc/test1/file/t123?action=view
ERROR: expected isValid() to return true for http://go.cc/test1/file/t123?action=edit&amp;mode=up
ERROR: expected isValid() to return true for http://go.cc/test1/file/$23?action=view
ERROR: expected isValid() to return true for http://go.cc/test1/file/$23?action=edit&amp;mode=up
ERROR: expected isValid() to return true for http://go.cc/test1/file/test1?action=view
ERROR: expected isValid() to return true for http://go.cc/test1/file/test1?action=edit&amp;mode=up
ERROR: expected isValid() to return true for http://go.cc/test1/file/test1/file?action=view
ERROR: expected isValid() to return true for http://go.cc/test1/file/test1/file?action=edit&amp;mode=up
ERROR: expected isValid() to return true for http://go.cc/test1/file/t123/file?action=view
ERROR: expected isValid() to return true for http://go.cc/test1/file/t123/file?action=edit&amp;mode=up
ERROR: expected isValid() to return true for http://go.cc/test1/file/$23/file?action=view
ERROR: expected isValid() to return true for http://go.cc/test1/file/$23/file?action=edit&amp;mode=up
ERROR: expected isValid() to return true for http://go.cc:65636/test1/test1?action=view
ERROR: expected isValid() to return true for http://go.cc:65636/test1/test1?action=edit&amp;mode=up
ERROR: expected isValid() to return true for http://go.cc:65636/test1/test1
ERROR: expected isValid() to return true for http://go.cc:65636/test1/t123?action=view
ERROR: expected isValid() to return true for http://go.cc:65636/test1/t123?action=edit&amp;mode=up
ERROR: expected isValid() to return true for http://go.cc:65636/test1/t123
ERROR: expected isValid() to return true for http://go.cc:65636/test1/$23?action=view
ERROR: expected isValid() to return true for http://go.cc:65636/test1/$23?action=edit&amp;mode=up
ERROR: expected isValid() to return true for http://go.cc:65636/test1/$23
ERROR: expected isValid() to return true for http://go.cc:65636/test1/test1?action=view
ERROR: expected isValid() to return true for http://go.cc:65636/test1/test1?action=edit&amp;mode=up
ERROR: expected isValid() to return true for http://go.cc:65636/test1/test1
ERROR: expected isValid() to return true for http://go.cc:65636/test1/test1/file?action=view
ERROR: expected isValid() to return true for http://go.cc:65636/test1/test1/file?action=edit&amp;mode=up
ERROR: expected isValid() to return true for http://go.cc:65636/test1/test1/file
ERROR: expected isValid() to return true for http://go.cc:65636/test1/t123/file?action=view
ERROR: expected isValid() to return true for http://go.cc:65636/test1/t123/file?action=edit&amp;mode=up
ERROR: expected isValid() to return true for http://go.cc:65636/test1/t123/file
ERROR: expected isValid() to return true for http://go.cc:65636/test1/$23/file?action=view
ERROR: expected isValid() to return true for http://go.cc:65636/test1/$23/file?action=edit&amp;mode=up
ERROR: expected isValid() to return true for http://go.cc:65636/test1/$23/file
ERROR: expected isValid() to return true for http://go.cc:65636/t123/test1?action=view
ERROR: expected isValid() to return true for http://go.cc:65636/t123/test1?action=edit&amp;mode=up
ERROR: expected isValid() to return true for http://go.cc:65636/t123/test1
ERROR: expected isValid() to return true for http://go.cc:65636/t123/t123?action=view
ERROR: expected isValid() to return true for http://go.cc:65636/t123/t123?action=edit&amp;mode=up
ERROR: expected isValid() to return true for http://go.cc:65636/t123/t123
ERROR: expected isValid() to return true for http://go.cc:65636/t123/$23?action=view
ERROR: expected isValid() to return true for http://go.cc:65636/t123/$23?action=edit&amp;mode=up
ERROR: expected isValid() to return true for http://go.cc:65636/t123/$23
ERROR: expected isValid() to return true for http://go.cc:65636/t123/test1?action=view
ERROR: expected isValid() to return true for http://go.cc:65636/t123/test1?action=edit&amp;mode=up
ERROR: expected isValid() to return true for http://go.cc:65636/t123/test1
ERROR: expected isValid() to return true for http://go.cc:65636/t123/test1/file?action=view
ERROR: expected isValid() to return true for http://go.cc:65636/t123/test1/file?action=edit&amp;mode=up
ERROR: expected isValid() to return true for http://go.cc:65636/t123/test1/file
ERROR: expected isValid() to return true for http://go.cc:65636/t123/t123/file?action=view
ERROR: expected isValid() to return true for http://go.cc:65636/t123/t123/file?action=edit&amp;mode=up
ERROR: expected isValid() to return true for http://go.cc:65636/t123/t123/file
ERROR: expected isValid() to return true for http://go.cc:65636/t123/$23/file?action=view
ERROR: expected isValid() to return true for http://go.cc:65636/t123/$23/file?action=edit&amp;mode=up
ERROR: expected isValid() to return true for http://go.cc:65636/t123/$23/file
ERROR: expected isValid() to return true for http://go.cc:65636/$23/test1?action=view
ERROR: expected isValid() to return true for http://go.cc:65636/$23/test1?action=edit&amp;mode=up
ERROR: expected isValid() to return true for http://go.cc:65636/$23/test1
ERROR: expected isValid() to return true for http://go.cc:65636/$23/t123?action=view
ERROR: expected isValid() to return true for http://go.cc:65636/$23/t123?action=edit&amp;mode=up
ERROR: expected isValid() to return true for http://go.cc:65636/$23/t123
ERROR: expected isValid() to return true for http://go.cc:65636/$23/$23?action=view
ERROR: expected isValid() to return true for http://go.cc:65636/$23/$23?action=edit&amp;mode=up
ERROR: expected isValid() to return true for http://go.cc:65636/$23/$23
ERROR: expected isValid() to return true for http://go.cc:65636/$23/test1?action=view
ERROR: expected isValid() to return true for http://go.cc:65636/$23/test1?action=edit&amp;mode=up
ERROR: expected isValid() to return true for http://go.cc:65636/$23/test1
ERROR: expected isValid() to return true for http://go.cc:65636/$23/test1/file?action=view
ERROR: expected isValid() to return true for http://go.cc:65636/$23/test1/file?action=edit&amp;mode=up
ERROR: expected isValid() to return true for http://go.cc:65636/$23/test1/file
ERROR: expected isValid() to return true for http://go.cc:65636/$23/t123/file?action=view
ERROR: expected isValid() to return true for http://go.cc:65636/$23/t123/file?action=edit&amp;mode=up
ERROR: expected isValid() to return true for http://go.cc:65636/$23/t123/file
ERROR: expected isValid() to return true for http://go.cc:65636/$23/$23/file?action=view
ERROR: expected isValid() to return true for http://go.cc:65636/$23/$23/file?action=edit&amp;mode=up
ERROR: expected isValid() to return true for http://go.cc:65636/$23/$23/file
ERROR: expected isValid() to return true for http://go.cc:65636/test1/test1?action=view
ERROR: expected isValid() to return true for http://go.cc:65636/test1/test1?action=edit&amp;mode=up
ERROR: expected isValid() to return true for http://go.cc:65636/test1/test1
ERROR: expected isValid() to return true for http://go.cc:65636/test1/t123?action=view
ERROR: expected isValid() to return true for http://go.cc:65636/test1/t123?action=edit&amp;mode=up
ERROR: expected isValid() to return true for http://go.cc:65636/test1/t123
ERROR: expected isValid() to return true for http://go.cc:65636/test1/$23?action=view
ERROR: expected isValid() to return true for http://go.cc:65636/test1/$23?action=edit&amp;mode=up
ERROR: expected isValid() to return true for http://go.cc:65636/test1/$23
ERROR: expected isValid() to return true for http://go.cc:65636/test1/test1?action=view
ERROR: expected isValid() to return true for http://go.cc:65636/test1/test1?action=edit&amp;mode=up
ERROR: expected isValid() to return true for http://go.cc:65636/test1/test1
ERROR: expected isValid() to return true for http://go.cc:65636/test1/test1/file?action=view
ERROR: expected isValid() to return true for http://go.cc:65636/test1/test1/file?action=edit&amp;mode=up
ERROR: expected isValid() to return true for http://go.cc:65636/test1/test1/file
ERROR: expected isValid() to return true for http://go.cc:65636/test1/t123/file?action=view
ERROR: expected isValid() to return true for http://go.cc:65636/test1/t123/file?action=edit&amp;mode=up
ERROR: expected isValid() to return true for http://go.cc:65636/test1/t123/file
ERROR: expected isValid() to return true for http://go.cc:65636/test1/$23/file?action=view
ERROR: expected isValid() to return true for http://go.cc:65636/test1/$23/file?action=edit&amp;mode=up
ERROR: expected isValid() to return true for http://go.cc:65636/test1/$23/file
ERROR: expected isValid() to return true for http://go.cc:65636/test1/file/test1?action=view
ERROR: expected isValid() to return true for http://go.cc:65636/test1/file/test1?action=edit&amp;mode=up
ERROR: expected isValid() to return true for http://go.cc:65636/test1/file/test1
ERROR: expected isValid() to return true for http://go.cc:65636/test1/file/t123?action=view
ERROR: expected isValid() to return true for http://go.cc:65636/test1/file/t123?action=edit&amp;mode=up
ERROR: expected isValid() to return true for http://go.cc:65636/test1/file/t123
ERROR: expected isValid() to return true for http://go.cc:65636/test1/file/$23?action=view
ERROR: expected isValid() to return true for http://go.cc:65636/test1/file/$23?action=edit&amp;mode=up
ERROR: expected isValid() to return true for http://go.cc:65636/test1/file/$23
ERROR: expected isValid() to return true for http://go.cc:65636/test1/file/test1?action=view
ERROR: expected isValid() to return true for http://go.cc:65636/test1/file/test1?action=edit&amp;mode=up
ERROR: expected isValid() to return true for http://go.cc:65636/test1/file/test1
ERROR: expected isValid() to return true for http://go.cc:65636/test1/file/test1/file?action=view
ERROR: expected isValid() to return true for http://go.cc:65636/test1/file/test1/file?action=edit&amp;mode=up
ERROR: expected isValid() to return true for http://go.cc:65636/test1/file/test1/file
ERROR: expected isValid() to return true for http://go.cc:65636/test1/file/t123/file?action=view
ERROR: expected isValid() to return true for http://go.cc:65636/test1/file/t123/file?action=edit&amp;mode=up
ERROR: expected isValid() to return true for http://go.cc:65636/test1/file/t123/file
ERROR: expected isValid() to return true for http://go.cc:65636/test1/file/$23/file?action=view
ERROR: expected isValid() to return true for http://go.cc:65636/test1/file/$23/file?action=edit&amp;mode=up
ERROR: expected isValid() to return true for http://go.cc:65636/test1/file/$23/file
ERROR: expected isValid() to return true for ftp://www.google.com:80/test1/test1?action=view
ERROR: expected isValid() to return true for ftp://www.google.com:80/test1/test1?action=edit&amp;mode=up
ERROR: expected isValid() to return true for ftp://www.google.com:80/test1/t123?action=view
ERROR: expected isValid() to return true for ftp://www.google.com:80/test1/t123?action=edit&amp;mode=up
ERROR: expected isValid() to return true for ftp://www.google.com:80/test1/$23?action=view
ERROR: expected isValid() to return true for ftp://www.google.com:80/test1/$23?action=edit&amp;mode=up
ERROR: expected isValid() to return true for ftp://www.google.com:80/test1/test1?action=view
ERROR: expected isValid() to return true for ftp://www.google.com:80/test1/test1?action=edit&amp;mode=up
ERROR: expected isValid() to return true for ftp://www.google.com:80/test1/test1/file?action=view
ERROR: expected isValid() to return true for ftp://www.google.com:80/test1/test1/file?action=edit&amp;mode=up
ERROR: expected isValid() to return true for ftp://www.google.com:80/test1/t123/file?action=view
ERROR: expected isValid() to return true for ftp://www.google.com:80/test1/t123/file?action=edit&amp;mode=up
ERROR: expected isValid() to return true for ftp://www.google.com:80/test1/$23/file?action=view
ERROR: expected isValid() to return true for ftp://www.google.com:80/test1/$23/file?action=edit&amp;mode=up
ERROR: expected isValid() to return true for ftp://www.google.com:80/t123/test1?action=view
ERROR: expected isValid() to return true for ftp://www.google.com:80/t123/test1?action=edit&amp;mode=up
ERROR: expected isValid() to return true for ftp://www.google.com:80/t123/t123?action=view
ERROR: expected isValid() to return true for ftp://www.google.com:80/t123/t123?action=edit&amp;mode=up
ERROR: expected isValid() to return true for ftp://www.google.com:80/t123/$23?action=view
ERROR: expected isValid() to return true for ftp://www.google.com:80/t123/$23?action=edit&amp;mode=up
ERROR: expected isValid() to return true for ftp://www.google.com:80/t123/test1?action=view
ERROR: expected isValid() to return true for ftp://www.google.com:80/t123/test1?action=edit&amp;mode=up
ERROR: expected isValid() to return true for ftp://www.google.com:80/t123/test1/file?action=view
ERROR: expected isValid() to return true for ftp://www.google.com:80/t123/test1/file?action=edit&amp;mode=up
ERROR: expected isValid() to return true for ftp://www.google.com:80/t123/t123/file?action=view
ERROR: expected isValid() to return true for ftp://www.google.com:80/t123/t123/file?action=edit&amp;mode=up
ERROR: expected isValid() to return true for ftp://www.google.com:80/t123/$23/file?action=view
ERROR: expected isValid() to return true for ftp://www.google.com:80/t123/$23/file?action=edit&amp;mode=up
ERROR: expected isValid() to return true for ftp://www.google.com:80/$23/test1?action=view
ERROR: expected isValid() to return true for ftp://www.google.com:80/$23/test1?action=edit&amp;mode=up
ERROR: expected isValid() to return true for ftp://www.google.com:80/$23/t123?action=view
ERROR: expected isValid() to return true for ftp://www.google.com:80/$23/t123?action=edit&amp;mode=up
ERROR: expected isValid() to return true for ftp://www.google.com:80/$23/$23?action=view
ERROR: expected isValid() to return true for ftp://www.google.com:80/$23/$23?action=edit&amp;mode=up
ERROR: expected isValid() to return true for ftp://www.google.com:80/$23/test1?action=view
ERROR: expected isValid() to return true for ftp://www.google.com:80/$23/test1?action=edit&amp;mode=up
ERROR: expected isValid() to return true for ftp://www.google.com:80/$23/test1/file?action=view
ERROR: expected isValid() to return true for ftp://www.google.com:80/$23/test1/file?action=edit&amp;mode=up
ERROR: expected isValid() to return true for ftp://www.google.com:80/$23/t123/file?action=view
ERROR: expected isValid() to return true for ftp://www.google.com:80/$23/t123/file?action=edit&amp;mode=up
ERROR: expected isValid() to return true for ftp://www.google.com:80/$23/$23/file?action=view
ERROR: expected isValid() to return true for ftp://www.google.com:80/$23/$23/file?action=edit&amp;mode=up
ERROR: expected isValid() to return true for ftp://www.google.com:80/test1/test1?action=view
ERROR: expected isValid() to return true for ftp://www.google.com:80/test1/test1?action=edit&amp;mode=up
ERROR: expected isValid() to return true for ftp://www.google.com:80/test1/t123?action=view
ERROR: expected isValid() to return true for ftp://www.google.com:80/test1/t123?action=edit&amp;mode=up
ERROR: expected isValid() to return true for ftp://www.google.com:80/test1/$23?action=view
ERROR: expected isValid() to return true for ftp://www.google.com:80/test1/$23?action=edit&amp;mode=up
ERROR: expected isValid() to return true for ftp://www.google.com:80/test1/test1?action=view
ERROR: expected isValid() to return true for ftp://www.google.com:80/test1/test1?action=edit&amp;mode=up
ERROR: expected isValid() to return true for ftp://www.google.com:80/test1/test1/file?action=view
ERROR: expected isValid() to return true for ftp://www.google.com:80/test1/test1/file?action=edit&amp;mode=up
ERROR: expected isValid() to return true for ftp://www.google.com:80/test1/t123/file?action=view
ERROR: expected isValid() to return true for ftp://www.google.com:80/test1/t123/file?action=edit&amp;mode=up
ERROR: expected isValid() to return true for ftp://www.google.com:80/test1/$23/file?action=view
ERROR: expected isValid() to return true for ftp://www.google.com:80/test1/$23/file?action=edit&amp;mode=up
ERROR: expected isValid() to return true for ftp://www.google.com:80/test1/file/test1?action=view
ERROR: expected isValid() to return true for ftp://www.google.com:80/test1/file/test1?action=edit&amp;mode=up
ERROR: expected isValid() to return true for ftp://www.google.com:80/test1/file/t123?action=view
ERROR: expected isValid() to return true for ftp://www.google.com:80/test1/file/t123?action=edit&amp;mode=up
ERROR: expected isValid() to return true for ftp://www.google.com:80/test1/file/$23?action=view
ERROR: expected isValid() to return true for ftp://www.google.com:80/test1/file/$23?action=edit&amp;mode=up
ERROR: expected isValid() to return true for ftp://www.google.com:80/test1/file/test1?action=view
ERROR: expected isValid() to return true for ftp://www.google.com:80/test1/file/test1?action=edit&amp;mode=up
ERROR: expected isValid() to return true for ftp://www.google.com:80/test1/file/test1/file?action=view
ERROR: expected isValid() to return true for ftp://www.google.com:80/test1/file/test1/file?action=edit&amp;mode=up
ERROR: expected isValid() to return true for ftp://www.google.com:80/test1/file/t123/file?action=view
ERROR: expected isValid() to return true for ftp://www.google.com:80/test1/file/t123/file?action=edit&amp;mode=up
ERROR: expected isValid() to return true for ftp://www.google.com:80/test1/file/$23/file?action=view
ERROR: expected isValid() to return true for ftp://www.google.com:80/test1/file/$23/file?action=edit&amp;mode=up
ERROR: expected isValid() to return true for ftp://www.google.com:65535/test1/test1?action=view
ERROR: expected isValid() to return true for ftp://www.google.com:65535/test1/test1?action=edit&amp;mode=up
ERROR: expected isValid() to return true for ftp://www.google.com:65535/test1/test1
ERROR: expected isValid() to return true for ftp://www.google.com:65535/test1/t123?action=view
ERROR: expected isValid() to return true for ftp://www.google.com:65535/test1/t123?action=edit&amp;mode=up
ERROR: expected isValid() to return true for ftp://www.google.com:65535/test1/t123
ERROR: expected isValid() to return true for ftp://www.google.com:65535/test1/$23?action=view
ERROR: expected isValid() to return true for ftp://www.google.com:65535/test1/$23?action=edit&amp;mode=up
ERROR: expected isValid() to return true for ftp://www.google.com:65535/test1/$23
ERROR: expected isValid() to return true for ftp://www.google.com:65535/test1/test1?action=view
ERROR: expected isValid() to return true for ftp://www.google.com:65535/test1/test1?action=edit&amp;mode=up
ERROR: expected isValid() to return true for ftp://www.google.com:65535/test1/test1
ERROR: expected isValid() to return true for ftp://www.google.com:65535/test1/test1/file?action=view
ERROR: expected isValid() to return true for ftp://www.google.com:65535/test1/test1/file?action=edit&amp;mode=up
ERROR: expected isValid() to return true for ftp://www.google.com:65535/test1/test1/file
ERROR: expected isValid() to return true for ftp://www.google.com:65535/test1/t123/file?action=view
ERROR: expected isValid() to return true for ftp://www.google.com:65535/test1/t123/file?action=edit&amp;mode=up
ERROR: expected isValid() to return true for ftp://www.google.com:65535/test1/t123/file
ERROR: expected isValid() to return true for ftp://www.google.com:65535/test1/$23/file?action=view
ERROR: expected isValid() to return true for ftp://www.google.com:65535/test1/$23/file?action=edit&amp;mode=up
ERROR: expected isValid() to return true for ftp://www.google.com:65535/test1/$23/file
ERROR: expected isValid() to return true for ftp://www.google.com:65535/t123/test1?action=view
ERROR: expected isValid() to return true for ftp://www.google.com:65535/t123/test1?action=edit&amp;mode=up
ERROR: expected isValid() to return true for ftp://www.google.com:65535/t123/test1
ERROR: expected isValid() to return true for ftp://www.google.com:65535/t123/t123?action=view
ERROR: expected isValid() to return true for ftp://www.google.com:65535/t123/t123?action=edit&amp;mode=up
ERROR: expected isValid() to return true for ftp://www.google.com:65535/t123/t123
ERROR: expected isValid() to return true for ftp://www.google.com:65535/t123/$23?action=view
ERROR: expected isValid() to return true for ftp://www.google.com:65535/t123/$23?action=edit&amp;mode=up
ERROR: expected isValid() to return true for ftp://www.google.com:65535/t123/$23
ERROR: expected isValid() to return true for ftp://www.google.com:65535/t123/test1?action=view
ERROR: expected isValid() to return true for ftp://www.google.com:65535/t123/test1?action=edit&amp;mode=up
ERROR: expected isValid() to return true for ftp://www.google.com:65535/t123/test1
ERROR: expected isValid() to return true for ftp://www.google.com:65535/t123/test1/file?action=view
ERROR: expected isValid() to return true for ftp://www.google.com:65535/t123/test1/file?action=edit&amp;mode=up
ERROR: expected isValid() to return true for ftp://www.google.com:65535/t123/test1/file
ERROR: expected isValid() to return true for ftp://www.google.com:65535/t123/t123/file?action=view
ERROR: expected isValid() to return true for ftp://www.google.com:65535/t123/t123/file?action=edit&amp;mode=up
ERROR: expected isValid() to return true for ftp://www.google.com:65535/t123/t123/file
ERROR: expected isValid() to return true for ftp://www.google.com:65535/t123/$23/file?action=view
ERROR: expected isValid() to return true for ftp://www.google.com:65535/t123/$23/file?action=edit&amp;mode=up
ERROR: expected isValid() to return true for ftp://www.google.com:65535/t123/$23/file
ERROR: expected isValid() to return true for ftp://www.google.com:65535/$23/test1?action=view
ERROR: expected isValid() to return true for ftp://www.google.com:65535/$23/test1?action=edit&amp;mode=up
ERROR: expected isValid() to return true for ftp://www.google.com:65535/$23/test1
ERROR: expected isValid() to return true for ftp://www.google.com:65535/$23/t123?action=view
ERROR: expected isValid() to return true for ftp://www.google.com:65535/$23/t123?action=edit&amp;mode=up
ERROR: expected isValid() to return true for ftp://www.google.com:65535/$23/t123
ERROR: expected isValid() to return true for ftp://www.google.com:65535/$23/$23?action=view
ERROR: expected isValid() to return true for ftp://www.google.com:65535/$23/$23?action=edit&amp;mode=up
ERROR: expected isValid() to return true for ftp://www.google.com:65535/$23/$23
ERROR: expected isValid() to return true for ftp://www.google.com:65535/$23/test1?action=view
ERROR: expected isValid() to return true for ftp://www.google.com:65535/$23/test1?action=edit&amp;mode=up
ERROR: expected isValid() to return true for ftp://www.google.com:65535/$23/test1
ERROR: expected isValid() to return true for ftp://www.google.com:65535/$23/test1/file?action=view
ERROR: expected isValid() to return true for ftp://www.google.com:65535/$23/test1/file?action=edit&amp;mode=up
ERROR: expected isValid() to return true for ftp://www.google.com:65535/$23/test1/file
ERROR: expected isValid() to return true for ftp://www.google.com:65535/$23/t123/file?action=view
ERROR: expected isValid() to return true for ftp://www.google.com:65535/$23/t123/file?action=edit&amp;mode=up
ERROR: expected isValid() to return true for ftp://www.google.com:65535/$23/t123/file
ERROR: expected isValid() to return true for ftp://www.google.com:65535/$23/$23/file?action=view
ERROR: expected isValid() to return true for ftp://www.google.com:65535/$23/$23/file?action=edit&amp;mode=up
ERROR: expected isValid() to return true for ftp://www.google.com:65535/$23/$23/file
ERROR: expected isValid() to return true for ftp://www.google.com:65535/test1/test1?action=view
ERROR: expected isValid() to return true for ftp://www.google.com:65535/test1/test1?action=edit&amp;mode=up
ERROR: expected isValid() to return true for ftp://www.google.com:65535/test1/test1
ERROR: expected isValid() to return true for ftp://www.google.com:65535/test1/t123?action=view
ERROR: expected isValid() to return true for ftp://www.google.com:65535/test1/t123?action=edit&amp;mode=up
ERROR: expected isValid() to return true for ftp://www.google.com:65535/test1/t123
ERROR: expected isValid() to return true for ftp://www.google.com:65535/test1/$23?action=view
ERROR: expected isValid() to return true for ftp://www.google.com:65535/test1/$23?action=edit&amp;mode=up
ERROR: expected isValid() to return true for ftp://www.google.com:65535/test1/$23
ERROR: expected isValid() to return true for ftp://www.google.com:65535/test1/test1?action=view
ERROR: expected isValid() to return true for ftp://www.google.com:65535/test1/test1?action=edit&amp;mode=up
ERROR: expected isValid() to return true for ftp://www.google.com:65535/test1/test1
ERROR: expected isValid() to return true for ftp://www.google.com:65535/test1/test1/file?action=view
ERROR: expected isValid() to return true for ftp://www.google.com:65535/test1/test1/file?action=edit&amp;mode=up
ERROR: expected isValid() to return true for ftp://www.google.com:65535/test1/test1/file
ERROR: expected isValid() to return true for ftp://www.google.com:65535/test1/t123/file?action=view
ERROR: expected isValid() to return true for ftp://www.google.com:65535/test1/t123/file?action=edit&amp;mode=up
ERROR: expected isValid() to return true for ftp://www.google.com:65535/test1/t123/file
ERROR: expected isValid() to return true for ftp://www.google.com:65535/test1/$23/file?action=view
ERROR: expected isValid() to return true for ftp://www.google.com:65535/test1/$23/file?action=edit&amp;mode=up
ERROR: expected isValid() to return true for ftp://www.google.com:65535/test1/$23/file
ERROR: expected isValid() to return true for ftp://www.google.com:65535/test1/file/test1?action=view
ERROR: expected isValid() to return true for ftp://www.google.com:65535/test1/file/test1?action=edit&amp;mode=up
ERROR: expected isValid() to return true for ftp://www.google.com:65535/test1/file/test1
ERROR: expected isValid() to return true for ftp://www.google.com:65535/test1/file/t123?action=view
ERROR: expected isValid() to return true for ftp://www.google.com:65535/test1/file/t123?action=edit&amp;mode=up
ERROR: expected isValid() to return true for ftp://www.google.com:65535/test1/file/t123
ERROR: expected isValid() to return true for ftp://www.google.com:65535/test1/file/$23?action=view
ERROR: expected isValid() to return true for ftp://www.google.com:65535/test1/file/$23?action=edit&amp;mode=up
ERROR: expected isValid() to return true for ftp://www.google.com:65535/test1/file/$23
ERROR: expected isValid() to return true for ftp://www.google.com:65535/test1/file/test1?action=view
ERROR: expected isValid() to return true for ftp://www.google.com:65535/test1/file/test1?action=edit&amp;mode=up
ERROR: expected isValid() to return true for ftp://www.google.com:65535/test1/file/test1
ERROR: expected isValid() to return true for ftp://www.google.com:65535/test1/file/test1/file?action=view
ERROR: expected isValid() to return true for ftp://www.google.com:65535/test1/file/test1/file?action=edit&amp;mode=up
ERROR: expected isValid() to return true for ftp://www.google.com:65535/test1/file/test1/file
ERROR: expected isValid() to return true for ftp://www.google.com:65535/test1/file/t123/file?action=view
ERROR: expected isValid() to return true for ftp://www.google.com:65535/test1/file/t123/file?action=edit&amp;mode=up
ERROR: expected isValid() to return true for ftp://www.google.com:65535/test1/file/t123/file
ERROR: expected isValid() to return true for ftp://www.google.com:65535/test1/file/$23/file?action=view
ERROR: expected isValid() to return true for ftp://www.google.com:65535/test1/file/$23/file?action=edit&amp;mode=up
ERROR: expected isValid() to return true for ftp://www.google.com:65535/test1/file/$23/file
ERROR: expected isValid() to return true for ftp://www.google.com:0/test1/test1?action=view
ERROR: expected isValid() to return true for ftp://www.google.com:0/test1/test1?action=edit&amp;mode=up
ERROR: expected isValid() to return true for ftp://www.google.com:0/test1/t123?action=view
ERROR: expected isValid() to return true for ftp://www.google.com:0/test1/t123?action=edit&amp;mode=up
ERROR: expected isValid() to return true for ftp://www.google.com:0/test1/$23?action=view
ERROR: expected isValid() to return true for ftp://www.google.com:0/test1/$23?action=edit&amp;mode=up
ERROR: expected isValid() to return true for ftp://www.google.com:0/test1/test1?action=view
ERROR: expected isValid() to return true for ftp://www.google.com:0/test1/test1?action=edit&amp;mode=up
ERROR: expected isValid() to return true for ftp://www.google.com:0/test1/test1/file?action=view
ERROR: expected isValid() to return true for ftp://www.google.com:0/test1/test1/file?action=edit&amp;mode=up
ERROR: expected isValid() to return true for ftp://www.google.com:0/test1/t123/file?action=view
ERROR: expected isValid() to return true for ftp://www.google.com:0/test1/t123/file?action=edit&amp;mode=up
ERROR: expected isValid() to return true for ftp://www.google.com:0/test1/$23/file?action=view
ERROR: expected isValid() to return true for ftp://www.google.com:0/test1/$23/file?action=edit&amp;mode=up
ERROR: expected isValid() to return true for ftp://www.google.com:0/t123/test1?action=view
ERROR: expected isValid() to return true for ftp://www.google.com:0/t123/test1?action=edit&amp;mode=up
ERROR: expected isValid() to return true for ftp://www.google.com:0/t123/t123?action=view
ERROR: expected isValid() to return true for ftp://www.google.com:0/t123/t123?action=edit&amp;mode=up
ERROR: expected isValid() to return true for ftp://www.google.com:0/t123/$23?action=view
ERROR: expected isValid() to return true for ftp://www.google.com:0/t123/$23?action=edit&amp;mode=up
ERROR: expected isValid() to return true for ftp://www.google.com:0/t123/test1?action=view
ERROR: expected isValid() to return true for ftp://www.google.com:0/t123/test1?action=edit&amp;mode=up
ERROR: expected isValid() to return true for ftp://www.google.com:0/t123/test1/file?action=view
ERROR: expected isValid() to return true for ftp://www.google.com:0/t123/test1/file?action=edit&amp;mode=up
ERROR: expected isValid() to return true for ftp://www.google.com:0/t123/t123/file?action=view
ERROR: expected isValid() to return true for ftp://www.google.com:0/t123/t123/file?action=edit&amp;mode=up
ERROR: expected isValid() to return true for ftp://www.google.com:0/t123/$23/file?action=view
ERROR: expected isValid() to return true for ftp://www.google.com:0/t123/$23/file?action=edit&amp;mode=up
ERROR: expected isValid() to return true for ftp://www.google.com:0/$23/test1?action=view
ERROR: expected isValid() to return true for ftp://www.google.com:0/$23/test1?action=edit&amp;mode=up
ERROR: expected isValid() to return true for ftp://www.google.com:0/$23/t123?action=view
ERROR: expected isValid() to return true for ftp://www.google.com:0/$23/t123?action=edit&amp;mode=up
ERROR: expected isValid() to return true for ftp://www.google.com:0/$23/$23?action=view
ERROR: expected isValid() to return true for ftp://www.google.com:0/$23/$23?action=edit&amp;mode=up
ERROR: expected isValid() to return true for ftp://www.google.com:0/$23/test1?action=view
ERROR: expected isValid() to return true for ftp://www.google.com:0/$23/test1?action=edit&amp;mode=up
ERROR: expected isValid() to return true for ftp://www.google.com:0/$23/test1/file?action=view
ERROR: expected isValid() to return true for ftp://www.google.com:0/$23/test1/file?action=edit&amp;mode=up
ERROR: expected isValid() to return true for ftp://www.google.com:0/$23/t123/file?action=view
ERROR: expected isValid() to return true for ftp://www.google.com:0/$23/t123/file?action=edit&amp;mode=up
ERROR: expected isValid() to return true for ftp://www.google.com:0/$23/$23/file?action=view
ERROR: expected isValid() to return true for ftp://www.google.com:0/$23/$23/file?action=edit&amp;mode=up
ERROR: expected isValid() to return true for ftp://www.google.com:0/test1/test1?action=view
ERROR: expected isValid() to return true for ftp://www.google.com:0/test1/test1?action=edit&amp;mode=up
ERROR: expected isValid() to return true for ftp://www.google.com:0/test1/t123?action=view
ERROR: expected isValid() to return true for ftp://www.google.com:0/test1/t123?action=edit&amp;mode=up
ERROR: expected isValid() to return true for ftp://www.google.com:0/test1/$23?action=view
ERROR: expected isValid() to return true for ftp://www.google.com:0/test1/$23?action=edit&amp;mode=up
ERROR: expected isValid() to return true for ftp://www.google.com:0/test1/test1?action=view
ERROR: expected isValid() to return true for ftp://www.google.com:0/test1/test1?action=edit&amp;mode=up
ERROR: expected isValid() to return true for ftp://www.google.com:0/test1/test1/file?action=view
ERROR: expected isValid() to return true for ftp://www.google.com:0/test1/test1/file?action=edit&amp;mode=up
ERROR: expected isValid() to return true for ftp://www.google.com:0/test1/t123/file?action=view
ERROR: expected isValid() to return true for ftp://www.google.com:0/test1/t123/file?action=edit&amp;mode=up
ERROR: expected isValid() to return true for ftp://www.google.com:0/test1/$23/file?action=view
ERROR: expected isValid() to return true for ftp://www.google.com:0/test1/$23/file?action=edit&amp;mode=up
ERROR: expected isValid() to return true for ftp://www.google.com:0/test1/file/test1?action=view
ERROR: expected isValid() to return true for ftp://www.google.com:0/test1/file/test1?action=edit&amp;mode=up
ERROR: expected isValid() to return true for ftp://www.google.com:0/test1/file/t123?action=view
ERROR: expected isValid() to return true for ftp://www.google.com:0/test1/file/t123?action=edit&amp;mode=up
ERROR: expected isValid() to return true for ftp://www.google.com:0/test1/file/$23?action=view
ERROR: expected isValid() to return true for ftp://www.google.com:0/test1/file/$23?action=edit&amp;mode=up
ERROR: expected isValid() to return true for ftp://www.google.com:0/test1/file/test1?action=view
ERROR: expected isValid() to return true for ftp://www.google.com:0/test1/file/test1?action=edit&amp;mode=up
ERROR: expected isValid() to return true for ftp://www.google.com:0/test1/file/test1/file?action=view
ERROR: expected isValid() to return true for ftp://www.google.com:0/test1/file/test1/file?action=edit&amp;mode=up
ERROR: expected isValid() to return true for ftp://www.google.com:0/test1/file/t123/file?action=view
ERROR: expected isValid() to return true for ftp://www.google.com:0/test1/file/t123/file?action=edit&amp;mode=up
ERROR: expected isValid() to return true for ftp://www.google.com:0/test1/file/$23/file?action=view
ERROR: expected isValid() to return true for ftp://www.google.com:0/test1/file/$23/file?action=edit&amp;mode=up
ERROR: expected isValid() to return true for ftp://www.google.com/test1/test1?action=view
ERROR: expected isValid() to return true for ftp://www.google.com/test1/test1?action=edit&amp;mode=up
ERROR: expected isValid() to return true for ftp://www.google.com/test1/t123?action=view
ERROR: expected isValid() to return true for ftp://www.google.com/test1/t123?action=edit&amp;mode=up
ERROR: expected isValid() to return true for ftp://www.google.com/test1/$23?action=view
ERROR: expected isValid() to return true for ftp://www.google.com/test1/$23?action=edit&amp;mode=up
ERROR: expected isValid() to return true for ftp://www.google.com/test1/test1?action=view
ERROR: expected isValid() to return true for ftp://www.google.com/test1/test1?action=edit&amp;mode=up
ERROR: expected isValid() to return true for ftp://www.google.com/test1/test1/file?action=view
ERROR: expected isValid() to return true for ftp://www.google.com/test1/test1/file?action=edit&amp;mode=up
ERROR: expected isValid() to return true for ftp://www.google.com/test1/t123/file?action=view
ERROR: expected isValid() to return true for ftp://www.google.com/test1/t123/file?action=edit&amp;mode=up
ERROR: expected isValid() to return true for ftp://www.google.com/test1/$23/file?action=view
ERROR: expected isValid() to return true for ftp://www.google.com/test1/$23/file?action=edit&amp;mode=up
ERROR: expected isValid() to return true for ftp://www.google.com/t123/test1?action=view
ERROR: expected isValid() to return true for ftp://www.google.com/t123/test1?action=edit&amp;mode=up
ERROR: expected isValid() to return true for ftp://www.google.com/t123/t123?action=view
ERROR: expected isValid() to return true for ftp://www.google.com/t123/t123?action=edit&amp;mode=up
ERROR: expected isValid() to return true for ftp://www.google.com/t123/$23?action=view
ERROR: expected isValid() to return true for ftp://www.google.com/t123/$23?action=edit&amp;mode=up
ERROR: expected isValid() to return true for ftp://www.google.com/t123/test1?action=view
ERROR: expected isValid() to return true for ftp://www.google.com/t123/test1?action=edit&amp;mode=up
ERROR: expected isValid() to return true for ftp://www.google.com/t123/test1/file?action=view
ERROR: expected isValid() to return true for ftp://www.google.com/t123/test1/file?action=edit&amp;mode=up
ERROR: expected isValid() to return true for ftp://www.google.com/t123/t123/file?action=view
ERROR: expected isValid() to return true for ftp://www.google.com/t123/t123/file?action=edit&amp;mode=up
ERROR: expected isValid() to return true for ftp://www.google.com/t123/$23/file?action=view
ERROR: expected isValid() to return true for ftp://www.google.com/t123/$23/file?action=edit&amp;mode=up
ERROR: expected isValid() to return true for ftp://www.google.com/$23/test1?action=view
ERROR: expected isValid() to return true for ftp://www.google.com/$23/test1?action=edit&amp;mode=up
ERROR: expected isValid() to return true for ftp://www.google.com/$23/t123?action=view
ERROR: expected isValid() to return true for ftp://www.google.com/$23/t123?action=edit&amp;mode=up
ERROR: expected isValid() to return true for ftp://www.google.com/$23/$23?action=view
ERROR: expected isValid() to return true for ftp://www.google.com/$23/$23?action=edit&amp;mode=up
ERROR: expected isValid() to return true for ftp://www.google.com/$23/test1?action=view
ERROR: expected isValid() to return true for ftp://www.google.com/$23/test1?action=edit&amp;mode=up
ERROR: expected isValid() to return true for ftp://www.google.com/$23/test1/file?action=view
ERROR: expected isValid() to return true for ftp://www.google.com/$23/test1/file?action=edit&amp;mode=up
ERROR: expected isValid() to return true for ftp://www.google.com/$23/t123/file?action=view
ERROR: expected isValid() to return true for ftp://www.google.com/$23/t123/file?action=edit&amp;mode=up
ERROR: expected isValid() to return true for ftp://www.google.com/$23/$23/file?action=view
ERROR: expected isValid() to return true for ftp://www.google.com/$23/$23/file?action=edit&amp;mode=up
ERROR: expected isValid() to return true for ftp://www.google.com/test1/test1?action=view
ERROR: expected isValid() to return true for ftp://www.google.com/test1/test1?action=edit&amp;mode=up
ERROR: expected isValid() to return true for ftp://www.google.com/test1/t123?action=view
ERROR: expected isValid() to return true for ftp://www.google.com/test1/t123?action=edit&amp;mode=up
ERROR: expected isValid() to return true for ftp://www.google.com/test1/$23?action=view
ERROR: expected isValid() to return true for ftp://www.google.com/test1/$23?action=edit&amp;mode=up
ERROR: expected isValid() to return true for ftp://www.google.com/test1/test1?action=view
ERROR: expected isValid() to return true for ftp://www.google.com/test1/test1?action=edit&amp;mode=up
ERROR: expected isValid() to return true for ftp://www.google.com/test1/test1/file?action=view
ERROR: expected isValid() to return true for ftp://www.google.com/test1/test1/file?action=edit&amp;mode=up
ERROR: expected isValid() to return true for ftp://www.google.com/test1/t123/file?action=view
ERROR: expected isValid() to return true for ftp://www.google.com/test1/t123/file?action=edit&amp;mode=up
ERROR: expected isValid() to return true for ftp://www.google.com/test1/$23/file?action=view
ERROR: expected isValid() to return true for ftp://www.google.com/test1/$23/file?action=edit&amp;mode=up
ERROR: expected isValid() to return true for ftp://www.google.com/test1/file/test1?action=view
ERROR: expected isValid() to return true for ftp://www.google.com/test1/file/test1?action=edit&amp;mode=up
ERROR: expected isValid() to return true for ftp://www.google.com/test1/file/t123?action=view
ERROR: expected isValid() to return true for ftp://www.google.com/test1/file/t123?action=edit&amp;mode=up
ERROR: expected isValid() to return true for ftp://www.google.com/test1/file/$23?action=view
ERROR: expected isValid() to return true for ftp://www.google.com/test1/file/$23?action=edit&amp;mode=up
ERROR: expected isValid() to return true for ftp://www.google.com/test1/file/test1?action=view
ERROR: expected isValid() to return true for ftp://www.google.com/test1/file/test1?action=edit&amp;mode=up
ERROR: expected isValid() to return true for ftp://www.google.com/test1/file/test1/file?action=view
ERROR: expected isValid() to return true for ftp://www.google.com/test1/file/test1/file?action=edit&amp;mode=up
ERROR: expected isValid() to return true for ftp://www.google.com/test1/file/t123/file?action=view
ERROR: expected isValid() to return true for ftp://www.google.com/test1/file/t123/file?action=edit&amp;mode=up
ERROR: expected isValid() to return true for ftp://www.google.com/test1/file/$23/file?action=view
ERROR: expected isValid() to return true for ftp://www.google.com/test1/file/$23/file?action=edit&amp;mode=up
ERROR: expected isValid() to return true for ftp://www.google.com:65636/test1/test1?action=view
ERROR: expected isValid() to return true for ftp://www.google.com:65636/test1/test1?action=edit&amp;mode=up
ERROR: expected isValid() to return true for ftp://www.google.com:65636/test1/test1
ERROR: expected isValid() to return true for ftp://www.google.com:65636/test1/t123?action=view
ERROR: expected isValid() to return true for ftp://www.google.com:65636/test1/t123?action=edit&amp;mode=up
ERROR: expected isValid() to return true for ftp://www.google.com:65636/test1/t123
ERROR: expected isValid() to return true for ftp://www.google.com:65636/test1/$23?action=view
ERROR: expected isValid() to return true for ftp://www.google.com:65636/test1/$23?action=edit&amp;mode=up
ERROR: expected isValid() to return true for ftp://www.google.com:65636/test1/$23
ERROR: expected isValid() to return true for ftp://www.google.com:65636/test1/test1?action=view
ERROR: expected isValid() to return true for ftp://www.google.com:65636/test1/test1?action=edit&amp;mode=up
ERROR: expected isValid() to return true for ftp://www.google.com:65636/test1/test1
ERROR: expected isValid() to return true for ftp://www.google.com:65636/test1/test1/file?action=view
ERROR: expected isValid() to return true for ftp://www.google.com:65636/test1/test1/file?action=edit&amp;mode=up
ERROR: expected isValid() to return true for ftp://www.google.com:65636/test1/test1/file
ERROR: expected isValid() to return true for ftp://www.google.com:65636/test1/t123/file?action=view
ERROR: expected isValid() to return true for ftp://www.google.com:65636/test1/t123/file?action=edit&amp;mode=up
ERROR: expected isValid() to return true for ftp://www.google.com:65636/test1/t123/file
ERROR: expected isValid() to return true for ftp://www.google.com:65636/test1/$23/file?action=view
ERROR: expected isValid() to return true for ftp://www.google.com:65636/test1/$23/file?action=edit&amp;mode=up
ERROR: expected isValid() to return true for ftp://www.google.com:65636/test1/$23/file
ERROR: expected isValid() to return true for ftp://www.google.com:65636/t123/test1?action=view
ERROR: expected isValid() to return true for ftp://www.google.com:65636/t123/test1?action=edit&amp;mode=up
ERROR: expected isValid() to return true for ftp://www.google.com:65636/t123/test1
ERROR: expected isValid() to return true for ftp://www.google.com:65636/t123/t123?action=view
ERROR: expected isValid() to return true for ftp://www.google.com:65636/t123/t123?action=edit&amp;mode=up
ERROR: expected isValid() to return true for ftp://www.google.com:65636/t123/t123
ERROR: expected isValid() to return true for ftp://www.google.com:65636/t123/$23?action=view
ERROR: expected isValid() to return true for ftp://www.google.com:65636/t123/$23?action=edit&amp;mode=up
ERROR: expected isValid() to return true for ftp://www.google.com:65636/t123/$23
ERROR: expected isValid() to return true for ftp://www.google.com:65636/t123/test1?action=view
ERROR: expected isValid() to return true for ftp://www.google.com:65636/t123/test1?action=edit&amp;mode=up
ERROR: expected isValid() to return true for ftp://www.google.com:65636/t123/test1
ERROR: expected isValid() to return true for ftp://www.google.com:65636/t123/test1/file?action=view
ERROR: expected isValid() to return true for ftp://www.google.com:65636/t123/test1/file?action=edit&amp;mode=up
ERROR: expected isValid() to return true for ftp://www.google.com:65636/t123/test1/file
ERROR: expected isValid() to return true for ftp://www.google.com:65636/t123/t123/file?action=view
ERROR: expected isValid() to return true for ftp://www.google.com:65636/t123/t123/file?action=edit&amp;mode=up
ERROR: expected isValid() to return true for ftp://www.google.com:65636/t123/t123/file
ERROR: expected isValid() to return true for ftp://www.google.com:65636/t123/$23/file?action=view
ERROR: expected isValid() to return true for ftp://www.google.com:65636/t123/$23/file?action=edit&amp;mode=up
ERROR: expected isValid() to return true for ftp://www.google.com:65636/t123/$23/file
ERROR: expected isValid() to return true for ftp://www.google.com:65636/$23/test1?action=view
ERROR: expected isValid() to return true for ftp://www.google.com:65636/$23/test1?action=edit&amp;mode=up
ERROR: expected isValid() to return true for ftp://www.google.com:65636/$23/test1
ERROR: expected isValid() to return true for ftp://www.google.com:65636/$23/t123?action=view
ERROR: expected isValid() to return true for ftp://www.google.com:65636/$23/t123?action=edit&amp;mode=up
ERROR: expected isValid() to return true for ftp://www.google.com:65636/$23/t123
ERROR: expected isValid() to return true for ftp://www.google.com:65636/$23/$23?action=view
ERROR: expected isValid() to return true for ftp://www.google.com:65636/$23/$23?action=edit&amp;mode=up
ERROR: expected isValid() to return true for ftp://www.google.com:65636/$23/$23
ERROR: expected isValid() to return true for ftp://www.google.com:65636/$23/test1?action=view
ERROR: expected isValid() to return true for ftp://www.google.com:65636/$23/test1?action=edit&amp;mode=up
ERROR: expected isValid() to return true for ftp://www.google.com:65636/$23/test1
ERROR: expected isValid() to return true for ftp://www.google.com:65636/$23/test1/file?action=view
ERROR: expected isValid() to return true for ftp://www.google.com:65636/$23/test1/file?action=edit&amp;mode=up
ERROR: expected isValid() to return true for ftp://www.google.com:65636/$23/test1/file
ERROR: expected isValid() to return true for ftp://www.google.com:65636/$23/t123/file?action=view
ERROR: expected isValid() to return true for ftp://www.google.com:65636/$23/t123/file?action=edit&amp;mode=up
ERROR: expected isValid() to return true for ftp://www.google.com:65636/$23/t123/file
ERROR: expected isValid() to return true for ftp://www.google.com:65636/$23/$23/file?action=view
ERROR: expected isValid() to return true for ftp://www.google.com:65636/$23/$23/file?action=edit&amp;mode=up
ERROR: expected isValid() to return true for ftp://www.google.com:65636/$23/$23/file
ERROR: expected isValid() to return true for ftp://www.google.com:65636/test1/test1?action=view
ERROR: expected isValid() to return true for ftp://www.google.com:65636/test1/test1?action=edit&amp;mode=up
ERROR: expected isValid() to return true for ftp://www.google.com:65636/test1/test1
ERROR: expected isValid() to return true for ftp://www.google.com:65636/test1/t123?action=view
ERROR: expected isValid() to return true for ftp://www.google.com:65636/test1/t123?action=edit&amp;mode=up
ERROR: expected isValid() to return true for ftp://www.google.com:65636/test1/t123
ERROR: expected isValid() to return true for ftp://www.google.com:65636/test1/$23?action=view
ERROR: expected isValid() to return true for ftp://www.google.com:65636/test1/$23?action=edit&amp;mode=up
ERROR: expected isValid() to return true for ftp://www.google.com:65636/test1/$23
ERROR: expected isValid() to return true for ftp://www.google.com:65636/test1/test1?action=view
ERROR: expected isValid() to return true for ftp://www.google.com:65636/test1/test1?action=edit&amp;mode=up
ERROR: expected isValid() to return true for ftp://www.google.com:65636/test1/test1
ERROR: expected isValid() to return true for ftp://www.google.com:65636/test1/test1/file?action=view
ERROR: expected isValid() to return true for ftp://www.google.com:65636/test1/test1/file?action=edit&amp;mode=up
ERROR: expected isValid() to return true for ftp://www.google.com:65636/test1/test1/file
ERROR: expected isValid() to return true for ftp://www.google.com:65636/test1/t123/file?action=view
ERROR: expected isValid() to return true for ftp://www.google.com:65636/test1/t123/file?action=edit&amp;mode=up
ERROR: expected isValid() to return true for ftp://www.google.com:65636/test1/t123/file
ERROR: expected isValid() to return true for ftp://www.google.com:65636/test1/$23/file?action=view
ERROR: expected isValid() to return true for ftp://www.google.com:65636/test1/$23/file?action=edit&amp;mode=up
ERROR: expected isValid() to return true for ftp://www.google.com:65636/test1/$23/file
ERROR: expected isValid() to return true for ftp://www.google.com:65636/test1/file/test1?action=view
ERROR: expected isValid() to return true for ftp://www.google.com:65636/test1/file/test1?action=edit&amp;mode=up
ERROR: expected isValid() to return true for ftp://www.google.com:65636/test1/file/test1
ERROR: expected isValid() to return true for ftp://www.google.com:65636/test1/file/t123?action=view
ERROR: expected isValid() to return true for ftp://www.google.com:65636/test1/file/t123?action=edit&amp;mode=up
ERROR: expected isValid() to return true for ftp://www.google.com:65636/test1/file/t123
ERROR: expected isValid() to return true for ftp://www.google.com:65636/test1/file/$23?action=view
ERROR: expected isValid() to return true for ftp://www.google.com:65636/test1/file/$23?action=edit&amp;mode=up
ERROR: expected isValid() to return true for ftp://www.google.com:65636/test1/file/$23
ERROR: expected isValid() to return true for ftp://www.google.com:65636/test1/file/test1?action=view
ERROR: expected isValid() to return true for ftp://www.google.com:65636/test1/file/test1?action=edit&amp;mode=up
ERROR: expected isValid() to return true for ftp://www.google.com:65636/test1/file/test1
ERROR: expected isValid() to return true for ftp://www.google.com:65636/test1/file/test1/file?action=view
ERROR: expected isValid() to return true for ftp://www.google.com:65636/test1/file/test1/file?action=edit&amp;mode=up
ERROR: expected isValid() to return true for ftp://www.google.com:65636/test1/file/test1/file
ERROR: expected isValid() to return true for ftp://www.google.com:65636/test1/file/t123/file?action=view
ERROR: expected isValid() to return true for ftp://www.google.com:65636/test1/file/t123/file?action=edit&amp;mode=up
ERROR: expected isValid() to return true for ftp://www.google.com:65636/test1/file/t123/file
ERROR: expected isValid() to return true for ftp://www.google.com:65636/test1/file/$23/file?action=view
ERROR: expected isValid() to return true for ftp://www.google.com:65636/test1/file/$23/file?action=edit&amp;mode=up
ERROR: expected isValid() to return true for ftp://www.google.com:65636/test1/file/$23/file
ERROR: expected isValid() to return true for ftp://go.com:80/test1/test1?action=view
ERROR: expected isValid() to return true for ftp://go.com:80/test1/test1?action=edit&amp;mode=up
ERROR: expected isValid() to return true for ftp://go.com:80/test1/t123?action=view
ERROR: expected isValid() to return true for ftp://go.com:80/test1/t123?action=edit&amp;mode=up
ERROR: expected isValid() to return true for ftp://go.com:80/test1/$23?action=view
ERROR: expected isValid() to return true for ftp://go.com:80/test1/$23?action=edit&amp;mode=up
ERROR: expected isValid() to return true for ftp://go.com:80/test1/test1?action=view
ERROR: expected isValid() to return true for ftp://go.com:80/test1/test1?action=edit&amp;mode=up
ERROR: expected isValid() to return true for ftp://go.com:80/test1/test1/file?action=view
ERROR: expected isValid() to return true for ftp://go.com:80/test1/test1/file?action=edit&amp;mode=up
ERROR: expected isValid() to return true for ftp://go.com:80/test1/t123/file?action=view
ERROR: expected isValid() to return true for ftp://go.com:80/test1/t123/file?action=edit&amp;mode=up
ERROR: expected isValid() to return true for ftp://go.com:80/test1/$23/file?action=view
ERROR: expected isValid() to return true for ftp://go.com:80/test1/$23/file?action=edit&amp;mode=up
ERROR: expected isValid() to return true for ftp://go.com:80/t123/test1?action=view
ERROR: expected isValid() to return true for ftp://go.com:80/t123/test1?action=edit&amp;mode=up
ERROR: expected isValid() to return true for ftp://go.com:80/t123/t123?action=view
ERROR: expected isValid() to return true for ftp://go.com:80/t123/t123?action=edit&amp;mode=up
ERROR: expected isValid() to return true for ftp://go.com:80/t123/$23?action=view
ERROR: expected isValid() to return true for ftp://go.com:80/t123/$23?action=edit&amp;mode=up
ERROR: expected isValid() to return true for ftp://go.com:80/t123/test1?action=view
ERROR: expected isValid() to return true for ftp://go.com:80/t123/test1?action=edit&amp;mode=up
ERROR: expected isValid() to return true for ftp://go.com:80/t123/test1/file?action=view
ERROR: expected isValid() to return true for ftp://go.com:80/t123/test1/file?action=edit&amp;mode=up
ERROR: expected isValid() to return true for ftp://go.com:80/t123/t123/file?action=view
ERROR: expected isValid() to return true for ftp://go.com:80/t123/t123/file?action=edit&amp;mode=up
ERROR: expected isValid() to return true for ftp://go.com:80/t123/$23/file?action=view
ERROR: expected isValid() to return true for ftp://go.com:80/t123/$23/file?action=edit&amp;mode=up
ERROR: expected isValid() to return true for ftp://go.com:80/$23/test1?action=view
ERROR: expected isValid() to return true for ftp://go.com:80/$23/test1?action=edit&amp;mode=up
ERROR: expected isValid() to return true for ftp://go.com:80/$23/t123?action=view
ERROR: expected isValid() to return true for ftp://go.com:80/$23/t123?action=edit&amp;mode=up
ERROR: expected isValid() to return true for ftp://go.com:80/$23/$23?action=view
ERROR: expected isValid() to return true for ftp://go.com:80/$23/$23?action=edit&amp;mode=up
ERROR: expected isValid() to return true for ftp://go.com:80/$23/test1?action=view
ERROR: expected isValid() to return true for ftp://go.com:80/$23/test1?action=edit&amp;mode=up
ERROR: expected isValid() to return true for ftp://go.com:80/$23/test1/file?action=view
ERROR: expected isValid() to return true for ftp://go.com:80/$23/test1/file?action=edit&amp;mode=up
ERROR: expected isValid() to return true for ftp://go.com:80/$23/t123/file?action=view
ERROR: expected isValid() to return true for ftp://go.com:80/$23/t123/file?action=edit&amp;mode=up
ERROR: expected isValid() to return true for ftp://go.com:80/$23/$23/file?action=view
ERROR: expected isValid() to return true for ftp://go.com:80/$23/$23/file?action=edit&amp;mode=up
ERROR: expected isValid() to return true for ftp://go.com:80/test1/test1?action=view
ERROR: expected isValid() to return true for ftp://go.com:80/test1/test1?action=edit&amp;mode=up
ERROR: expected isValid() to return true for ftp://go.com:80/test1/t123?action=view
ERROR: expected isValid() to return true for ftp://go.com:80/test1/t123?action=edit&amp;mode=up
ERROR: expected isValid() to return true for ftp://go.com:80/test1/$23?action=view
ERROR: expected isValid() to return true for ftp://go.com:80/test1/$23?action=edit&amp;mode=up
ERROR: expected isValid() to return true for ftp://go.com:80/test1/test1?action=view
ERROR: expected isValid() to return true for ftp://go.com:80/test1/test1?action=edit&amp;mode=up
ERROR: expected isValid() to return true for ftp://go.com:80/test1/test1/file?action=view
ERROR: expected isValid() to return true for ftp://go.com:80/test1/test1/file?action=edit&amp;mode=up
ERROR: expected isValid() to return true for ftp://go.com:80/test1/t123/file?action=view
ERROR: expected isValid() to return true for ftp://go.com:80/test1/t123/file?action=edit&amp;mode=up
ERROR: expected isValid() to return true for ftp://go.com:80/test1/$23/file?action=view
ERROR: expected isValid() to return true for ftp://go.com:80/test1/$23/file?action=edit&amp;mode=up
ERROR: expected isValid() to return true for ftp://go.com:80/test1/file/test1?action=view
ERROR: expected isValid() to return true for ftp://go.com:80/test1/file/test1?action=edit&amp;mode=up
ERROR: expected isValid() to return true for ftp://go.com:80/test1/file/t123?action=view
ERROR: expected isValid() to return true for ftp://go.com:80/test1/file/t123?action=edit&amp;mode=up
ERROR: expected isValid() to return true for ftp://go.com:80/test1/file/$23?action=view
ERROR: expected isValid() to return true for ftp://go.com:80/test1/file/$23?action=edit&amp;mode=up
ERROR: expected isValid() to return true for ftp://go.com:80/test1/file/test1?action=view
ERROR: expected isValid() to return true for ftp://go.com:80/test1/file/test1?action=edit&amp;mode=up
ERROR: expected isValid() to return true for ftp://go.com:80/test1/file/test1/file?action=view
ERROR: expected isValid() to return true for ftp://go.com:80/test1/file/test1/file?action=edit&amp;mode=up
ERROR: expected isValid() to return true for ftp://go.com:80/test1/file/t123/file?action=view
ERROR: expected isValid() to return true for ftp://go.com:80/test1/file/t123/file?action=edit&amp;mode=up
ERROR: expected isValid() to return true for ftp://go.com:80/test1/file/$23/file?action=view
ERROR: expected isValid() to return true for ftp://go.com:80/test1/file/$23/file?action=edit&amp;mode=up
ERROR: expected isValid() to return true for ftp://go.com:65535/test1/test1?action=view
ERROR: expected isValid() to return true for ftp://go.com:65535/test1/test1?action=edit&amp;mode=up
ERROR: expected isValid() to return true for ftp://go.com:65535/test1/test1
ERROR: expected isValid() to return true for ftp://go.com:65535/test1/t123?action=view
ERROR: expected isValid() to return true for ftp://go.com:65535/test1/t123?action=edit&amp;mode=up
ERROR: expected isValid() to return true for ftp://go.com:65535/test1/t123
ERROR: expected isValid() to return true for ftp://go.com:65535/test1/$23?action=view
ERROR: expected isValid() to return true for ftp://go.com:65535/test1/$23?action=edit&amp;mode=up
ERROR: expected isValid() to return true for ftp://go.com:65535/test1/$23
ERROR: expected isValid() to return true for ftp://go.com:65535/test1/test1?action=view
ERROR: expected isValid() to return true for ftp://go.com:65535/test1/test1?action=edit&amp;mode=up
ERROR: expected isValid() to return true for ftp://go.com:65535/test1/test1
ERROR: expected isValid() to return true for ftp://go.com:65535/test1/test1/file?action=view
ERROR: expected isValid() to return true for ftp://go.com:65535/test1/test1/file?action=edit&amp;mode=up
ERROR: expected isValid() to return true for ftp://go.com:65535/test1/test1/file
ERROR: expected isValid() to return true for ftp://go.com:65535/test1/t123/file?action=view
ERROR: expected isValid() to return true for ftp://go.com:65535/test1/t123/file?action=edit&amp;mode=up
ERROR: expected isValid() to return true for ftp://go.com:65535/test1/t123/file
ERROR: expected isValid() to return true for ftp://go.com:65535/test1/$23/file?action=view
ERROR: expected isValid() to return true for ftp://go.com:65535/test1/$23/file?action=edit&amp;mode=up
ERROR: expected isValid() to return true for ftp://go.com:65535/test1/$23/file
ERROR: expected isValid() to return true for ftp://go.com:65535/t123/test1?action=view
ERROR: expected isValid() to return true for ftp://go.com:65535/t123/test1?action=edit&amp;mode=up
ERROR: expected isValid() to return true for ftp://go.com:65535/t123/test1
ERROR: expected isValid() to return true for ftp://go.com:65535/t123/t123?action=view
ERROR: expected isValid() to return true for ftp://go.com:65535/t123/t123?action=edit&amp;mode=up
ERROR: expected isValid() to return true for ftp://go.com:65535/t123/t123
ERROR: expected isValid() to return true for ftp://go.com:65535/t123/$23?action=view
ERROR: expected isValid() to return true for ftp://go.com:65535/t123/$23?action=edit&amp;mode=up
ERROR: expected isValid() to return true for ftp://go.com:65535/t123/$23
ERROR: expected isValid() to return true for ftp://go.com:65535/t123/test1?action=view
ERROR: expected isValid() to return true for ftp://go.com:65535/t123/test1?action=edit&amp;mode=up
ERROR: expected isValid() to return true for ftp://go.com:65535/t123/test1
ERROR: expected isValid() to return true for ftp://go.com:65535/t123/test1/file?action=view
ERROR: expected isValid() to return true for ftp://go.com:65535/t123/test1/file?action=edit&amp;mode=up
ERROR: expected isValid() to return true for ftp://go.com:65535/t123/test1/file
ERROR: expected isValid() to return true for ftp://go.com:65535/t123/t123/file?action=view
ERROR: expected isValid() to return true for ftp://go.com:65535/t123/t123/file?action=edit&amp;mode=up
ERROR: expected isValid() to return true for ftp://go.com:65535/t123/t123/file
ERROR: expected isValid() to return true for ftp://go.com:65535/t123/$23/file?action=view
ERROR: expected isValid() to return true for ftp://go.com:65535/t123/$23/file?action=edit&amp;mode=up
ERROR: expected isValid() to return true for ftp://go.com:65535/t123/$23/file
ERROR: expected isValid() to return true for ftp://go.com:65535/$23/test1?action=view
ERROR: expected isValid() to return true for ftp://go.com:65535/$23/test1?action=edit&amp;mode=up
ERROR: expected isValid() to return true for ftp://go.com:65535/$23/test1
ERROR: expected isValid() to return true for ftp://go.com:65535/$23/t123?action=view
ERROR: expected isValid() to return true for ftp://go.com:65535/$23/t123?action=edit&amp;mode=up
ERROR: expected isValid() to return true for ftp://go.com:65535/$23/t123
ERROR: expected isValid() to return true for ftp://go.com:65535/$23/$23?action=view
ERROR: expected isValid() to return true for ftp://go.com:65535/$23/$23?action=edit&amp;mode=up
ERROR: expected isValid() to return true for ftp://go.com:65535/$23/$23
ERROR: expected isValid() to return true for ftp://go.com:65535/$23/test1?action=view
ERROR: expected isValid() to return true for ftp://go.com:65535/$23/test1?action=edit&amp;mode=up
ERROR: expected isValid() to return true for ftp://go.com:65535/$23/test1
ERROR: expected isValid() to return true for ftp://go.com:65535/$23/test1/file?action=view
ERROR: expected isValid() to return true for ftp://go.com:65535/$23/test1/file?action=edit&amp;mode=up
ERROR: expected isValid() to return true for ftp://go.com:65535/$23/test1/file
ERROR: expected isValid() to return true for ftp://go.com:65535/$23/t123/file?action=view
ERROR: expected isValid() to return true for ftp://go.com:65535/$23/t123/file?action=edit&amp;mode=up
ERROR: expected isValid() to return true for ftp://go.com:65535/$23/t123/file
ERROR: expected isValid() to return true for ftp://go.com:65535/$23/$23/file?action=view
ERROR: expected isValid() to return true for ftp://go.com:65535/$23/$23/file?action=edit&amp;mode=up
ERROR: expected isValid() to return true for ftp://go.com:65535/$23/$23/file
ERROR: expected isValid() to return true for ftp://go.com:65535/test1/test1?action=view
ERROR: expected isValid() to return true for ftp://go.com:65535/test1/test1?action=edit&amp;mode=up
ERROR: expected isValid() to return true for ftp://go.com:65535/test1/test1
ERROR: expected isValid() to return true for ftp://go.com:65535/test1/t123?action=view
ERROR: expected isValid() to return true for ftp://go.com:65535/test1/t123?action=edit&amp;mode=up
ERROR: expected isValid() to return true for ftp://go.com:65535/test1/t123
ERROR: expected isValid() to return true for ftp://go.com:65535/test1/$23?action=view
ERROR: expected isValid() to return true for ftp://go.com:65535/test1/$23?action=edit&amp;mode=up
ERROR: expected isValid() to return true for ftp://go.com:65535/test1/$23
ERROR: expected isValid() to return true for ftp://go.com:65535/test1/test1?action=view
ERROR: expected isValid() to return true for ftp://go.com:65535/test1/test1?action=edit&amp;mode=up
ERROR: expected isValid() to return true for ftp://go.com:65535/test1/test1
ERROR: expected isValid() to return true for ftp://go.com:65535/test1/test1/file?action=view
ERROR: expected isValid() to return true for ftp://go.com:65535/test1/test1/file?action=edit&amp;mode=up
ERROR: expected isValid() to return true for ftp://go.com:65535/test1/test1/file
ERROR: expected isValid() to return true for ftp://go.com:65535/test1/t123/file?action=view
ERROR: expected isValid() to return true for ftp://go.com:65535/test1/t123/file?action=edit&amp;mode=up
ERROR: expected isValid() to return true for ftp://go.com:65535/test1/t123/file
ERROR: expected isValid() to return true for ftp://go.com:65535/test1/$23/file?action=view
ERROR: expected isValid() to return true for ftp://go.com:65535/test1/$23/file?action=edit&amp;mode=up
ERROR: expected isValid() to return true for ftp://go.com:65535/test1/$23/file
ERROR: expected isValid() to return true for ftp://go.com:65535/test1/file/test1?action=view
ERROR: expected isValid() to return true for ftp://go.com:65535/test1/file/test1?action=edit&amp;mode=up
ERROR: expected isValid() to return true for ftp://go.com:65535/test1/file/test1
ERROR: expected isValid() to return true for ftp://go.com:65535/test1/file/t123?action=view
ERROR: expected isValid() to return true for ftp://go.com:65535/test1/file/t123?action=edit&amp;mode=up
ERROR: expected isValid() to return true for ftp://go.com:65535/test1/file/t123
ERROR: expected isValid() to return true for ftp://go.com:65535/test1/file/$23?action=view
ERROR: expected isValid() to return true for ftp://go.com:65535/test1/file/$23?action=edit&amp;mode=up
ERROR: expected isValid() to return true for ftp://go.com:65535/test1/file/$23
ERROR: expected isValid() to return true for ftp://go.com:65535/test1/file/test1?action=view
ERROR: expected isValid() to return true for ftp://go.com:65535/test1/file/test1?action=edit&amp;mode=up
ERROR: expected isValid() to return true for ftp://go.com:65535/test1/file/test1
ERROR: expected isValid() to return true for ftp://go.com:65535/test1/file/test1/file?action=view
ERROR: expected isValid() to return true for ftp://go.com:65535/test1/file/test1/file?action=edit&amp;mode=up
ERROR: expected isValid() to return true for ftp://go.com:65535/test1/file/test1/file
ERROR: expected isValid() to return true for ftp://go.com:65535/test1/file/t123/file?action=view
ERROR: expected isValid() to return true for ftp://go.com:65535/test1/file/t123/file?action=edit&amp;mode=up
ERROR: expected isValid() to return true for ftp://go.com:65535/test1/file/t123/file
ERROR: expected isValid() to return true for ftp://go.com:65535/test1/file/$23/file?action=view
ERROR: expected isValid() to return true for ftp://go.com:65535/test1/file/$23/file?action=edit&amp;mode=up
ERROR: expected isValid() to return true for ftp://go.com:65535/test1/file/$23/file
ERROR: expected isValid() to return true for ftp://go.com:0/test1/test1?action=view
ERROR: expected isValid() to return true for ftp://go.com:0/test1/test1?action=edit&amp;mode=up
ERROR: expected isValid() to return true for ftp://go.com:0/test1/t123?action=view
ERROR: expected isValid() to return true for ftp://go.com:0/test1/t123?action=edit&amp;mode=up
ERROR: expected isValid() to return true for ftp://go.com:0/test1/$23?action=view
ERROR: expected isValid() to return true for ftp://go.com:0/test1/$23?action=edit&amp;mode=up
ERROR: expected isValid() to return true for ftp://go.com:0/test1/test1?action=view
ERROR: expected isValid() to return true for ftp://go.com:0/test1/test1?action=edit&amp;mode=up
ERROR: expected isValid() to return true for ftp://go.com:0/test1/test1/file?action=view
ERROR: expected isValid() to return true for ftp://go.com:0/test1/test1/file?action=edit&amp;mode=up
ERROR: expected isValid() to return true for ftp://go.com:0/test1/t123/file?action=view
ERROR: expected isValid() to return true for ftp://go.com:0/test1/t123/file?action=edit&amp;mode=up
ERROR: expected isValid() to return true for ftp://go.com:0/test1/$23/file?action=view
ERROR: expected isValid() to return true for ftp://go.com:0/test1/$23/file?action=edit&amp;mode=up
ERROR: expected isValid() to return true for ftp://go.com:0/t123/test1?action=view
ERROR: expected isValid() to return true for ftp://go.com:0/t123/test1?action=edit&amp;mode=up
ERROR: expected isValid() to return true for ftp://go.com:0/t123/t123?action=view
ERROR: expected isValid() to return true for ftp://go.com:0/t123/t123?action=edit&amp;mode=up
ERROR: expected isValid() to return true for ftp://go.com:0/t123/$23?action=view
ERROR: expected isValid() to return true for ftp://go.com:0/t123/$23?action=edit&amp;mode=up
ERROR: expected isValid() to return true for ftp://go.com:0/t123/test1?action=view
ERROR: expected isValid() to return true for ftp://go.com:0/t123/test1?action=edit&amp;mode=up
ERROR: expected isValid() to return true for ftp://go.com:0/t123/test1/file?action=view
ERROR: expected isValid() to return true for ftp://go.com:0/t123/test1/file?action=edit&amp;mode=up
ERROR: expected isValid() to return true for ftp://go.com:0/t123/t123/file?action=view
ERROR: expected isValid() to return true for ftp://go.com:0/t123/t123/file?action=edit&amp;mode=up
ERROR: expected isValid() to return true for ftp://go.com:0/t123/$23/file?action=view
ERROR: expected isValid() to return true for ftp://go.com:0/t123/$23/file?action=edit&amp;mode=up
ERROR: expected isValid() to return true for ftp://go.com:0/$23/test1?action=view
ERROR: expected isValid() to return true for ftp://go.com:0/$23/test1?action=edit&amp;mode=up
ERROR: expected isValid() to return true for ftp://go.com:0/$23/t123?action=view
ERROR: expected isValid() to return true for ftp://go.com:0/$23/t123?action=edit&amp;mode=up
ERROR: expected isValid() to return true for ftp://go.com:0/$23/$23?action=view
ERROR: expected isValid() to return true for ftp://go.com:0/$23/$23?action=edit&amp;mode=up
ERROR: expected isValid() to return true for ftp://go.com:0/$23/test1?action=view
ERROR: expected isValid() to return true for ftp://go.com:0/$23/test1?action=edit&amp;mode=up
ERROR: expected isValid() to return true for ftp://go.com:0/$23/test1/file?action=view
ERROR: expected isValid() to return true for ftp://go.com:0/$23/test1/file?action=edit&amp;mode=up
ERROR: expected isValid() to return true for ftp://go.com:0/$23/t123/file?action=view
ERROR: expected isValid() to return true for ftp://go.com:0/$23/t123/file?action=edit&amp;mode=up
ERROR: expected isValid() to return true for ftp://go.com:0/$23/$23/file?action=view
ERROR: expected isValid() to return true for ftp://go.com:0/$23/$23/file?action=edit&amp;mode=up
ERROR: expected isValid() to return true for ftp://go.com:0/test1/test1?action=view
ERROR: expected isValid() to return true for ftp://go.com:0/test1/test1?action=edit&amp;mode=up
ERROR: expected isValid() to return true for ftp://go.com:0/test1/t123?action=view
ERROR: expected isValid() to return true for ftp://go.com:0/test1/t123?action=edit&amp;mode=up
ERROR: expected isValid() to return true for ftp://go.com:0/test1/$23?action=view
ERROR: expected isValid() to return true for ftp://go.com:0/test1/$23?action=edit&amp;mode=up
ERROR: expected isValid() to return true for ftp://go.com:0/test1/test1?action=view
ERROR: expected isValid() to return true for ftp://go.com:0/test1/test1?action=edit&amp;mode=up
ERROR: expected isValid() to return true for ftp://go.com:0/test1/test1/file?action=view
ERROR: expected isValid() to return true for ftp://go.com:0/test1/test1/file?action=edit&amp;mode=up
ERROR: expected isValid() to return true for ftp://go.com:0/test1/t123/file?action=view
ERROR: expected isValid() to return true for ftp://go.com:0/test1/t123/file?action=edit&amp;mode=up
ERROR: expected isValid() to return true for ftp://go.com:0/test1/$23/file?action=view
ERROR: expected isValid() to return true for ftp://go.com:0/test1/$23/file?action=edit&amp;mode=up
ERROR: expected isValid() to return true for ftp://go.com:0/test1/file/test1?action=view
ERROR: expected isValid() to return true for ftp://go.com:0/test1/file/test1?action=edit&amp;mode=up
ERROR: expected isValid() to return true for ftp://go.com:0/test1/file/t123?action=view
ERROR: expected isValid() to return true for ftp://go.com:0/test1/file/t123?action=edit&amp;mode=up
ERROR: expected isValid() to return true for ftp://go.com:0/test1/file/$23?action=view
ERROR: expected isValid() to return true for ftp://go.com:0/test1/file/$23?action=edit&amp;mode=up
ERROR: expected isValid() to return true for ftp://go.com:0/test1/file/test1?action=view
ERROR: expected isValid() to return true for ftp://go.com:0/test1/file/test1?action=edit&amp;mode=up
ERROR: expected isValid() to return true for ftp://go.com:0/test1/file/test1/file?action=view
ERROR: expected isValid() to return true for ftp://go.com:0/test1/file/test1/file?action=edit&amp;mode=up
ERROR: expected isValid() to return true for ftp://go.com:0/test1/file/t123/file?action=view
ERROR: expected isValid() to return true for ftp://go.com:0/test1/file/t123/file?action=edit&amp;mode=up
ERROR: expected isValid() to return true for ftp://go.com:0/test1/file/$23/file?action=view
ERROR: expected isValid() to return true for ftp://go.com:0/test1/file/$23/file?action=edit&amp;mode=up
ERROR: expected isValid() to return true for ftp://go.com/test1/test1?action=view
ERROR: expected isValid() to return true for ftp://go.com/test1/test1?action=edit&amp;mode=up
ERROR: expected isValid() to return true for ftp://go.com/test1/t123?action=view
ERROR: expected isValid() to return true for ftp://go.com/test1/t123?action=edit&amp;mode=up
ERROR: expected isValid() to return true for ftp://go.com/test1/$23?action=view
ERROR: expected isValid() to return true for ftp://go.com/test1/$23?action=edit&amp;mode=up
ERROR: expected isValid() to return true for ftp://go.com/test1/test1?action=view
ERROR: expected isValid() to return true for ftp://go.com/test1/test1?action=edit&amp;mode=up
ERROR: expected isValid() to return true for ftp://go.com/test1/test1/file?action=view
ERROR: expected isValid() to return true for ftp://go.com/test1/test1/file?action=edit&amp;mode=up
ERROR: expected isValid() to return true for ftp://go.com/test1/t123/file?action=view
ERROR: expected isValid() to return true for ftp://go.com/test1/t123/file?action=edit&amp;mode=up
ERROR: expected isValid() to return true for ftp://go.com/test1/$23/file?action=view
ERROR: expected isValid() to return true for ftp://go.com/test1/$23/file?action=edit&amp;mode=up
ERROR: expected isValid() to return true for ftp://go.com/t123/test1?action=view
ERROR: expected isValid() to return true for ftp://go.com/t123/test1?action=edit&amp;mode=up
ERROR: expected isValid() to return true for ftp://go.com/t123/t123?action=view
ERROR: expected isValid() to return true for ftp://go.com/t123/t123?action=edit&amp;mode=up
ERROR: expected isValid() to return true for ftp://go.com/t123/$23?action=view
ERROR: expected isValid() to return true for ftp://go.com/t123/$23?action=edit&amp;mode=up
ERROR: expected isValid() to return true for ftp://go.com/t123/test1?action=view
ERROR: expected isValid() to return true for ftp://go.com/t123/test1?action=edit&amp;mode=up
ERROR: expected isValid() to return true for ftp://go.com/t123/test1/file?action=view
ERROR: expected isValid() to return true for ftp://go.com/t123/test1/file?action=edit&amp;mode=up
ERROR: expected isValid() to return true for ftp://go.com/t123/t123/file?action=view
ERROR: expected isValid() to return true for ftp://go.com/t123/t123/file?action=edit&amp;mode=up
ERROR: expected isValid() to return true for ftp://go.com/t123/$23/file?action=view
ERROR: expected isValid() to return true for ftp://go.com/t123/$23/file?action=edit&amp;mode=up
ERROR: expected isValid() to return true for ftp://go.com/$23/test1?action=view
ERROR: expected isValid() to return true for ftp://go.com/$23/test1?action=edit&amp;mode=up
ERROR: expected isValid() to return true for ftp://go.com/$23/t123?action=view
ERROR: expected isValid() to return true for ftp://go.com/$23/t123?action=edit&amp;mode=up
ERROR: expected isValid() to return true for ftp://go.com/$23/$23?action=view
ERROR: expected isValid() to return true for ftp://go.com/$23/$23?action=edit&amp;mode=up
ERROR: expected isValid() to return true for ftp://go.com/$23/test1?action=view
ERROR: expected isValid() to return true for ftp://go.com/$23/test1?action=edit&amp;mode=up
ERROR: expected isValid() to return true for ftp://go.com/$23/test1/file?action=view
ERROR: expected isValid() to return true for ftp://go.com/$23/test1/file?action=edit&amp;mode=up
ERROR: expected isValid() to return true for ftp://go.com/$23/t123/file?action=view
ERROR: expected isValid() to return true for ftp://go.com/$23/t123/file?action=edit&amp;mode=up
ERROR: expected isValid() to return true for ftp://go.com/$23/$23/file?action=view
ERROR: expected isValid() to return true for ftp://go.com/$23/$23/file?action=edit&amp;mode=up
ERROR: expected isValid() to return true for ftp://go.com/test1/test1?action=view
ERROR: expected isValid() to return true for ftp://go.com/test1/test1?action=edit&amp;mode=up
ERROR: expected isValid() to return true for ftp://go.com/test1/t123?action=view
ERROR: expected isValid() to return true for ftp://go.com/test1/t123?action=edit&amp;mode=up
ERROR: expected isValid() to return true for ftp://go.com/test1/$23?action=view
ERROR: expected isValid() to return true for ftp://go.com/test1/$23?action=edit&amp;mode=up
ERROR: expected isValid() to return true for ftp://go.com/test1/test1?action=view
ERROR: expected isValid() to return true for ftp://go.com/test1/test1?action=edit&amp;mode=up
ERROR: expected isValid() to return true for ftp://go.com/test1/test1/file?action=view
ERROR: expected isValid() to return true for ftp://go.com/test1/test1/file?action=edit&amp;mode=up
ERROR: expected isValid() to return true for ftp://go.com/test1/t123/file?action=view
ERROR: expected isValid() to return true for ftp://go.com/test1/t123/file?action=edit&amp;mode=up
ERROR: expected isValid() to return true for ftp://go.com/test1/$23/file?action=view
ERROR: expected isValid() to return true for ftp://go.com/test1/$23/file?action=edit&amp;mode=up
ERROR: expected isValid() to return true for ftp://go.com/test1/file/test1?action=view
ERROR: expected isValid() to return true for ftp://go.com/test1/file/test1?action=edit&amp;mode=up
ERROR: expected isValid() to return true for ftp://go.com/test1/file/t123?action=view
ERROR: expected isValid() to return true for ftp://go.com/test1/file/t123?action=edit&amp;mode=up
ERROR: expected isValid() to return true for ftp://go.com/test1/file/$23?action=view
ERROR: expected isValid() to return true for ftp://go.com/test1/file/$23?action=edit&amp;mode=up
ERROR: expected isValid() to return true for ftp://go.com/test1/file/test1?action=view
ERROR: expected isValid() to return true for ftp://go.com/test1/file/test1?action=edit&amp;mode=up
ERROR: expected isValid() to return true for ftp://go.com/test1/file/test1/file?action=view
ERROR: expected isValid() to return true for ftp://go.com/test1/file/test1/file?action=edit&amp;mode=up
ERROR: expected isValid() to return true for ftp://go.com/test1/file/t123/file?action=view
ERROR: expected isValid() to return true for ftp://go.com/test1/file/t123/file?action=edit&amp;mode=up
ERROR: expected isValid() to return true for ftp://go.com/test1/file/$23/file?action=view
ERROR: expected isValid() to return true for ftp://go.com/test1/file/$23/file?action=edit&amp;mode=up
ERROR: expected isValid() to return true for ftp://go.com:65636/test1/test1?action=view
ERROR: expected isValid() to return true for ftp://go.com:65636/test1/test1?action=edit&amp;mode=up
ERROR: expected isValid() to return true for ftp://go.com:65636/test1/test1
ERROR: expected isValid() to return true for ftp://go.com:65636/test1/t123?action=view
ERROR: expected isValid() to return true for ftp://go.com:65636/test1/t123?action=edit&amp;mode=up
ERROR: expected isValid() to return true for ftp://go.com:65636/test1/t123
ERROR: expected isValid() to return true for ftp://go.com:65636/test1/$23?action=view
ERROR: expected isValid() to return true for ftp://go.com:65636/test1/$23?action=edit&amp;mode=up
ERROR: expected isValid() to return true for ftp://go.com:65636/test1/$23
ERROR: expected isValid() to return true for ftp://go.com:65636/test1/test1?action=view
ERROR: expected isValid() to return true for ftp://go.com:65636/test1/test1?action=edit&amp;mode=up
ERROR: expected isValid() to return true for ftp://go.com:65636/test1/test1
ERROR: expected isValid() to return true for ftp://go.com:65636/test1/test1/file?action=view
ERROR: expected isValid() to return true for ftp://go.com:65636/test1/test1/file?action=edit&amp;mode=up
ERROR: expected isValid() to return true for ftp://go.com:65636/test1/test1/file
ERROR: expected isValid() to return true for ftp://go.com:65636/test1/t123/file?action=view
ERROR: expected isValid() to return true for ftp://go.com:65636/test1/t123/file?action=edit&amp;mode=up
ERROR: expected isValid() to return true for ftp://go.com:65636/test1/t123/file
ERROR: expected isValid() to return true for ftp://go.com:65636/test1/$23/file?action=view
ERROR: expected isValid() to return true for ftp://go.com:65636/test1/$23/file?action=edit&amp;mode=up
ERROR: expected isValid() to return true for ftp://go.com:65636/test1/$23/file
ERROR: expected isValid() to return true for ftp://go.com:65636/t123/test1?action=view
ERROR: expected isValid() to return true for ftp://go.com:65636/t123/test1?action=edit&amp;mode=up
ERROR: expected isValid() to return true for ftp://go.com:65636/t123/test1
ERROR: expected isValid() to return true for ftp://go.com:65636/t123/t123?action=view
ERROR: expected isValid() to return true for ftp://go.com:65636/t123/t123?action=edit&amp;mode=up
ERROR: expected isValid() to return true for ftp://go.com:65636/t123/t123
ERROR: expected isValid() to return true for ftp://go.com:65636/t123/$23?action=view
ERROR: expected isValid() to return true for ftp://go.com:65636/t123/$23?action=edit&amp;mode=up
ERROR: expected isValid() to return true for ftp://go.com:65636/t123/$23
ERROR: expected isValid() to return true for ftp://go.com:65636/t123/test1?action=view
ERROR: expected isValid() to return true for ftp://go.com:65636/t123/test1?action=edit&amp;mode=up
ERROR: expected isValid() to return true for ftp://go.com:65636/t123/test1
ERROR: expected isValid() to return true for ftp://go.com:65636/t123/test1/file?action=view
ERROR: expected isValid() to return true for ftp://go.com:65636/t123/test1/file?action=edit&amp;mode=up
ERROR: expected isValid() to return true for ftp://go.com:65636/t123/test1/file
ERROR: expected isValid() to return true for ftp://go.com:65636/t123/t123/file?action=view
ERROR: expected isValid() to return true for ftp://go.com:65636/t123/t123/file?action=edit&amp;mode=up
ERROR: expected isValid() to return true for ftp://go.com:65636/t123/t123/file
ERROR: expected isValid() to return true for ftp://go.com:65636/t123/$23/file?action=view
ERROR: expected isValid() to return true for ftp://go.com:65636/t123/$23/file?action=edit&amp;mode=up
ERROR: expected isValid() to return true for ftp://go.com:65636/t123/$23/file
ERROR: expected isValid() to return true for ftp://go.com:65636/$23/test1?action=view
ERROR: expected isValid() to return true for ftp://go.com:65636/$23/test1?action=edit&amp;mode=up
ERROR: expected isValid() to return true for ftp://go.com:65636/$23/test1
ERROR: expected isValid() to return true for ftp://go.com:65636/$23/t123?action=view
ERROR: expected isValid() to return true for ftp://go.com:65636/$23/t123?action=edit&amp;mode=up
ERROR: expected isValid() to return true for ftp://go.com:65636/$23/t123
ERROR: expected isValid() to return true for ftp://go.com:65636/$23/$23?action=view
ERROR: expected isValid() to return true for ftp://go.com:65636/$23/$23?action=edit&amp;mode=up
ERROR: expected isValid() to return true for ftp://go.com:65636/$23/$23
ERROR: expected isValid() to return true for ftp://go.com:65636/$23/test1?action=view
ERROR: expected isValid() to return true for ftp://go.com:65636/$23/test1?action=edit&amp;mode=up
ERROR: expected isValid() to return true for ftp://go.com:65636/$23/test1
ERROR: expected isValid() to return true for ftp://go.com:65636/$23/test1/file?action=view
ERROR: expected isValid() to return true for ftp://go.com:65636/$23/test1/file?action=edit&amp;mode=up
ERROR: expected isValid() to return true for ftp://go.com:65636/$23/test1/file
ERROR: expected isValid() to return true for ftp://go.com:65636/$23/t123/file?action=view
ERROR: expected isValid() to return true for ftp://go.com:65636/$23/t123/file?action=edit&amp;mode=up
ERROR: expected isValid() to return true for ftp://go.com:65636/$23/t123/file
ERROR: expected isValid() to return true for ftp://go.com:65636/$23/$23/file?action=view
ERROR: expected isValid() to return true for ftp://go.com:65636/$23/$23/file?action=edit&amp;mode=up
ERROR: expected isValid() to return true for ftp://go.com:65636/$23/$23/file
ERROR: expected isValid() to return true for ftp://go.com:65636/test1/test1?action=view
ERROR: expected isValid() to return true for ftp://go.com:65636/test1/test1?action=edit&amp;mode=up
ERROR: expected isValid() to return true for ftp://go.com:65636/test1/test1
ERROR: expected isValid() to return true for ftp://go.com:65636/test1/t123?action=view
ERROR: expected isValid() to return true for ftp://go.com:65636/test1/t123?action=edit&amp;mode=up
ERROR: expected isValid() to return true for ftp://go.com:65636/test1/t123
ERROR: expected isValid() to return true for ftp://go.com:65636/test1/$23?action=view
ERROR: expected isValid() to return true for ftp://go.com:65636/test1/$23?action=edit&amp;mode=up
ERROR: expected isValid() to return true for ftp://go.com:65636/test1/$23
ERROR: expected isValid() to return true for ftp://go.com:65636/test1/test1?action=view
ERROR: expected isValid() to return true for ftp://go.com:65636/test1/test1?action=edit&amp;mode=up
ERROR: expected isValid() to return true for ftp://go.com:65636/test1/test1
ERROR: expected isValid() to return true for ftp://go.com:65636/test1/test1/file?action=view
ERROR: expected isValid() to return true for ftp://go.com:65636/test1/test1/file?action=edit&amp;mode=up
ERROR: expected isValid() to return true for ftp://go.com:65636/test1/test1/file
ERROR: expected isValid() to return true for ftp://go.com:65636/test1/t123/file?action=view
ERROR: expected isValid() to return true for ftp://go.com:65636/test1/t123/file?action=edit&amp;mode=up
ERROR: expected isValid() to return true for ftp://go.com:65636/test1/t123/file
ERROR: expected isValid() to return true for ftp://go.com:65636/test1/$23/file?action=view
ERROR: expected isValid() to return true for ftp://go.com:65636/test1/$23/file?action=edit&amp;mode=up
ERROR: expected isValid() to return true for ftp://go.com:65636/test1/$23/file
ERROR: expected isValid() to return true for ftp://go.com:65636/test1/file/test1?action=view
ERROR: expected isValid() to return true for ftp://go.com:65636/test1/file/test1?action=edit&amp;mode=up
ERROR: expected isValid() to return true for ftp://go.com:65636/test1/file/test1
ERROR: expected isValid() to return true for ftp://go.com:65636/test1/file/t123?action=view
ERROR: expected isValid() to return true for ftp://go.com:65636/test1/file/t123?action=edit&amp;mode=up
ERROR: expected isValid() to return true for ftp://go.com:65636/test1/file/t123
ERROR: expected isValid() to return true for ftp://go.com:65636/test1/file/$23?action=view
ERROR: expected isValid() to return true for ftp://go.com:65636/test1/file/$23?action=edit&amp;mode=up
ERROR: expected isValid() to return true for ftp://go.com:65636/test1/file/$23
ERROR: expected isValid() to return true for ftp://go.com:65636/test1/file/test1?action=view
ERROR: expected isValid() to return true for ftp://go.com:65636/test1/file/test1?action=edit&amp;mode=up
ERROR: expected isValid() to return true for ftp://go.com:65636/test1/file/test1
ERROR: expected isValid() to return true for ftp://go.com:65636/test1/file/test1/file?action=view
ERROR: expected isValid() to return true for ftp://go.com:65636/test1/file/test1/file?action=edit&amp;mode=up
ERROR: expected isValid() to return true for ftp://go.com:65636/test1/file/test1/file
ERROR: expected isValid() to return true for ftp://go.com:65636/test1/file/t123/file?action=view
ERROR: expected isValid() to return true for ftp://go.com:65636/test1/file/t123/file?action=edit&amp;mode=up
ERROR: expected isValid() to return true for ftp://go.com:65636/test1/file/t123/file
ERROR: expected isValid() to return true for ftp://go.com:65636/test1/file/$23/file?action=view
ERROR: expected isValid() to return true for ftp://go.com:65636/test1/file/$23/file?action=edit&amp;mode=up
ERROR: expected isValid() to return true for ftp://go.com:65636/test1/file/$23/file
ERROR: expected isValid() to return true for ftp://go.au:80/test1/test1?action=view
ERROR: expected isValid() to return true for ftp://go.au:80/test1/test1?action=edit&amp;mode=up
ERROR: expected isValid() to return true for ftp://go.au:80/test1/t123?action=view
ERROR: expected isValid() to return true for ftp://go.au:80/test1/t123?action=edit&amp;mode=up
ERROR: expected isValid() to return true for ftp://go.au:80/test1/$23?action=view
ERROR: expected isValid() to return true for ftp://go.au:80/test1/$23?action=edit&amp;mode=up
ERROR: expected isValid() to return true for ftp://go.au:80/test1/test1?action=view
ERROR: expected isValid() to return true for ftp://go.au:80/test1/test1?action=edit&amp;mode=up
ERROR: expected isValid() to return true for ftp://go.au:80/test1/test1/file?action=view
ERROR: expected isValid() to return true for ftp://go.au:80/test1/test1/file?action=edit&amp;mode=up
ERROR: expected isValid() to return true for ftp://go.au:80/test1/t123/file?action=view
ERROR: expected isValid() to return true for ftp://go.au:80/test1/t123/file?action=edit&amp;mode=up
ERROR: expected isValid() to return true for ftp://go.au:80/test1/$23/file?action=view
ERROR: expected isValid() to return true for ftp://go.au:80/test1/$23/file?action=edit&amp;mode=up
ERROR: expected isValid() to return true for ftp://go.au:80/t123/test1?action=view
ERROR: expected isValid() to return true for ftp://go.au:80/t123/test1?action=edit&amp;mode=up
ERROR: expected isValid() to return true for ftp://go.au:80/t123/t123?action=view
ERROR: expected isValid() to return true for ftp://go.au:80/t123/t123?action=edit&amp;mode=up
ERROR: expected isValid() to return true for ftp://go.au:80/t123/$23?action=view
ERROR: expected isValid() to return true for ftp://go.au:80/t123/$23?action=edit&amp;mode=up
ERROR: expected isValid() to return true for ftp://go.au:80/t123/test1?action=view
ERROR: expected isValid() to return true for ftp://go.au:80/t123/test1?action=edit&amp;mode=up
ERROR: expected isValid() to return true for ftp://go.au:80/t123/test1/file?action=view
ERROR: expected isValid() to return true for ftp://go.au:80/t123/test1/file?action=edit&amp;mode=up
ERROR: expected isValid() to return true for ftp://go.au:80/t123/t123/file?action=view
ERROR: expected isValid() to return true for ftp://go.au:80/t123/t123/file?action=edit&amp;mode=up
ERROR: expected isValid() to return true for ftp://go.au:80/t123/$23/file?action=view
ERROR: expected isValid() to return true for ftp://go.au:80/t123/$23/file?action=edit&amp;mode=up
ERROR: expected isValid() to return true for ftp://go.au:80/$23/test1?action=view
ERROR: expected isValid() to return true for ftp://go.au:80/$23/test1?action=edit&amp;mode=up
ERROR: expected isValid() to return true for ftp://go.au:80/$23/t123?action=view
ERROR: expected isValid() to return true for ftp://go.au:80/$23/t123?action=edit&amp;mode=up
ERROR: expected isValid() to return true for ftp://go.au:80/$23/$23?action=view
ERROR: expected isValid() to return true for ftp://go.au:80/$23/$23?action=edit&amp;mode=up
ERROR: expected isValid() to return true for ftp://go.au:80/$23/test1?action=view
ERROR: expected isValid() to return true for ftp://go.au:80/$23/test1?action=edit&amp;mode=up
ERROR: expected isValid() to return true for ftp://go.au:80/$23/test1/file?action=view
ERROR: expected isValid() to return true for ftp://go.au:80/$23/test1/file?action=edit&amp;mode=up
ERROR: expected isValid() to return true for ftp://go.au:80/$23/t123/file?action=view
ERROR: expected isValid() to return true for ftp://go.au:80/$23/t123/file?action=edit&amp;mode=up
ERROR: expected isValid() to return true for ftp://go.au:80/$23/$23/file?action=view
ERROR: expected isValid() to return true for ftp://go.au:80/$23/$23/file?action=edit&amp;mode=up
ERROR: expected isValid() to return true for ftp://go.au:80/test1/test1?action=view
ERROR: expected isValid() to return true for ftp://go.au:80/test1/test1?action=edit&amp;mode=up
ERROR: expected isValid() to return true for ftp://go.au:80/test1/t123?action=view
ERROR: expected isValid() to return true for ftp://go.au:80/test1/t123?action=edit&amp;mode=up
ERROR: expected isValid() to return true for ftp://go.au:80/test1/$23?action=view
ERROR: expected isValid() to return true for ftp://go.au:80/test1/$23?action=edit&amp;mode=up
ERROR: expected isValid() to return true for ftp://go.au:80/test1/test1?action=view
ERROR: expected isValid() to return true for ftp://go.au:80/test1/test1?action=edit&amp;mode=up
ERROR: expected isValid() to return true for ftp://go.au:80/test1/test1/file?action=view
ERROR: expected isValid() to return true for ftp://go.au:80/test1/test1/file?action=edit&amp;mode=up
ERROR: expected isValid() to return true for ftp://go.au:80/test1/t123/file?action=view
ERROR: expected isValid() to return true for ftp://go.au:80/test1/t123/file?action=edit&amp;mode=up
ERROR: expected isValid() to return true for ftp://go.au:80/test1/$23/file?action=view
ERROR: expected isValid() to return true for ftp://go.au:80/test1/$23/file?action=edit&amp;mode=up
ERROR: expected isValid() to return true for ftp://go.au:80/test1/file/test1?action=view
ERROR: expected isValid() to return true for ftp://go.au:80/test1/file/test1?action=edit&amp;mode=up
ERROR: expected isValid() to return true for ftp://go.au:80/test1/file/t123?action=view
ERROR: expected isValid() to return true for ftp://go.au:80/test1/file/t123?action=edit&amp;mode=up
ERROR: expected isValid() to return true for ftp://go.au:80/test1/file/$23?action=view
ERROR: expected isValid() to return true for ftp://go.au:80/test1/file/$23?action=edit&amp;mode=up
ERROR: expected isValid() to return true for ftp://go.au:80/test1/file/test1?action=view
ERROR: expected isValid() to return true for ftp://go.au:80/test1/file/test1?action=edit&amp;mode=up
ERROR: expected isValid() to return true for ftp://go.au:80/test1/file/test1/file?action=view
ERROR: expected isValid() to return true for ftp://go.au:80/test1/file/test1/file?action=edit&amp;mode=up
ERROR: expected isValid() to return true for ftp://go.au:80/test1/file/t123/file?action=view
ERROR: expected isValid() to return true for ftp://go.au:80/test1/file/t123/file?action=edit&amp;mode=up
ERROR: expected isValid() to return true for ftp://go.au:80/test1/file/$23/file?action=view
ERROR: expected isValid() to return true for ftp://go.au:80/test1/file/$23/file?action=edit&amp;mode=up
ERROR: expected isValid() to return true for ftp://go.au:65535/test1/test1?action=view
ERROR: expected isValid() to return true for ftp://go.au:65535/test1/test1?action=edit&amp;mode=up
ERROR: expected isValid() to return true for ftp://go.au:65535/test1/test1
ERROR: expected isValid() to return true for ftp://go.au:65535/test1/t123?action=view
ERROR: expected isValid() to return true for ftp://go.au:65535/test1/t123?action=edit&amp;mode=up
ERROR: expected isValid() to return true for ftp://go.au:65535/test1/t123
ERROR: expected isValid() to return true for ftp://go.au:65535/test1/$23?action=view
ERROR: expected isValid() to return true for ftp://go.au:65535/test1/$23?action=edit&amp;mode=up
ERROR: expected isValid() to return true for ftp://go.au:65535/test1/$23
ERROR: expected isValid() to return true for ftp://go.au:65535/test1/test1?action=view
ERROR: expected isValid() to return true for ftp://go.au:65535/test1/test1?action=edit&amp;mode=up
ERROR: expected isValid() to return true for ftp://go.au:65535/test1/test1
ERROR: expected isValid() to return true for ftp://go.au:65535/test1/test1/file?action=view
ERROR: expected isValid() to return true for ftp://go.au:65535/test1/test1/file?action=edit&amp;mode=up
ERROR: expected isValid() to return true for ftp://go.au:65535/test1/test1/file
ERROR: expected isValid() to return true for ftp://go.au:65535/test1/t123/file?action=view
ERROR: expected isValid() to return true for ftp://go.au:65535/test1/t123/file?action=edit&amp;mode=up
ERROR: expected isValid() to return true for ftp://go.au:65535/test1/t123/file
ERROR: expected isValid() to return true for ftp://go.au:65535/test1/$23/file?action=view
ERROR: expected isValid() to return true for ftp://go.au:65535/test1/$23/file?action=edit&amp;mode=up
ERROR: expected isValid() to return true for ftp://go.au:65535/test1/$23/file
ERROR: expected isValid() to return true for ftp://go.au:65535/t123/test1?action=view
ERROR: expected isValid() to return true for ftp://go.au:65535/t123/test1?action=edit&amp;mode=up
ERROR: expected isValid() to return true for ftp://go.au:65535/t123/test1
ERROR: expected isValid() to return true for ftp://go.au:65535/t123/t123?action=view
ERROR: expected isValid() to return true for ftp://go.au:65535/t123/t123?action=edit&amp;mode=up
ERROR: expected isValid() to return true for ftp://go.au:65535/t123/t123
ERROR: expected isValid() to return true for ftp://go.au:65535/t123/$23?action=view
ERROR: expected isValid() to return true for ftp://go.au:65535/t123/$23?action=edit&amp;mode=up
ERROR: expected isValid() to return true for ftp://go.au:65535/t123/$23
ERROR: expected isValid() to return true for ftp://go.au:65535/t123/test1?action=view
ERROR: expected isValid() to return true for ftp://go.au:65535/t123/test1?action=edit&amp;mode=up
ERROR: expected isValid() to return true for ftp://go.au:65535/t123/test1
ERROR: expected isValid() to return true for ftp://go.au:65535/t123/test1/file?action=view
ERROR: expected isValid() to return true for ftp://go.au:65535/t123/test1/file?action=edit&amp;mode=up
ERROR: expected isValid() to return true for ftp://go.au:65535/t123/test1/file
ERROR: expected isValid() to return true for ftp://go.au:65535/t123/t123/file?action=view
ERROR: expected isValid() to return true for ftp://go.au:65535/t123/t123/file?action=edit&amp;mode=up
ERROR: expected isValid() to return true for ftp://go.au:65535/t123/t123/file
ERROR: expected isValid() to return true for ftp://go.au:65535/t123/$23/file?action=view
ERROR: expected isValid() to return true for ftp://go.au:65535/t123/$23/file?action=edit&amp;mode=up
ERROR: expected isValid() to return true for ftp://go.au:65535/t123/$23/file
ERROR: expected isValid() to return true for ftp://go.au:65535/$23/test1?action=view
ERROR: expected isValid() to return true for ftp://go.au:65535/$23/test1?action=edit&amp;mode=up
ERROR: expected isValid() to return true for ftp://go.au:65535/$23/test1
ERROR: expected isValid() to return true for ftp://go.au:65535/$23/t123?action=view
ERROR: expected isValid() to return true for ftp://go.au:65535/$23/t123?action=edit&amp;mode=up
ERROR: expected isValid() to return true for ftp://go.au:65535/$23/t123
ERROR: expected isValid() to return true for ftp://go.au:65535/$23/$23?action=view
ERROR: expected isValid() to return true for ftp://go.au:65535/$23/$23?action=edit&amp;mode=up
ERROR: expected isValid() to return true for ftp://go.au:65535/$23/$23
ERROR: expected isValid() to return true for ftp://go.au:65535/$23/test1?action=view
ERROR: expected isValid() to return true for ftp://go.au:65535/$23/test1?action=edit&amp;mode=up
ERROR: expected isValid() to return true for ftp://go.au:65535/$23/test1
ERROR: expected isValid() to return true for ftp://go.au:65535/$23/test1/file?action=view
ERROR: expected isValid() to return true for ftp://go.au:65535/$23/test1/file?action=edit&amp;mode=up
ERROR: expected isValid() to return true for ftp://go.au:65535/$23/test1/file
ERROR: expected isValid() to return true for ftp://go.au:65535/$23/t123/file?action=view
ERROR: expected isValid() to return true for ftp://go.au:65535/$23/t123/file?action=edit&amp;mode=up
ERROR: expected isValid() to return true for ftp://go.au:65535/$23/t123/file
ERROR: expected isValid() to return true for ftp://go.au:65535/$23/$23/file?action=view
ERROR: expected isValid() to return true for ftp://go.au:65535/$23/$23/file?action=edit&amp;mode=up
ERROR: expected isValid() to return true for ftp://go.au:65535/$23/$23/file
ERROR: expected isValid() to return true for ftp://go.au:65535/test1/test1?action=view
ERROR: expected isValid() to return true for ftp://go.au:65535/test1/test1?action=edit&amp;mode=up
ERROR: expected isValid() to return true for ftp://go.au:65535/test1/test1
ERROR: expected isValid() to return true for ftp://go.au:65535/test1/t123?action=view
ERROR: expected isValid() to return true for ftp://go.au:65535/test1/t123?action=edit&amp;mode=up
ERROR: expected isValid() to return true for ftp://go.au:65535/test1/t123
ERROR: expected isValid() to return true for ftp://go.au:65535/test1/$23?action=view
ERROR: expected isValid() to return true for ftp://go.au:65535/test1/$23?action=edit&amp;mode=up
ERROR: expected isValid() to return true for ftp://go.au:65535/test1/$23
ERROR: expected isValid() to return true for ftp://go.au:65535/test1/test1?action=view
ERROR: expected isValid() to return true for ftp://go.au:65535/test1/test1?action=edit&amp;mode=up
ERROR: expected isValid() to return true for ftp://go.au:65535/test1/test1
ERROR: expected isValid() to return true for ftp://go.au:65535/test1/test1/file?action=view
ERROR: expected isValid() to return true for ftp://go.au:65535/test1/test1/file?action=edit&amp;mode=up
ERROR: expected isValid() to return true for ftp://go.au:65535/test1/test1/file
ERROR: expected isValid() to return true for ftp://go.au:65535/test1/t123/file?action=view
ERROR: expected isValid() to return true for ftp://go.au:65535/test1/t123/file?action=edit&amp;mode=up
ERROR: expected isValid() to return true for ftp://go.au:65535/test1/t123/file
ERROR: expected isValid() to return true for ftp://go.au:65535/test1/$23/file?action=view
ERROR: expected isValid() to return true for ftp://go.au:65535/test1/$23/file?action=edit&amp;mode=up
ERROR: expected isValid() to return true for ftp://go.au:65535/test1/$23/file
ERROR: expected isValid() to return true for ftp://go.au:65535/test1/file/test1?action=view
ERROR: expected isValid() to return true for ftp://go.au:65535/test1/file/test1?action=edit&amp;mode=up
ERROR: expected isValid() to return true for ftp://go.au:65535/test1/file/test1
ERROR: expected isValid() to return true for ftp://go.au:65535/test1/file/t123?action=view
ERROR: expected isValid() to return true for ftp://go.au:65535/test1/file/t123?action=edit&amp;mode=up
ERROR: expected isValid() to return true for ftp://go.au:65535/test1/file/t123
ERROR: expected isValid() to return true for ftp://go.au:65535/test1/file/$23?action=view
ERROR: expected isValid() to return true for ftp://go.au:65535/test1/file/$23?action=edit&amp;mode=up
ERROR: expected isValid() to return true for ftp://go.au:65535/test1/file/$23
ERROR: expected isValid() to return true for ftp://go.au:65535/test1/file/test1?action=view
ERROR: expected isValid() to return true for ftp://go.au:65535/test1/file/test1?action=edit&amp;mode=up
ERROR: expected isValid() to return true for ftp://go.au:65535/test1/file/test1
ERROR: expected isValid() to return true for ftp://go.au:65535/test1/file/test1/file?action=view
ERROR: expected isValid() to return true for ftp://go.au:65535/test1/file/test1/file?action=edit&amp;mode=up
ERROR: expected isValid() to return true for ftp://go.au:65535/test1/file/test1/file
ERROR: expected isValid() to return true for ftp://go.au:65535/test1/file/t123/file?action=view
ERROR: expected isValid() to return true for ftp://go.au:65535/test1/file/t123/file?action=edit&amp;mode=up
ERROR: expected isValid() to return true for ftp://go.au:65535/test1/file/t123/file
ERROR: expected isValid() to return true for ftp://go.au:65535/test1/file/$23/file?action=view
ERROR: expected isValid() to return true for ftp://go.au:65535/test1/file/$23/file?action=edit&amp;mode=up
ERROR: expected isValid() to return true for ftp://go.au:65535/test1/file/$23/file
ERROR: expected isValid() to return true for ftp://go.au:0/test1/test1?action=view
ERROR: expected isValid() to return true for ftp://go.au:0/test1/test1?action=edit&amp;mode=up
ERROR: expected isValid() to return true for ftp://go.au:0/test1/t123?action=view
ERROR: expected isValid() to return true for ftp://go.au:0/test1/t123?action=edit&amp;mode=up
ERROR: expected isValid() to return true for ftp://go.au:0/test1/$23?action=view
ERROR: expected isValid() to return true for ftp://go.au:0/test1/$23?action=edit&amp;mode=up
ERROR: expected isValid() to return true for ftp://go.au:0/test1/test1?action=view
ERROR: expected isValid() to return true for ftp://go.au:0/test1/test1?action=edit&amp;mode=up
ERROR: expected isValid() to return true for ftp://go.au:0/test1/test1/file?action=view
ERROR: expected isValid() to return true for ftp://go.au:0/test1/test1/file?action=edit&amp;mode=up
ERROR: expected isValid() to return true for ftp://go.au:0/test1/t123/file?action=view
ERROR: expected isValid() to return true for ftp://go.au:0/test1/t123/file?action=edit&amp;mode=up
ERROR: expected isValid() to return true for ftp://go.au:0/test1/$23/file?action=view
ERROR: expected isValid() to return true for ftp://go.au:0/test1/$23/file?action=edit&amp;mode=up
ERROR: expected isValid() to return true for ftp://go.au:0/t123/test1?action=view
ERROR: expected isValid() to return true for ftp://go.au:0/t123/test1?action=edit&amp;mode=up
ERROR: expected isValid() to return true for ftp://go.au:0/t123/t123?action=view
ERROR: expected isValid() to return true for ftp://go.au:0/t123/t123?action=edit&amp;mode=up
ERROR: expected isValid() to return true for ftp://go.au:0/t123/$23?action=view
ERROR: expected isValid() to return true for ftp://go.au:0/t123/$23?action=edit&amp;mode=up
ERROR: expected isValid() to return true for ftp://go.au:0/t123/test1?action=view
ERROR: expected isValid() to return true for ftp://go.au:0/t123/test1?action=edit&amp;mode=up
ERROR: expected isValid() to return true for ftp://go.au:0/t123/test1/file?action=view
ERROR: expected isValid() to return true for ftp://go.au:0/t123/test1/file?action=edit&amp;mode=up
ERROR: expected isValid() to return true for ftp://go.au:0/t123/t123/file?action=view
ERROR: expected isValid() to return true for ftp://go.au:0/t123/t123/file?action=edit&amp;mode=up
ERROR: expected isValid() to return true for ftp://go.au:0/t123/$23/file?action=view
ERROR: expected isValid() to return true for ftp://go.au:0/t123/$23/file?action=edit&amp;mode=up
ERROR: expected isValid() to return true for ftp://go.au:0/$23/test1?action=view
ERROR: expected isValid() to return true for ftp://go.au:0/$23/test1?action=edit&amp;mode=up
ERROR: expected isValid() to return true for ftp://go.au:0/$23/t123?action=view
ERROR: expected isValid() to return true for ftp://go.au:0/$23/t123?action=edit&amp;mode=up
ERROR: expected isValid() to return true for ftp://go.au:0/$23/$23?action=view
ERROR: expected isValid() to return true for ftp://go.au:0/$23/$23?action=edit&amp;mode=up
ERROR: expected isValid() to return true for ftp://go.au:0/$23/test1?action=view
ERROR: expected isValid() to return true for ftp://go.au:0/$23/test1?action=edit&amp;mode=up
ERROR: expected isValid() to return true for ftp://go.au:0/$23/test1/file?action=view
ERROR: expected isValid() to return true for ftp://go.au:0/$23/test1/file?action=edit&amp;mode=up
ERROR: expected isValid() to return true for ftp://go.au:0/$23/t123/file?action=view
ERROR: expected isValid() to return true for ftp://go.au:0/$23/t123/file?action=edit&amp;mode=up
ERROR: expected isValid() to return true for ftp://go.au:0/$23/$23/file?action=view
ERROR: expected isValid() to return true for ftp://go.au:0/$23/$23/file?action=edit&amp;mode=up
ERROR: expected isValid() to return true for ftp://go.au:0/test1/test1?action=view
ERROR: expected isValid() to return true for ftp://go.au:0/test1/test1?action=edit&amp;mode=up
ERROR: expected isValid() to return true for ftp://go.au:0/test1/t123?action=view
ERROR: expected isValid() to return true for ftp://go.au:0/test1/t123?action=edit&amp;mode=up
ERROR: expected isValid() to return true for ftp://go.au:0/test1/$23?action=view
ERROR: expected isValid() to return true for ftp://go.au:0/test1/$23?action=edit&amp;mode=up
ERROR: expected isValid() to return true for ftp://go.au:0/test1/test1?action=view
ERROR: expected isValid() to return true for ftp://go.au:0/test1/test1?action=edit&amp;mode=up
ERROR: expected isValid() to return true for ftp://go.au:0/test1/test1/file?action=view
ERROR: expected isValid() to return true for ftp://go.au:0/test1/test1/file?action=edit&amp;mode=up
ERROR: expected isValid() to return true for ftp://go.au:0/test1/t123/file?action=view
ERROR: expected isValid() to return true for ftp://go.au:0/test1/t123/file?action=edit&amp;mode=up
ERROR: expected isValid() to return true for ftp://go.au:0/test1/$23/file?action=view
ERROR: expected isValid() to return true for ftp://go.au:0/test1/$23/file?action=edit&amp;mode=up
ERROR: expected isValid() to return true for ftp://go.au:0/test1/file/test1?action=view
ERROR: expected isValid() to return true for ftp://go.au:0/test1/file/test1?action=edit&amp;mode=up
ERROR: expected isValid() to return true for ftp://go.au:0/test1/file/t123?action=view
ERROR: expected isValid() to return true for ftp://go.au:0/test1/file/t123?action=edit&amp;mode=up
ERROR: expected isValid() to return true for ftp://go.au:0/test1/file/$23?action=view
ERROR: expected isValid() to return true for ftp://go.au:0/test1/file/$23?action=edit&amp;mode=up
ERROR: expected isValid() to return true for ftp://go.au:0/test1/file/test1?action=view
ERROR: expected isValid() to return true for ftp://go.au:0/test1/file/test1?action=edit&amp;mode=up
ERROR: expected isValid() to return true for ftp://go.au:0/test1/file/test1/file?action=view
ERROR: expected isValid() to return true for ftp://go.au:0/test1/file/test1/file?action=edit&amp;mode=up
ERROR: expected isValid() to return true for ftp://go.au:0/test1/file/t123/file?action=view
ERROR: expected isValid() to return true for ftp://go.au:0/test1/file/t123/file?action=edit&amp;mode=up
ERROR: expected isValid() to return true for ftp://go.au:0/test1/file/$23/file?action=view
ERROR: expected isValid() to return true for ftp://go.au:0/test1/file/$23/file?action=edit&amp;mode=up
ERROR: expected isValid() to return true for ftp://go.au/test1/test1?action=view
ERROR: expected isValid() to return true for ftp://go.au/test1/test1?action=edit&amp;mode=up
ERROR: expected isValid() to return true for ftp://go.au/test1/t123?action=view
ERROR: expected isValid() to return true for ftp://go.au/test1/t123?action=edit&amp;mode=up
ERROR: expected isValid() to return true for ftp://go.au/test1/$23?action=view
ERROR: expected isValid() to return true for ftp://go.au/test1/$23?action=edit&amp;mode=up
ERROR: expected isValid() to return true for ftp://go.au/test1/test1?action=view
ERROR: expected isValid() to return true for ftp://go.au/test1/test1?action=edit&amp;mode=up
ERROR: expected isValid() to return true for ftp://go.au/test1/test1/file?action=view
ERROR: expected isValid() to return true for ftp://go.au/test1/test1/file?action=edit&amp;mode=up
ERROR: expected isValid() to return true for ftp://go.au/test1/t123/file?action=view
ERROR: expected isValid() to return true for ftp://go.au/test1/t123/file?action=edit&amp;mode=up
ERROR: expected isValid() to return true for ftp://go.au/test1/$23/file?action=view
ERROR: expected isValid() to return true for ftp://go.au/test1/$23/file?action=edit&amp;mode=up
ERROR: expected isValid() to return true for ftp://go.au/t123/test1?action=view
ERROR: expected isValid() to return true for ftp://go.au/t123/test1?action=edit&amp;mode=up
ERROR: expected isValid() to return true for ftp://go.au/t123/t123?action=view
ERROR: expected isValid() to return true for ftp://go.au/t123/t123?action=edit&amp;mode=up
ERROR: expected isValid() to return true for ftp://go.au/t123/$23?action=view
ERROR: expected isValid() to return true for ftp://go.au/t123/$23?action=edit&amp;mode=up
ERROR: expected isValid() to return true for ftp://go.au/t123/test1?action=view
ERROR: expected isValid() to return true for ftp://go.au/t123/test1?action=edit&amp;mode=up
ERROR: expected isValid() to return true for ftp://go.au/t123/test1/file?action=view
ERROR: expected isValid() to return true for ftp://go.au/t123/test1/file?action=edit&amp;mode=up
ERROR: expected isValid() to return true for ftp://go.au/t123/t123/file?action=view
ERROR: expected isValid() to return true for ftp://go.au/t123/t123/file?action=edit&amp;mode=up
ERROR: expected isValid() to return true for ftp://go.au/t123/$23/file?action=view
ERROR: expected isValid() to return true for ftp://go.au/t123/$23/file?action=edit&amp;mode=up
ERROR: expected isValid() to return true for ftp://go.au/$23/test1?action=view
ERROR: expected isValid() to return true for ftp://go.au/$23/test1?action=edit&amp;mode=up
ERROR: expected isValid() to return true for ftp://go.au/$23/t123?action=view
ERROR: expected isValid() to return true for ftp://go.au/$23/t123?action=edit&amp;mode=up
ERROR: expected isValid() to return true for ftp://go.au/$23/$23?action=view
ERROR: expected isValid() to return true for ftp://go.au/$23/$23?action=edit&amp;mode=up
ERROR: expected isValid() to return true for ftp://go.au/$23/test1?action=view
ERROR: expected isValid() to return true for ftp://go.au/$23/test1?action=edit&amp;mode=up
ERROR: expected isValid() to return true for ftp://go.au/$23/test1/file?action=view
ERROR: expected isValid() to return true for ftp://go.au/$23/test1/file?action=edit&amp;mode=up
ERROR: expected isValid() to return true for ftp://go.au/$23/t123/file?action=view
ERROR: expected isValid() to return true for ftp://go.au/$23/t123/file?action=edit&amp;mode=up
ERROR: expected isValid() to return true for ftp://go.au/$23/$23/file?action=view
ERROR: expected isValid() to return true for ftp://go.au/$23/$23/file?action=edit&amp;mode=up
ERROR: expected isValid() to return true for ftp://go.au/test1/test1?action=view
ERROR: expected isValid() to return true for ftp://go.au/test1/test1?action=edit&amp;mode=up
ERROR: expected isValid() to return true for ftp://go.au/test1/t123?action=view
ERROR: expected isValid() to return true for ftp://go.au/test1/t123?action=edit&amp;mode=up
ERROR: expected isValid() to return true for ftp://go.au/test1/$23?action=view
ERROR: expected isValid() to return true for ftp://go.au/test1/$23?action=edit&amp;mode=up
ERROR: expected isValid() to return true for ftp://go.au/test1/test1?action=view
ERROR: expected isValid() to return true for ftp://go.au/test1/test1?action=edit&amp;mode=up
ERROR: expected isValid() to return true for ftp://go.au/test1/test1/file?action=view
ERROR: expected isValid() to return true for ftp://go.au/test1/test1/file?action=edit&amp;mode=up
ERROR: expected isValid() to return true for ftp://go.au/test1/t123/file?action=view
ERROR: expected isValid() to return true for ftp://go.au/test1/t123/file?action=edit&amp;mode=up
ERROR: expected isValid() to return true for ftp://go.au/test1/$23/file?action=view
ERROR: expected isValid() to return true for ftp://go.au/test1/$23/file?action=edit&amp;mode=up
ERROR: expected isValid() to return true for ftp://go.au/test1/file/test1?action=view
ERROR: expected isValid() to return true for ftp://go.au/test1/file/test1?action=edit&amp;mode=up
ERROR: expected isValid() to return true for ftp://go.au/test1/file/t123?action=view
ERROR: expected isValid() to return true for ftp://go.au/test1/file/t123?action=edit&amp;mode=up
ERROR: expected isValid() to return true for ftp://go.au/test1/file/$23?action=view
ERROR: expected isValid() to return true for ftp://go.au/test1/file/$23?action=edit&amp;mode=up
ERROR: expected isValid() to return true for ftp://go.au/test1/file/test1?action=view
ERROR: expected isValid() to return true for ftp://go.au/test1/file/test1?action=edit&amp;mode=up
ERROR: expected isValid() to return true for ftp://go.au/test1/file/test1/file?action=view
ERROR: expected isValid() to return true for ftp://go.au/test1/file/test1/file?action=edit&amp;mode=up
ERROR: expected isValid() to return true for ftp://go.au/test1/file/t123/file?action=view
ERROR: expected isValid() to return true for ftp://go.au/test1/file/t123/file?action=edit&amp;mode=up
ERROR: expected isValid() to return true for ftp://go.au/test1/file/$23/file?action=view
ERROR: expected isValid() to return true for ftp://go.au/test1/file/$23/file?action=edit&amp;mode=up
ERROR: expected isValid() to return true for ftp://go.au:65636/test1/test1?action=view
ERROR: expected isValid() to return true for ftp://go.au:65636/test1/test1?action=edit&amp;mode=up
ERROR: expected isValid() to return true for ftp://go.au:65636/test1/test1
ERROR: expected isValid() to return true for ftp://go.au:65636/test1/t123?action=view
ERROR: expected isValid() to return true for ftp://go.au:65636/test1/t123?action=edit&amp;mode=up
ERROR: expected isValid() to return true for ftp://go.au:65636/test1/t123
ERROR: expected isValid() to return true for ftp://go.au:65636/test1/$23?action=view
ERROR: expected isValid() to return true for ftp://go.au:65636/test1/$23?action=edit&amp;mode=up
ERROR: expected isValid() to return true for ftp://go.au:65636/test1/$23
ERROR: expected isValid() to return true for ftp://go.au:65636/test1/test1?action=view
ERROR: expected isValid() to return true for ftp://go.au:65636/test1/test1?action=edit&amp;mode=up
ERROR: expected isValid() to return true for ftp://go.au:65636/test1/test1
ERROR: expected isValid() to return true for ftp://go.au:65636/test1/test1/file?action=view
ERROR: expected isValid() to return true for ftp://go.au:65636/test1/test1/file?action=edit&amp;mode=up
ERROR: expected isValid() to return true for ftp://go.au:65636/test1/test1/file
ERROR: expected isValid() to return true for ftp://go.au:65636/test1/t123/file?action=view
ERROR: expected isValid() to return true for ftp://go.au:65636/test1/t123/file?action=edit&amp;mode=up
ERROR: expected isValid() to return true for ftp://go.au:65636/test1/t123/file
ERROR: expected isValid() to return true for ftp://go.au:65636/test1/$23/file?action=view
ERROR: expected isValid() to return true for ftp://go.au:65636/test1/$23/file?action=edit&amp;mode=up
ERROR: expected isValid() to return true for ftp://go.au:65636/test1/$23/file
ERROR: expected isValid() to return true for ftp://go.au:65636/t123/test1?action=view
ERROR: expected isValid() to return true for ftp://go.au:65636/t123/test1?action=edit&amp;mode=up
ERROR: expected isValid() to return true for ftp://go.au:65636/t123/test1
ERROR: expected isValid() to return true for ftp://go.au:65636/t123/t123?action=view
ERROR: expected isValid() to return true for ftp://go.au:65636/t123/t123?action=edit&amp;mode=up
ERROR: expected isValid() to return true for ftp://go.au:65636/t123/t123
ERROR: expected isValid() to return true for ftp://go.au:65636/t123/$23?action=view
ERROR: expected isValid() to return true for ftp://go.au:65636/t123/$23?action=edit&amp;mode=up
ERROR: expected isValid() to return true for ftp://go.au:65636/t123/$23
ERROR: expected isValid() to return true for ftp://go.au:65636/t123/test1?action=view
ERROR: expected isValid() to return true for ftp://go.au:65636/t123/test1?action=edit&amp;mode=up
ERROR: expected isValid() to return true for ftp://go.au:65636/t123/test1
ERROR: expected isValid() to return true for ftp://go.au:65636/t123/test1/file?action=view
ERROR: expected isValid() to return true for ftp://go.au:65636/t123/test1/file?action=edit&amp;mode=up
ERROR: expected isValid() to return true for ftp://go.au:65636/t123/test1/file
ERROR: expected isValid() to return true for ftp://go.au:65636/t123/t123/file?action=view
ERROR: expected isValid() to return true for ftp://go.au:65636/t123/t123/file?action=edit&amp;mode=up
ERROR: expected isValid() to return true for ftp://go.au:65636/t123/t123/file
ERROR: expected isValid() to return true for ftp://go.au:65636/t123/$23/file?action=view
ERROR: expected isValid() to return true for ftp://go.au:65636/t123/$23/file?action=edit&amp;mode=up
ERROR: expected isValid() to return true for ftp://go.au:65636/t123/$23/file
ERROR: expected isValid() to return true for ftp://go.au:65636/$23/test1?action=view
ERROR: expected isValid() to return true for ftp://go.au:65636/$23/test1?action=edit&amp;mode=up
ERROR: expected isValid() to return true for ftp://go.au:65636/$23/test1
ERROR: expected isValid() to return true for ftp://go.au:65636/$23/t123?action=view
ERROR: expected isValid() to return true for ftp://go.au:65636/$23/t123?action=edit&amp;mode=up
ERROR: expected isValid() to return true for ftp://go.au:65636/$23/t123
ERROR: expected isValid() to return true for ftp://go.au:65636/$23/$23?action=view
ERROR: expected isValid() to return true for ftp://go.au:65636/$23/$23?action=edit&amp;mode=up
ERROR: expected isValid() to return true for ftp://go.au:65636/$23/$23
ERROR: expected isValid() to return true for ftp://go.au:65636/$23/test1?action=view
ERROR: expected isValid() to return true for ftp://go.au:65636/$23/test1?action=edit&amp;mode=up
ERROR: expected isValid() to return true for ftp://go.au:65636/$23/test1
ERROR: expected isValid() to return true for ftp://go.au:65636/$23/test1/file?action=view
ERROR: expected isValid() to return true for ftp://go.au:65636/$23/test1/file?action=edit&amp;mode=up
ERROR: expected isValid() to return true for ftp://go.au:65636/$23/test1/file
ERROR: expected isValid() to return true for ftp://go.au:65636/$23/t123/file?action=view
ERROR: expected isValid() to return true for ftp://go.au:65636/$23/t123/file?action=edit&amp;mode=up
ERROR: expected isValid() to return true for ftp://go.au:65636/$23/t123/file
ERROR: expected isValid() to return true for ftp://go.au:65636/$23/$23/file?action=view
ERROR: expected isValid() to return true for ftp://go.au:65636/$23/$23/file?action=edit&amp;mode=up
ERROR: expected isValid() to return true for ftp://go.au:65636/$23/$23/file
ERROR: expected isValid() to return true for ftp://go.au:65636/test1/test1?action=view
ERROR: expected isValid() to return true for ftp://go.au:65636/test1/test1?action=edit&amp;mode=up
ERROR: expected isValid() to return true for ftp://go.au:65636/test1/test1
ERROR: expected isValid() to return true for ftp://go.au:65636/test1/t123?action=view
ERROR: expected isValid() to return true for ftp://go.au:65636/test1/t123?action=edit&amp;mode=up
ERROR: expected isValid() to return true for ftp://go.au:65636/test1/t123
ERROR: expected isValid() to return true for ftp://go.au:65636/test1/$23?action=view
ERROR: expected isValid() to return true for ftp://go.au:65636/test1/$23?action=edit&amp;mode=up
ERROR: expected isValid() to return true for ftp://go.au:65636/test1/$23
ERROR: expected isValid() to return true for ftp://go.au:65636/test1/test1?action=view
ERROR: expected isValid() to return true for ftp://go.au:65636/test1/test1?action=edit&amp;mode=up
ERROR: expected isValid() to return true for ftp://go.au:65636/test1/test1
ERROR: expected isValid() to return true for ftp://go.au:65636/test1/test1/file?action=view
ERROR: expected isValid() to return true for ftp://go.au:65636/test1/test1/file?action=edit&amp;mode=up
ERROR: expected isValid() to return true for ftp://go.au:65636/test1/test1/file
ERROR: expected isValid() to return true for ftp://go.au:65636/test1/t123/file?action=view
ERROR: expected isValid() to return true for ftp://go.au:65636/test1/t123/file?action=edit&amp;mode=up
ERROR: expected isValid() to return true for ftp://go.au:65636/test1/t123/file
ERROR: expected isValid() to return true for ftp://go.au:65636/test1/$23/file?action=view
ERROR: expected isValid() to return true for ftp://go.au:65636/test1/$23/file?action=edit&amp;mode=up
ERROR: expected isValid() to return true for ftp://go.au:65636/test1/$23/file
ERROR: expected isValid() to return true for ftp://go.au:65636/test1/file/test1?action=view
ERROR: expected isValid() to return true for ftp://go.au:65636/test1/file/test1?action=edit&amp;mode=up
ERROR: expected isValid() to return true for ftp://go.au:65636/test1/file/test1
ERROR: expected isValid() to return true for ftp://go.au:65636/test1/file/t123?action=view
ERROR: expected isValid() to return true for ftp://go.au:65636/test1/file/t123?action=edit&amp;mode=up
ERROR: expected isValid() to return true for ftp://go.au:65636/test1/file/t123
ERROR: expected isValid() to return true for ftp://go.au:65636/test1/file/$23?action=view
ERROR: expected isValid() to return true for ftp://go.au:65636/test1/file/$23?action=edit&amp;mode=up
ERROR: expected isValid() to return true for ftp://go.au:65636/test1/file/$23
ERROR: expected isValid() to return true for ftp://go.au:65636/test1/file/test1?action=view
ERROR: expected isValid() to return true for ftp://go.au:65636/test1/file/test1?action=edit&amp;mode=up
ERROR: expected isValid() to return true for ftp://go.au:65636/test1/file/test1
ERROR: expected isValid() to return true for ftp://go.au:65636/test1/file/test1/file?action=view
ERROR: expected isValid() to return true for ftp://go.au:65636/test1/file/test1/file?action=edit&amp;mode=up
ERROR: expected isValid() to return true for ftp://go.au:65636/test1/file/test1/file
ERROR: expected isValid() to return true for ftp://go.au:65636/test1/file/t123/file?action=view
ERROR: expected isValid() to return true for ftp://go.au:65636/test1/file/t123/file?action=edit&amp;mode=up
ERROR: expected isValid() to return true for ftp://go.au:65636/test1/file/t123/file
ERROR: expected isValid() to return true for ftp://go.au:65636/test1/file/$23/file?action=view
ERROR: expected isValid() to return true for ftp://go.au:65636/test1/file/$23/file?action=edit&amp;mode=up
ERROR: expected isValid() to return true for ftp://go.au:65636/test1/file/$23/file
ERROR: expected isValid() to return true for ftp://0.0.0.0:80/test1/test1?action=view
ERROR: expected isValid() to return true for ftp://0.0.0.0:80/test1/test1?action=edit&amp;mode=up
ERROR: expected isValid() to return true for ftp://0.0.0.0:80/test1/t123?action=view
ERROR: expected isValid() to return true for ftp://0.0.0.0:80/test1/t123?action=edit&amp;mode=up
ERROR: expected isValid() to return true for ftp://0.0.0.0:80/test1/$23?action=view
ERROR: expected isValid() to return true for ftp://0.0.0.0:80/test1/$23?action=edit&amp;mode=up
ERROR: expected isValid() to return true for ftp://0.0.0.0:80/test1/test1?action=view
ERROR: expected isValid() to return true for ftp://0.0.0.0:80/test1/test1?action=edit&amp;mode=up
ERROR: expected isValid() to return true for ftp://0.0.0.0:80/test1/test1/file?action=view
ERROR: expected isValid() to return true for ftp://0.0.0.0:80/test1/test1/file?action=edit&amp;mode=up
ERROR: expected isValid() to return true for ftp://0.0.0.0:80/test1/t123/file?action=view
ERROR: expected isValid() to return true for ftp://0.0.0.0:80/test1/t123/file?action=edit&amp;mode=up
ERROR: expected isValid() to return true for ftp://0.0.0.0:80/test1/$23/file?action=view
ERROR: expected isValid() to return true for ftp://0.0.0.0:80/test1/$23/file?action=edit&amp;mode=up
ERROR: expected isValid() to return true for ftp://0.0.0.0:80/t123/test1?action=view
ERROR: expected isValid() to return true for ftp://0.0.0.0:80/t123/test1?action=edit&amp;mode=up
ERROR: expected isValid() to return true for ftp://0.0.0.0:80/t123/t123?action=view
ERROR: expected isValid() to return true for ftp://0.0.0.0:80/t123/t123?action=edit&amp;mode=up
ERROR: expected isValid() to return true for ftp://0.0.0.0:80/t123/$23?action=view
ERROR: expected isValid() to return true for ftp://0.0.0.0:80/t123/$23?action=edit&amp;mode=up
ERROR: expected isValid() to return true for ftp://0.0.0.0:80/t123/test1?action=view
ERROR: expected isValid() to return true for ftp://0.0.0.0:80/t123/test1?action=edit&amp;mode=up
ERROR: expected isValid() to return true for ftp://0.0.0.0:80/t123/test1/file?action=view
ERROR: expected isValid() to return true for ftp://0.0.0.0:80/t123/test1/file?action=edit&amp;mode=up
ERROR: expected isValid() to return true for ftp://0.0.0.0:80/t123/t123/file?action=view
ERROR: expected isValid() to return true for ftp://0.0.0.0:80/t123/t123/file?action=edit&amp;mode=up
ERROR: expected isValid() to return true for ftp://0.0.0.0:80/t123/$23/file?action=view
ERROR: expected isValid() to return true for ftp://0.0.0.0:80/t123/$23/file?action=edit&amp;mode=up
ERROR: expected isValid() to return true for ftp://0.0.0.0:80/$23/test1?action=view
ERROR: expected isValid() to return true for ftp://0.0.0.0:80/$23/test1?action=edit&amp;mode=up
ERROR: expected isValid() to return true for ftp://0.0.0.0:80/$23/t123?action=view
ERROR: expected isValid() to return true for ftp://0.0.0.0:80/$23/t123?action=edit&amp;mode=up
ERROR: expected isValid() to return true for ftp://0.0.0.0:80/$23/$23?action=view
ERROR: expected isValid() to return true for ftp://0.0.0.0:80/$23/$23?action=edit&amp;mode=up
ERROR: expected isValid() to return true for ftp://0.0.0.0:80/$23/test1?action=view
ERROR: expected isValid() to return true for ftp://0.0.0.0:80/$23/test1?action=edit&amp;mode=up
ERROR: expected isValid() to return true for ftp://0.0.0.0:80/$23/test1/file?action=view
ERROR: expected isValid() to return true for ftp://0.0.0.0:80/$23/test1/file?action=edit&amp;mode=up
ERROR: expected isValid() to return true for ftp://0.0.0.0:80/$23/t123/file?action=view
ERROR: expected isValid() to return true for ftp://0.0.0.0:80/$23/t123/file?action=edit&amp;mode=up
ERROR: expected isValid() to return true for ftp://0.0.0.0:80/$23/$23/file?action=view
ERROR: expected isValid() to return true for ftp://0.0.0.0:80/$23/$23/file?action=edit&amp;mode=up
ERROR: expected isValid() to return true for ftp://0.0.0.0:80/test1/test1?action=view
ERROR: expected isValid() to return true for ftp://0.0.0.0:80/test1/test1?action=edit&amp;mode=up
ERROR: expected isValid() to return true for ftp://0.0.0.0:80/test1/t123?action=view
ERROR: expected isValid() to return true for ftp://0.0.0.0:80/test1/t123?action=edit&amp;mode=up
ERROR: expected isValid() to return true for ftp://0.0.0.0:80/test1/$23?action=view
ERROR: expected isValid() to return true for ftp://0.0.0.0:80/test1/$23?action=edit&amp;mode=up
ERROR: expected isValid() to return true for ftp://0.0.0.0:80/test1/test1?action=view
ERROR: expected isValid() to return true for ftp://0.0.0.0:80/test1/test1?action=edit&amp;mode=up
ERROR: expected isValid() to return true for ftp://0.0.0.0:80/test1/test1/file?action=view
ERROR: expected isValid() to return true for ftp://0.0.0.0:80/test1/test1/file?action=edit&amp;mode=up
ERROR: expected isValid() to return true for ftp://0.0.0.0:80/test1/t123/file?action=view
ERROR: expected isValid() to return true for ftp://0.0.0.0:80/test1/t123/file?action=edit&amp;mode=up
ERROR: expected isValid() to return true for ftp://0.0.0.0:80/test1/$23/file?action=view
ERROR: expected isValid() to return true for ftp://0.0.0.0:80/test1/$23/file?action=edit&amp;mode=up
ERROR: expected isValid() to return true for ftp://0.0.0.0:80/test1/file/test1?action=view
ERROR: expected isValid() to return true for ftp://0.0.0.0:80/test1/file/test1?action=edit&amp;mode=up
ERROR: expected isValid() to return true for ftp://0.0.0.0:80/test1/file/t123?action=view
ERROR: expected isValid() to return true for ftp://0.0.0.0:80/test1/file/t123?action=edit&amp;mode=up
ERROR: expected isValid() to return true for ftp://0.0.0.0:80/test1/file/$23?action=view
ERROR: expected isValid() to return true for ftp://0.0.0.0:80/test1/file/$23?action=edit&amp;mode=up
ERROR: expected isValid() to return true for ftp://0.0.0.0:80/test1/file/test1?action=view
ERROR: expected isValid() to return true for ftp://0.0.0.0:80/test1/file/test1?action=edit&amp;mode=up
ERROR: expected isValid() to return true for ftp://0.0.0.0:80/test1/file/test1/file?action=view
ERROR: expected isValid() to return true for ftp://0.0.0.0:80/test1/file/test1/file?action=edit&amp;mode=up
ERROR: expected isValid() to return true for ftp://0.0.0.0:80/test1/file/t123/file?action=view
ERROR: expected isValid() to return true for ftp://0.0.0.0:80/test1/file/t123/file?action=edit&amp;mode=up
ERROR: expected isValid() to return true for ftp://0.0.0.0:80/test1/file/$23/file?action=view
ERROR: expected isValid() to return true for ftp://0.0.0.0:80/test1/file/$23/file?action=edit&amp;mode=up
ERROR: expected isValid() to return true for ftp://0.0.0.0:65535/test1/test1?action=view
ERROR: expected isValid() to return true for ftp://0.0.0.0:65535/test1/test1?action=edit&amp;mode=up
ERROR: expected isValid() to return true for ftp://0.0.0.0:65535/test1/test1
ERROR: expected isValid() to return true for ftp://0.0.0.0:65535/test1/t123?action=view
ERROR: expected isValid() to return true for ftp://0.0.0.0:65535/test1/t123?action=edit&amp;mode=up
ERROR: expected isValid() to return true for ftp://0.0.0.0:65535/test1/t123
ERROR: expected isValid() to return true for ftp://0.0.0.0:65535/test1/$23?action=view
ERROR: expected isValid() to return true for ftp://0.0.0.0:65535/test1/$23?action=edit&amp;mode=up
ERROR: expected isValid() to return true for ftp://0.0.0.0:65535/test1/$23
ERROR: expected isValid() to return true for ftp://0.0.0.0:65535/test1/test1?action=view
ERROR: expected isValid() to return true for ftp://0.0.0.0:65535/test1/test1?action=edit&amp;mode=up
ERROR: expected isValid() to return true for ftp://0.0.0.0:65535/test1/test1
ERROR: expected isValid() to return true for ftp://0.0.0.0:65535/test1/test1/file?action=view
ERROR: expected isValid() to return true for ftp://0.0.0.0:65535/test1/test1/file?action=edit&amp;mode=up
ERROR: expected isValid() to return true for ftp://0.0.0.0:65535/test1/test1/file
ERROR: expected isValid() to return true for ftp://0.0.0.0:65535/test1/t123/file?action=view
ERROR: expected isValid() to return true for ftp://0.0.0.0:65535/test1/t123/file?action=edit&amp;mode=up
ERROR: expected isValid() to return true for ftp://0.0.0.0:65535/test1/t123/file
ERROR: expected isValid() to return true for ftp://0.0.0.0:65535/test1/$23/file?action=view
ERROR: expected isValid() to return true for ftp://0.0.0.0:65535/test1/$23/file?action=edit&amp;mode=up
ERROR: expected isValid() to return true for ftp://0.0.0.0:65535/test1/$23/file
ERROR: expected isValid() to return true for ftp://0.0.0.0:65535/t123/test1?action=view
ERROR: expected isValid() to return true for ftp://0.0.0.0:65535/t123/test1?action=edit&amp;mode=up
ERROR: expected isValid() to return true for ftp://0.0.0.0:65535/t123/test1
ERROR: expected isValid() to return true for ftp://0.0.0.0:65535/t123/t123?action=view
ERROR: expected isValid() to return true for ftp://0.0.0.0:65535/t123/t123?action=edit&amp;mode=up
ERROR: expected isValid() to return true for ftp://0.0.0.0:65535/t123/t123
ERROR: expected isValid() to return true for ftp://0.0.0.0:65535/t123/$23?action=view
ERROR: expected isValid() to return true for ftp://0.0.0.0:65535/t123/$23?action=edit&amp;mode=up
ERROR: expected isValid() to return true for ftp://0.0.0.0:65535/t123/$23
ERROR: expected isValid() to return true for ftp://0.0.0.0:65535/t123/test1?action=view
ERROR: expected isValid() to return true for ftp://0.0.0.0:65535/t123/test1?action=edit&amp;mode=up
ERROR: expected isValid() to return true for ftp://0.0.0.0:65535/t123/test1
ERROR: expected isValid() to return true for ftp://0.0.0.0:65535/t123/test1/file?action=view
ERROR: expected isValid() to return true for ftp://0.0.0.0:65535/t123/test1/file?action=edit&amp;mode=up
ERROR: expected isValid() to return true for ftp://0.0.0.0:65535/t123/test1/file
ERROR: expected isValid() to return true for ftp://0.0.0.0:65535/t123/t123/file?action=view
ERROR: expected isValid() to return true for ftp://0.0.0.0:65535/t123/t123/file?action=edit&amp;mode=up
ERROR: expected isValid() to return true for ftp://0.0.0.0:65535/t123/t123/file
ERROR: expected isValid() to return true for ftp://0.0.0.0:65535/t123/$23/file?action=view
ERROR: expected isValid() to return true for ftp://0.0.0.0:65535/t123/$23/file?action=edit&amp;mode=up
ERROR: expected isValid() to return true for ftp://0.0.0.0:65535/t123/$23/file
ERROR: expected isValid() to return true for ftp://0.0.0.0:65535/$23/test1?action=view
ERROR: expected isValid() to return true for ftp://0.0.0.0:65535/$23/test1?action=edit&amp;mode=up
ERROR: expected isValid() to return true for ftp://0.0.0.0:65535/$23/test1
ERROR: expected isValid() to return true for ftp://0.0.0.0:65535/$23/t123?action=view
ERROR: expected isValid() to return true for ftp://0.0.0.0:65535/$23/t123?action=edit&amp;mode=up
ERROR: expected isValid() to return true for ftp://0.0.0.0:65535/$23/t123
ERROR: expected isValid() to return true for ftp://0.0.0.0:65535/$23/$23?action=view
ERROR: expected isValid() to return true for ftp://0.0.0.0:65535/$23/$23?action=edit&amp;mode=up
ERROR: expected isValid() to return true for ftp://0.0.0.0:65535/$23/$23
ERROR: expected isValid() to return true for ftp://0.0.0.0:65535/$23/test1?action=view
ERROR: expected isValid() to return true for ftp://0.0.0.0:65535/$23/test1?action=edit&amp;mode=up
ERROR: expected isValid() to return true for ftp://0.0.0.0:65535/$23/test1
ERROR: expected isValid() to return true for ftp://0.0.0.0:65535/$23/test1/file?action=view
ERROR: expected isValid() to return true for ftp://0.0.0.0:65535/$23/test1/file?action=edit&amp;mode=up
ERROR: expected isValid() to return true for ftp://0.0.0.0:65535/$23/test1/file
ERROR: expected isValid() to return true for ftp://0.0.0.0:65535/$23/t123/file?action=view
ERROR: expected isValid() to return true for ftp://0.0.0.0:65535/$23/t123/file?action=edit&amp;mode=up
ERROR: expected isValid() to return true for ftp://0.0.0.0:65535/$23/t123/file
ERROR: expected isValid() to return true for ftp://0.0.0.0:65535/$23/$23/file?action=view
ERROR: expected isValid() to return true for ftp://0.0.0.0:65535/$23/$23/file?action=edit&amp;mode=up
ERROR: expected isValid() to return true for ftp://0.0.0.0:65535/$23/$23/file
ERROR: expected isValid() to return true for ftp://0.0.0.0:65535/test1/test1?action=view
ERROR: expected isValid() to return true for ftp://0.0.0.0:65535/test1/test1?action=edit&amp;mode=up
ERROR: expected isValid() to return true for ftp://0.0.0.0:65535/test1/test1
ERROR: expected isValid() to return true for ftp://0.0.0.0:65535/test1/t123?action=view
ERROR: expected isValid() to return true for ftp://0.0.0.0:65535/test1/t123?action=edit&amp;mode=up
ERROR: expected isValid() to return true for ftp://0.0.0.0:65535/test1/t123
ERROR: expected isValid() to return true for ftp://0.0.0.0:65535/test1/$23?action=view
ERROR: expected isValid() to return true for ftp://0.0.0.0:65535/test1/$23?action=edit&amp;mode=up
ERROR: expected isValid() to return true for ftp://0.0.0.0:65535/test1/$23
ERROR: expected isValid() to return true for ftp://0.0.0.0:65535/test1/test1?action=view
ERROR: expected isValid() to return true for ftp://0.0.0.0:65535/test1/test1?action=edit&amp;mode=up
ERROR: expected isValid() to return true for ftp://0.0.0.0:65535/test1/test1
ERROR: expected isValid() to return true for ftp://0.0.0.0:65535/test1/test1/file?action=view
ERROR: expected isValid() to return true for ftp://0.0.0.0:65535/test1/test1/file?action=edit&amp;mode=up
ERROR: expected isValid() to return true for ftp://0.0.0.0:65535/test1/test1/file
ERROR: expected isValid() to return true for ftp://0.0.0.0:65535/test1/t123/file?action=view
ERROR: expected isValid() to return true for ftp://0.0.0.0:65535/test1/t123/file?action=edit&amp;mode=up
ERROR: expected isValid() to return true for ftp://0.0.0.0:65535/test1/t123/file
ERROR: expected isValid() to return true for ftp://0.0.0.0:65535/test1/$23/file?action=view
ERROR: expected isValid() to return true for ftp://0.0.0.0:65535/test1/$23/file?action=edit&amp;mode=up
ERROR: expected isValid() to return true for ftp://0.0.0.0:65535/test1/$23/file
ERROR: expected isValid() to return true for ftp://0.0.0.0:65535/test1/file/test1?action=view
ERROR: expected isValid() to return true for ftp://0.0.0.0:65535/test1/file/test1?action=edit&amp;mode=up
ERROR: expected isValid() to return true for ftp://0.0.0.0:65535/test1/file/test1
ERROR: expected isValid() to return true for ftp://0.0.0.0:65535/test1/file/t123?action=view
ERROR: expected isValid() to return true for ftp://0.0.0.0:65535/test1/file/t123?action=edit&amp;mode=up
ERROR: expected isValid() to return true for ftp://0.0.0.0:65535/test1/file/t123
ERROR: expected isValid() to return true for ftp://0.0.0.0:65535/test1/file/$23?action=view
ERROR: expected isValid() to return true for ftp://0.0.0.0:65535/test1/file/$23?action=edit&amp;mode=up
ERROR: expected isValid() to return true for ftp://0.0.0.0:65535/test1/file/$23
ERROR: expected isValid() to return true for ftp://0.0.0.0:65535/test1/file/test1?action=view
ERROR: expected isValid() to return true for ftp://0.0.0.0:65535/test1/file/test1?action=edit&amp;mode=up
ERROR: expected isValid() to return true for ftp://0.0.0.0:65535/test1/file/test1
ERROR: expected isValid() to return true for ftp://0.0.0.0:65535/test1/file/test1/file?action=view
ERROR: expected isValid() to return true for ftp://0.0.0.0:65535/test1/file/test1/file?action=edit&amp;mode=up
ERROR: expected isValid() to return true for ftp://0.0.0.0:65535/test1/file/test1/file
ERROR: expected isValid() to return true for ftp://0.0.0.0:65535/test1/file/t123/file?action=view
ERROR: expected isValid() to return true for ftp://0.0.0.0:65535/test1/file/t123/file?action=edit&amp;mode=up
ERROR: expected isValid() to return true for ftp://0.0.0.0:65535/test1/file/t123/file
ERROR: expected isValid() to return true for ftp://0.0.0.0:65535/test1/file/$23/file?action=view
ERROR: expected isValid() to return true for ftp://0.0.0.0:65535/test1/file/$23/file?action=edit&amp;mode=up
ERROR: expected isValid() to return true for ftp://0.0.0.0:65535/test1/file/$23/file
ERROR: expected isValid() to return true for ftp://0.0.0.0:0/test1/test1?action=view
ERROR: expected isValid() to return true for ftp://0.0.0.0:0/test1/test1?action=edit&amp;mode=up
ERROR: expected isValid() to return true for ftp://0.0.0.0:0/test1/t123?action=view
ERROR: expected isValid() to return true for ftp://0.0.0.0:0/test1/t123?action=edit&amp;mode=up
ERROR: expected isValid() to return true for ftp://0.0.0.0:0/test1/$23?action=view
ERROR: expected isValid() to return true for ftp://0.0.0.0:0/test1/$23?action=edit&amp;mode=up
ERROR: expected isValid() to return true for ftp://0.0.0.0:0/test1/test1?action=view
ERROR: expected isValid() to return true for ftp://0.0.0.0:0/test1/test1?action=edit&amp;mode=up
ERROR: expected isValid() to return true for ftp://0.0.0.0:0/test1/test1/file?action=view
ERROR: expected isValid() to return true for ftp://0.0.0.0:0/test1/test1/file?action=edit&amp;mode=up
ERROR: expected isValid() to return true for ftp://0.0.0.0:0/test1/t123/file?action=view
ERROR: expected isValid() to return true for ftp://0.0.0.0:0/test1/t123/file?action=edit&amp;mode=up
ERROR: expected isValid() to return true for ftp://0.0.0.0:0/test1/$23/file?action=view
ERROR: expected isValid() to return true for ftp://0.0.0.0:0/test1/$23/file?action=edit&amp;mode=up
ERROR: expected isValid() to return true for ftp://0.0.0.0:0/t123/test1?action=view
ERROR: expected isValid() to return true for ftp://0.0.0.0:0/t123/test1?action=edit&amp;mode=up
ERROR: expected isValid() to return true for ftp://0.0.0.0:0/t123/t123?action=view
ERROR: expected isValid() to return true for ftp://0.0.0.0:0/t123/t123?action=edit&amp;mode=up
ERROR: expected isValid() to return true for ftp://0.0.0.0:0/t123/$23?action=view
ERROR: expected isValid() to return true for ftp://0.0.0.0:0/t123/$23?action=edit&amp;mode=up
ERROR: expected isValid() to return true for ftp://0.0.0.0:0/t123/test1?action=view
ERROR: expected isValid() to return true for ftp://0.0.0.0:0/t123/test1?action=edit&amp;mode=up
ERROR: expected isValid() to return true for ftp://0.0.0.0:0/t123/test1/file?action=view
ERROR: expected isValid() to return true for ftp://0.0.0.0:0/t123/test1/file?action=edit&amp;mode=up
ERROR: expected isValid() to return true for ftp://0.0.0.0:0/t123/t123/file?action=view
ERROR: expected isValid() to return true for ftp://0.0.0.0:0/t123/t123/file?action=edit&amp;mode=up
ERROR: expected isValid() to return true for ftp://0.0.0.0:0/t123/$23/file?action=view
ERROR: expected isValid() to return true for ftp://0.0.0.0:0/t123/$23/file?action=edit&amp;mode=up
ERROR: expected isValid() to return true for ftp://0.0.0.0:0/$23/test1?action=view
ERROR: expected isValid() to return true for ftp://0.0.0.0:0/$23/test1?action=edit&amp;mode=up
ERROR: expected isValid() to return true for ftp://0.0.0.0:0/$23/t123?action=view
ERROR: expected isValid() to return true for ftp://0.0.0.0:0/$23/t123?action=edit&amp;mode=up
ERROR: expected isValid() to return true for ftp://0.0.0.0:0/$23/$23?action=view
ERROR: expected isValid() to return true for ftp://0.0.0.0:0/$23/$23?action=edit&amp;mode=up
ERROR: expected isValid() to return true for ftp://0.0.0.0:0/$23/test1?action=view
ERROR: expected isValid() to return true for ftp://0.0.0.0:0/$23/test1?action=edit&amp;mode=up
ERROR: expected isValid() to return true for ftp://0.0.0.0:0/$23/test1/file?action=view
ERROR: expected isValid() to return true for ftp://0.0.0.0:0/$23/test1/file?action=edit&amp;mode=up
ERROR: expected isValid() to return true for ftp://0.0.0.0:0/$23/t123/file?action=view
ERROR: expected isValid() to return true for ftp://0.0.0.0:0/$23/t123/file?action=edit&amp;mode=up
ERROR: expected isValid() to return true for ftp://0.0.0.0:0/$23/$23/file?action=view
ERROR: expected isValid() to return true for ftp://0.0.0.0:0/$23/$23/file?action=edit&amp;mode=up
ERROR: expected isValid() to return true for ftp://0.0.0.0:0/test1/test1?action=view
ERROR: expected isValid() to return true for ftp://0.0.0.0:0/test1/test1?action=edit&amp;mode=up
ERROR: expected isValid() to return true for ftp://0.0.0.0:0/test1/t123?action=view
ERROR: expected isValid() to return true for ftp://0.0.0.0:0/test1/t123?action=edit&amp;mode=up
ERROR: expected isValid() to return true for ftp://0.0.0.0:0/test1/$23?action=view
ERROR: expected isValid() to return true for ftp://0.0.0.0:0/test1/$23?action=edit&amp;mode=up
ERROR: expected isValid() to return true for ftp://0.0.0.0:0/test1/test1?action=view
ERROR: expected isValid() to return true for ftp://0.0.0.0:0/test1/test1?action=edit&amp;mode=up
ERROR: expected isValid() to return true for ftp://0.0.0.0:0/test1/test1/file?action=view
ERROR: expected isValid() to return true for ftp://0.0.0.0:0/test1/test1/file?action=edit&amp;mode=up
ERROR: expected isValid() to return true for ftp://0.0.0.0:0/test1/t123/file?action=view
ERROR: expected isValid() to return true for ftp://0.0.0.0:0/test1/t123/file?action=edit&amp;mode=up
ERROR: expected isValid() to return true for ftp://0.0.0.0:0/test1/$23/file?action=view
ERROR: expected isValid() to return true for ftp://0.0.0.0:0/test1/$23/file?action=edit&amp;mode=up
ERROR: expected isValid() to return true for ftp://0.0.0.0:0/test1/file/test1?action=view
ERROR: expected isValid() to return true for ftp://0.0.0.0:0/test1/file/test1?action=edit&amp;mode=up
ERROR: expected isValid() to return true for ftp://0.0.0.0:0/test1/file/t123?action=view
ERROR: expected isValid() to return true for ftp://0.0.0.0:0/test1/file/t123?action=edit&amp;mode=up
ERROR: expected isValid() to return true for ftp://0.0.0.0:0/test1/file/$23?action=view
ERROR: expected isValid() to return true for ftp://0.0.0.0:0/test1/file/$23?action=edit&amp;mode=up
ERROR: expected isValid() to return true for ftp://0.0.0.0:0/test1/file/test1?action=view
ERROR: expected isValid() to return true for ftp://0.0.0.0:0/test1/file/test1?action=edit&amp;mode=up
ERROR: expected isValid() to return true for ftp://0.0.0.0:0/test1/file/test1/file?action=view
ERROR: expected isValid() to return true for ftp://0.0.0.0:0/test1/file/test1/file?action=edit&amp;mode=up
ERROR: expected isValid() to return true for ftp://0.0.0.0:0/test1/file/t123/file?action=view
ERROR: expected isValid() to return true for ftp://0.0.0.0:0/test1/file/t123/file?action=edit&amp;mode=up
ERROR: expected isValid() to return true for ftp://0.0.0.0:0/test1/file/$23/file?action=view
ERROR: expected isValid() to return true for ftp://0.0.0.0:0/test1/file/$23/file?action=edit&amp;mode=up
ERROR: expected isValid() to return true for ftp://0.0.0.0/test1/test1?action=view
ERROR: expected isValid() to return true for ftp://0.0.0.0/test1/test1?action=edit&amp;mode=up
ERROR: expected isValid() to return true for ftp://0.0.0.0/test1/t123?action=view
ERROR: expected isValid() to return true for ftp://0.0.0.0/test1/t123?action=edit&amp;mode=up
ERROR: expected isValid() to return true for ftp://0.0.0.0/test1/$23?action=view
ERROR: expected isValid() to return true for ftp://0.0.0.0/test1/$23?action=edit&amp;mode=up
ERROR: expected isValid() to return true for ftp://0.0.0.0/test1/test1?action=view
ERROR: expected isValid() to return true for ftp://0.0.0.0/test1/test1?action=edit&amp;mode=up
ERROR: expected isValid() to return true for ftp://0.0.0.0/test1/test1/file?action=view
ERROR: expected isValid() to return true for ftp://0.0.0.0/test1/test1/file?action=edit&amp;mode=up
ERROR: expected isValid() to return true for ftp://0.0.0.0/test1/t123/file?action=view
ERROR: expected isValid() to return true for ftp://0.0.0.0/test1/t123/file?action=edit&amp;mode=up
ERROR: expected isValid() to return true for ftp://0.0.0.0/test1/$23/file?action=view
ERROR: expected isValid() to return true for ftp://0.0.0.0/test1/$23/file?action=edit&amp;mode=up
ERROR: expected isValid() to return true for ftp://0.0.0.0/t123/test1?action=view
ERROR: expected isValid() to return true for ftp://0.0.0.0/t123/test1?action=edit&amp;mode=up
ERROR: expected isValid() to return true for ftp://0.0.0.0/t123/t123?action=view
ERROR: expected isValid() to return true for ftp://0.0.0.0/t123/t123?action=edit&amp;mode=up
ERROR: expected isValid() to return true for ftp://0.0.0.0/t123/$23?action=view
ERROR: expected isValid() to return true for ftp://0.0.0.0/t123/$23?action=edit&amp;mode=up
ERROR: expected isValid() to return true for ftp://0.0.0.0/t123/test1?action=view
ERROR: expected isValid() to return true for ftp://0.0.0.0/t123/test1?action=edit&amp;mode=up
ERROR: expected isValid() to return true for ftp://0.0.0.0/t123/test1/file?action=view
ERROR: expected isValid() to return true for ftp://0.0.0.0/t123/test1/file?action=edit&amp;mode=up
ERROR: expected isValid() to return true for ftp://0.0.0.0/t123/t123/file?action=view
ERROR: expected isValid() to return true for ftp://0.0.0.0/t123/t123/file?action=edit&amp;mode=up
ERROR: expected isValid() to return true for ftp://0.0.0.0/t123/$23/file?action=view
ERROR: expected isValid() to return true for ftp://0.0.0.0/t123/$23/file?action=edit&amp;mode=up
ERROR: expected isValid() to return true for ftp://0.0.0.0/$23/test1?action=view
ERROR: expected isValid() to return true for ftp://0.0.0.0/$23/test1?action=edit&amp;mode=up
ERROR: expected isValid() to return true for ftp://0.0.0.0/$23/t123?action=view
ERROR: expected isValid() to return true for ftp://0.0.0.0/$23/t123?action=edit&amp;mode=up
ERROR: expected isValid() to return true for ftp://0.0.0.0/$23/$23?action=view
ERROR: expected isValid() to return true for ftp://0.0.0.0/$23/$23?action=edit&amp;mode=up
ERROR: expected isValid() to return true for ftp://0.0.0.0/$23/test1?action=view
ERROR: expected isValid() to return true for ftp://0.0.0.0/$23/test1?action=edit&amp;mode=up
ERROR: expected isValid() to return true for ftp://0.0.0.0/$23/test1/file?action=view
ERROR: expected isValid() to return true for ftp://0.0.0.0/$23/test1/file?action=edit&amp;mode=up
ERROR: expected isValid() to return true for ftp://0.0.0.0/$23/t123/file?action=view
ERROR: expected isValid() to return true for ftp://0.0.0.0/$23/t123/file?action=edit&amp;mode=up
ERROR: expected isValid() to return true for ftp://0.0.0.0/$23/$23/file?action=view
ERROR: expected isValid() to return true for ftp://0.0.0.0/$23/$23/file?action=edit&amp;mode=up
ERROR: expected isValid() to return true for ftp://0.0.0.0/test1/test1?action=view
ERROR: expected isValid() to return true for ftp://0.0.0.0/test1/test1?action=edit&amp;mode=up
ERROR: expected isValid() to return true for ftp://0.0.0.0/test1/t123?action=view
ERROR: expected isValid() to return true for ftp://0.0.0.0/test1/t123?action=edit&amp;mode=up
ERROR: expected isValid() to return true for ftp://0.0.0.0/test1/$23?action=view
ERROR: expected isValid() to return true for ftp://0.0.0.0/test1/$23?action=edit&amp;mode=up
ERROR: expected isValid() to return true for ftp://0.0.0.0/test1/test1?action=view
ERROR: expected isValid() to return true for ftp://0.0.0.0/test1/test1?action=edit&amp;mode=up
ERROR: expected isValid() to return true for ftp://0.0.0.0/test1/test1/file?action=view
ERROR: expected isValid() to return true for ftp://0.0.0.0/test1/test1/file?action=edit&amp;mode=up
ERROR: expected isValid() to return true for ftp://0.0.0.0/test1/t123/file?action=view
ERROR: expected isValid() to return true for ftp://0.0.0.0/test1/t123/file?action=edit&amp;mode=up
ERROR: expected isValid() to return true for ftp://0.0.0.0/test1/$23/file?action=view
ERROR: expected isValid() to return true for ftp://0.0.0.0/test1/$23/file?action=edit&amp;mode=up
ERROR: expected isValid() to return true for ftp://0.0.0.0/test1/file/test1?action=view
ERROR: expected isValid() to return true for ftp://0.0.0.0/test1/file/test1?action=edit&amp;mode=up
ERROR: expected isValid() to return true for ftp://0.0.0.0/test1/file/t123?action=view
ERROR: expected isValid() to return true for ftp://0.0.0.0/test1/file/t123?action=edit&amp;mode=up
ERROR: expected isValid() to return true for ftp://0.0.0.0/test1/file/$23?action=view
ERROR: expected isValid() to return true for ftp://0.0.0.0/test1/file/$23?action=edit&amp;mode=up
ERROR: expected isValid() to return true for ftp://0.0.0.0/test1/file/test1?action=view
ERROR: expected isValid() to return true for ftp://0.0.0.0/test1/file/test1?action=edit&amp;mode=up
ERROR: expected isValid() to return true for ftp://0.0.0.0/test1/file/test1/file?action=view
ERROR: expected isValid() to return true for ftp://0.0.0.0/test1/file/test1/file?action=edit&amp;mode=up
ERROR: expected isValid() to return true for ftp://0.0.0.0/test1/file/t123/file?action=view
ERROR: expected isValid() to return true for ftp://0.0.0.0/test1/file/t123/file?action=edit&amp;mode=up
ERROR: expected isValid() to return true for ftp://0.0.0.0/test1/file/$23/file?action=view
ERROR: expected isValid() to return true for ftp://0.0.0.0/test1/file/$23/file?action=edit&amp;mode=up
ERROR: expected isValid() to return true for ftp://0.0.0.0:65636/test1/test1?action=view
ERROR: expected isValid() to return true for ftp://0.0.0.0:65636/test1/test1?action=edit&amp;mode=up
ERROR: expected isValid() to return true for ftp://0.0.0.0:65636/test1/test1
ERROR: expected isValid() to return true for ftp://0.0.0.0:65636/test1/t123?action=view
ERROR: expected isValid() to return true for ftp://0.0.0.0:65636/test1/t123?action=edit&amp;mode=up
ERROR: expected isValid() to return true for ftp://0.0.0.0:65636/test1/t123
ERROR: expected isValid() to return true for ftp://0.0.0.0:65636/test1/$23?action=view
ERROR: expected isValid() to return true for ftp://0.0.0.0:65636/test1/$23?action=edit&amp;mode=up
ERROR: expected isValid() to return true for ftp://0.0.0.0:65636/test1/$23
ERROR: expected isValid() to return true for ftp://0.0.0.0:65636/test1/test1?action=view
ERROR: expected isValid() to return true for ftp://0.0.0.0:65636/test1/test1?action=edit&amp;mode=up
ERROR: expected isValid() to return true for ftp://0.0.0.0:65636/test1/test1
ERROR: expected isValid() to return true for ftp://0.0.0.0:65636/test1/test1/file?action=view
ERROR: expected isValid() to return true for ftp://0.0.0.0:65636/test1/test1/file?action=edit&amp;mode=up
ERROR: expected isValid() to return true for ftp://0.0.0.0:65636/test1/test1/file
ERROR: expected isValid() to return true for ftp://0.0.0.0:65636/test1/t123/file?action=view
ERROR: expected isValid() to return true for ftp://0.0.0.0:65636/test1/t123/file?action=edit&amp;mode=up
ERROR: expected isValid() to return true for ftp://0.0.0.0:65636/test1/t123/file
ERROR: expected isValid() to return true for ftp://0.0.0.0:65636/test1/$23/file?action=view
ERROR: expected isValid() to return true for ftp://0.0.0.0:65636/test1/$23/file?action=edit&amp;mode=up
ERROR: expected isValid() to return true for ftp://0.0.0.0:65636/test1/$23/file
ERROR: expected isValid() to return true for ftp://0.0.0.0:65636/t123/test1?action=view
ERROR: expected isValid() to return true for ftp://0.0.0.0:65636/t123/test1?action=edit&amp;mode=up
ERROR: expected isValid() to return true for ftp://0.0.0.0:65636/t123/test1
ERROR: expected isValid() to return true for ftp://0.0.0.0:65636/t123/t123?action=view
ERROR: expected isValid() to return true for ftp://0.0.0.0:65636/t123/t123?action=edit&amp;mode=up
ERROR: expected isValid() to return true for ftp://0.0.0.0:65636/t123/t123
ERROR: expected isValid() to return true for ftp://0.0.0.0:65636/t123/$23?action=view
ERROR: expected isValid() to return true for ftp://0.0.0.0:65636/t123/$23?action=edit&amp;mode=up
ERROR: expected isValid() to return true for ftp://0.0.0.0:65636/t123/$23
ERROR: expected isValid() to return true for ftp://0.0.0.0:65636/t123/test1?action=view
ERROR: expected isValid() to return true for ftp://0.0.0.0:65636/t123/test1?action=edit&amp;mode=up
ERROR: expected isValid() to return true for ftp://0.0.0.0:65636/t123/test1
ERROR: expected isValid() to return true for ftp://0.0.0.0:65636/t123/test1/file?action=view
ERROR: expected isValid() to return true for ftp://0.0.0.0:65636/t123/test1/file?action=edit&amp;mode=up
ERROR: expected isValid() to return true for ftp://0.0.0.0:65636/t123/test1/file
ERROR: expected isValid() to return true for ftp://0.0.0.0:65636/t123/t123/file?action=view
ERROR: expected isValid() to return true for ftp://0.0.0.0:65636/t123/t123/file?action=edit&amp;mode=up
ERROR: expected isValid() to return true for ftp://0.0.0.0:65636/t123/t123/file
ERROR: expected isValid() to return true for ftp://0.0.0.0:65636/t123/$23/file?action=view
ERROR: expected isValid() to return true for ftp://0.0.0.0:65636/t123/$23/file?action=edit&amp;mode=up
ERROR: expected isValid() to return true for ftp://0.0.0.0:65636/t123/$23/file
ERROR: expected isValid() to return true for ftp://0.0.0.0:65636/$23/test1?action=view
ERROR: expected isValid() to return true for ftp://0.0.0.0:65636/$23/test1?action=edit&amp;mode=up
ERROR: expected isValid() to return true for ftp://0.0.0.0:65636/$23/test1
ERROR: expected isValid() to return true for ftp://0.0.0.0:65636/$23/t123?action=view
ERROR: expected isValid() to return true for ftp://0.0.0.0:65636/$23/t123?action=edit&amp;mode=up
ERROR: expected isValid() to return true for ftp://0.0.0.0:65636/$23/t123
ERROR: expected isValid() to return true for ftp://0.0.0.0:65636/$23/$23?action=view
ERROR: expected isValid() to return true for ftp://0.0.0.0:65636/$23/$23?action=edit&amp;mode=up
ERROR: expected isValid() to return true for ftp://0.0.0.0:65636/$23/$23
ERROR: expected isValid() to return true for ftp://0.0.0.0:65636/$23/test1?action=view
ERROR: expected isValid() to return true for ftp://0.0.0.0:65636/$23/test1?action=edit&amp;mode=up
ERROR: expected isValid() to return true for ftp://0.0.0.0:65636/$23/test1
ERROR: expected isValid() to return true for ftp://0.0.0.0:65636/$23/test1/file?action=view
ERROR: expected isValid() to return true for ftp://0.0.0.0:65636/$23/test1/file?action=edit&amp;mode=up
ERROR: expected isValid() to return true for ftp://0.0.0.0:65636/$23/test1/file
ERROR: expected isValid() to return true for ftp://0.0.0.0:65636/$23/t123/file?action=view
ERROR: expected isValid() to return true for ftp://0.0.0.0:65636/$23/t123/file?action=edit&amp;mode=up
ERROR: expected isValid() to return true for ftp://0.0.0.0:65636/$23/t123/file
ERROR: expected isValid() to return true for ftp://0.0.0.0:65636/$23/$23/file?action=view
ERROR: expected isValid() to return true for ftp://0.0.0.0:65636/$23/$23/file?action=edit&amp;mode=up
ERROR: expected isValid() to return true for ftp://0.0.0.0:65636/$23/$23/file
ERROR: expected isValid() to return true for ftp://0.0.0.0:65636/test1/test1?action=view
ERROR: expected isValid() to return true for ftp://0.0.0.0:65636/test1/test1?action=edit&amp;mode=up
ERROR: expected isValid() to return true for ftp://0.0.0.0:65636/test1/test1
ERROR: expected isValid() to return true for ftp://0.0.0.0:65636/test1/t123?action=view
ERROR: expected isValid() to return true for ftp://0.0.0.0:65636/test1/t123?action=edit&amp;mode=up
ERROR: expected isValid() to return true for ftp://0.0.0.0:65636/test1/t123
ERROR: expected isValid() to return true for ftp://0.0.0.0:65636/test1/$23?action=view
ERROR: expected isValid() to return true for ftp://0.0.0.0:65636/test1/$23?action=edit&amp;mode=up
ERROR: expected isValid() to return true for ftp://0.0.0.0:65636/test1/$23
ERROR: expected isValid() to return true for ftp://0.0.0.0:65636/test1/test1?action=view
ERROR: expected isValid() to return true for ftp://0.0.0.0:65636/test1/test1?action=edit&amp;mode=up
ERROR: expected isValid() to return true for ftp://0.0.0.0:65636/test1/test1
ERROR: expected isValid() to return true for ftp://0.0.0.0:65636/test1/test1/file?action=view
ERROR: expected isValid() to return true for ftp://0.0.0.0:65636/test1/test1/file?action=edit&amp;mode=up
ERROR: expected isValid() to return true for ftp://0.0.0.0:65636/test1/test1/file
ERROR: expected isValid() to return true for ftp://0.0.0.0:65636/test1/t123/file?action=view
ERROR: expected isValid() to return true for ftp://0.0.0.0:65636/test1/t123/file?action=edit&amp;mode=up
ERROR: expected isValid() to return true for ftp://0.0.0.0:65636/test1/t123/file
ERROR: expected isValid() to return true for ftp://0.0.0.0:65636/test1/$23/file?action=view
ERROR: expected isValid() to return true for ftp://0.0.0.0:65636/test1/$23/file?action=edit&amp;mode=up
ERROR: expected isValid() to return true for ftp://0.0.0.0:65636/test1/$23/file
ERROR: expected isValid() to return true for ftp://0.0.0.0:65636/test1/file/test1?action=view
ERROR: expected isValid() to return true for ftp://0.0.0.0:65636/test1/file/test1?action=edit&amp;mode=up
ERROR: expected isValid() to return true for ftp://0.0.0.0:65636/test1/file/test1
ERROR: expected isValid() to return true for ftp://0.0.0.0:65636/test1/file/t123?action=view
ERROR: expected isValid() to return true for ftp://0.0.0.0:65636/test1/file/t123?action=edit&amp;mode=up
ERROR: expected isValid() to return true for ftp://0.0.0.0:65636/test1/file/t123
ERROR: expected isValid() to return true for ftp://0.0.0.0:65636/test1/file/$23?action=view
ERROR: expected isValid() to return true for ftp://0.0.0.0:65636/test1/file/$23?action=edit&amp;mode=up
ERROR: expected isValid() to return true for ftp://0.0.0.0:65636/test1/file/$23
ERROR: expected isValid() to return true for ftp://0.0.0.0:65636/test1/file/test1?action=view
ERROR: expected isValid() to return true for ftp://0.0.0.0:65636/test1/file/test1?action=edit&amp;mode=up
ERROR: expected isValid() to return true for ftp://0.0.0.0:65636/test1/file/test1
ERROR: expected isValid() to return true for ftp://0.0.0.0:65636/test1/file/test1/file?action=view
ERROR: expected isValid() to return true for ftp://0.0.0.0:65636/test1/file/test1/file?action=edit&amp;mode=up
ERROR: expected isValid() to return true for ftp://0.0.0.0:65636/test1/file/test1/file
ERROR: expected isValid() to return true for ftp://0.0.0.0:65636/test1/file/t123/file?action=view
ERROR: expected isValid() to return true for ftp://0.0.0.0:65636/test1/file/t123/file?action=edit&amp;mode=up
ERROR: expected isValid() to return true for ftp://0.0.0.0:65636/test1/file/t123/file
ERROR: expected isValid() to return true for ftp://0.0.0.0:65636/test1/file/$23/file?action=view
ERROR: expected isValid() to return true for ftp://0.0.0.0:65636/test1/file/$23/file?action=edit&amp;mode=up
ERROR: expected isValid() to return true for ftp://0.0.0.0:65636/test1/file/$23/file
ERROR: expected isValid() to return true for ftp://255.255.255.255:80/test1/test1?action=view
ERROR: expected isValid() to return true for ftp://255.255.255.255:80/test1/test1?action=edit&amp;mode=up
ERROR: expected isValid() to return true for ftp://255.255.255.255:80/test1/t123?action=view
ERROR: expected isValid() to return true for ftp://255.255.255.255:80/test1/t123?action=edit&amp;mode=up
ERROR: expected isValid() to return true for ftp://255.255.255.255:80/test1/$23?action=view
ERROR: expected isValid() to return true for ftp://255.255.255.255:80/test1/$23?action=edit&amp;mode=up
ERROR: expected isValid() to return true for ftp://255.255.255.255:80/test1/test1?action=view
ERROR: expected isValid() to return true for ftp://255.255.255.255:80/test1/test1?action=edit&amp;mode=up
ERROR: expected isValid() to return true for ftp://255.255.255.255:80/test1/test1/file?action=view
ERROR: expected isValid() to return true for ftp://255.255.255.255:80/test1/test1/file?action=edit&amp;mode=up
ERROR: expected isValid() to return true for ftp://255.255.255.255:80/test1/t123/file?action=view
ERROR: expected isValid() to return true for ftp://255.255.255.255:80/test1/t123/file?action=edit&amp;mode=up
ERROR: expected isValid() to return true for ftp://255.255.255.255:80/test1/$23/file?action=view
ERROR: expected isValid() to return true for ftp://255.255.255.255:80/test1/$23/file?action=edit&amp;mode=up
ERROR: expected isValid() to return true for ftp://255.255.255.255:80/t123/test1?action=view
ERROR: expected isValid() to return true for ftp://255.255.255.255:80/t123/test1?action=edit&amp;mode=up
ERROR: expected isValid() to return true for ftp://255.255.255.255:80/t123/t123?action=view
ERROR: expected isValid() to return true for ftp://255.255.255.255:80/t123/t123?action=edit&amp;mode=up
ERROR: expected isValid() to return true for ftp://255.255.255.255:80/t123/$23?action=view
ERROR: expected isValid() to return true for ftp://255.255.255.255:80/t123/$23?action=edit&amp;mode=up
ERROR: expected isValid() to return true for ftp://255.255.255.255:80/t123/test1?action=view
ERROR: expected isValid() to return true for ftp://255.255.255.255:80/t123/test1?action=edit&amp;mode=up
ERROR: expected isValid() to return true for ftp://255.255.255.255:80/t123/test1/file?action=view
ERROR: expected isValid() to return true for ftp://255.255.255.255:80/t123/test1/file?action=edit&amp;mode=up
ERROR: expected isValid() to return true for ftp://255.255.255.255:80/t123/t123/file?action=view
ERROR: expected isValid() to return true for ftp://255.255.255.255:80/t123/t123/file?action=edit&amp;mode=up
ERROR: expected isValid() to return true for ftp://255.255.255.255:80/t123/$23/file?action=view
ERROR: expected isValid() to return true for ftp://255.255.255.255:80/t123/$23/file?action=edit&amp;mode=up
ERROR: expected isValid() to return true for ftp://255.255.255.255:80/$23/test1?action=view
ERROR: expected isValid() to return true for ftp://255.255.255.255:80/$23/test1?action=edit&amp;mode=up
ERROR: expected isValid() to return true for ftp://255.255.255.255:80/$23/t123?action=view
ERROR: expected isValid() to return true for ftp://255.255.255.255:80/$23/t123?action=edit&amp;mode=up
ERROR: expected isValid() to return true for ftp://255.255.255.255:80/$23/$23?action=view
ERROR: expected isValid() to return true for ftp://255.255.255.255:80/$23/$23?action=edit&amp;mode=up
ERROR: expected isValid() to return true for ftp://255.255.255.255:80/$23/test1?action=view
ERROR: expected isValid() to return true for ftp://255.255.255.255:80/$23/test1?action=edit&amp;mode=up
ERROR: expected isValid() to return true for ftp://255.255.255.255:80/$23/test1/file?action=view
ERROR: expected isValid() to return true for ftp://255.255.255.255:80/$23/test1/file?action=edit&amp;mode=up
ERROR: expected isValid() to return true for ftp://255.255.255.255:80/$23/t123/file?action=view
ERROR: expected isValid() to return true for ftp://255.255.255.255:80/$23/t123/file?action=edit&amp;mode=up
ERROR: expected isValid() to return true for ftp://255.255.255.255:80/$23/$23/file?action=view
ERROR: expected isValid() to return true for ftp://255.255.255.255:80/$23/$23/file?action=edit&amp;mode=up
ERROR: expected isValid() to return true for ftp://255.255.255.255:80/test1/test1?action=view
ERROR: expected isValid() to return true for ftp://255.255.255.255:80/test1/test1?action=edit&amp;mode=up
ERROR: expected isValid() to return true for ftp://255.255.255.255:80/test1/t123?action=view
ERROR: expected isValid() to return true for ftp://255.255.255.255:80/test1/t123?action=edit&amp;mode=up
ERROR: expected isValid() to return true for ftp://255.255.255.255:80/test1/$23?action=view
ERROR: expected isValid() to return true for ftp://255.255.255.255:80/test1/$23?action=edit&amp;mode=up
ERROR: expected isValid() to return true for ftp://255.255.255.255:80/test1/test1?action=view
ERROR: expected isValid() to return true for ftp://255.255.255.255:80/test1/test1?action=edit&amp;mode=up
ERROR: expected isValid() to return true for ftp://255.255.255.255:80/test1/test1/file?action=view
ERROR: expected isValid() to return true for ftp://255.255.255.255:80/test1/test1/file?action=edit&amp;mode=up
ERROR: expected isValid() to return true for ftp://255.255.255.255:80/test1/t123/file?action=view
ERROR: expected isValid() to return true for ftp://255.255.255.255:80/test1/t123/file?action=edit&amp;mode=up
ERROR: expected isValid() to return true for ftp://255.255.255.255:80/test1/$23/file?action=view
ERROR: expected isValid() to return true for ftp://255.255.255.255:80/test1/$23/file?action=edit&amp;mode=up
ERROR: expected isValid() to return true for ftp://255.255.255.255:80/test1/file/test1?action=view
ERROR: expected isValid() to return true for ftp://255.255.255.255:80/test1/file/test1?action=edit&amp;mode=up
ERROR: expected isValid() to return true for ftp://255.255.255.255:80/test1/file/t123?action=view
ERROR: expected isValid() to return true for ftp://255.255.255.255:80/test1/file/t123?action=edit&amp;mode=up
ERROR: expected isValid() to return true for ftp://255.255.255.255:80/test1/file/$23?action=view
ERROR: expected isValid() to return true for ftp://255.255.255.255:80/test1/file/$23?action=edit&amp;mode=up
ERROR: expected isValid() to return true for ftp://255.255.255.255:80/test1/file/test1?action=view
ERROR: expected isValid() to return true for ftp://255.255.255.255:80/test1/file/test1?action=edit&amp;mode=up
ERROR: expected isValid() to return true for ftp://255.255.255.255:80/test1/file/test1/file?action=view
ERROR: expected isValid() to return true for ftp://255.255.255.255:80/test1/file/test1/file?action=edit&amp;mode=up
ERROR: expected isValid() to return true for ftp://255.255.255.255:80/test1/file/t123/file?action=view
ERROR: expected isValid() to return true for ftp://255.255.255.255:80/test1/file/t123/file?action=edit&amp;mode=up
ERROR: expected isValid() to return true for ftp://255.255.255.255:80/test1/file/$23/file?action=view
ERROR: expected isValid() to return true for ftp://255.255.255.255:80/test1/file/$23/file?action=edit&amp;mode=up
ERROR: expected isValid() to return true for ftp://255.255.255.255:65535/test1/test1?action=view
ERROR: expected isValid() to return true for ftp://255.255.255.255:65535/test1/test1?action=edit&amp;mode=up
ERROR: expected isValid() to return true for ftp://255.255.255.255:65535/test1/test1
ERROR: expected isValid() to return true for ftp://255.255.255.255:65535/test1/t123?action=view
ERROR: expected isValid() to return true for ftp://255.255.255.255:65535/test1/t123?action=edit&amp;mode=up
ERROR: expected isValid() to return true for ftp://255.255.255.255:65535/test1/t123
ERROR: expected isValid() to return true for ftp://255.255.255.255:65535/test1/$23?action=view
ERROR: expected isValid() to return true for ftp://255.255.255.255:65535/test1/$23?action=edit&amp;mode=up
ERROR: expected isValid() to return true for ftp://255.255.255.255:65535/test1/$23
ERROR: expected isValid() to return true for ftp://255.255.255.255:65535/test1/test1?action=view
ERROR: expected isValid() to return true for ftp://255.255.255.255:65535/test1/test1?action=edit&amp;mode=up
ERROR: expected isValid() to return true for ftp://255.255.255.255:65535/test1/test1
ERROR: expected isValid() to return true for ftp://255.255.255.255:65535/test1/test1/file?action=view
ERROR: expected isValid() to return true for ftp://255.255.255.255:65535/test1/test1/file?action=edit&amp;mode=up
ERROR: expected isValid() to return true for ftp://255.255.255.255:65535/test1/test1/file
ERROR: expected isValid() to return true for ftp://255.255.255.255:65535/test1/t123/file?action=view
ERROR: expected isValid() to return true for ftp://255.255.255.255:65535/test1/t123/file?action=edit&amp;mode=up
ERROR: expected isValid() to return true for ftp://255.255.255.255:65535/test1/t123/file
ERROR: expected isValid() to return true for ftp://255.255.255.255:65535/test1/$23/file?action=view
ERROR: expected isValid() to return true for ftp://255.255.255.255:65535/test1/$23/file?action=edit&amp;mode=up
ERROR: expected isValid() to return true for ftp://255.255.255.255:65535/test1/$23/file
ERROR: expected isValid() to return true for ftp://255.255.255.255:65535/t123/test1?action=view
ERROR: expected isValid() to return true for ftp://255.255.255.255:65535/t123/test1?action=edit&amp;mode=up
ERROR: expected isValid() to return true for ftp://255.255.255.255:65535/t123/test1
ERROR: expected isValid() to return true for ftp://255.255.255.255:65535/t123/t123?action=view
ERROR: expected isValid() to return true for ftp://255.255.255.255:65535/t123/t123?action=edit&amp;mode=up
ERROR: expected isValid() to return true for ftp://255.255.255.255:65535/t123/t123
ERROR: expected isValid() to return true for ftp://255.255.255.255:65535/t123/$23?action=view
ERROR: expected isValid() to return true for ftp://255.255.255.255:65535/t123/$23?action=edit&amp;mode=up
ERROR: expected isValid() to return true for ftp://255.255.255.255:65535/t123/$23
ERROR: expected isValid() to return true for ftp://255.255.255.255:65535/t123/test1?action=view
ERROR: expected isValid() to return true for ftp://255.255.255.255:65535/t123/test1?action=edit&amp;mode=up
ERROR: expected isValid() to return true for ftp://255.255.255.255:65535/t123/test1
ERROR: expected isValid() to return true for ftp://255.255.255.255:65535/t123/test1/file?action=view
ERROR: expected isValid() to return true for ftp://255.255.255.255:65535/t123/test1/file?action=edit&amp;mode=up
ERROR: expected isValid() to return true for ftp://255.255.255.255:65535/t123/test1/file
ERROR: expected isValid() to return true for ftp://255.255.255.255:65535/t123/t123/file?action=view
ERROR: expected isValid() to return true for ftp://255.255.255.255:65535/t123/t123/file?action=edit&amp;mode=up
ERROR: expected isValid() to return true for ftp://255.255.255.255:65535/t123/t123/file
ERROR: expected isValid() to return true for ftp://255.255.255.255:65535/t123/$23/file?action=view
ERROR: expected isValid() to return true for ftp://255.255.255.255:65535/t123/$23/file?action=edit&amp;mode=up
ERROR: expected isValid() to return true for ftp://255.255.255.255:65535/t123/$23/file
ERROR: expected isValid() to return true for ftp://255.255.255.255:65535/$23/test1?action=view
ERROR: expected isValid() to return true for ftp://255.255.255.255:65535/$23/test1?action=edit&amp;mode=up
ERROR: expected isValid() to return true for ftp://255.255.255.255:65535/$23/test1
ERROR: expected isValid() to return true for ftp://255.255.255.255:65535/$23/t123?action=view
ERROR: expected isValid() to return true for ftp://255.255.255.255:65535/$23/t123?action=edit&amp;mode=up
ERROR: expected isValid() to return true for ftp://255.255.255.255:65535/$23/t123
ERROR: expected isValid() to return true for ftp://255.255.255.255:65535/$23/$23?action=view
ERROR: expected isValid() to return true for ftp://255.255.255.255:65535/$23/$23?action=edit&amp;mode=up
ERROR: expected isValid() to return true for ftp://255.255.255.255:65535/$23/$23
ERROR: expected isValid() to return true for ftp://255.255.255.255:65535/$23/test1?action=view
ERROR: expected isValid() to return true for ftp://255.255.255.255:65535/$23/test1?action=edit&amp;mode=up
ERROR: expected isValid() to return true for ftp://255.255.255.255:65535/$23/test1
ERROR: expected isValid() to return true for ftp://255.255.255.255:65535/$23/test1/file?action=view
ERROR: expected isValid() to return true for ftp://255.255.255.255:65535/$23/test1/file?action=edit&amp;mode=up
ERROR: expected isValid() to return true for ftp://255.255.255.255:65535/$23/test1/file
ERROR: expected isValid() to return true for ftp://255.255.255.255:65535/$23/t123/file?action=view
ERROR: expected isValid() to return true for ftp://255.255.255.255:65535/$23/t123/file?action=edit&amp;mode=up
ERROR: expected isValid() to return true for ftp://255.255.255.255:65535/$23/t123/file
ERROR: expected isValid() to return true for ftp://255.255.255.255:65535/$23/$23/file?action=view
ERROR: expected isValid() to return true for ftp://255.255.255.255:65535/$23/$23/file?action=edit&amp;mode=up
ERROR: expected isValid() to return true for ftp://255.255.255.255:65535/$23/$23/file
ERROR: expected isValid() to return true for ftp://255.255.255.255:65535/test1/test1?action=view
ERROR: expected isValid() to return true for ftp://255.255.255.255:65535/test1/test1?action=edit&amp;mode=up
ERROR: expected isValid() to return true for ftp://255.255.255.255:65535/test1/test1
ERROR: expected isValid() to return true for ftp://255.255.255.255:65535/test1/t123?action=view
ERROR: expected isValid() to return true for ftp://255.255.255.255:65535/test1/t123?action=edit&amp;mode=up
ERROR: expected isValid() to return true for ftp://255.255.255.255:65535/test1/t123
ERROR: expected isValid() to return true for ftp://255.255.255.255:65535/test1/$23?action=view
ERROR: expected isValid() to return true for ftp://255.255.255.255:65535/test1/$23?action=edit&amp;mode=up
ERROR: expected isValid() to return true for ftp://255.255.255.255:65535/test1/$23
ERROR: expected isValid() to return true for ftp://255.255.255.255:65535/test1/test1?action=view
ERROR: expected isValid() to return true for ftp://255.255.255.255:65535/test1/test1?action=edit&amp;mode=up
ERROR: expected isValid() to return true for ftp://255.255.255.255:65535/test1/test1
ERROR: expected isValid() to return true for ftp://255.255.255.255:65535/test1/test1/file?action=view
ERROR: expected isValid() to return true for ftp://255.255.255.255:65535/test1/test1/file?action=edit&amp;mode=up
ERROR: expected isValid() to return true for ftp://255.255.255.255:65535/test1/test1/file
ERROR: expected isValid() to return true for ftp://255.255.255.255:65535/test1/t123/file?action=view
ERROR: expected isValid() to return true for ftp://255.255.255.255:65535/test1/t123/file?action=edit&amp;mode=up
ERROR: expected isValid() to return true for ftp://255.255.255.255:65535/test1/t123/file
ERROR: expected isValid() to return true for ftp://255.255.255.255:65535/test1/$23/file?action=view
ERROR: expected isValid() to return true for ftp://255.255.255.255:65535/test1/$23/file?action=edit&amp;mode=up
ERROR: expected isValid() to return true for ftp://255.255.255.255:65535/test1/$23/file
ERROR: expected isValid() to return true for ftp://255.255.255.255:65535/test1/file/test1?action=view
ERROR: expected isValid() to return true for ftp://255.255.255.255:65535/test1/file/test1?action=edit&amp;mode=up
ERROR: expected isValid() to return true for ftp://255.255.255.255:65535/test1/file/test1
ERROR: expected isValid() to return true for ftp://255.255.255.255:65535/test1/file/t123?action=view
ERROR: expected isValid() to return true for ftp://255.255.255.255:65535/test1/file/t123?action=edit&amp;mode=up
ERROR: expected isValid() to return true for ftp://255.255.255.255:65535/test1/file/t123
ERROR: expected isValid() to return true for ftp://255.255.255.255:65535/test1/file/$23?action=view
ERROR: expected isValid() to return true for ftp://255.255.255.255:65535/test1/file/$23?action=edit&amp;mode=up
ERROR: expected isValid() to return true for ftp://255.255.255.255:65535/test1/file/$23
ERROR: expected isValid() to return true for ftp://255.255.255.255:65535/test1/file/test1?action=view
ERROR: expected isValid() to return true for ftp://255.255.255.255:65535/test1/file/test1?action=edit&amp;mode=up
ERROR: expected isValid() to return true for ftp://255.255.255.255:65535/test1/file/test1
ERROR: expected isValid() to return true for ftp://255.255.255.255:65535/test1/file/test1/file?action=view
ERROR: expected isValid() to return true for ftp://255.255.255.255:65535/test1/file/test1/file?action=edit&amp;mode=up
ERROR: expected isValid() to return true for ftp://255.255.255.255:65535/test1/file/test1/file
ERROR: expected isValid() to return true for ftp://255.255.255.255:65535/test1/file/t123/file?action=view
ERROR: expected isValid() to return true for ftp://255.255.255.255:65535/test1/file/t123/file?action=edit&amp;mode=up
ERROR: expected isValid() to return true for ftp://255.255.255.255:65535/test1/file/t123/file
ERROR: expected isValid() to return true for ftp://255.255.255.255:65535/test1/file/$23/file?action=view
ERROR: expected isValid() to return true for ftp://255.255.255.255:65535/test1/file/$23/file?action=edit&amp;mode=up
ERROR: expected isValid() to return true for ftp://255.255.255.255:65535/test1/file/$23/file
ERROR: expected isValid() to return true for ftp://255.255.255.255:0/test1/test1?action=view
ERROR: expected isValid() to return true for ftp://255.255.255.255:0/test1/test1?action=edit&amp;mode=up
ERROR: expected isValid() to return true for ftp://255.255.255.255:0/test1/t123?action=view
ERROR: expected isValid() to return true for ftp://255.255.255.255:0/test1/t123?action=edit&amp;mode=up
ERROR: expected isValid() to return true for ftp://255.255.255.255:0/test1/$23?action=view
ERROR: expected isValid() to return true for ftp://255.255.255.255:0/test1/$23?action=edit&amp;mode=up
ERROR: expected isValid() to return true for ftp://255.255.255.255:0/test1/test1?action=view
ERROR: expected isValid() to return true for ftp://255.255.255.255:0/test1/test1?action=edit&amp;mode=up
ERROR: expected isValid() to return true for ftp://255.255.255.255:0/test1/test1/file?action=view
ERROR: expected isValid() to return true for ftp://255.255.255.255:0/test1/test1/file?action=edit&amp;mode=up
ERROR: expected isValid() to return true for ftp://255.255.255.255:0/test1/t123/file?action=view
ERROR: expected isValid() to return true for ftp://255.255.255.255:0/test1/t123/file?action=edit&amp;mode=up
ERROR: expected isValid() to return true for ftp://255.255.255.255:0/test1/$23/file?action=view
ERROR: expected isValid() to return true for ftp://255.255.255.255:0/test1/$23/file?action=edit&amp;mode=up
ERROR: expected isValid() to return true for ftp://255.255.255.255:0/t123/test1?action=view
ERROR: expected isValid() to return true for ftp://255.255.255.255:0/t123/test1?action=edit&amp;mode=up
ERROR: expected isValid() to return true for ftp://255.255.255.255:0/t123/t123?action=view
ERROR: expected isValid() to return true for ftp://255.255.255.255:0/t123/t123?action=edit&amp;mode=up
ERROR: expected isValid() to return true for ftp://255.255.255.255:0/t123/$23?action=view
ERROR: expected isValid() to return true for ftp://255.255.255.255:0/t123/$23?action=edit&amp;mode=up
ERROR: expected isValid() to return true for ftp://255.255.255.255:0/t123/test1?action=view
ERROR: expected isValid() to return true for ftp://255.255.255.255:0/t123/test1?action=edit&amp;mode=up
ERROR: expected isValid() to return true for ftp://255.255.255.255:0/t123/test1/file?action=view
ERROR: expected isValid() to return true for ftp://255.255.255.255:0/t123/test1/file?action=edit&amp;mode=up
ERROR: expected isValid() to return true for ftp://255.255.255.255:0/t123/t123/file?action=view
ERROR: expected isValid() to return true for ftp://255.255.255.255:0/t123/t123/file?action=edit&amp;mode=up
ERROR: expected isValid() to return true for ftp://255.255.255.255:0/t123/$23/file?action=view
ERROR: expected isValid() to return true for ftp://255.255.255.255:0/t123/$23/file?action=edit&amp;mode=up
ERROR: expected isValid() to return true for ftp://255.255.255.255:0/$23/test1?action=view
ERROR: expected isValid() to return true for ftp://255.255.255.255:0/$23/test1?action=edit&amp;mode=up
ERROR: expected isValid() to return true for ftp://255.255.255.255:0/$23/t123?action=view
ERROR: expected isValid() to return true for ftp://255.255.255.255:0/$23/t123?action=edit&amp;mode=up
ERROR: expected isValid() to return true for ftp://255.255.255.255:0/$23/$23?action=view
ERROR: expected isValid() to return true for ftp://255.255.255.255:0/$23/$23?action=edit&amp;mode=up
ERROR: expected isValid() to return true for ftp://255.255.255.255:0/$23/test1?action=view
ERROR: expected isValid() to return true for ftp://255.255.255.255:0/$23/test1?action=edit&amp;mode=up
ERROR: expected isValid() to return true for ftp://255.255.255.255:0/$23/test1/file?action=view
ERROR: expected isValid() to return true for ftp://255.255.255.255:0/$23/test1/file?action=edit&amp;mode=up
ERROR: expected isValid() to return true for ftp://255.255.255.255:0/$23/t123/file?action=view
ERROR: expected isValid() to return true for ftp://255.255.255.255:0/$23/t123/file?action=edit&amp;mode=up
ERROR: expected isValid() to return true for ftp://255.255.255.255:0/$23/$23/file?action=view
ERROR: expected isValid() to return true for ftp://255.255.255.255:0/$23/$23/file?action=edit&amp;mode=up
ERROR: expected isValid() to return true for ftp://255.255.255.255:0/test1/test1?action=view
ERROR: expected isValid() to return true for ftp://255.255.255.255:0/test1/test1?action=edit&amp;mode=up
ERROR: expected isValid() to return true for ftp://255.255.255.255:0/test1/t123?action=view
ERROR: expected isValid() to return true for ftp://255.255.255.255:0/test1/t123?action=edit&amp;mode=up
ERROR: expected isValid() to return true for ftp://255.255.255.255:0/test1/$23?action=view
ERROR: expected isValid() to return true for ftp://255.255.255.255:0/test1/$23?action=edit&amp;mode=up
ERROR: expected isValid() to return true for ftp://255.255.255.255:0/test1/test1?action=view
ERROR: expected isValid() to return true for ftp://255.255.255.255:0/test1/test1?action=edit&amp;mode=up
ERROR: expected isValid() to return true for ftp://255.255.255.255:0/test1/test1/file?action=view
ERROR: expected isValid() to return true for ftp://255.255.255.255:0/test1/test1/file?action=edit&amp;mode=up
ERROR: expected isValid() to return true for ftp://255.255.255.255:0/test1/t123/file?action=view
ERROR: expected isValid() to return true for ftp://255.255.255.255:0/test1/t123/file?action=edit&amp;mode=up
ERROR: expected isValid() to return true for ftp://255.255.255.255:0/test1/$23/file?action=view
ERROR: expected isValid() to return true for ftp://255.255.255.255:0/test1/$23/file?action=edit&amp;mode=up
ERROR: expected isValid() to return true for ftp://255.255.255.255:0/test1/file/test1?action=view
ERROR: expected isValid() to return true for ftp://255.255.255.255:0/test1/file/test1?action=edit&amp;mode=up
ERROR: expected isValid() to return true for ftp://255.255.255.255:0/test1/file/t123?action=view
ERROR: expected isValid() to return true for ftp://255.255.255.255:0/test1/file/t123?action=edit&amp;mode=up
ERROR: expected isValid() to return true for ftp://255.255.255.255:0/test1/file/$23?action=view
ERROR: expected isValid() to return true for ftp://255.255.255.255:0/test1/file/$23?action=edit&amp;mode=up
ERROR: expected isValid() to return true for ftp://255.255.255.255:0/test1/file/test1?action=view
ERROR: expected isValid() to return true for ftp://255.255.255.255:0/test1/file/test1?action=edit&amp;mode=up
ERROR: expected isValid() to return true for ftp://255.255.255.255:0/test1/file/test1/file?action=view
ERROR: expected isValid() to return true for ftp://255.255.255.255:0/test1/file/test1/file?action=edit&amp;mode=up
ERROR: expected isValid() to return true for ftp://255.255.255.255:0/test1/file/t123/file?action=view
ERROR: expected isValid() to return true for ftp://255.255.255.255:0/test1/file/t123/file?action=edit&amp;mode=up
ERROR: expected isValid() to return true for ftp://255.255.255.255:0/test1/file/$23/file?action=view
ERROR: expected isValid() to return true for ftp://255.255.255.255:0/test1/file/$23/file?action=edit&amp;mode=up
ERROR: expected isValid() to return true for ftp://255.255.255.255/test1/test1?action=view
ERROR: expected isValid() to return true for ftp://255.255.255.255/test1/test1?action=edit&amp;mode=up
ERROR: expected isValid() to return true for ftp://255.255.255.255/test1/t123?action=view
ERROR: expected isValid() to return true for ftp://255.255.255.255/test1/t123?action=edit&amp;mode=up
ERROR: expected isValid() to return true for ftp://255.255.255.255/test1/$23?action=view
ERROR: expected isValid() to return true for ftp://255.255.255.255/test1/$23?action=edit&amp;mode=up
ERROR: expected isValid() to return true for ftp://255.255.255.255/test1/test1?action=view
ERROR: expected isValid() to return true for ftp://255.255.255.255/test1/test1?action=edit&amp;mode=up
ERROR: expected isValid() to return true for ftp://255.255.255.255/test1/test1/file?action=view
ERROR: expected isValid() to return true for ftp://255.255.255.255/test1/test1/file?action=edit&amp;mode=up
ERROR: expected isValid() to return true for ftp://255.255.255.255/test1/t123/file?action=view
ERROR: expected isValid() to return true for ftp://255.255.255.255/test1/t123/file?action=edit&amp;mode=up
ERROR: expected isValid() to return true for ftp://255.255.255.255/test1/$23/file?action=view
ERROR: expected isValid() to return true for ftp://255.255.255.255/test1/$23/file?action=edit&amp;mode=up
ERROR: expected isValid() to return true for ftp://255.255.255.255/t123/test1?action=view
ERROR: expected isValid() to return true for ftp://255.255.255.255/t123/test1?action=edit&amp;mode=up
ERROR: expected isValid() to return true for ftp://255.255.255.255/t123/t123?action=view
ERROR: expected isValid() to return true for ftp://255.255.255.255/t123/t123?action=edit&amp;mode=up
ERROR: expected isValid() to return true for ftp://255.255.255.255/t123/$23?action=view
ERROR: expected isValid() to return true for ftp://255.255.255.255/t123/$23?action=edit&amp;mode=up
ERROR: expected isValid() to return true for ftp://255.255.255.255/t123/test1?action=view
ERROR: expected isValid() to return true for ftp://255.255.255.255/t123/test1?action=edit&amp;mode=up
ERROR: expected isValid() to return true for ftp://255.255.255.255/t123/test1/file?action=view
ERROR: expected isValid() to return true for ftp://255.255.255.255/t123/test1/file?action=edit&amp;mode=up
ERROR: expected isValid() to return true for ftp://255.255.255.255/t123/t123/file?action=view
ERROR: expected isValid() to return true for ftp://255.255.255.255/t123/t123/file?action=edit&amp;mode=up
ERROR: expected isValid() to return true for ftp://255.255.255.255/t123/$23/file?action=view
ERROR: expected isValid() to return true for ftp://255.255.255.255/t123/$23/file?action=edit&amp;mode=up
ERROR: expected isValid() to return true for ftp://255.255.255.255/$23/test1?action=view
ERROR: expected isValid() to return true for ftp://255.255.255.255/$23/test1?action=edit&amp;mode=up
ERROR: expected isValid() to return true for ftp://255.255.255.255/$23/t123?action=view
ERROR: expected isValid() to return true for ftp://255.255.255.255/$23/t123?action=edit&amp;mode=up
ERROR: expected isValid() to return true for ftp://255.255.255.255/$23/$23?action=view
ERROR: expected isValid() to return true for ftp://255.255.255.255/$23/$23?action=edit&amp;mode=up
ERROR: expected isValid() to return true for ftp://255.255.255.255/$23/test1?action=view
ERROR: expected isValid() to return true for ftp://255.255.255.255/$23/test1?action=edit&amp;mode=up
ERROR: expected isValid() to return true for ftp://255.255.255.255/$23/test1/file?action=view
ERROR: expected isValid() to return true for ftp://255.255.255.255/$23/test1/file?action=edit&amp;mode=up
ERROR: expected isValid() to return true for ftp://255.255.255.255/$23/t123/file?action=view
ERROR: expected isValid() to return true for ftp://255.255.255.255/$23/t123/file?action=edit&amp;mode=up
ERROR: expected isValid() to return true for ftp://255.255.255.255/$23/$23/file?action=view
ERROR: expected isValid() to return true for ftp://255.255.255.255/$23/$23/file?action=edit&amp;mode=up
ERROR: expected isValid() to return true for ftp://255.255.255.255/test1/test1?action=view
ERROR: expected isValid() to return true for ftp://255.255.255.255/test1/test1?action=edit&amp;mode=up
ERROR: expected isValid() to return true for ftp://255.255.255.255/test1/t123?action=view
ERROR: expected isValid() to return true for ftp://255.255.255.255/test1/t123?action=edit&amp;mode=up
ERROR: expected isValid() to return true for ftp://255.255.255.255/test1/$23?action=view
ERROR: expected isValid() to return true for ftp://255.255.255.255/test1/$23?action=edit&amp;mode=up
ERROR: expected isValid() to return true for ftp://255.255.255.255/test1/test1?action=view
ERROR: expected isValid() to return true for ftp://255.255.255.255/test1/test1?action=edit&amp;mode=up
ERROR: expected isValid() to return true for ftp://255.255.255.255/test1/test1/file?action=view
ERROR: expected isValid() to return true for ftp://255.255.255.255/test1/test1/file?action=edit&amp;mode=up
ERROR: expected isValid() to return true for ftp://255.255.255.255/test1/t123/file?action=view
ERROR: expected isValid() to return true for ftp://255.255.255.255/test1/t123/file?action=edit&amp;mode=up
ERROR: expected isValid() to return true for ftp://255.255.255.255/test1/$23/file?action=view
ERROR: expected isValid() to return true for ftp://255.255.255.255/test1/$23/file?action=edit&amp;mode=up
ERROR: expected isValid() to return true for ftp://255.255.255.255/test1/file/test1?action=view
ERROR: expected isValid() to return true for ftp://255.255.255.255/test1/file/test1?action=edit&amp;mode=up
ERROR: expected isValid() to return true for ftp://255.255.255.255/test1/file/t123?action=view
ERROR: expected isValid() to return true for ftp://255.255.255.255/test1/file/t123?action=edit&amp;mode=up
ERROR: expected isValid() to return true for ftp://255.255.255.255/test1/file/$23?action=view
ERROR: expected isValid() to return true for ftp://255.255.255.255/test1/file/$23?action=edit&amp;mode=up
ERROR: expected isValid() to return true for ftp://255.255.255.255/test1/file/test1?action=view
ERROR: expected isValid() to return true for ftp://255.255.255.255/test1/file/test1?action=edit&amp;mode=up
ERROR: expected isValid() to return true for ftp://255.255.255.255/test1/file/test1/file?action=view
ERROR: expected isValid() to return true for ftp://255.255.255.255/test1/file/test1/file?action=edit&amp;mode=up
ERROR: expected isValid() to return true for ftp://255.255.255.255/test1/file/t123/file?action=view
ERROR: expected isValid() to return true for ftp://255.255.255.255/test1/file/t123/file?action=edit&amp;mode=up
ERROR: expected isValid() to return true for ftp://255.255.255.255/test1/file/$23/file?action=view
ERROR: expected isValid() to return true for ftp://255.255.255.255/test1/file/$23/file?action=edit&amp;mode=up
ERROR: expected isValid() to return true for ftp://255.255.255.255:65636/test1/test1?action=view
ERROR: expected isValid() to return true for ftp://255.255.255.255:65636/test1/test1?action=edit&amp;mode=up
ERROR: expected isValid() to return true for ftp://255.255.255.255:65636/test1/test1
ERROR: expected isValid() to return true for ftp://255.255.255.255:65636/test1/t123?action=view
ERROR: expected isValid() to return true for ftp://255.255.255.255:65636/test1/t123?action=edit&amp;mode=up
ERROR: expected isValid() to return true for ftp://255.255.255.255:65636/test1/t123
ERROR: expected isValid() to return true for ftp://255.255.255.255:65636/test1/$23?action=view
ERROR: expected isValid() to return true for ftp://255.255.255.255:65636/test1/$23?action=edit&amp;mode=up
ERROR: expected isValid() to return true for ftp://255.255.255.255:65636/test1/$23
ERROR: expected isValid() to return true for ftp://255.255.255.255:65636/test1/test1?action=view
ERROR: expected isValid() to return true for ftp://255.255.255.255:65636/test1/test1?action=edit&amp;mode=up
ERROR: expected isValid() to return true for ftp://255.255.255.255:65636/test1/test1
ERROR: expected isValid() to return true for ftp://255.255.255.255:65636/test1/test1/file?action=view
ERROR: expected isValid() to return true for ftp://255.255.255.255:65636/test1/test1/file?action=edit&amp;mode=up
ERROR: expected isValid() to return true for ftp://255.255.255.255:65636/test1/test1/file
ERROR: expected isValid() to return true for ftp://255.255.255.255:65636/test1/t123/file?action=view
ERROR: expected isValid() to return true for ftp://255.255.255.255:65636/test1/t123/file?action=edit&amp;mode=up
ERROR: expected isValid() to return true for ftp://255.255.255.255:65636/test1/t123/file
ERROR: expected isValid() to return true for ftp://255.255.255.255:65636/test1/$23/file?action=view
ERROR: expected isValid() to return true for ftp://255.255.255.255:65636/test1/$23/file?action=edit&amp;mode=up
ERROR: expected isValid() to return true for ftp://255.255.255.255:65636/test1/$23/file
ERROR: expected isValid() to return true for ftp://255.255.255.255:65636/t123/test1?action=view
ERROR: expected isValid() to return true for ftp://255.255.255.255:65636/t123/test1?action=edit&amp;mode=up
ERROR: expected isValid() to return true for ftp://255.255.255.255:65636/t123/test1
ERROR: expected isValid() to return true for ftp://255.255.255.255:65636/t123/t123?action=view
ERROR: expected isValid() to return true for ftp://255.255.255.255:65636/t123/t123?action=edit&amp;mode=up
ERROR: expected isValid() to return true for ftp://255.255.255.255:65636/t123/t123
ERROR: expected isValid() to return true for ftp://255.255.255.255:65636/t123/$23?action=view
ERROR: expected isValid() to return true for ftp://255.255.255.255:65636/t123/$23?action=edit&amp;mode=up
ERROR: expected isValid() to return true for ftp://255.255.255.255:65636/t123/$23
ERROR: expected isValid() to return true for ftp://255.255.255.255:65636/t123/test1?action=view
ERROR: expected isValid() to return true for ftp://255.255.255.255:65636/t123/test1?action=edit&amp;mode=up
ERROR: expected isValid() to return true for ftp://255.255.255.255:65636/t123/test1
ERROR: expected isValid() to return true for ftp://255.255.255.255:65636/t123/test1/file?action=view
ERROR: expected isValid() to return true for ftp://255.255.255.255:65636/t123/test1/file?action=edit&amp;mode=up
ERROR: expected isValid() to return true for ftp://255.255.255.255:65636/t123/test1/file
ERROR: expected isValid() to return true for ftp://255.255.255.255:65636/t123/t123/file?action=view
ERROR: expected isValid() to return true for ftp://255.255.255.255:65636/t123/t123/file?action=edit&amp;mode=up
ERROR: expected isValid() to return true for ftp://255.255.255.255:65636/t123/t123/file
ERROR: expected isValid() to return true for ftp://255.255.255.255:65636/t123/$23/file?action=view
ERROR: expected isValid() to return true for ftp://255.255.255.255:65636/t123/$23/file?action=edit&amp;mode=up
ERROR: expected isValid() to return true for ftp://255.255.255.255:65636/t123/$23/file
ERROR: expected isValid() to return true for ftp://255.255.255.255:65636/$23/test1?action=view
ERROR: expected isValid() to return true for ftp://255.255.255.255:65636/$23/test1?action=edit&amp;mode=up
ERROR: expected isValid() to return true for ftp://255.255.255.255:65636/$23/test1
ERROR: expected isValid() to return true for ftp://255.255.255.255:65636/$23/t123?action=view
ERROR: expected isValid() to return true for ftp://255.255.255.255:65636/$23/t123?action=edit&amp;mode=up
ERROR: expected isValid() to return true for ftp://255.255.255.255:65636/$23/t123
ERROR: expected isValid() to return true for ftp://255.255.255.255:65636/$23/$23?action=view
ERROR: expected isValid() to return true for ftp://255.255.255.255:65636/$23/$23?action=edit&amp;mode=up
ERROR: expected isValid() to return true for ftp://255.255.255.255:65636/$23/$23
ERROR: expected isValid() to return true for ftp://255.255.255.255:65636/$23/test1?action=view
ERROR: expected isValid() to return true for ftp://255.255.255.255:65636/$23/test1?action=edit&amp;mode=up
ERROR: expected isValid() to return true for ftp://255.255.255.255:65636/$23/test1
ERROR: expected isValid() to return true for ftp://255.255.255.255:65636/$23/test1/file?action=view
ERROR: expected isValid() to return true for ftp://255.255.255.255:65636/$23/test1/file?action=edit&amp;mode=up
ERROR: expected isValid() to return true for ftp://255.255.255.255:65636/$23/test1/file
ERROR: expected isValid() to return true for ftp://255.255.255.255:65636/$23/t123/file?action=view
ERROR: expected isValid() to return true for ftp://255.255.255.255:65636/$23/t123/file?action=edit&amp;mode=up
ERROR: expected isValid() to return true for ftp://255.255.255.255:65636/$23/t123/file
ERROR: expected isValid() to return true for ftp://255.255.255.255:65636/$23/$23/file?action=view
ERROR: expected isValid() to return true for ftp://255.255.255.255:65636/$23/$23/file?action=edit&amp;mode=up
ERROR: expected isValid() to return true for ftp://255.255.255.255:65636/$23/$23/file
ERROR: expected isValid() to return true for ftp://255.255.255.255:65636/test1/test1?action=view
ERROR: expected isValid() to return true for ftp://255.255.255.255:65636/test1/test1?action=edit&amp;mode=up
ERROR: expected isValid() to return true for ftp://255.255.255.255:65636/test1/test1
ERROR: expected isValid() to return true for ftp://255.255.255.255:65636/test1/t123?action=view
ERROR: expected isValid() to return true for ftp://255.255.255.255:65636/test1/t123?action=edit&amp;mode=up
ERROR: expected isValid() to return true for ftp://255.255.255.255:65636/test1/t123
ERROR: expected isValid() to return true for ftp://255.255.255.255:65636/test1/$23?action=view
ERROR: expected isValid() to return true for ftp://255.255.255.255:65636/test1/$23?action=edit&amp;mode=up
ERROR: expected isValid() to return true for ftp://255.255.255.255:65636/test1/$23
ERROR: expected isValid() to return true for ftp://255.255.255.255:65636/test1/test1?action=view
ERROR: expected isValid() to return true for ftp://255.255.255.255:65636/test1/test1?action=edit&amp;mode=up
ERROR: expected isValid() to return true for ftp://255.255.255.255:65636/test1/test1
ERROR: expected isValid() to return true for ftp://255.255.255.255:65636/test1/test1/file?action=view
ERROR: expected isValid() to return true for ftp://255.255.255.255:65636/test1/test1/file?action=edit&amp;mode=up
ERROR: expected isValid() to return true for ftp://255.255.255.255:65636/test1/test1/file
ERROR: expected isValid() to return true for ftp://255.255.255.255:65636/test1/t123/file?action=view
ERROR: expected isValid() to return true for ftp://255.255.255.255:65636/test1/t123/file?action=edit&amp;mode=up
ERROR: expected isValid() to return true for ftp://255.255.255.255:65636/test1/t123/file
ERROR: expected isValid() to return true for ftp://255.255.255.255:65636/test1/$23/file?action=view
ERROR: expected isValid() to return true for ftp://255.255.255.255:65636/test1/$23/file?action=edit&amp;mode=up
ERROR: expected isValid() to return true for ftp://255.255.255.255:65636/test1/$23/file
ERROR: expected isValid() to return true for ftp://255.255.255.255:65636/test1/file/test1?action=view
ERROR: expected isValid() to return true for ftp://255.255.255.255:65636/test1/file/test1?action=edit&amp;mode=up
ERROR: expected isValid() to return true for ftp://255.255.255.255:65636/test1/file/test1
ERROR: expected isValid() to return true for ftp://255.255.255.255:65636/test1/file/t123?action=view
ERROR: expected isValid() to return true for ftp://255.255.255.255:65636/test1/file/t123?action=edit&amp;mode=up
ERROR: expected isValid() to return true for ftp://255.255.255.255:65636/test1/file/t123
ERROR: expected isValid() to return true for ftp://255.255.255.255:65636/test1/file/$23?action=view
ERROR: expected isValid() to return true for ftp://255.255.255.255:65636/test1/file/$23?action=edit&amp;mode=up
ERROR: expected isValid() to return true for ftp://255.255.255.255:65636/test1/file/$23
ERROR: expected isValid() to return true for ftp://255.255.255.255:65636/test1/file/test1?action=view
ERROR: expected isValid() to return true for ftp://255.255.255.255:65636/test1/file/test1?action=edit&amp;mode=up
ERROR: expected isValid() to return true for ftp://255.255.255.255:65636/test1/file/test1
ERROR: expected isValid() to return true for ftp://255.255.255.255:65636/test1/file/test1/file?action=view
ERROR: expected isValid() to return true for ftp://255.255.255.255:65636/test1/file/test1/file?action=edit&amp;mode=up
ERROR: expected isValid() to return true for ftp://255.255.255.255:65636/test1/file/test1/file
ERROR: expected isValid() to return true for ftp://255.255.255.255:65636/test1/file/t123/file?action=view
ERROR: expected isValid() to return true for ftp://255.255.255.255:65636/test1/file/t123/file?action=edit&amp;mode=up
ERROR: expected isValid() to return true for ftp://255.255.255.255:65636/test1/file/t123/file
ERROR: expected isValid() to return true for ftp://255.255.255.255:65636/test1/file/$23/file?action=view
ERROR: expected isValid() to return true for ftp://255.255.255.255:65636/test1/file/$23/file?action=edit&amp;mode=up
ERROR: expected isValid() to return true for ftp://255.255.255.255:65636/test1/file/$23/file
ERROR: expected isValid() to return false for ftp://256.256.256.256:80/test1/test1
ERROR: expected isValid() to return false for ftp://256.256.256.256:80/test1/t123
ERROR: expected isValid() to return false for ftp://256.256.256.256:80/test1/$23
ERROR: expected isValid() to return false for ftp://256.256.256.256:80/test1/test1
ERROR: expected isValid() to return false for ftp://256.256.256.256:80/test1/test1/file
ERROR: expected isValid() to return false for ftp://256.256.256.256:80/test1/t123/file
ERROR: expected isValid() to return false for ftp://256.256.256.256:80/test1/$23/file
ERROR: expected isValid() to return false for ftp://256.256.256.256:80/t123/test1
ERROR: expected isValid() to return false for ftp://256.256.256.256:80/t123/t123
ERROR: expected isValid() to return false for ftp://256.256.256.256:80/t123/$23
ERROR: expected isValid() to return false for ftp://256.256.256.256:80/t123/test1
ERROR: expected isValid() to return false for ftp://256.256.256.256:80/t123/test1/file
ERROR: expected isValid() to return false for ftp://256.256.256.256:80/t123/t123/file
ERROR: expected isValid() to return false for ftp://256.256.256.256:80/t123/$23/file
ERROR: expected isValid() to return false for ftp://256.256.256.256:80/$23/test1
ERROR: expected isValid() to return false for ftp://256.256.256.256:80/$23/t123
ERROR: expected isValid() to return false for ftp://256.256.256.256:80/$23/$23
ERROR: expected isValid() to return false for ftp://256.256.256.256:80/$23/test1
ERROR: expected isValid() to return false for ftp://256.256.256.256:80/$23/test1/file
ERROR: expected isValid() to return false for ftp://256.256.256.256:80/$23/t123/file
ERROR: expected isValid() to return false for ftp://256.256.256.256:80/$23/$23/file
ERROR: expected isValid() to return false for ftp://256.256.256.256:80/test1/test1
ERROR: expected isValid() to return false for ftp://256.256.256.256:80/test1/t123
ERROR: expected isValid() to return false for ftp://256.256.256.256:80/test1/$23
ERROR: expected isValid() to return false for ftp://256.256.256.256:80/test1/test1
ERROR: expected isValid() to return false for ftp://256.256.256.256:80/test1/test1/file
ERROR: expected isValid() to return false for ftp://256.256.256.256:80/test1/t123/file
ERROR: expected isValid() to return false for ftp://256.256.256.256:80/test1/$23/file
ERROR: expected isValid() to return false for ftp://256.256.256.256:80/test1/file/test1
ERROR: expected isValid() to return false for ftp://256.256.256.256:80/test1/file/t123
ERROR: expected isValid() to return false for ftp://256.256.256.256:80/test1/file/$23
ERROR: expected isValid() to return false for ftp://256.256.256.256:80/test1/file/test1
ERROR: expected isValid() to return false for ftp://256.256.256.256:80/test1/file/test1/file
ERROR: expected isValid() to return false for ftp://256.256.256.256:80/test1/file/t123/file
ERROR: expected isValid() to return false for ftp://256.256.256.256:80/test1/file/$23/file
ERROR: expected isValid() to return false for ftp://256.256.256.256:0/test1/test1
ERROR: expected isValid() to return false for ftp://256.256.256.256:0/test1/t123
ERROR: expected isValid() to return false for ftp://256.256.256.256:0/test1/$23
ERROR: expected isValid() to return false for ftp://256.256.256.256:0/test1/test1
ERROR: expected isValid() to return false for ftp://256.256.256.256:0/test1/test1/file
ERROR: expected isValid() to return false for ftp://256.256.256.256:0/test1/t123/file
ERROR: expected isValid() to return false for ftp://256.256.256.256:0/test1/$23/file
ERROR: expected isValid() to return false for ftp://256.256.256.256:0/t123/test1
ERROR: expected isValid() to return false for ftp://256.256.256.256:0/t123/t123
ERROR: expected isValid() to return false for ftp://256.256.256.256:0/t123/$23
ERROR: expected isValid() to return false for ftp://256.256.256.256:0/t123/test1
ERROR: expected isValid() to return false for ftp://256.256.256.256:0/t123/test1/file
ERROR: expected isValid() to return false for ftp://256.256.256.256:0/t123/t123/file
ERROR: expected isValid() to return false for ftp://256.256.256.256:0/t123/$23/file
ERROR: expected isValid() to return false for ftp://256.256.256.256:0/$23/test1
ERROR: expected isValid() to return false for ftp://256.256.256.256:0/$23/t123
ERROR: expected isValid() to return false for ftp://256.256.256.256:0/$23/$23
ERROR: expected isValid() to return false for ftp://256.256.256.256:0/$23/test1
ERROR: expected isValid() to return false for ftp://256.256.256.256:0/$23/test1/file
ERROR: expected isValid() to return false for ftp://256.256.256.256:0/$23/t123/file
ERROR: expected isValid() to return false for ftp://256.256.256.256:0/$23/$23/file
ERROR: expected isValid() to return false for ftp://256.256.256.256:0/test1/test1
ERROR: expected isValid() to return false for ftp://256.256.256.256:0/test1/t123
ERROR: expected isValid() to return false for ftp://256.256.256.256:0/test1/$23
ERROR: expected isValid() to return false for ftp://256.256.256.256:0/test1/test1
ERROR: expected isValid() to return false for ftp://256.256.256.256:0/test1/test1/file
ERROR: expected isValid() to return false for ftp://256.256.256.256:0/test1/t123/file
ERROR: expected isValid() to return false for ftp://256.256.256.256:0/test1/$23/file
ERROR: expected isValid() to return false for ftp://256.256.256.256:0/test1/file/test1
ERROR: expected isValid() to return false for ftp://256.256.256.256:0/test1/file/t123
ERROR: expected isValid() to return false for ftp://256.256.256.256:0/test1/file/$23
ERROR: expected isValid() to return false for ftp://256.256.256.256:0/test1/file/test1
ERROR: expected isValid() to return false for ftp://256.256.256.256:0/test1/file/test1/file
ERROR: expected isValid() to return false for ftp://256.256.256.256:0/test1/file/t123/file
ERROR: expected isValid() to return false for ftp://256.256.256.256:0/test1/file/$23/file
ERROR: expected isValid() to return false for ftp://256.256.256.256/test1/test1
ERROR: expected isValid() to return false for ftp://256.256.256.256/test1/t123
ERROR: expected isValid() to return false for ftp://256.256.256.256/test1/$23
ERROR: expected isValid() to return false for ftp://256.256.256.256/test1/test1
ERROR: expected isValid() to return false for ftp://256.256.256.256/test1/test1/file
ERROR: expected isValid() to return false for ftp://256.256.256.256/test1/t123/file
ERROR: expected isValid() to return false for ftp://256.256.256.256/test1/$23/file
ERROR: expected isValid() to return false for ftp://256.256.256.256/t123/test1
ERROR: expected isValid() to return false for ftp://256.256.256.256/t123/t123
ERROR: expected isValid() to return false for ftp://256.256.256.256/t123/$23
ERROR: expected isValid() to return false for ftp://256.256.256.256/t123/test1
ERROR: expected isValid() to return false for ftp://256.256.256.256/t123/test1/file
ERROR: expected isValid() to return false for ftp://256.256.256.256/t123/t123/file
ERROR: expected isValid() to return false for ftp://256.256.256.256/t123/$23/file
ERROR: expected isValid() to return false for ftp://256.256.256.256/$23/test1
ERROR: expected isValid() to return false for ftp://256.256.256.256/$23/t123
ERROR: expected isValid() to return false for ftp://256.256.256.256/$23/$23
ERROR: expected isValid() to return false for ftp://256.256.256.256/$23/test1
ERROR: expected isValid() to return false for ftp://256.256.256.256/$23/test1/file
ERROR: expected isValid() to return false for ftp://256.256.256.256/$23/t123/file
ERROR: expected isValid() to return false for ftp://256.256.256.256/$23/$23/file
ERROR: expected isValid() to return false for ftp://256.256.256.256/test1/test1
ERROR: expected isValid() to return false for ftp://256.256.256.256/test1/t123
ERROR: expected isValid() to return false for ftp://256.256.256.256/test1/$23
ERROR: expected isValid() to return false for ftp://256.256.256.256/test1/test1
ERROR: expected isValid() to return false for ftp://256.256.256.256/test1/test1/file
ERROR: expected isValid() to return false for ftp://256.256.256.256/test1/t123/file
ERROR: expected isValid() to return false for ftp://256.256.256.256/test1/$23/file
ERROR: expected isValid() to return false for ftp://256.256.256.256/test1/file/test1
ERROR: expected isValid() to return false for ftp://256.256.256.256/test1/file/t123
ERROR: expected isValid() to return false for ftp://256.256.256.256/test1/file/$23
ERROR: expected isValid() to return false for ftp://256.256.256.256/test1/file/test1
ERROR: expected isValid() to return false for ftp://256.256.256.256/test1/file/test1/file
ERROR: expected isValid() to return false for ftp://256.256.256.256/test1/file/t123/file
ERROR: expected isValid() to return false for ftp://256.256.256.256/test1/file/$23/file
ERROR: expected isValid() to return true for ftp://255.com:80/test1/test1?action=view
ERROR: expected isValid() to return true for ftp://255.com:80/test1/test1?action=edit&amp;mode=up
ERROR: expected isValid() to return true for ftp://255.com:80/test1/t123?action=view
ERROR: expected isValid() to return true for ftp://255.com:80/test1/t123?action=edit&amp;mode=up
ERROR: expected isValid() to return true for ftp://255.com:80/test1/$23?action=view
ERROR: expected isValid() to return true for ftp://255.com:80/test1/$23?action=edit&amp;mode=up
ERROR: expected isValid() to return true for ftp://255.com:80/test1/test1?action=view
ERROR: expected isValid() to return true for ftp://255.com:80/test1/test1?action=edit&amp;mode=up
ERROR: expected isValid() to return true for ftp://255.com:80/test1/test1/file?action=view
ERROR: expected isValid() to return true for ftp://255.com:80/test1/test1/file?action=edit&amp;mode=up
ERROR: expected isValid() to return true for ftp://255.com:80/test1/t123/file?action=view
ERROR: expected isValid() to return true for ftp://255.com:80/test1/t123/file?action=edit&amp;mode=up
ERROR: expected isValid() to return true for ftp://255.com:80/test1/$23/file?action=view
ERROR: expected isValid() to return true for ftp://255.com:80/test1/$23/file?action=edit&amp;mode=up
ERROR: expected isValid() to return true for ftp://255.com:80/t123/test1?action=view
ERROR: expected isValid() to return true for ftp://255.com:80/t123/test1?action=edit&amp;mode=up
ERROR: expected isValid() to return true for ftp://255.com:80/t123/t123?action=view
ERROR: expected isValid() to return true for ftp://255.com:80/t123/t123?action=edit&amp;mode=up
ERROR: expected isValid() to return true for ftp://255.com:80/t123/$23?action=view
ERROR: expected isValid() to return true for ftp://255.com:80/t123/$23?action=edit&amp;mode=up
ERROR: expected isValid() to return true for ftp://255.com:80/t123/test1?action=view
ERROR: expected isValid() to return true for ftp://255.com:80/t123/test1?action=edit&amp;mode=up
ERROR: expected isValid() to return true for ftp://255.com:80/t123/test1/file?action=view
ERROR: expected isValid() to return true for ftp://255.com:80/t123/test1/file?action=edit&amp;mode=up
ERROR: expected isValid() to return true for ftp://255.com:80/t123/t123/file?action=view
ERROR: expected isValid() to return true for ftp://255.com:80/t123/t123/file?action=edit&amp;mode=up
ERROR: expected isValid() to return true for ftp://255.com:80/t123/$23/file?action=view
ERROR: expected isValid() to return true for ftp://255.com:80/t123/$23/file?action=edit&amp;mode=up
ERROR: expected isValid() to return true for ftp://255.com:80/$23/test1?action=view
ERROR: expected isValid() to return true for ftp://255.com:80/$23/test1?action=edit&amp;mode=up
ERROR: expected isValid() to return true for ftp://255.com:80/$23/t123?action=view
ERROR: expected isValid() to return true for ftp://255.com:80/$23/t123?action=edit&amp;mode=up
ERROR: expected isValid() to return true for ftp://255.com:80/$23/$23?action=view
ERROR: expected isValid() to return true for ftp://255.com:80/$23/$23?action=edit&amp;mode=up
ERROR: expected isValid() to return true for ftp://255.com:80/$23/test1?action=view
ERROR: expected isValid() to return true for ftp://255.com:80/$23/test1?action=edit&amp;mode=up
ERROR: expected isValid() to return true for ftp://255.com:80/$23/test1/file?action=view
ERROR: expected isValid() to return true for ftp://255.com:80/$23/test1/file?action=edit&amp;mode=up
ERROR: expected isValid() to return true for ftp://255.com:80/$23/t123/file?action=view
ERROR: expected isValid() to return true for ftp://255.com:80/$23/t123/file?action=edit&amp;mode=up
ERROR: expected isValid() to return true for ftp://255.com:80/$23/$23/file?action=view
ERROR: expected isValid() to return true for ftp://255.com:80/$23/$23/file?action=edit&amp;mode=up
ERROR: expected isValid() to return true for ftp://255.com:80/test1/test1?action=view
ERROR: expected isValid() to return true for ftp://255.com:80/test1/test1?action=edit&amp;mode=up
ERROR: expected isValid() to return true for ftp://255.com:80/test1/t123?action=view
ERROR: expected isValid() to return true for ftp://255.com:80/test1/t123?action=edit&amp;mode=up
ERROR: expected isValid() to return true for ftp://255.com:80/test1/$23?action=view
ERROR: expected isValid() to return true for ftp://255.com:80/test1/$23?action=edit&amp;mode=up
ERROR: expected isValid() to return true for ftp://255.com:80/test1/test1?action=view
ERROR: expected isValid() to return true for ftp://255.com:80/test1/test1?action=edit&amp;mode=up
ERROR: expected isValid() to return true for ftp://255.com:80/test1/test1/file?action=view
ERROR: expected isValid() to return true for ftp://255.com:80/test1/test1/file?action=edit&amp;mode=up
ERROR: expected isValid() to return true for ftp://255.com:80/test1/t123/file?action=view
ERROR: expected isValid() to return true for ftp://255.com:80/test1/t123/file?action=edit&amp;mode=up
ERROR: expected isValid() to return true for ftp://255.com:80/test1/$23/file?action=view
ERROR: expected isValid() to return true for ftp://255.com:80/test1/$23/file?action=edit&amp;mode=up
ERROR: expected isValid() to return true for ftp://255.com:80/test1/file/test1?action=view
ERROR: expected isValid() to return true for ftp://255.com:80/test1/file/test1?action=edit&amp;mode=up
ERROR: expected isValid() to return true for ftp://255.com:80/test1/file/t123?action=view
ERROR: expected isValid() to return true for ftp://255.com:80/test1/file/t123?action=edit&amp;mode=up
ERROR: expected isValid() to return true for ftp://255.com:80/test1/file/$23?action=view
ERROR: expected isValid() to return true for ftp://255.com:80/test1/file/$23?action=edit&amp;mode=up
ERROR: expected isValid() to return true for ftp://255.com:80/test1/file/test1?action=view
ERROR: expected isValid() to return true for ftp://255.com:80/test1/file/test1?action=edit&amp;mode=up
ERROR: expected isValid() to return true for ftp://255.com:80/test1/file/test1/file?action=view
ERROR: expected isValid() to return true for ftp://255.com:80/test1/file/test1/file?action=edit&amp;mode=up
ERROR: expected isValid() to return true for ftp://255.com:80/test1/file/t123/file?action=view
ERROR: expected isValid() to return true for ftp://255.com:80/test1/file/t123/file?action=edit&amp;mode=up
ERROR: expected isValid() to return true for ftp://255.com:80/test1/file/$23/file?action=view
ERROR: expected isValid() to return true for ftp://255.com:80/test1/file/$23/file?action=edit&amp;mode=up
ERROR: expected isValid() to return true for ftp://255.com:65535/test1/test1?action=view
ERROR: expected isValid() to return true for ftp://255.com:65535/test1/test1?action=edit&amp;mode=up
ERROR: expected isValid() to return true for ftp://255.com:65535/test1/test1
ERROR: expected isValid() to return true for ftp://255.com:65535/test1/t123?action=view
ERROR: expected isValid() to return true for ftp://255.com:65535/test1/t123?action=edit&amp;mode=up
ERROR: expected isValid() to return true for ftp://255.com:65535/test1/t123
ERROR: expected isValid() to return true for ftp://255.com:65535/test1/$23?action=view
ERROR: expected isValid() to return true for ftp://255.com:65535/test1/$23?action=edit&amp;mode=up
ERROR: expected isValid() to return true for ftp://255.com:65535/test1/$23
ERROR: expected isValid() to return true for ftp://255.com:65535/test1/test1?action=view
ERROR: expected isValid() to return true for ftp://255.com:65535/test1/test1?action=edit&amp;mode=up
ERROR: expected isValid() to return true for ftp://255.com:65535/test1/test1
ERROR: expected isValid() to return true for ftp://255.com:65535/test1/test1/file?action=view
ERROR: expected isValid() to return true for ftp://255.com:65535/test1/test1/file?action=edit&amp;mode=up
ERROR: expected isValid() to return true for ftp://255.com:65535/test1/test1/file
ERROR: expected isValid() to return true for ftp://255.com:65535/test1/t123/file?action=view
ERROR: expected isValid() to return true for ftp://255.com:65535/test1/t123/file?action=edit&amp;mode=up
ERROR: expected isValid() to return true for ftp://255.com:65535/test1/t123/file
ERROR: expected isValid() to return true for ftp://255.com:65535/test1/$23/file?action=view
ERROR: expected isValid() to return true for ftp://255.com:65535/test1/$23/file?action=edit&amp;mode=up
ERROR: expected isValid() to return true for ftp://255.com:65535/test1/$23/file
ERROR: expected isValid() to return true for ftp://255.com:65535/t123/test1?action=view
ERROR: expected isValid() to return true for ftp://255.com:65535/t123/test1?action=edit&amp;mode=up
ERROR: expected isValid() to return true for ftp://255.com:65535/t123/test1
ERROR: expected isValid() to return true for ftp://255.com:65535/t123/t123?action=view
ERROR: expected isValid() to return true for ftp://255.com:65535/t123/t123?action=edit&amp;mode=up
ERROR: expected isValid() to return true for ftp://255.com:65535/t123/t123
ERROR: expected isValid() to return true for ftp://255.com:65535/t123/$23?action=view
ERROR: expected isValid() to return true for ftp://255.com:65535/t123/$23?action=edit&amp;mode=up
ERROR: expected isValid() to return true for ftp://255.com:65535/t123/$23
ERROR: expected isValid() to return true for ftp://255.com:65535/t123/test1?action=view
ERROR: expected isValid() to return true for ftp://255.com:65535/t123/test1?action=edit&amp;mode=up
ERROR: expected isValid() to return true for ftp://255.com:65535/t123/test1
ERROR: expected isValid() to return true for ftp://255.com:65535/t123/test1/file?action=view
ERROR: expected isValid() to return true for ftp://255.com:65535/t123/test1/file?action=edit&amp;mode=up
ERROR: expected isValid() to return true for ftp://255.com:65535/t123/test1/file
ERROR: expected isValid() to return true for ftp://255.com:65535/t123/t123/file?action=view
ERROR: expected isValid() to return true for ftp://255.com:65535/t123/t123/file?action=edit&amp;mode=up
ERROR: expected isValid() to return true for ftp://255.com:65535/t123/t123/file
ERROR: expected isValid() to return true for ftp://255.com:65535/t123/$23/file?action=view
ERROR: expected isValid() to return true for ftp://255.com:65535/t123/$23/file?action=edit&amp;mode=up
ERROR: expected isValid() to return true for ftp://255.com:65535/t123/$23/file
ERROR: expected isValid() to return true for ftp://255.com:65535/$23/test1?action=view
ERROR: expected isValid() to return true for ftp://255.com:65535/$23/test1?action=edit&amp;mode=up
ERROR: expected isValid() to return true for ftp://255.com:65535/$23/test1
ERROR: expected isValid() to return true for ftp://255.com:65535/$23/t123?action=view
ERROR: expected isValid() to return true for ftp://255.com:65535/$23/t123?action=edit&amp;mode=up
ERROR: expected isValid() to return true for ftp://255.com:65535/$23/t123
ERROR: expected isValid() to return true for ftp://255.com:65535/$23/$23?action=view
ERROR: expected isValid() to return true for ftp://255.com:65535/$23/$23?action=edit&amp;mode=up
ERROR: expected isValid() to return true for ftp://255.com:65535/$23/$23
ERROR: expected isValid() to return true for ftp://255.com:65535/$23/test1?action=view
ERROR: expected isValid() to return true for ftp://255.com:65535/$23/test1?action=edit&amp;mode=up
ERROR: expected isValid() to return true for ftp://255.com:65535/$23/test1
ERROR: expected isValid() to return true for ftp://255.com:65535/$23/test1/file?action=view
ERROR: expected isValid() to return true for ftp://255.com:65535/$23/test1/file?action=edit&amp;mode=up
ERROR: expected isValid() to return true for ftp://255.com:65535/$23/test1/file
ERROR: expected isValid() to return true for ftp://255.com:65535/$23/t123/file?action=view
ERROR: expected isValid() to return true for ftp://255.com:65535/$23/t123/file?action=edit&amp;mode=up
ERROR: expected isValid() to return true for ftp://255.com:65535/$23/t123/file
ERROR: expected isValid() to return true for ftp://255.com:65535/$23/$23/file?action=view
ERROR: expected isValid() to return true for ftp://255.com:65535/$23/$23/file?action=edit&amp;mode=up
ERROR: expected isValid() to return true for ftp://255.com:65535/$23/$23/file
ERROR: expected isValid() to return true for ftp://255.com:65535/test1/test1?action=view
ERROR: expected isValid() to return true for ftp://255.com:65535/test1/test1?action=edit&amp;mode=up
ERROR: expected isValid() to return true for ftp://255.com:65535/test1/test1
ERROR: expected isValid() to return true for ftp://255.com:65535/test1/t123?action=view
ERROR: expected isValid() to return true for ftp://255.com:65535/test1/t123?action=edit&amp;mode=up
ERROR: expected isValid() to return true for ftp://255.com:65535/test1/t123
ERROR: expected isValid() to return true for ftp://255.com:65535/test1/$23?action=view
ERROR: expected isValid() to return true for ftp://255.com:65535/test1/$23?action=edit&amp;mode=up
ERROR: expected isValid() to return true for ftp://255.com:65535/test1/$23
ERROR: expected isValid() to return true for ftp://255.com:65535/test1/test1?action=view
ERROR: expected isValid() to return true for ftp://255.com:65535/test1/test1?action=edit&amp;mode=up
ERROR: expected isValid() to return true for ftp://255.com:65535/test1/test1
ERROR: expected isValid() to return true for ftp://255.com:65535/test1/test1/file?action=view
ERROR: expected isValid() to return true for ftp://255.com:65535/test1/test1/file?action=edit&amp;mode=up
ERROR: expected isValid() to return true for ftp://255.com:65535/test1/test1/file
ERROR: expected isValid() to return true for ftp://255.com:65535/test1/t123/file?action=view
ERROR: expected isValid() to return true for ftp://255.com:65535/test1/t123/file?action=edit&amp;mode=up
ERROR: expected isValid() to return true for ftp://255.com:65535/test1/t123/file
ERROR: expected isValid() to return true for ftp://255.com:65535/test1/$23/file?action=view
ERROR: expected isValid() to return true for ftp://255.com:65535/test1/$23/file?action=edit&amp;mode=up
ERROR: expected isValid() to return true for ftp://255.com:65535/test1/$23/file
ERROR: expected isValid() to return true for ftp://255.com:65535/test1/file/test1?action=view
ERROR: expected isValid() to return true for ftp://255.com:65535/test1/file/test1?action=edit&amp;mode=up
ERROR: expected isValid() to return true for ftp://255.com:65535/test1/file/test1
ERROR: expected isValid() to return true for ftp://255.com:65535/test1/file/t123?action=view
ERROR: expected isValid() to return true for ftp://255.com:65535/test1/file/t123?action=edit&amp;mode=up
ERROR: expected isValid() to return true for ftp://255.com:65535/test1/file/t123
ERROR: expected isValid() to return true for ftp://255.com:65535/test1/file/$23?action=view
ERROR: expected isValid() to return true for ftp://255.com:65535/test1/file/$23?action=edit&amp;mode=up
ERROR: expected isValid() to return true for ftp://255.com:65535/test1/file/$23
ERROR: expected isValid() to return true for ftp://255.com:65535/test1/file/test1?action=view
ERROR: expected isValid() to return true for ftp://255.com:65535/test1/file/test1?action=edit&amp;mode=up
ERROR: expected isValid() to return true for ftp://255.com:65535/test1/file/test1
ERROR: expected isValid() to return true for ftp://255.com:65535/test1/file/test1/file?action=view
ERROR: expected isValid() to return true for ftp://255.com:65535/test1/file/test1/file?action=edit&amp;mode=up
ERROR: expected isValid() to return true for ftp://255.com:65535/test1/file/test1/file
ERROR: expected isValid() to return true for ftp://255.com:65535/test1/file/t123/file?action=view
ERROR: expected isValid() to return true for ftp://255.com:65535/test1/file/t123/file?action=edit&amp;mode=up
ERROR: expected isValid() to return true for ftp://255.com:65535/test1/file/t123/file
ERROR: expected isValid() to return true for ftp://255.com:65535/test1/file/$23/file?action=view
ERROR: expected isValid() to return true for ftp://255.com:65535/test1/file/$23/file?action=edit&amp;mode=up
ERROR: expected isValid() to return true for ftp://255.com:65535/test1/file/$23/file
ERROR: expected isValid() to return true for ftp://255.com:0/test1/test1?action=view
ERROR: expected isValid() to return true for ftp://255.com:0/test1/test1?action=edit&amp;mode=up
ERROR: expected isValid() to return true for ftp://255.com:0/test1/t123?action=view
ERROR: expected isValid() to return true for ftp://255.com:0/test1/t123?action=edit&amp;mode=up
ERROR: expected isValid() to return true for ftp://255.com:0/test1/$23?action=view
ERROR: expected isValid() to return true for ftp://255.com:0/test1/$23?action=edit&amp;mode=up
ERROR: expected isValid() to return true for ftp://255.com:0/test1/test1?action=view
ERROR: expected isValid() to return true for ftp://255.com:0/test1/test1?action=edit&amp;mode=up
ERROR: expected isValid() to return true for ftp://255.com:0/test1/test1/file?action=view
ERROR: expected isValid() to return true for ftp://255.com:0/test1/test1/file?action=edit&amp;mode=up
ERROR: expected isValid() to return true for ftp://255.com:0/test1/t123/file?action=view
ERROR: expected isValid() to return true for ftp://255.com:0/test1/t123/file?action=edit&amp;mode=up
ERROR: expected isValid() to return true for ftp://255.com:0/test1/$23/file?action=view
ERROR: expected isValid() to return true for ftp://255.com:0/test1/$23/file?action=edit&amp;mode=up
ERROR: expected isValid() to return true for ftp://255.com:0/t123/test1?action=view
ERROR: expected isValid() to return true for ftp://255.com:0/t123/test1?action=edit&amp;mode=up
ERROR: expected isValid() to return true for ftp://255.com:0/t123/t123?action=view
ERROR: expected isValid() to return true for ftp://255.com:0/t123/t123?action=edit&amp;mode=up
ERROR: expected isValid() to return true for ftp://255.com:0/t123/$23?action=view
ERROR: expected isValid() to return true for ftp://255.com:0/t123/$23?action=edit&amp;mode=up
ERROR: expected isValid() to return true for ftp://255.com:0/t123/test1?action=view
ERROR: expected isValid() to return true for ftp://255.com:0/t123/test1?action=edit&amp;mode=up
ERROR: expected isValid() to return true for ftp://255.com:0/t123/test1/file?action=view
ERROR: expected isValid() to return true for ftp://255.com:0/t123/test1/file?action=edit&amp;mode=up
ERROR: expected isValid() to return true for ftp://255.com:0/t123/t123/file?action=view
ERROR: expected isValid() to return true for ftp://255.com:0/t123/t123/file?action=edit&amp;mode=up
ERROR: expected isValid() to return true for ftp://255.com:0/t123/$23/file?action=view
ERROR: expected isValid() to return true for ftp://255.com:0/t123/$23/file?action=edit&amp;mode=up
ERROR: expected isValid() to return true for ftp://255.com:0/$23/test1?action=view
ERROR: expected isValid() to return true for ftp://255.com:0/$23/test1?action=edit&amp;mode=up
ERROR: expected isValid() to return true for ftp://255.com:0/$23/t123?action=view
ERROR: expected isValid() to return true for ftp://255.com:0/$23/t123?action=edit&amp;mode=up
ERROR: expected isValid() to return true for ftp://255.com:0/$23/$23?action=view
ERROR: expected isValid() to return true for ftp://255.com:0/$23/$23?action=edit&amp;mode=up
ERROR: expected isValid() to return true for ftp://255.com:0/$23/test1?action=view
ERROR: expected isValid() to return true for ftp://255.com:0/$23/test1?action=edit&amp;mode=up
ERROR: expected isValid() to return true for ftp://255.com:0/$23/test1/file?action=view
ERROR: expected isValid() to return true for ftp://255.com:0/$23/test1/file?action=edit&amp;mode=up
ERROR: expected isValid() to return true for ftp://255.com:0/$23/t123/file?action=view
ERROR: expected isValid() to return true for ftp://255.com:0/$23/t123/file?action=edit&amp;mode=up
ERROR: expected isValid() to return true for ftp://255.com:0/$23/$23/file?action=view
ERROR: expected isValid() to return true for ftp://255.com:0/$23/$23/file?action=edit&amp;mode=up
ERROR: expected isValid() to return true for ftp://255.com:0/test1/test1?action=view
ERROR: expected isValid() to return true for ftp://255.com:0/test1/test1?action=edit&amp;mode=up
ERROR: expected isValid() to return true for ftp://255.com:0/test1/t123?action=view
ERROR: expected isValid() to return true for ftp://255.com:0/test1/t123?action=edit&amp;mode=up
ERROR: expected isValid() to return true for ftp://255.com:0/test1/$23?action=view
ERROR: expected isValid() to return true for ftp://255.com:0/test1/$23?action=edit&amp;mode=up
ERROR: expected isValid() to return true for ftp://255.com:0/test1/test1?action=view
ERROR: expected isValid() to return true for ftp://255.com:0/test1/test1?action=edit&amp;mode=up
ERROR: expected isValid() to return true for ftp://255.com:0/test1/test1/file?action=view
ERROR: expected isValid() to return true for ftp://255.com:0/test1/test1/file?action=edit&amp;mode=up
ERROR: expected isValid() to return true for ftp://255.com:0/test1/t123/file?action=view
ERROR: expected isValid() to return true for ftp://255.com:0/test1/t123/file?action=edit&amp;mode=up
ERROR: expected isValid() to return true for ftp://255.com:0/test1/$23/file?action=view
ERROR: expected isValid() to return true for ftp://255.com:0/test1/$23/file?action=edit&amp;mode=up
ERROR: expected isValid() to return true for ftp://255.com:0/test1/file/test1?action=view
ERROR: expected isValid() to return true for ftp://255.com:0/test1/file/test1?action=edit&amp;mode=up
ERROR: expected isValid() to return true for ftp://255.com:0/test1/file/t123?action=view
ERROR: expected isValid() to return true for ftp://255.com:0/test1/file/t123?action=edit&amp;mode=up
ERROR: expected isValid() to return true for ftp://255.com:0/test1/file/$23?action=view
ERROR: expected isValid() to return true for ftp://255.com:0/test1/file/$23?action=edit&amp;mode=up
ERROR: expected isValid() to return true for ftp://255.com:0/test1/file/test1?action=view
ERROR: expected isValid() to return true for ftp://255.com:0/test1/file/test1?action=edit&amp;mode=up
ERROR: expected isValid() to return true for ftp://255.com:0/test1/file/test1/file?action=view
ERROR: expected isValid() to return true for ftp://255.com:0/test1/file/test1/file?action=edit&amp;mode=up
ERROR: expected isValid() to return true for ftp://255.com:0/test1/file/t123/file?action=view
ERROR: expected isValid() to return true for ftp://255.com:0/test1/file/t123/file?action=edit&amp;mode=up
ERROR: expected isValid() to return true for ftp://255.com:0/test1/file/$23/file?action=view
ERROR: expected isValid() to return true for ftp://255.com:0/test1/file/$23/file?action=edit&amp;mode=up
ERROR: expected isValid() to return true for ftp://255.com/test1/test1?action=view
ERROR: expected isValid() to return true for ftp://255.com/test1/test1?action=edit&amp;mode=up
ERROR: expected isValid() to return true for ftp://255.com/test1/t123?action=view
ERROR: expected isValid() to return true for ftp://255.com/test1/t123?action=edit&amp;mode=up
ERROR: expected isValid() to return true for ftp://255.com/test1/$23?action=view
ERROR: expected isValid() to return true for ftp://255.com/test1/$23?action=edit&amp;mode=up
ERROR: expected isValid() to return true for ftp://255.com/test1/test1?action=view
ERROR: expected isValid() to return true for ftp://255.com/test1/test1?action=edit&amp;mode=up
ERROR: expected isValid() to return true for ftp://255.com/test1/test1/file?action=view
ERROR: expected isValid() to return true for ftp://255.com/test1/test1/file?action=edit&amp;mode=up
ERROR: expected isValid() to return true for ftp://255.com/test1/t123/file?action=view
ERROR: expected isValid() to return true for ftp://255.com/test1/t123/file?action=edit&amp;mode=up
ERROR: expected isValid() to return true for ftp://255.com/test1/$23/file?action=view
ERROR: expected isValid() to return true for ftp://255.com/test1/$23/file?action=edit&amp;mode=up
ERROR: expected isValid() to return true for ftp://255.com/t123/test1?action=view
ERROR: expected isValid() to return true for ftp://255.com/t123/test1?action=edit&amp;mode=up
ERROR: expected isValid() to return true for ftp://255.com/t123/t123?action=view
ERROR: expected isValid() to return true for ftp://255.com/t123/t123?action=edit&amp;mode=up
ERROR: expected isValid() to return true for ftp://255.com/t123/$23?action=view
ERROR: expected isValid() to return true for ftp://255.com/t123/$23?action=edit&amp;mode=up
ERROR: expected isValid() to return true for ftp://255.com/t123/test1?action=view
ERROR: expected isValid() to return true for ftp://255.com/t123/test1?action=edit&amp;mode=up
ERROR: expected isValid() to return true for ftp://255.com/t123/test1/file?action=view
ERROR: expected isValid() to return true for ftp://255.com/t123/test1/file?action=edit&amp;mode=up
ERROR: expected isValid() to return true for ftp://255.com/t123/t123/file?action=view
ERROR: expected isValid() to return true for ftp://255.com/t123/t123/file?action=edit&amp;mode=up
ERROR: expected isValid() to return true for ftp://255.com/t123/$23/file?action=view
ERROR: expected isValid() to return true for ftp://255.com/t123/$23/file?action=edit&amp;mode=up
ERROR: expected isValid() to return true for ftp://255.com/$23/test1?action=view
ERROR: expected isValid() to return true for ftp://255.com/$23/test1?action=edit&amp;mode=up
ERROR: expected isValid() to return true for ftp://255.com/$23/t123?action=view
ERROR: expected isValid() to return true for ftp://255.com/$23/t123?action=edit&amp;mode=up
ERROR: expected isValid() to return true for ftp://255.com/$23/$23?action=view
ERROR: expected isValid() to return true for ftp://255.com/$23/$23?action=edit&amp;mode=up
ERROR: expected isValid() to return true for ftp://255.com/$23/test1?action=view
ERROR: expected isValid() to return true for ftp://255.com/$23/test1?action=edit&amp;mode=up
ERROR: expected isValid() to return true for ftp://255.com/$23/test1/file?action=view
ERROR: expected isValid() to return true for ftp://255.com/$23/test1/file?action=edit&amp;mode=up
ERROR: expected isValid() to return true for ftp://255.com/$23/t123/file?action=view
ERROR: expected isValid() to return true for ftp://255.com/$23/t123/file?action=edit&amp;mode=up
ERROR: expected isValid() to return true for ftp://255.com/$23/$23/file?action=view
ERROR: expected isValid() to return true for ftp://255.com/$23/$23/file?action=edit&amp;mode=up
ERROR: expected isValid() to return true for ftp://255.com/test1/test1?action=view
ERROR: expected isValid() to return true for ftp://255.com/test1/test1?action=edit&amp;mode=up
ERROR: expected isValid() to return true for ftp://255.com/test1/t123?action=view
ERROR: expected isValid() to return true for ftp://255.com/test1/t123?action=edit&amp;mode=up
ERROR: expected isValid() to return true for ftp://255.com/test1/$23?action=view
ERROR: expected isValid() to return true for ftp://255.com/test1/$23?action=edit&amp;mode=up
ERROR: expected isValid() to return true for ftp://255.com/test1/test1?action=view
ERROR: expected isValid() to return true for ftp://255.com/test1/test1?action=edit&amp;mode=up
ERROR: expected isValid() to return true for ftp://255.com/test1/test1/file?action=view
ERROR: expected isValid() to return true for ftp://255.com/test1/test1/file?action=edit&amp;mode=up
ERROR: expected isValid() to return true for ftp://255.com/test1/t123/file?action=view
ERROR: expected isValid() to return true for ftp://255.com/test1/t123/file?action=edit&amp;mode=up
ERROR: expected isValid() to return true for ftp://255.com/test1/$23/file?action=view
ERROR: expected isValid() to return true for ftp://255.com/test1/$23/file?action=edit&amp;mode=up
ERROR: expected isValid() to return true for ftp://255.com/test1/file/test1?action=view
ERROR: expected isValid() to return true for ftp://255.com/test1/file/test1?action=edit&amp;mode=up
ERROR: expected isValid() to return true for ftp://255.com/test1/file/t123?action=view
ERROR: expected isValid() to return true for ftp://255.com/test1/file/t123?action=edit&amp;mode=up
ERROR: expected isValid() to return true for ftp://255.com/test1/file/$23?action=view
ERROR: expected isValid() to return true for ftp://255.com/test1/file/$23?action=edit&amp;mode=up
ERROR: expected isValid() to return true for ftp://255.com/test1/file/test1?action=view
ERROR: expected isValid() to return true for ftp://255.com/test1/file/test1?action=edit&amp;mode=up
ERROR: expected isValid() to return true for ftp://255.com/test1/file/test1/file?action=view
ERROR: expected isValid() to return true for ftp://255.com/test1/file/test1/file?action=edit&amp;mode=up
ERROR: expected isValid() to return true for ftp://255.com/test1/file/t123/file?action=view
ERROR: expected isValid() to return true for ftp://255.com/test1/file/t123/file?action=edit&amp;mode=up
ERROR: expected isValid() to return true for ftp://255.com/test1/file/$23/file?action=view
ERROR: expected isValid() to return true for ftp://255.com/test1/file/$23/file?action=edit&amp;mode=up
ERROR: expected isValid() to return true for ftp://255.com:65636/test1/test1?action=view
ERROR: expected isValid() to return true for ftp://255.com:65636/test1/test1?action=edit&amp;mode=up
ERROR: expected isValid() to return true for ftp://255.com:65636/test1/test1
ERROR: expected isValid() to return true for ftp://255.com:65636/test1/t123?action=view
ERROR: expected isValid() to return true for ftp://255.com:65636/test1/t123?action=edit&amp;mode=up
ERROR: expected isValid() to return true for ftp://255.com:65636/test1/t123
ERROR: expected isValid() to return true for ftp://255.com:65636/test1/$23?action=view
ERROR: expected isValid() to return true for ftp://255.com:65636/test1/$23?action=edit&amp;mode=up
ERROR: expected isValid() to return true for ftp://255.com:65636/test1/$23
ERROR: expected isValid() to return true for ftp://255.com:65636/test1/test1?action=view
ERROR: expected isValid() to return true for ftp://255.com:65636/test1/test1?action=edit&amp;mode=up
ERROR: expected isValid() to return true for ftp://255.com:65636/test1/test1
ERROR: expected isValid() to return true for ftp://255.com:65636/test1/test1/file?action=view
ERROR: expected isValid() to return true for ftp://255.com:65636/test1/test1/file?action=edit&amp;mode=up
ERROR: expected isValid() to return true for ftp://255.com:65636/test1/test1/file
ERROR: expected isValid() to return true for ftp://255.com:65636/test1/t123/file?action=view
ERROR: expected isValid() to return true for ftp://255.com:65636/test1/t123/file?action=edit&amp;mode=up
ERROR: expected isValid() to return true for ftp://255.com:65636/test1/t123/file
ERROR: expected isValid() to return true for ftp://255.com:65636/test1/$23/file?action=view
ERROR: expected isValid() to return true for ftp://255.com:65636/test1/$23/file?action=edit&amp;mode=up
ERROR: expected isValid() to return true for ftp://255.com:65636/test1/$23/file
ERROR: expected isValid() to return true for ftp://255.com:65636/t123/test1?action=view
ERROR: expected isValid() to return true for ftp://255.com:65636/t123/test1?action=edit&amp;mode=up
ERROR: expected isValid() to return true for ftp://255.com:65636/t123/test1
ERROR: expected isValid() to return true for ftp://255.com:65636/t123/t123?action=view
ERROR: expected isValid() to return true for ftp://255.com:65636/t123/t123?action=edit&amp;mode=up
ERROR: expected isValid() to return true for ftp://255.com:65636/t123/t123
ERROR: expected isValid() to return true for ftp://255.com:65636/t123/$23?action=view
ERROR: expected isValid() to return true for ftp://255.com:65636/t123/$23?action=edit&amp;mode=up
ERROR: expected isValid() to return true for ftp://255.com:65636/t123/$23
ERROR: expected isValid() to return true for ftp://255.com:65636/t123/test1?action=view
ERROR: expected isValid() to return true for ftp://255.com:65636/t123/test1?action=edit&amp;mode=up
ERROR: expected isValid() to return true for ftp://255.com:65636/t123/test1
ERROR: expected isValid() to return true for ftp://255.com:65636/t123/test1/file?action=view
ERROR: expected isValid() to return true for ftp://255.com:65636/t123/test1/file?action=edit&amp;mode=up
ERROR: expected isValid() to return true for ftp://255.com:65636/t123/test1/file
ERROR: expected isValid() to return true for ftp://255.com:65636/t123/t123/file?action=view
ERROR: expected isValid() to return true for ftp://255.com:65636/t123/t123/file?action=edit&amp;mode=up
ERROR: expected isValid() to return true for ftp://255.com:65636/t123/t123/file
ERROR: expected isValid() to return true for ftp://255.com:65636/t123/$23/file?action=view
ERROR: expected isValid() to return true for ftp://255.com:65636/t123/$23/file?action=edit&amp;mode=up
ERROR: expected isValid() to return true for ftp://255.com:65636/t123/$23/file
ERROR: expected isValid() to return true for ftp://255.com:65636/$23/test1?action=view
ERROR: expected isValid() to return true for ftp://255.com:65636/$23/test1?action=edit&amp;mode=up
ERROR: expected isValid() to return true for ftp://255.com:65636/$23/test1
ERROR: expected isValid() to return true for ftp://255.com:65636/$23/t123?action=view
ERROR: expected isValid() to return true for ftp://255.com:65636/$23/t123?action=edit&amp;mode=up
ERROR: expected isValid() to return true for ftp://255.com:65636/$23/t123
ERROR: expected isValid() to return true for ftp://255.com:65636/$23/$23?action=view
ERROR: expected isValid() to return true for ftp://255.com:65636/$23/$23?action=edit&amp;mode=up
ERROR: expected isValid() to return true for ftp://255.com:65636/$23/$23
ERROR: expected isValid() to return true for ftp://255.com:65636/$23/test1?action=view
ERROR: expected isValid() to return true for ftp://255.com:65636/$23/test1?action=edit&amp;mode=up
ERROR: expected isValid() to return true for ftp://255.com:65636/$23/test1
ERROR: expected isValid() to return true for ftp://255.com:65636/$23/test1/file?action=view
ERROR: expected isValid() to return true for ftp://255.com:65636/$23/test1/file?action=edit&amp;mode=up
ERROR: expected isValid() to return true for ftp://255.com:65636/$23/test1/file
ERROR: expected isValid() to return true for ftp://255.com:65636/$23/t123/file?action=view
ERROR: expected isValid() to return true for ftp://255.com:65636/$23/t123/file?action=edit&amp;mode=up
ERROR: expected isValid() to return true for ftp://255.com:65636/$23/t123/file
ERROR: expected isValid() to return true for ftp://255.com:65636/$23/$23/file?action=view
ERROR: expected isValid() to return true for ftp://255.com:65636/$23/$23/file?action=edit&amp;mode=up
ERROR: expected isValid() to return true for ftp://255.com:65636/$23/$23/file
ERROR: expected isValid() to return true for ftp://255.com:65636/test1/test1?action=view
ERROR: expected isValid() to return true for ftp://255.com:65636/test1/test1?action=edit&amp;mode=up
ERROR: expected isValid() to return true for ftp://255.com:65636/test1/test1
ERROR: expected isValid() to return true for ftp://255.com:65636/test1/t123?action=view
ERROR: expected isValid() to return true for ftp://255.com:65636/test1/t123?action=edit&amp;mode=up
ERROR: expected isValid() to return true for ftp://255.com:65636/test1/t123
ERROR: expected isValid() to return true for ftp://255.com:65636/test1/$23?action=view
ERROR: expected isValid() to return true for ftp://255.com:65636/test1/$23?action=edit&amp;mode=up
ERROR: expected isValid() to return true for ftp://255.com:65636/test1/$23
ERROR: expected isValid() to return true for ftp://255.com:65636/test1/test1?action=view
ERROR: expected isValid() to return true for ftp://255.com:65636/test1/test1?action=edit&amp;mode=up
ERROR: expected isValid() to return true for ftp://255.com:65636/test1/test1
ERROR: expected isValid() to return true for ftp://255.com:65636/test1/test1/file?action=view
ERROR: expected isValid() to return true for ftp://255.com:65636/test1/test1/file?action=edit&amp;mode=up
ERROR: expected isValid() to return true for ftp://255.com:65636/test1/test1/file
ERROR: expected isValid() to return true for ftp://255.com:65636/test1/t123/file?action=view
ERROR: expected isValid() to return true for ftp://255.com:65636/test1/t123/file?action=edit&amp;mode=up
ERROR: expected isValid() to return true for ftp://255.com:65636/test1/t123/file
ERROR: expected isValid() to return true for ftp://255.com:65636/test1/$23/file?action=view
ERROR: expected isValid() to return true for ftp://255.com:65636/test1/$23/file?action=edit&amp;mode=up
ERROR: expected isValid() to return true for ftp://255.com:65636/test1/$23/file
ERROR: expected isValid() to return true for ftp://255.com:65636/test1/file/test1?action=view
ERROR: expected isValid() to return true for ftp://255.com:65636/test1/file/test1?action=edit&amp;mode=up
ERROR: expected isValid() to return true for ftp://255.com:65636/test1/file/test1
ERROR: expected isValid() to return true for ftp://255.com:65636/test1/file/t123?action=view
ERROR: expected isValid() to return true for ftp://255.com:65636/test1/file/t123?action=edit&amp;mode=up
ERROR: expected isValid() to return true for ftp://255.com:65636/test1/file/t123
ERROR: expected isValid() to return true for ftp://255.com:65636/test1/file/$23?action=view
ERROR: expected isValid() to return true for ftp://255.com:65636/test1/file/$23?action=edit&amp;mode=up
ERROR: expected isValid() to return true for ftp://255.com:65636/test1/file/$23
ERROR: expected isValid() to return true for ftp://255.com:65636/test1/file/test1?action=view
ERROR: expected isValid() to return true for ftp://255.com:65636/test1/file/test1?action=edit&amp;mode=up
ERROR: expected isValid() to return true for ftp://255.com:65636/test1/file/test1
ERROR: expected isValid() to return true for ftp://255.com:65636/test1/file/test1/file?action=view
ERROR: expected isValid() to return true for ftp://255.com:65636/test1/file/test1/file?action=edit&amp;mode=up
ERROR: expected isValid() to return true for ftp://255.com:65636/test1/file/test1/file
ERROR: expected isValid() to return true for ftp://255.com:65636/test1/file/t123/file?action=view
ERROR: expected isValid() to return true for ftp://255.com:65636/test1/file/t123/file?action=edit&amp;mode=up
ERROR: expected isValid() to return true for ftp://255.com:65636/test1/file/t123/file
ERROR: expected isValid() to return true for ftp://255.com:65636/test1/file/$23/file?action=view
ERROR: expected isValid() to return true for ftp://255.com:65636/test1/file/$23/file?action=edit&amp;mode=up
ERROR: expected isValid() to return true for ftp://255.com:65636/test1/file/$23/file
ERROR: expected isValid() to return true for ftp://go.cc:80/test1/test1?action=view
ERROR: expected isValid() to return true for ftp://go.cc:80/test1/test1?action=edit&amp;mode=up
ERROR: expected isValid() to return true for ftp://go.cc:80/test1/t123?action=view
ERROR: expected isValid() to return true for ftp://go.cc:80/test1/t123?action=edit&amp;mode=up
ERROR: expected isValid() to return true for ftp://go.cc:80/test1/$23?action=view
ERROR: expected isValid() to return true for ftp://go.cc:80/test1/$23?action=edit&amp;mode=up
ERROR: expected isValid() to return true for ftp://go.cc:80/test1/test1?action=view
ERROR: expected isValid() to return true for ftp://go.cc:80/test1/test1?action=edit&amp;mode=up
ERROR: expected isValid() to return true for ftp://go.cc:80/test1/test1/file?action=view
ERROR: expected isValid() to return true for ftp://go.cc:80/test1/test1/file?action=edit&amp;mode=up
ERROR: expected isValid() to return true for ftp://go.cc:80/test1/t123/file?action=view
ERROR: expected isValid() to return true for ftp://go.cc:80/test1/t123/file?action=edit&amp;mode=up
ERROR: expected isValid() to return true for ftp://go.cc:80/test1/$23/file?action=view
ERROR: expected isValid() to return true for ftp://go.cc:80/test1/$23/file?action=edit&amp;mode=up
ERROR: expected isValid() to return true for ftp://go.cc:80/t123/test1?action=view
ERROR: expected isValid() to return true for ftp://go.cc:80/t123/test1?action=edit&amp;mode=up
ERROR: expected isValid() to return true for ftp://go.cc:80/t123/t123?action=view
ERROR: expected isValid() to return true for ftp://go.cc:80/t123/t123?action=edit&amp;mode=up
ERROR: expected isValid() to return true for ftp://go.cc:80/t123/$23?action=view
ERROR: expected isValid() to return true for ftp://go.cc:80/t123/$23?action=edit&amp;mode=up
ERROR: expected isValid() to return true for ftp://go.cc:80/t123/test1?action=view
ERROR: expected isValid() to return true for ftp://go.cc:80/t123/test1?action=edit&amp;mode=up
ERROR: expected isValid() to return true for ftp://go.cc:80/t123/test1/file?action=view
ERROR: expected isValid() to return true for ftp://go.cc:80/t123/test1/file?action=edit&amp;mode=up
ERROR: expected isValid() to return true for ftp://go.cc:80/t123/t123/file?action=view
ERROR: expected isValid() to return true for ftp://go.cc:80/t123/t123/file?action=edit&amp;mode=up
ERROR: expected isValid() to return true for ftp://go.cc:80/t123/$23/file?action=view
ERROR: expected isValid() to return true for ftp://go.cc:80/t123/$23/file?action=edit&amp;mode=up
ERROR: expected isValid() to return true for ftp://go.cc:80/$23/test1?action=view
ERROR: expected isValid() to return true for ftp://go.cc:80/$23/test1?action=edit&amp;mode=up
ERROR: expected isValid() to return true for ftp://go.cc:80/$23/t123?action=view
ERROR: expected isValid() to return true for ftp://go.cc:80/$23/t123?action=edit&amp;mode=up
ERROR: expected isValid() to return true for ftp://go.cc:80/$23/$23?action=view
ERROR: expected isValid() to return true for ftp://go.cc:80/$23/$23?action=edit&amp;mode=up
ERROR: expected isValid() to return true for ftp://go.cc:80/$23/test1?action=view
ERROR: expected isValid() to return true for ftp://go.cc:80/$23/test1?action=edit&amp;mode=up
ERROR: expected isValid() to return true for ftp://go.cc:80/$23/test1/file?action=view
ERROR: expected isValid() to return true for ftp://go.cc:80/$23/test1/file?action=edit&amp;mode=up
ERROR: expected isValid() to return true for ftp://go.cc:80/$23/t123/file?action=view
ERROR: expected isValid() to return true for ftp://go.cc:80/$23/t123/file?action=edit&amp;mode=up
ERROR: expected isValid() to return true for ftp://go.cc:80/$23/$23/file?action=view
ERROR: expected isValid() to return true for ftp://go.cc:80/$23/$23/file?action=edit&amp;mode=up
ERROR: expected isValid() to return true for ftp://go.cc:80/test1/test1?action=view
ERROR: expected isValid() to return true for ftp://go.cc:80/test1/test1?action=edit&amp;mode=up
ERROR: expected isValid() to return true for ftp://go.cc:80/test1/t123?action=view
ERROR: expected isValid() to return true for ftp://go.cc:80/test1/t123?action=edit&amp;mode=up
ERROR: expected isValid() to return true for ftp://go.cc:80/test1/$23?action=view
ERROR: expected isValid() to return true for ftp://go.cc:80/test1/$23?action=edit&amp;mode=up
ERROR: expected isValid() to return true for ftp://go.cc:80/test1/test1?action=view
ERROR: expected isValid() to return true for ftp://go.cc:80/test1/test1?action=edit&amp;mode=up
ERROR: expected isValid() to return true for ftp://go.cc:80/test1/test1/file?action=view
ERROR: expected isValid() to return true for ftp://go.cc:80/test1/test1/file?action=edit&amp;mode=up
ERROR: expected isValid() to return true for ftp://go.cc:80/test1/t123/file?action=view
ERROR: expected isValid() to return true for ftp://go.cc:80/test1/t123/file?action=edit&amp;mode=up
ERROR: expected isValid() to return true for ftp://go.cc:80/test1/$23/file?action=view
ERROR: expected isValid() to return true for ftp://go.cc:80/test1/$23/file?action=edit&amp;mode=up
ERROR: expected isValid() to return true for ftp://go.cc:80/test1/file/test1?action=view
ERROR: expected isValid() to return true for ftp://go.cc:80/test1/file/test1?action=edit&amp;mode=up
ERROR: expected isValid() to return true for ftp://go.cc:80/test1/file/t123?action=view
ERROR: expected isValid() to return true for ftp://go.cc:80/test1/file/t123?action=edit&amp;mode=up
ERROR: expected isValid() to return true for ftp://go.cc:80/test1/file/$23?action=view
ERROR: expected isValid() to return true for ftp://go.cc:80/test1/file/$23?action=edit&amp;mode=up
ERROR: expected isValid() to return true for ftp://go.cc:80/test1/file/test1?action=view
ERROR: expected isValid() to return true for ftp://go.cc:80/test1/file/test1?action=edit&amp;mode=up
ERROR: expected isValid() to return true for ftp://go.cc:80/test1/file/test1/file?action=view
ERROR: expected isValid() to return true for ftp://go.cc:80/test1/file/test1/file?action=edit&amp;mode=up
ERROR: expected isValid() to return true for ftp://go.cc:80/test1/file/t123/file?action=view
ERROR: expected isValid() to return true for ftp://go.cc:80/test1/file/t123/file?action=edit&amp;mode=up
ERROR: expected isValid() to return true for ftp://go.cc:80/test1/file/$23/file?action=view
ERROR: expected isValid() to return true for ftp://go.cc:80/test1/file/$23/file?action=edit&amp;mode=up
ERROR: expected isValid() to return true for ftp://go.cc:65535/test1/test1?action=view
ERROR: expected isValid() to return true for ftp://go.cc:65535/test1/test1?action=edit&amp;mode=up
ERROR: expected isValid() to return true for ftp://go.cc:65535/test1/test1
ERROR: expected isValid() to return true for ftp://go.cc:65535/test1/t123?action=view
ERROR: expected isValid() to return true for ftp://go.cc:65535/test1/t123?action=edit&amp;mode=up
ERROR: expected isValid() to return true for ftp://go.cc:65535/test1/t123
ERROR: expected isValid() to return true for ftp://go.cc:65535/test1/$23?action=view
ERROR: expected isValid() to return true for ftp://go.cc:65535/test1/$23?action=edit&amp;mode=up
ERROR: expected isValid() to return true for ftp://go.cc:65535/test1/$23
ERROR: expected isValid() to return true for ftp://go.cc:65535/test1/test1?action=view
ERROR: expected isValid() to return true for ftp://go.cc:65535/test1/test1?action=edit&amp;mode=up
ERROR: expected isValid() to return true for ftp://go.cc:65535/test1/test1
ERROR: expected isValid() to return true for ftp://go.cc:65535/test1/test1/file?action=view
ERROR: expected isValid() to return true for ftp://go.cc:65535/test1/test1/file?action=edit&amp;mode=up
ERROR: expected isValid() to return true for ftp://go.cc:65535/test1/test1/file
ERROR: expected isValid() to return true for ftp://go.cc:65535/test1/t123/file?action=view
ERROR: expected isValid() to return true for ftp://go.cc:65535/test1/t123/file?action=edit&amp;mode=up
ERROR: expected isValid() to return true for ftp://go.cc:65535/test1/t123/file
ERROR: expected isValid() to return true for ftp://go.cc:65535/test1/$23/file?action=view
ERROR: expected isValid() to return true for ftp://go.cc:65535/test1/$23/file?action=edit&amp;mode=up
ERROR: expected isValid() to return true for ftp://go.cc:65535/test1/$23/file
ERROR: expected isValid() to return true for ftp://go.cc:65535/t123/test1?action=view
ERROR: expected isValid() to return true for ftp://go.cc:65535/t123/test1?action=edit&amp;mode=up
ERROR: expected isValid() to return true for ftp://go.cc:65535/t123/test1
ERROR: expected isValid() to return true for ftp://go.cc:65535/t123/t123?action=view
ERROR: expected isValid() to return true for ftp://go.cc:65535/t123/t123?action=edit&amp;mode=up
ERROR: expected isValid() to return true for ftp://go.cc:65535/t123/t123
ERROR: expected isValid() to return true for ftp://go.cc:65535/t123/$23?action=view
ERROR: expected isValid() to return true for ftp://go.cc:65535/t123/$23?action=edit&amp;mode=up
ERROR: expected isValid() to return true for ftp://go.cc:65535/t123/$23
ERROR: expected isValid() to return true for ftp://go.cc:65535/t123/test1?action=view
ERROR: expected isValid() to return true for ftp://go.cc:65535/t123/test1?action=edit&amp;mode=up
ERROR: expected isValid() to return true for ftp://go.cc:65535/t123/test1
ERROR: expected isValid() to return true for ftp://go.cc:65535/t123/test1/file?action=view
ERROR: expected isValid() to return true for ftp://go.cc:65535/t123/test1/file?action=edit&amp;mode=up
ERROR: expected isValid() to return true for ftp://go.cc:65535/t123/test1/file
ERROR: expected isValid() to return true for ftp://go.cc:65535/t123/t123/file?action=view
ERROR: expected isValid() to return true for ftp://go.cc:65535/t123/t123/file?action=edit&amp;mode=up
ERROR: expected isValid() to return true for ftp://go.cc:65535/t123/t123/file
ERROR: expected isValid() to return true for ftp://go.cc:65535/t123/$23/file?action=view
ERROR: expected isValid() to return true for ftp://go.cc:65535/t123/$23/file?action=edit&amp;mode=up
ERROR: expected isValid() to return true for ftp://go.cc:65535/t123/$23/file
ERROR: expected isValid() to return true for ftp://go.cc:65535/$23/test1?action=view
ERROR: expected isValid() to return true for ftp://go.cc:65535/$23/test1?action=edit&amp;mode=up
ERROR: expected isValid() to return true for ftp://go.cc:65535/$23/test1
ERROR: expected isValid() to return true for ftp://go.cc:65535/$23/t123?action=view
ERROR: expected isValid() to return true for ftp://go.cc:65535/$23/t123?action=edit&amp;mode=up
ERROR: expected isValid() to return true for ftp://go.cc:65535/$23/t123
ERROR: expected isValid() to return true for ftp://go.cc:65535/$23/$23?action=view
ERROR: expected isValid() to return true for ftp://go.cc:65535/$23/$23?action=edit&amp;mode=up
ERROR: expected isValid() to return true for ftp://go.cc:65535/$23/$23
ERROR: expected isValid() to return true for ftp://go.cc:65535/$23/test1?action=view
ERROR: expected isValid() to return true for ftp://go.cc:65535/$23/test1?action=edit&amp;mode=up
ERROR: expected isValid() to return true for ftp://go.cc:65535/$23/test1
ERROR: expected isValid() to return true for ftp://go.cc:65535/$23/test1/file?action=view
ERROR: expected isValid() to return true for ftp://go.cc:65535/$23/test1/file?action=edit&amp;mode=up
ERROR: expected isValid() to return true for ftp://go.cc:65535/$23/test1/file
ERROR: expected isValid() to return true for ftp://go.cc:65535/$23/t123/file?action=view
ERROR: expected isValid() to return true for ftp://go.cc:65535/$23/t123/file?action=edit&amp;mode=up
ERROR: expected isValid() to return true for ftp://go.cc:65535/$23/t123/file
ERROR: expected isValid() to return true for ftp://go.cc:65535/$23/$23/file?action=view
ERROR: expected isValid() to return true for ftp://go.cc:65535/$23/$23/file?action=edit&amp;mode=up
ERROR: expected isValid() to return true for ftp://go.cc:65535/$23/$23/file
ERROR: expected isValid() to return true for ftp://go.cc:65535/test1/test1?action=view
ERROR: expected isValid() to return true for ftp://go.cc:65535/test1/test1?action=edit&amp;mode=up
ERROR: expected isValid() to return true for ftp://go.cc:65535/test1/test1
ERROR: expected isValid() to return true for ftp://go.cc:65535/test1/t123?action=view
ERROR: expected isValid() to return true for ftp://go.cc:65535/test1/t123?action=edit&amp;mode=up
ERROR: expected isValid() to return true for ftp://go.cc:65535/test1/t123
ERROR: expected isValid() to return true for ftp://go.cc:65535/test1/$23?action=view
ERROR: expected isValid() to return true for ftp://go.cc:65535/test1/$23?action=edit&amp;mode=up
ERROR: expected isValid() to return true for ftp://go.cc:65535/test1/$23
ERROR: expected isValid() to return true for ftp://go.cc:65535/test1/test1?action=view
ERROR: expected isValid() to return true for ftp://go.cc:65535/test1/test1?action=edit&amp;mode=up
ERROR: expected isValid() to return true for ftp://go.cc:65535/test1/test1
ERROR: expected isValid() to return true for ftp://go.cc:65535/test1/test1/file?action=view
ERROR: expected isValid() to return true for ftp://go.cc:65535/test1/test1/file?action=edit&amp;mode=up
ERROR: expected isValid() to return true for ftp://go.cc:65535/test1/test1/file
ERROR: expected isValid() to return true for ftp://go.cc:65535/test1/t123/file?action=view
ERROR: expected isValid() to return true for ftp://go.cc:65535/test1/t123/file?action=edit&amp;mode=up
ERROR: expected isValid() to return true for ftp://go.cc:65535/test1/t123/file
ERROR: expected isValid() to return true for ftp://go.cc:65535/test1/$23/file?action=view
ERROR: expected isValid() to return true for ftp://go.cc:65535/test1/$23/file?action=edit&amp;mode=up
ERROR: expected isValid() to return true for ftp://go.cc:65535/test1/$23/file
ERROR: expected isValid() to return true for ftp://go.cc:65535/test1/file/test1?action=view
ERROR: expected isValid() to return true for ftp://go.cc:65535/test1/file/test1?action=edit&amp;mode=up
ERROR: expected isValid() to return true for ftp://go.cc:65535/test1/file/test1
ERROR: expected isValid() to return true for ftp://go.cc:65535/test1/file/t123?action=view
ERROR: expected isValid() to return true for ftp://go.cc:65535/test1/file/t123?action=edit&amp;mode=up
ERROR: expected isValid() to return true for ftp://go.cc:65535/test1/file/t123
ERROR: expected isValid() to return true for ftp://go.cc:65535/test1/file/$23?action=view
ERROR: expected isValid() to return true for ftp://go.cc:65535/test1/file/$23?action=edit&amp;mode=up
ERROR: expected isValid() to return true for ftp://go.cc:65535/test1/file/$23
ERROR: expected isValid() to return true for ftp://go.cc:65535/test1/file/test1?action=view
ERROR: expected isValid() to return true for ftp://go.cc:65535/test1/file/test1?action=edit&amp;mode=up
ERROR: expected isValid() to return true for ftp://go.cc:65535/test1/file/test1
ERROR: expected isValid() to return true for ftp://go.cc:65535/test1/file/test1/file?action=view
ERROR: expected isValid() to return true for ftp://go.cc:65535/test1/file/test1/file?action=edit&amp;mode=up
ERROR: expected isValid() to return true for ftp://go.cc:65535/test1/file/test1/file
ERROR: expected isValid() to return true for ftp://go.cc:65535/test1/file/t123/file?action=view
ERROR: expected isValid() to return true for ftp://go.cc:65535/test1/file/t123/file?action=edit&amp;mode=up
ERROR: expected isValid() to return true for ftp://go.cc:65535/test1/file/t123/file
ERROR: expected isValid() to return true for ftp://go.cc:65535/test1/file/$23/file?action=view
ERROR: expected isValid() to return true for ftp://go.cc:65535/test1/file/$23/file?action=edit&amp;mode=up
ERROR: expected isValid() to return true for ftp://go.cc:65535/test1/file/$23/file
ERROR: expected isValid() to return true for ftp://go.cc:0/test1/test1?action=view
ERROR: expected isValid() to return true for ftp://go.cc:0/test1/test1?action=edit&amp;mode=up
ERROR: expected isValid() to return true for ftp://go.cc:0/test1/t123?action=view
ERROR: expected isValid() to return true for ftp://go.cc:0/test1/t123?action=edit&amp;mode=up
ERROR: expected isValid() to return true for ftp://go.cc:0/test1/$23?action=view
ERROR: expected isValid() to return true for ftp://go.cc:0/test1/$23?action=edit&amp;mode=up
ERROR: expected isValid() to return true for ftp://go.cc:0/test1/test1?action=view
ERROR: expected isValid() to return true for ftp://go.cc:0/test1/test1?action=edit&amp;mode=up
ERROR: expected isValid() to return true for ftp://go.cc:0/test1/test1/file?action=view
ERROR: expected isValid() to return true for ftp://go.cc:0/test1/test1/file?action=edit&amp;mode=up
ERROR: expected isValid() to return true for ftp://go.cc:0/test1/t123/file?action=view
ERROR: expected isValid() to return true for ftp://go.cc:0/test1/t123/file?action=edit&amp;mode=up
ERROR: expected isValid() to return true for ftp://go.cc:0/test1/$23/file?action=view
ERROR: expected isValid() to return true for ftp://go.cc:0/test1/$23/file?action=edit&amp;mode=up
ERROR: expected isValid() to return true for ftp://go.cc:0/t123/test1?action=view
ERROR: expected isValid() to return true for ftp://go.cc:0/t123/test1?action=edit&amp;mode=up
ERROR: expected isValid() to return true for ftp://go.cc:0/t123/t123?action=view
ERROR: expected isValid() to return true for ftp://go.cc:0/t123/t123?action=edit&amp;mode=up
ERROR: expected isValid() to return true for ftp://go.cc:0/t123/$23?action=view
ERROR: expected isValid() to return true for ftp://go.cc:0/t123/$23?action=edit&amp;mode=up
ERROR: expected isValid() to return true for ftp://go.cc:0/t123/test1?action=view
ERROR: expected isValid() to return true for ftp://go.cc:0/t123/test1?action=edit&amp;mode=up
ERROR: expected isValid() to return true for ftp://go.cc:0/t123/test1/file?action=view
ERROR: expected isValid() to return true for ftp://go.cc:0/t123/test1/file?action=edit&amp;mode=up
ERROR: expected isValid() to return true for ftp://go.cc:0/t123/t123/file?action=view
ERROR: expected isValid() to return true for ftp://go.cc:0/t123/t123/file?action=edit&amp;mode=up
ERROR: expected isValid() to return true for ftp://go.cc:0/t123/$23/file?action=view
ERROR: expected isValid() to return true for ftp://go.cc:0/t123/$23/file?action=edit&amp;mode=up
ERROR: expected isValid() to return true for ftp://go.cc:0/$23/test1?action=view
ERROR: expected isValid() to return true for ftp://go.cc:0/$23/test1?action=edit&amp;mode=up
ERROR: expected isValid() to return true for ftp://go.cc:0/$23/t123?action=view
ERROR: expected isValid() to return true for ftp://go.cc:0/$23/t123?action=edit&amp;mode=up
ERROR: expected isValid() to return true for ftp://go.cc:0/$23/$23?action=view
ERROR: expected isValid() to return true for ftp://go.cc:0/$23/$23?action=edit&amp;mode=up
ERROR: expected isValid() to return true for ftp://go.cc:0/$23/test1?action=view
ERROR: expected isValid() to return true for ftp://go.cc:0/$23/test1?action=edit&amp;mode=up
ERROR: expected isValid() to return true for ftp://go.cc:0/$23/test1/file?action=view
ERROR: expected isValid() to return true for ftp://go.cc:0/$23/test1/file?action=edit&amp;mode=up
ERROR: expected isValid() to return true for ftp://go.cc:0/$23/t123/file?action=view
ERROR: expected isValid() to return true for ftp://go.cc:0/$23/t123/file?action=edit&amp;mode=up
ERROR: expected isValid() to return true for ftp://go.cc:0/$23/$23/file?action=view
ERROR: expected isValid() to return true for ftp://go.cc:0/$23/$23/file?action=edit&amp;mode=up
ERROR: expected isValid() to return true for ftp://go.cc:0/test1/test1?action=view
ERROR: expected isValid() to return true for ftp://go.cc:0/test1/test1?action=edit&amp;mode=up
ERROR: expected isValid() to return true for ftp://go.cc:0/test1/t123?action=view
ERROR: expected isValid() to return true for ftp://go.cc:0/test1/t123?action=edit&amp;mode=up
ERROR: expected isValid() to return true for ftp://go.cc:0/test1/$23?action=view
ERROR: expected isValid() to return true for ftp://go.cc:0/test1/$23?action=edit&amp;mode=up
ERROR: expected isValid() to return true for ftp://go.cc:0/test1/test1?action=view
ERROR: expected isValid() to return true for ftp://go.cc:0/test1/test1?action=edit&amp;mode=up
ERROR: expected isValid() to return true for ftp://go.cc:0/test1/test1/file?action=view
ERROR: expected isValid() to return true for ftp://go.cc:0/test1/test1/file?action=edit&amp;mode=up
ERROR: expected isValid() to return true for ftp://go.cc:0/test1/t123/file?action=view
ERROR: expected isValid() to return true for ftp://go.cc:0/test1/t123/file?action=edit&amp;mode=up
ERROR: expected isValid() to return true for ftp://go.cc:0/test1/$23/file?action=view
ERROR: expected isValid() to return true for ftp://go.cc:0/test1/$23/file?action=edit&amp;mode=up
ERROR: expected isValid() to return true for ftp://go.cc:0/test1/file/test1?action=view
ERROR: expected isValid() to return true for ftp://go.cc:0/test1/file/test1?action=edit&amp;mode=up
ERROR: expected isValid() to return true for ftp://go.cc:0/test1/file/t123?action=view
ERROR: expected isValid() to return true for ftp://go.cc:0/test1/file/t123?action=edit&amp;mode=up
ERROR: expected isValid() to return true for ftp://go.cc:0/test1/file/$23?action=view
ERROR: expected isValid() to return true for ftp://go.cc:0/test1/file/$23?action=edit&amp;mode=up
ERROR: expected isValid() to return true for ftp://go.cc:0/test1/file/test1?action=view
ERROR: expected isValid() to return true for ftp://go.cc:0/test1/file/test1?action=edit&amp;mode=up
ERROR: expected isValid() to return true for ftp://go.cc:0/test1/file/test1/file?action=view
ERROR: expected isValid() to return true for ftp://go.cc:0/test1/file/test1/file?action=edit&amp;mode=up
ERROR: expected isValid() to return true for ftp://go.cc:0/test1/file/t123/file?action=view
ERROR: expected isValid() to return true for ftp://go.cc:0/test1/file/t123/file?action=edit&amp;mode=up
ERROR: expected isValid() to return true for ftp://go.cc:0/test1/file/$23/file?action=view
ERROR: expected isValid() to return true for ftp://go.cc:0/test1/file/$23/file?action=edit&amp;mode=up
ERROR: expected isValid() to return true for ftp://go.cc/test1/test1?action=view
ERROR: expected isValid() to return true for ftp://go.cc/test1/test1?action=edit&amp;mode=up
ERROR: expected isValid() to return true for ftp://go.cc/test1/t123?action=view
ERROR: expected isValid() to return true for ftp://go.cc/test1/t123?action=edit&amp;mode=up
ERROR: expected isValid() to return true for ftp://go.cc/test1/$23?action=view
ERROR: expected isValid() to return true for ftp://go.cc/test1/$23?action=edit&amp;mode=up
ERROR: expected isValid() to return true for ftp://go.cc/test1/test1?action=view
ERROR: expected isValid() to return true for ftp://go.cc/test1/test1?action=edit&amp;mode=up
ERROR: expected isValid() to return true for ftp://go.cc/test1/test1/file?action=view
ERROR: expected isValid() to return true for ftp://go.cc/test1/test1/file?action=edit&amp;mode=up
ERROR: expected isValid() to return true for ftp://go.cc/test1/t123/file?action=view
ERROR: expected isValid() to return true for ftp://go.cc/test1/t123/file?action=edit&amp;mode=up
ERROR: expected isValid() to return true for ftp://go.cc/test1/$23/file?action=view
ERROR: expected isValid() to return true for ftp://go.cc/test1/$23/file?action=edit&amp;mode=up
ERROR: expected isValid() to return true for ftp://go.cc/t123/test1?action=view
ERROR: expected isValid() to return true for ftp://go.cc/t123/test1?action=edit&amp;mode=up
ERROR: expected isValid() to return true for ftp://go.cc/t123/t123?action=view
ERROR: expected isValid() to return true for ftp://go.cc/t123/t123?action=edit&amp;mode=up
ERROR: expected isValid() to return true for ftp://go.cc/t123/$23?action=view
ERROR: expected isValid() to return true for ftp://go.cc/t123/$23?action=edit&amp;mode=up
ERROR: expected isValid() to return true for ftp://go.cc/t123/test1?action=view
ERROR: expected isValid() to return true for ftp://go.cc/t123/test1?action=edit&amp;mode=up
ERROR: expected isValid() to return true for ftp://go.cc/t123/test1/file?action=view
ERROR: expected isValid() to return true for ftp://go.cc/t123/test1/file?action=edit&amp;mode=up
ERROR: expected isValid() to return true for ftp://go.cc/t123/t123/file?action=view
ERROR: expected isValid() to return true for ftp://go.cc/t123/t123/file?action=edit&amp;mode=up
ERROR: expected isValid() to return true for ftp://go.cc/t123/$23/file?action=view
ERROR: expected isValid() to return true for ftp://go.cc/t123/$23/file?action=edit&amp;mode=up
ERROR: expected isValid() to return true for ftp://go.cc/$23/test1?action=view
ERROR: expected isValid() to return true for ftp://go.cc/$23/test1?action=edit&amp;mode=up
ERROR: expected isValid() to return true for ftp://go.cc/$23/t123?action=view
ERROR: expected isValid() to return true for ftp://go.cc/$23/t123?action=edit&amp;mode=up
ERROR: expected isValid() to return true for ftp://go.cc/$23/$23?action=view
ERROR: expected isValid() to return true for ftp://go.cc/$23/$23?action=edit&amp;mode=up
ERROR: expected isValid() to return true for ftp://go.cc/$23/test1?action=view
ERROR: expected isValid() to return true for ftp://go.cc/$23/test1?action=edit&amp;mode=up
ERROR: expected isValid() to return true for ftp://go.cc/$23/test1/file?action=view
ERROR: expected isValid() to return true for ftp://go.cc/$23/test1/file?action=edit&amp;mode=up
ERROR: expected isValid() to return true for ftp://go.cc/$23/t123/file?action=view
ERROR: expected isValid() to return true for ftp://go.cc/$23/t123/file?action=edit&amp;mode=up
ERROR: expected isValid() to return true for ftp://go.cc/$23/$23/file?action=view
ERROR: expected isValid() to return true for ftp://go.cc/$23/$23/file?action=edit&amp;mode=up
ERROR: expected isValid() to return true for ftp://go.cc/test1/test1?action=view
ERROR: expected isValid() to return true for ftp://go.cc/test1/test1?action=edit&amp;mode=up
ERROR: expected isValid() to return true for ftp://go.cc/test1/t123?action=view
ERROR: expected isValid() to return true for ftp://go.cc/test1/t123?action=edit&amp;mode=up
ERROR: expected isValid() to return true for ftp://go.cc/test1/$23?action=view
ERROR: expected isValid() to return true for ftp://go.cc/test1/$23?action=edit&amp;mode=up
ERROR: expected isValid() to return true for ftp://go.cc/test1/test1?action=view
ERROR: expected isValid() to return true for ftp://go.cc/test1/test1?action=edit&amp;mode=up
ERROR: expected isValid() to return true for ftp://go.cc/test1/test1/file?action=view
ERROR: expected isValid() to return true for ftp://go.cc/test1/test1/file?action=edit&amp;mode=up
ERROR: expected isValid() to return true for ftp://go.cc/test1/t123/file?action=view
ERROR: expected isValid() to return true for ftp://go.cc/test1/t123/file?action=edit&amp;mode=up
ERROR: expected isValid() to return true for ftp://go.cc/test1/$23/file?action=view
ERROR: expected isValid() to return true for ftp://go.cc/test1/$23/file?action=edit&amp;mode=up
ERROR: expected isValid() to return true for ftp://go.cc/test1/file/test1?action=view
ERROR: expected isValid() to return true for ftp://go.cc/test1/file/test1?action=edit&amp;mode=up
ERROR: expected isValid() to return true for ftp://go.cc/test1/file/t123?action=view
ERROR: expected isValid() to return true for ftp://go.cc/test1/file/t123?action=edit&amp;mode=up
ERROR: expected isValid() to return true for ftp://go.cc/test1/file/$23?action=view
ERROR: expected isValid() to return true for ftp://go.cc/test1/file/$23?action=edit&amp;mode=up
ERROR: expected isValid() to return true for ftp://go.cc/test1/file/test1?action=view
ERROR: expected isValid() to return true for ftp://go.cc/test1/file/test1?action=edit&amp;mode=up
ERROR: expected isValid() to return true for ftp://go.cc/test1/file/test1/file?action=view
ERROR: expected isValid() to return true for ftp://go.cc/test1/file/test1/file?action=edit&amp;mode=up
ERROR: expected isValid() to return true for ftp://go.cc/test1/file/t123/file?action=view
ERROR: expected isValid() to return true for ftp://go.cc/test1/file/t123/file?action=edit&amp;mode=up
ERROR: expected isValid() to return true for ftp://go.cc/test1/file/$23/file?action=view
ERROR: expected isValid() to return true for ftp://go.cc/test1/file/$23/file?action=edit&amp;mode=up
ERROR: expected isValid() to return true for ftp://go.cc:65636/test1/test1?action=view
ERROR: expected isValid() to return true for ftp://go.cc:65636/test1/test1?action=edit&amp;mode=up
ERROR: expected isValid() to return true for ftp://go.cc:65636/test1/test1
ERROR: expected isValid() to return true for ftp://go.cc:65636/test1/t123?action=view
ERROR: expected isValid() to return true for ftp://go.cc:65636/test1/t123?action=edit&amp;mode=up
ERROR: expected isValid() to return true for ftp://go.cc:65636/test1/t123
ERROR: expected isValid() to return true for ftp://go.cc:65636/test1/$23?action=view
ERROR: expected isValid() to return true for ftp://go.cc:65636/test1/$23?action=edit&amp;mode=up
ERROR: expected isValid() to return true for ftp://go.cc:65636/test1/$23
ERROR: expected isValid() to return true for ftp://go.cc:65636/test1/test1?action=view
ERROR: expected isValid() to return true for ftp://go.cc:65636/test1/test1?action=edit&amp;mode=up
ERROR: expected isValid() to return true for ftp://go.cc:65636/test1/test1
ERROR: expected isValid() to return true for ftp://go.cc:65636/test1/test1/file?action=view
ERROR: expected isValid() to return true for ftp://go.cc:65636/test1/test1/file?action=edit&amp;mode=up
ERROR: expected isValid() to return true for ftp://go.cc:65636/test1/test1/file
ERROR: expected isValid() to return true for ftp://go.cc:65636/test1/t123/file?action=view
ERROR: expected isValid() to return true for ftp://go.cc:65636/test1/t123/file?action=edit&amp;mode=up
ERROR: expected isValid() to return true for ftp://go.cc:65636/test1/t123/file
ERROR: expected isValid() to return true for ftp://go.cc:65636/test1/$23/file?action=view
ERROR: expected isValid() to return true for ftp://go.cc:65636/test1/$23/file?action=edit&amp;mode=up
ERROR: expected isValid() to return true for ftp://go.cc:65636/test1/$23/file
ERROR: expected isValid() to return true for ftp://go.cc:65636/t123/test1?action=view
ERROR: expected isValid() to return true for ftp://go.cc:65636/t123/test1?action=edit&amp;mode=up
ERROR: expected isValid() to return true for ftp://go.cc:65636/t123/test1
ERROR: expected isValid() to return true for ftp://go.cc:65636/t123/t123?action=view
ERROR: expected isValid() to return true for ftp://go.cc:65636/t123/t123?action=edit&amp;mode=up
ERROR: expected isValid() to return true for ftp://go.cc:65636/t123/t123
ERROR: expected isValid() to return true for ftp://go.cc:65636/t123/$23?action=view
ERROR: expected isValid() to return true for ftp://go.cc:65636/t123/$23?action=edit&amp;mode=up
ERROR: expected isValid() to return true for ftp://go.cc:65636/t123/$23
ERROR: expected isValid() to return true for ftp://go.cc:65636/t123/test1?action=view
ERROR: expected isValid() to return true for ftp://go.cc:65636/t123/test1?action=edit&amp;mode=up
ERROR: expected isValid() to return true for ftp://go.cc:65636/t123/test1
ERROR: expected isValid() to return true for ftp://go.cc:65636/t123/test1/file?action=view
ERROR: expected isValid() to return true for ftp://go.cc:65636/t123/test1/file?action=edit&amp;mode=up
ERROR: expected isValid() to return true for ftp://go.cc:65636/t123/test1/file
ERROR: expected isValid() to return true for ftp://go.cc:65636/t123/t123/file?action=view
ERROR: expected isValid() to return true for ftp://go.cc:65636/t123/t123/file?action=edit&amp;mode=up
ERROR: expected isValid() to return true for ftp://go.cc:65636/t123/t123/file
ERROR: expected isValid() to return true for ftp://go.cc:65636/t123/$23/file?action=view
ERROR: expected isValid() to return true for ftp://go.cc:65636/t123/$23/file?action=edit&amp;mode=up
ERROR: expected isValid() to return true for ftp://go.cc:65636/t123/$23/file
ERROR: expected isValid() to return true for ftp://go.cc:65636/$23/test1?action=view
ERROR: expected isValid() to return true for ftp://go.cc:65636/$23/test1?action=edit&amp;mode=up
ERROR: expected isValid() to return true for ftp://go.cc:65636/$23/test1
ERROR: expected isValid() to return true for ftp://go.cc:65636/$23/t123?action=view
ERROR: expected isValid() to return true for ftp://go.cc:65636/$23/t123?action=edit&amp;mode=up
ERROR: expected isValid() to return true for ftp://go.cc:65636/$23/t123
ERROR: expected isValid() to return true for ftp://go.cc:65636/$23/$23?action=view
ERROR: expected isValid() to return true for ftp://go.cc:65636/$23/$23?action=edit&amp;mode=up
ERROR: expected isValid() to return true for ftp://go.cc:65636/$23/$23
ERROR: expected isValid() to return true for ftp://go.cc:65636/$23/test1?action=view
ERROR: expected isValid() to return true for ftp://go.cc:65636/$23/test1?action=edit&amp;mode=up
ERROR: expected isValid() to return true for ftp://go.cc:65636/$23/test1
ERROR: expected isValid() to return true for ftp://go.cc:65636/$23/test1/file?action=view
ERROR: expected isValid() to return true for ftp://go.cc:65636/$23/test1/file?action=edit&amp;mode=up
ERROR: expected isValid() to return true for ftp://go.cc:65636/$23/test1/file
ERROR: expected isValid() to return true for ftp://go.cc:65636/$23/t123/file?action=view
ERROR: expected isValid() to return true for ftp://go.cc:65636/$23/t123/file?action=edit&amp;mode=up
ERROR: expected isValid() to return true for ftp://go.cc:65636/$23/t123/file
ERROR: expected isValid() to return true for ftp://go.cc:65636/$23/$23/file?action=view
ERROR: expected isValid() to return true for ftp://go.cc:65636/$23/$23/file?action=edit&amp;mode=up
ERROR: expected isValid() to return true for ftp://go.cc:65636/$23/$23/file
ERROR: expected isValid() to return true for ftp://go.cc:65636/test1/test1?action=view
ERROR: expected isValid() to return true for ftp://go.cc:65636/test1/test1?action=edit&amp;mode=up
ERROR: expected isValid() to return true for ftp://go.cc:65636/test1/test1
ERROR: expected isValid() to return true for ftp://go.cc:65636/test1/t123?action=view
ERROR: expected isValid() to return true for ftp://go.cc:65636/test1/t123?action=edit&amp;mode=up
ERROR: expected isValid() to return true for ftp://go.cc:65636/test1/t123
ERROR: expected isValid() to return true for ftp://go.cc:65636/test1/$23?action=view
ERROR: expected isValid() to return true for ftp://go.cc:65636/test1/$23?action=edit&amp;mode=up
ERROR: expected isValid() to return true for ftp://go.cc:65636/test1/$23
ERROR: expected isValid() to return true for ftp://go.cc:65636/test1/test1?action=view
ERROR: expected isValid() to return true for ftp://go.cc:65636/test1/test1?action=edit&amp;mode=up
ERROR: expected isValid() to return true for ftp://go.cc:65636/test1/test1
ERROR: expected isValid() to return true for ftp://go.cc:65636/test1/test1/file?action=view
ERROR: expected isValid() to return true for ftp://go.cc:65636/test1/test1/file?action=edit&amp;mode=up
ERROR: expected isValid() to return true for ftp://go.cc:65636/test1/test1/file
ERROR: expected isValid() to return true for ftp://go.cc:65636/test1/t123/file?action=view
ERROR: expected isValid() to return true for ftp://go.cc:65636/test1/t123/file?action=edit&amp;mode=up
ERROR: expected isValid() to return true for ftp://go.cc:65636/test1/t123/file
ERROR: expected isValid() to return true for ftp://go.cc:65636/test1/$23/file?action=view
ERROR: expected isValid() to return true for ftp://go.cc:65636/test1/$23/file?action=edit&amp;mode=up
ERROR: expected isValid() to return true for ftp://go.cc:65636/test1/$23/file
ERROR: expected isValid() to return true for ftp://go.cc:65636/test1/file/test1?action=view
ERROR: expected isValid() to return true for ftp://go.cc:65636/test1/file/test1?action=edit&amp;mode=up
ERROR: expected isValid() to return true for ftp://go.cc:65636/test1/file/test1
ERROR: expected isValid() to return true for ftp://go.cc:65636/test1/file/t123?action=view
ERROR: expected isValid() to return true for ftp://go.cc:65636/test1/file/t123?action=edit&amp;mode=up
ERROR: expected isValid() to return true for ftp://go.cc:65636/test1/file/t123
ERROR: expected isValid() to return true for ftp://go.cc:65636/test1/file/$23?action=view
ERROR: expected isValid() to return true for ftp://go.cc:65636/test1/file/$23?action=edit&amp;mode=up
ERROR: expected isValid() to return true for ftp://go.cc:65636/test1/file/$23
ERROR: expected isValid() to return true for ftp://go.cc:65636/test1/file/test1?action=view
ERROR: expected isValid() to return true for ftp://go.cc:65636/test1/file/test1?action=edit&amp;mode=up
ERROR: expected isValid() to return true for ftp://go.cc:65636/test1/file/test1
ERROR: expected isValid() to return true for ftp://go.cc:65636/test1/file/test1/file?action=view
ERROR: expected isValid() to return true for ftp://go.cc:65636/test1/file/test1/file?action=edit&amp;mode=up
ERROR: expected isValid() to return true for ftp://go.cc:65636/test1/file/test1/file
ERROR: expected isValid() to return true for ftp://go.cc:65636/test1/file/t123/file?action=view
ERROR: expected isValid() to return true for ftp://go.cc:65636/test1/file/t123/file?action=edit&amp;mode=up
ERROR: expected isValid() to return true for ftp://go.cc:65636/test1/file/t123/file
ERROR: expected isValid() to return true for ftp://go.cc:65636/test1/file/$23/file?action=view
ERROR: expected isValid() to return true for ftp://go.cc:65636/test1/file/$23/file?action=edit&amp;mode=up
ERROR: expected isValid() to return true for ftp://go.cc:65636/test1/file/$23/file
ERROR: expected isValid() to return true for h3t://www.google.com:80/test1/test1?action=view
ERROR: expected isValid() to return true for h3t://www.google.com:80/test1/test1?action=edit&amp;mode=up
ERROR: expected isValid() to return true for h3t://www.google.com:80/test1/t123?action=view
ERROR: expected isValid() to return true for h3t://www.google.com:80/test1/t123?action=edit&amp;mode=up
ERROR: expected isValid() to return true for h3t://www.google.com:80/test1/$23?action=view
ERROR: expected isValid() to return true for h3t://www.google.com:80/test1/$23?action=edit&amp;mode=up
ERROR: expected isValid() to return true for h3t://www.google.com:80/test1/test1?action=view
ERROR: expected isValid() to return true for h3t://www.google.com:80/test1/test1?action=edit&amp;mode=up
ERROR: expected isValid() to return true for h3t://www.google.com:80/test1/test1/file?action=view
ERROR: expected isValid() to return true for h3t://www.google.com:80/test1/test1/file?action=edit&amp;mode=up
ERROR: expected isValid() to return true for h3t://www.google.com:80/test1/t123/file?action=view
ERROR: expected isValid() to return true for h3t://www.google.com:80/test1/t123/file?action=edit&amp;mode=up
ERROR: expected isValid() to return true for h3t://www.google.com:80/test1/$23/file?action=view
ERROR: expected isValid() to return true for h3t://www.google.com:80/test1/$23/file?action=edit&amp;mode=up
ERROR: expected isValid() to return true for h3t://www.google.com:80/t123/test1?action=view
ERROR: expected isValid() to return true for h3t://www.google.com:80/t123/test1?action=edit&amp;mode=up
ERROR: expected isValid() to return true for h3t://www.google.com:80/t123/t123?action=view
ERROR: expected isValid() to return true for h3t://www.google.com:80/t123/t123?action=edit&amp;mode=up
ERROR: expected isValid() to return true for h3t://www.google.com:80/t123/$23?action=view
ERROR: expected isValid() to return true for h3t://www.google.com:80/t123/$23?action=edit&amp;mode=up
ERROR: expected isValid() to return true for h3t://www.google.com:80/t123/test1?action=view
ERROR: expected isValid() to return true for h3t://www.google.com:80/t123/test1?action=edit&amp;mode=up
ERROR: expected isValid() to return true for h3t://www.google.com:80/t123/test1/file?action=view
ERROR: expected isValid() to return true for h3t://www.google.com:80/t123/test1/file?action=edit&amp;mode=up
ERROR: expected isValid() to return true for h3t://www.google.com:80/t123/t123/file?action=view
ERROR: expected isValid() to return true for h3t://www.google.com:80/t123/t123/file?action=edit&amp;mode=up
ERROR: expected isValid() to return true for h3t://www.google.com:80/t123/$23/file?action=view
ERROR: expected isValid() to return true for h3t://www.google.com:80/t123/$23/file?action=edit&amp;mode=up
ERROR: expected isValid() to return true for h3t://www.google.com:80/$23/test1?action=view
ERROR: expected isValid() to return true for h3t://www.google.com:80/$23/test1?action=edit&amp;mode=up
ERROR: expected isValid() to return true for h3t://www.google.com:80/$23/t123?action=view
ERROR: expected isValid() to return true for h3t://www.google.com:80/$23/t123?action=edit&amp;mode=up
ERROR: expected isValid() to return true for h3t://www.google.com:80/$23/$23?action=view
ERROR: expected isValid() to return true for h3t://www.google.com:80/$23/$23?action=edit&amp;mode=up
ERROR: expected isValid() to return true for h3t://www.google.com:80/$23/test1?action=view
ERROR: expected isValid() to return true for h3t://www.google.com:80/$23/test1?action=edit&amp;mode=up
ERROR: expected isValid() to return true for h3t://www.google.com:80/$23/test1/file?action=view
ERROR: expected isValid() to return true for h3t://www.google.com:80/$23/test1/file?action=edit&amp;mode=up
ERROR: expected isValid() to return true for h3t://www.google.com:80/$23/t123/file?action=view
ERROR: expected isValid() to return true for h3t://www.google.com:80/$23/t123/file?action=edit&amp;mode=up
ERROR: expected isValid() to return true for h3t://www.google.com:80/$23/$23/file?action=view
ERROR: expected isValid() to return true for h3t://www.google.com:80/$23/$23/file?action=edit&amp;mode=up
ERROR: expected isValid() to return true for h3t://www.google.com:80/test1/test1?action=view
ERROR: expected isValid() to return true for h3t://www.google.com:80/test1/test1?action=edit&amp;mode=up
ERROR: expected isValid() to return true for h3t://www.google.com:80/test1/t123?action=view
ERROR: expected isValid() to return true for h3t://www.google.com:80/test1/t123?action=edit&amp;mode=up
ERROR: expected isValid() to return true for h3t://www.google.com:80/test1/$23?action=view
ERROR: expected isValid() to return true for h3t://www.google.com:80/test1/$23?action=edit&amp;mode=up
ERROR: expected isValid() to return true for h3t://www.google.com:80/test1/test1?action=view
ERROR: expected isValid() to return true for h3t://www.google.com:80/test1/test1?action=edit&amp;mode=up
ERROR: expected isValid() to return true for h3t://www.google.com:80/test1/test1/file?action=view
ERROR: expected isValid() to return true for h3t://www.google.com:80/test1/test1/file?action=edit&amp;mode=up
ERROR: expected isValid() to return true for h3t://www.google.com:80/test1/t123/file?action=view
ERROR: expected isValid() to return true for h3t://www.google.com:80/test1/t123/file?action=edit&amp;mode=up
ERROR: expected isValid() to return true for h3t://www.google.com:80/test1/$23/file?action=view
ERROR: expected isValid() to return true for h3t://www.google.com:80/test1/$23/file?action=edit&amp;mode=up
ERROR: expected isValid() to return true for h3t://www.google.com:80/test1/file/test1?action=view
ERROR: expected isValid() to return true for h3t://www.google.com:80/test1/file/test1?action=edit&amp;mode=up
ERROR: expected isValid() to return true for h3t://www.google.com:80/test1/file/t123?action=view
ERROR: expected isValid() to return true for h3t://www.google.com:80/test1/file/t123?action=edit&amp;mode=up
ERROR: expected isValid() to return true for h3t://www.google.com:80/test1/file/$23?action=view
ERROR: expected isValid() to return true for h3t://www.google.com:80/test1/file/$23?action=edit&amp;mode=up
ERROR: expected isValid() to return true for h3t://www.google.com:80/test1/file/test1?action=view
ERROR: expected isValid() to return true for h3t://www.google.com:80/test1/file/test1?action=edit&amp;mode=up
ERROR: expected isValid() to return true for h3t://www.google.com:80/test1/file/test1/file?action=view
ERROR: expected isValid() to return true for h3t://www.google.com:80/test1/file/test1/file?action=edit&amp;mode=up
ERROR: expected isValid() to return true for h3t://www.google.com:80/test1/file/t123/file?action=view
ERROR: expected isValid() to return true for h3t://www.google.com:80/test1/file/t123/file?action=edit&amp;mode=up
ERROR: expected isValid() to return true for h3t://www.google.com:80/test1/file/$23/file?action=view
ERROR: expected isValid() to return true for h3t://www.google.com:80/test1/file/$23/file?action=edit&amp;mode=up
ERROR: expected isValid() to return true for h3t://www.google.com:65535/test1/test1?action=view
ERROR: expected isValid() to return true for h3t://www.google.com:65535/test1/test1?action=edit&amp;mode=up
ERROR: expected isValid() to return true for h3t://www.google.com:65535/test1/test1
ERROR: expected isValid() to return true for h3t://www.google.com:65535/test1/t123?action=view
ERROR: expected isValid() to return true for h3t://www.google.com:65535/test1/t123?action=edit&amp;mode=up
ERROR: expected isValid() to return true for h3t://www.google.com:65535/test1/t123
ERROR: expected isValid() to return true for h3t://www.google.com:65535/test1/$23?action=view
ERROR: expected isValid() to return true for h3t://www.google.com:65535/test1/$23?action=edit&amp;mode=up
ERROR: expected isValid() to return true for h3t://www.google.com:65535/test1/$23
ERROR: expected isValid() to return true for h3t://www.google.com:65535/test1/test1?action=view
ERROR: expected isValid() to return true for h3t://www.google.com:65535/test1/test1?action=edit&amp;mode=up
ERROR: expected isValid() to return true for h3t://www.google.com:65535/test1/test1
ERROR: expected isValid() to return true for h3t://www.google.com:65535/test1/test1/file?action=view
ERROR: expected isValid() to return true for h3t://www.google.com:65535/test1/test1/file?action=edit&amp;mode=up
ERROR: expected isValid() to return true for h3t://www.google.com:65535/test1/test1/file
ERROR: expected isValid() to return true for h3t://www.google.com:65535/test1/t123/file?action=view
ERROR: expected isValid() to return true for h3t://www.google.com:65535/test1/t123/file?action=edit&amp;mode=up
ERROR: expected isValid() to return true for h3t://www.google.com:65535/test1/t123/file
ERROR: expected isValid() to return true for h3t://www.google.com:65535/test1/$23/file?action=view
ERROR: expected isValid() to return true for h3t://www.google.com:65535/test1/$23/file?action=edit&amp;mode=up
ERROR: expected isValid() to return true for h3t://www.google.com:65535/test1/$23/file
ERROR: expected isValid() to return true for h3t://www.google.com:65535/t123/test1?action=view
ERROR: expected isValid() to return true for h3t://www.google.com:65535/t123/test1?action=edit&amp;mode=up
ERROR: expected isValid() to return true for h3t://www.google.com:65535/t123/test1
ERROR: expected isValid() to return true for h3t://www.google.com:65535/t123/t123?action=view
ERROR: expected isValid() to return true for h3t://www.google.com:65535/t123/t123?action=edit&amp;mode=up
ERROR: expected isValid() to return true for h3t://www.google.com:65535/t123/t123
ERROR: expected isValid() to return true for h3t://www.google.com:65535/t123/$23?action=view
ERROR: expected isValid() to return true for h3t://www.google.com:65535/t123/$23?action=edit&amp;mode=up
ERROR: expected isValid() to return true for h3t://www.google.com:65535/t123/$23
ERROR: expected isValid() to return true for h3t://www.google.com:65535/t123/test1?action=view
ERROR: expected isValid() to return true for h3t://www.google.com:65535/t123/test1?action=edit&amp;mode=up
ERROR: expected isValid() to return true for h3t://www.google.com:65535/t123/test1
ERROR: expected isValid() to return true for h3t://www.google.com:65535/t123/test1/file?action=view
ERROR: expected isValid() to return true for h3t://www.google.com:65535/t123/test1/file?action=edit&amp;mode=up
ERROR: expected isValid() to return true for h3t://www.google.com:65535/t123/test1/file
ERROR: expected isValid() to return true for h3t://www.google.com:65535/t123/t123/file?action=view
ERROR: expected isValid() to return true for h3t://www.google.com:65535/t123/t123/file?action=edit&amp;mode=up
ERROR: expected isValid() to return true for h3t://www.google.com:65535/t123/t123/file
ERROR: expected isValid() to return true for h3t://www.google.com:65535/t123/$23/file?action=view
ERROR: expected isValid() to return true for h3t://www.google.com:65535/t123/$23/file?action=edit&amp;mode=up
ERROR: expected isValid() to return true for h3t://www.google.com:65535/t123/$23/file
ERROR: expected isValid() to return true for h3t://www.google.com:65535/$23/test1?action=view
ERROR: expected isValid() to return true for h3t://www.google.com:65535/$23/test1?action=edit&amp;mode=up
ERROR: expected isValid() to return true for h3t://www.google.com:65535/$23/test1
ERROR: expected isValid() to return true for h3t://www.google.com:65535/$23/t123?action=view
ERROR: expected isValid() to return true for h3t://www.google.com:65535/$23/t123?action=edit&amp;mode=up
ERROR: expected isValid() to return true for h3t://www.google.com:65535/$23/t123
ERROR: expected isValid() to return true for h3t://www.google.com:65535/$23/$23?action=view
ERROR: expected isValid() to return true for h3t://www.google.com:65535/$23/$23?action=edit&amp;mode=up
ERROR: expected isValid() to return true for h3t://www.google.com:65535/$23/$23
ERROR: expected isValid() to return true for h3t://www.google.com:65535/$23/test1?action=view
ERROR: expected isValid() to return true for h3t://www.google.com:65535/$23/test1?action=edit&amp;mode=up
ERROR: expected isValid() to return true for h3t://www.google.com:65535/$23/test1
ERROR: expected isValid() to return true for h3t://www.google.com:65535/$23/test1/file?action=view
ERROR: expected isValid() to return true for h3t://www.google.com:65535/$23/test1/file?action=edit&amp;mode=up
ERROR: expected isValid() to return true for h3t://www.google.com:65535/$23/test1/file
ERROR: expected isValid() to return true for h3t://www.google.com:65535/$23/t123/file?action=view
ERROR: expected isValid() to return true for h3t://www.google.com:65535/$23/t123/file?action=edit&amp;mode=up
ERROR: expected isValid() to return true for h3t://www.google.com:65535/$23/t123/file
ERROR: expected isValid() to return true for h3t://www.google.com:65535/$23/$23/file?action=view
ERROR: expected isValid() to return true for h3t://www.google.com:65535/$23/$23/file?action=edit&amp;mode=up
ERROR: expected isValid() to return true for h3t://www.google.com:65535/$23/$23/file
ERROR: expected isValid() to return true for h3t://www.google.com:65535/test1/test1?action=view
ERROR: expected isValid() to return true for h3t://www.google.com:65535/test1/test1?action=edit&amp;mode=up
ERROR: expected isValid() to return true for h3t://www.google.com:65535/test1/test1
ERROR: expected isValid() to return true for h3t://www.google.com:65535/test1/t123?action=view
ERROR: expected isValid() to return true for h3t://www.google.com:65535/test1/t123?action=edit&amp;mode=up
ERROR: expected isValid() to return true for h3t://www.google.com:65535/test1/t123
ERROR: expected isValid() to return true for h3t://www.google.com:65535/test1/$23?action=view
ERROR: expected isValid() to return true for h3t://www.google.com:65535/test1/$23?action=edit&amp;mode=up
ERROR: expected isValid() to return true for h3t://www.google.com:65535/test1/$23
ERROR: expected isValid() to return true for h3t://www.google.com:65535/test1/test1?action=view
ERROR: expected isValid() to return true for h3t://www.google.com:65535/test1/test1?action=edit&amp;mode=up
ERROR: expected isValid() to return true for h3t://www.google.com:65535/test1/test1
ERROR: expected isValid() to return true for h3t://www.google.com:65535/test1/test1/file?action=view
ERROR: expected isValid() to return true for h3t://www.google.com:65535/test1/test1/file?action=edit&amp;mode=up
ERROR: expected isValid() to return true for h3t://www.google.com:65535/test1/test1/file
ERROR: expected isValid() to return true for h3t://www.google.com:65535/test1/t123/file?action=view
ERROR: expected isValid() to return true for h3t://www.google.com:65535/test1/t123/file?action=edit&amp;mode=up
ERROR: expected isValid() to return true for h3t://www.google.com:65535/test1/t123/file
ERROR: expected isValid() to return true for h3t://www.google.com:65535/test1/$23/file?action=view
ERROR: expected isValid() to return true for h3t://www.google.com:65535/test1/$23/file?action=edit&amp;mode=up
ERROR: expected isValid() to return true for h3t://www.google.com:65535/test1/$23/file
ERROR: expected isValid() to return true for h3t://www.google.com:65535/test1/file/test1?action=view
ERROR: expected isValid() to return true for h3t://www.google.com:65535/test1/file/test1?action=edit&amp;mode=up
ERROR: expected isValid() to return true for h3t://www.google.com:65535/test1/file/test1
ERROR: expected isValid() to return true for h3t://www.google.com:65535/test1/file/t123?action=view
ERROR: expected isValid() to return true for h3t://www.google.com:65535/test1/file/t123?action=edit&amp;mode=up
ERROR: expected isValid() to return true for h3t://www.google.com:65535/test1/file/t123
ERROR: expected isValid() to return true for h3t://www.google.com:65535/test1/file/$23?action=view
ERROR: expected isValid() to return true for h3t://www.google.com:65535/test1/file/$23?action=edit&amp;mode=up
ERROR: expected isValid() to return true for h3t://www.google.com:65535/test1/file/$23
ERROR: expected isValid() to return true for h3t://www.google.com:65535/test1/file/test1?action=view
ERROR: expected isValid() to return true for h3t://www.google.com:65535/test1/file/test1?action=edit&amp;mode=up
ERROR: expected isValid() to return true for h3t://www.google.com:65535/test1/file/test1
ERROR: expected isValid() to return true for h3t://www.google.com:65535/test1/file/test1/file?action=view
ERROR: expected isValid() to return true for h3t://www.google.com:65535/test1/file/test1/file?action=edit&amp;mode=up
ERROR: expected isValid() to return true for h3t://www.google.com:65535/test1/file/test1/file
ERROR: expected isValid() to return true for h3t://www.google.com:65535/test1/file/t123/file?action=view
ERROR: expected isValid() to return true for h3t://www.google.com:65535/test1/file/t123/file?action=edit&amp;mode=up
ERROR: expected isValid() to return true for h3t://www.google.com:65535/test1/file/t123/file
ERROR: expected isValid() to return true for h3t://www.google.com:65535/test1/file/$23/file?action=view
ERROR: expected isValid() to return true for h3t://www.google.com:65535/test1/file/$23/file?action=edit&amp;mode=up
ERROR: expected isValid() to return true for h3t://www.google.com:65535/test1/file/$23/file
ERROR: expected isValid() to return true for h3t://www.google.com:0/test1/test1?action=view
ERROR: expected isValid() to return true for h3t://www.google.com:0/test1/test1?action=edit&amp;mode=up
ERROR: expected isValid() to return true for h3t://www.google.com:0/test1/t123?action=view
ERROR: expected isValid() to return true for h3t://www.google.com:0/test1/t123?action=edit&amp;mode=up
ERROR: expected isValid() to return true for h3t://www.google.com:0/test1/$23?action=view
ERROR: expected isValid() to return true for h3t://www.google.com:0/test1/$23?action=edit&amp;mode=up
ERROR: expected isValid() to return true for h3t://www.google.com:0/test1/test1?action=view
ERROR: expected isValid() to return true for h3t://www.google.com:0/test1/test1?action=edit&amp;mode=up
ERROR: expected isValid() to return true for h3t://www.google.com:0/test1/test1/file?action=view
ERROR: expected isValid() to return true for h3t://www.google.com:0/test1/test1/file?action=edit&amp;mode=up
ERROR: expected isValid() to return true for h3t://www.google.com:0/test1/t123/file?action=view
ERROR: expected isValid() to return true for h3t://www.google.com:0/test1/t123/file?action=edit&amp;mode=up
ERROR: expected isValid() to return true for h3t://www.google.com:0/test1/$23/file?action=view
ERROR: expected isValid() to return true for h3t://www.google.com:0/test1/$23/file?action=edit&amp;mode=up
ERROR: expected isValid() to return true for h3t://www.google.com:0/t123/test1?action=view
ERROR: expected isValid() to return true for h3t://www.google.com:0/t123/test1?action=edit&amp;mode=up
ERROR: expected isValid() to return true for h3t://www.google.com:0/t123/t123?action=view
ERROR: expected isValid() to return true for h3t://www.google.com:0/t123/t123?action=edit&amp;mode=up
ERROR: expected isValid() to return true for h3t://www.google.com:0/t123/$23?action=view
ERROR: expected isValid() to return true for h3t://www.google.com:0/t123/$23?action=edit&amp;mode=up
ERROR: expected isValid() to return true for h3t://www.google.com:0/t123/test1?action=view
ERROR: expected isValid() to return true for h3t://www.google.com:0/t123/test1?action=edit&amp;mode=up
ERROR: expected isValid() to return true for h3t://www.google.com:0/t123/test1/file?action=view
ERROR: expected isValid() to return true for h3t://www.google.com:0/t123/test1/file?action=edit&amp;mode=up
ERROR: expected isValid() to return true for h3t://www.google.com:0/t123/t123/file?action=view
ERROR: expected isValid() to return true for h3t://www.google.com:0/t123/t123/file?action=edit&amp;mode=up
ERROR: expected isValid() to return true for h3t://www.google.com:0/t123/$23/file?action=view
ERROR: expected isValid() to return true for h3t://www.google.com:0/t123/$23/file?action=edit&amp;mode=up
ERROR: expected isValid() to return true for h3t://www.google.com:0/$23/test1?action=view
ERROR: expected isValid() to return true for h3t://www.google.com:0/$23/test1?action=edit&amp;mode=up
ERROR: expected isValid() to return true for h3t://www.google.com:0/$23/t123?action=view
ERROR: expected isValid() to return true for h3t://www.google.com:0/$23/t123?action=edit&amp;mode=up
ERROR: expected isValid() to return true for h3t://www.google.com:0/$23/$23?action=view
ERROR: expected isValid() to return true for h3t://www.google.com:0/$23/$23?action=edit&amp;mode=up
ERROR: expected isValid() to return true for h3t://www.google.com:0/$23/test1?action=view
ERROR: expected isValid() to return true for h3t://www.google.com:0/$23/test1?action=edit&amp;mode=up
ERROR: expected isValid() to return true for h3t://www.google.com:0/$23/test1/file?action=view
ERROR: expected isValid() to return true for h3t://www.google.com:0/$23/test1/file?action=edit&amp;mode=up
ERROR: expected isValid() to return true for h3t://www.google.com:0/$23/t123/file?action=view
ERROR: expected isValid() to return true for h3t://www.google.com:0/$23/t123/file?action=edit&amp;mode=up
ERROR: expected isValid() to return true for h3t://www.google.com:0/$23/$23/file?action=view
ERROR: expected isValid() to return true for h3t://www.google.com:0/$23/$23/file?action=edit&amp;mode=up
ERROR: expected isValid() to return true for h3t://www.google.com:0/test1/test1?action=view
ERROR: expected isValid() to return true for h3t://www.google.com:0/test1/test1?action=edit&amp;mode=up
ERROR: expected isValid() to return true for h3t://www.google.com:0/test1/t123?action=view
ERROR: expected isValid() to return true for h3t://www.google.com:0/test1/t123?action=edit&amp;mode=up
ERROR: expected isValid() to return true for h3t://www.google.com:0/test1/$23?action=view
ERROR: expected isValid() to return true for h3t://www.google.com:0/test1/$23?action=edit&amp;mode=up
ERROR: expected isValid() to return true for h3t://www.google.com:0/test1/test1?action=view
ERROR: expected isValid() to return true for h3t://www.google.com:0/test1/test1?action=edit&amp;mode=up
ERROR: expected isValid() to return true for h3t://www.google.com:0/test1/test1/file?action=view
ERROR: expected isValid() to return true for h3t://www.google.com:0/test1/test1/file?action=edit&amp;mode=up
ERROR: expected isValid() to return true for h3t://www.google.com:0/test1/t123/file?action=view
ERROR: expected isValid() to return true for h3t://www.google.com:0/test1/t123/file?action=edit&amp;mode=up
ERROR: expected isValid() to return true for h3t://www.google.com:0/test1/$23/file?action=view
ERROR: expected isValid() to return true for h3t://www.google.com:0/test1/$23/file?action=edit&amp;mode=up
ERROR: expected isValid() to return true for h3t://www.google.com:0/test1/file/test1?action=view
ERROR: expected isValid() to return true for h3t://www.google.com:0/test1/file/test1?action=edit&amp;mode=up
ERROR: expected isValid() to return true for h3t://www.google.com:0/test1/file/t123?action=view
ERROR: expected isValid() to return true for h3t://www.google.com:0/test1/file/t123?action=edit&amp;mode=up
ERROR: expected isValid() to return true for h3t://www.google.com:0/test1/file/$23?action=view
ERROR: expected isValid() to return true for h3t://www.google.com:0/test1/file/$23?action=edit&amp;mode=up
ERROR: expected isValid() to return true for h3t://www.google.com:0/test1/file/test1?action=view
ERROR: expected isValid() to return true for h3t://www.google.com:0/test1/file/test1?action=edit&amp;mode=up
ERROR: expected isValid() to return true for h3t://www.google.com:0/test1/file/test1/file?action=view
ERROR: expected isValid() to return true for h3t://www.google.com:0/test1/file/test1/file?action=edit&amp;mode=up
ERROR: expected isValid() to return true for h3t://www.google.com:0/test1/file/t123/file?action=view
ERROR: expected isValid() to return true for h3t://www.google.com:0/test1/file/t123/file?action=edit&amp;mode=up
ERROR: expected isValid() to return true for h3t://www.google.com:0/test1/file/$23/file?action=view
ERROR: expected isValid() to return true for h3t://www.google.com:0/test1/file/$23/file?action=edit&amp;mode=up
ERROR: expected isValid() to return true for h3t://www.google.com/test1/test1?action=view
ERROR: expected isValid() to return true for h3t://www.google.com/test1/test1?action=edit&amp;mode=up
ERROR: expected isValid() to return true for h3t://www.google.com/test1/t123?action=view
ERROR: expected isValid() to return true for h3t://www.google.com/test1/t123?action=edit&amp;mode=up
ERROR: expected isValid() to return true for h3t://www.google.com/test1/$23?action=view
ERROR: expected isValid() to return true for h3t://www.google.com/test1/$23?action=edit&amp;mode=up
ERROR: expected isValid() to return true for h3t://www.google.com/test1/test1?action=view
ERROR: expected isValid() to return true for h3t://www.google.com/test1/test1?action=edit&amp;mode=up
ERROR: expected isValid() to return true for h3t://www.google.com/test1/test1/file?action=view
ERROR: expected isValid() to return true for h3t://www.google.com/test1/test1/file?action=edit&amp;mode=up
ERROR: expected isValid() to return true for h3t://www.google.com/test1/t123/file?action=view
ERROR: expected isValid() to return true for h3t://www.google.com/test1/t123/file?action=edit&amp;mode=up
ERROR: expected isValid() to return true for h3t://www.google.com/test1/$23/file?action=view
ERROR: expected isValid() to return true for h3t://www.google.com/test1/$23/file?action=edit&amp;mode=up
ERROR: expected isValid() to return true for h3t://www.google.com/t123/test1?action=view
ERROR: expected isValid() to return true for h3t://www.google.com/t123/test1?action=edit&amp;mode=up
ERROR: expected isValid() to return true for h3t://www.google.com/t123/t123?action=view
ERROR: expected isValid() to return true for h3t://www.google.com/t123/t123?action=edit&amp;mode=up
ERROR: expected isValid() to return true for h3t://www.google.com/t123/$23?action=view
ERROR: expected isValid() to return true for h3t://www.google.com/t123/$23?action=edit&amp;mode=up
ERROR: expected isValid() to return true for h3t://www.google.com/t123/test1?action=view
ERROR: expected isValid() to return true for h3t://www.google.com/t123/test1?action=edit&amp;mode=up
ERROR: expected isValid() to return true for h3t://www.google.com/t123/test1/file?action=view
ERROR: expected isValid() to return true for h3t://www.google.com/t123/test1/file?action=edit&amp;mode=up
ERROR: expected isValid() to return true for h3t://www.google.com/t123/t123/file?action=view
ERROR: expected isValid() to return true for h3t://www.google.com/t123/t123/file?action=edit&amp;mode=up
ERROR: expected isValid() to return true for h3t://www.google.com/t123/$23/file?action=view
ERROR: expected isValid() to return true for h3t://www.google.com/t123/$23/file?action=edit&amp;mode=up
ERROR: expected isValid() to return true for h3t://www.google.com/$23/test1?action=view
ERROR: expected isValid() to return true for h3t://www.google.com/$23/test1?action=edit&amp;mode=up
ERROR: expected isValid() to return true for h3t://www.google.com/$23/t123?action=view
ERROR: expected isValid() to return true for h3t://www.google.com/$23/t123?action=edit&amp;mode=up
ERROR: expected isValid() to return true for h3t://www.google.com/$23/$23?action=view
ERROR: expected isValid() to return true for h3t://www.google.com/$23/$23?action=edit&amp;mode=up
ERROR: expected isValid() to return true for h3t://www.google.com/$23/test1?action=view
ERROR: expected isValid() to return true for h3t://www.google.com/$23/test1?action=edit&amp;mode=up
ERROR: expected isValid() to return true for h3t://www.google.com/$23/test1/file?action=view
ERROR: expected isValid() to return true for h3t://www.google.com/$23/test1/file?action=edit&amp;mode=up
ERROR: expected isValid() to return true for h3t://www.google.com/$23/t123/file?action=view
ERROR: expected isValid() to return true for h3t://www.google.com/$23/t123/file?action=edit&amp;mode=up
ERROR: expected isValid() to return true for h3t://www.google.com/$23/$23/file?action=view
ERROR: expected isValid() to return true for h3t://www.google.com/$23/$23/file?action=edit&amp;mode=up
ERROR: expected isValid() to return true for h3t://www.google.com/test1/test1?action=view
ERROR: expected isValid() to return true for h3t://www.google.com/test1/test1?action=edit&amp;mode=up
ERROR: expected isValid() to return true for h3t://www.google.com/test1/t123?action=view
ERROR: expected isValid() to return true for h3t://www.google.com/test1/t123?action=edit&amp;mode=up
ERROR: expected isValid() to return true for h3t://www.google.com/test1/$23?action=view
ERROR: expected isValid() to return true for h3t://www.google.com/test1/$23?action=edit&amp;mode=up
ERROR: expected isValid() to return true for h3t://www.google.com/test1/test1?action=view
ERROR: expected isValid() to return true for h3t://www.google.com/test1/test1?action=edit&amp;mode=up
ERROR: expected isValid() to return true for h3t://www.google.com/test1/test1/file?action=view
ERROR: expected isValid() to return true for h3t://www.google.com/test1/test1/file?action=edit&amp;mode=up
ERROR: expected isValid() to return true for h3t://www.google.com/test1/t123/file?action=view
ERROR: expected isValid() to return true for h3t://www.google.com/test1/t123/file?action=edit&amp;mode=up
ERROR: expected isValid() to return true for h3t://www.google.com/test1/$23/file?action=view
ERROR: expected isValid() to return true for h3t://www.google.com/test1/$23/file?action=edit&amp;mode=up
ERROR: expected isValid() to return true for h3t://www.google.com/test1/file/test1?action=view
ERROR: expected isValid() to return true for h3t://www.google.com/test1/file/test1?action=edit&amp;mode=up
ERROR: expected isValid() to return true for h3t://www.google.com/test1/file/t123?action=view
ERROR: expected isValid() to return true for h3t://www.google.com/test1/file/t123?action=edit&amp;mode=up
ERROR: expected isValid() to return true for h3t://www.google.com/test1/file/$23?action=view
ERROR: expected isValid() to return true for h3t://www.google.com/test1/file/$23?action=edit&amp;mode=up
ERROR: expected isValid() to return true for h3t://www.google.com/test1/file/test1?action=view
ERROR: expected isValid() to return true for h3t://www.google.com/test1/file/test1?action=edit&amp;mode=up
ERROR: expected isValid() to return true for h3t://www.google.com/test1/file/test1/file?action=view
ERROR: expected isValid() to return true for h3t://www.google.com/test1/file/test1/file?action=edit&amp;mode=up
ERROR: expected isValid() to return true for h3t://www.google.com/test1/file/t123/file?action=view
ERROR: expected isValid() to return true for h3t://www.google.com/test1/file/t123/file?action=edit&amp;mode=up
ERROR: expected isValid() to return true for h3t://www.google.com/test1/file/$23/file?action=view
ERROR: expected isValid() to return true for h3t://www.google.com/test1/file/$23/file?action=edit&amp;mode=up
ERROR: expected isValid() to return true for h3t://www.google.com:65636/test1/test1?action=view
ERROR: expected isValid() to return true for h3t://www.google.com:65636/test1/test1?action=edit&amp;mode=up
ERROR: expected isValid() to return true for h3t://www.google.com:65636/test1/test1
ERROR: expected isValid() to return true for h3t://www.google.com:65636/test1/t123?action=view
ERROR: expected isValid() to return true for h3t://www.google.com:65636/test1/t123?action=edit&amp;mode=up
ERROR: expected isValid() to return true for h3t://www.google.com:65636/test1/t123
ERROR: expected isValid() to return true for h3t://www.google.com:65636/test1/$23?action=view
ERROR: expected isValid() to return true for h3t://www.google.com:65636/test1/$23?action=edit&amp;mode=up
ERROR: expected isValid() to return true for h3t://www.google.com:65636/test1/$23
ERROR: expected isValid() to return true for h3t://www.google.com:65636/test1/test1?action=view
ERROR: expected isValid() to return true for h3t://www.google.com:65636/test1/test1?action=edit&amp;mode=up
ERROR: expected isValid() to return true for h3t://www.google.com:65636/test1/test1
ERROR: expected isValid() to return true for h3t://www.google.com:65636/test1/test1/file?action=view
ERROR: expected isValid() to return true for h3t://www.google.com:65636/test1/test1/file?action=edit&amp;mode=up
ERROR: expected isValid() to return true for h3t://www.google.com:65636/test1/test1/file
ERROR: expected isValid() to return true for h3t://www.google.com:65636/test1/t123/file?action=view
ERROR: expected isValid() to return true for h3t://www.google.com:65636/test1/t123/file?action=edit&amp;mode=up
ERROR: expected isValid() to return true for h3t://www.google.com:65636/test1/t123/file
ERROR: expected isValid() to return true for h3t://www.google.com:65636/test1/$23/file?action=view
ERROR: expected isValid() to return true for h3t://www.google.com:65636/test1/$23/file?action=edit&amp;mode=up
ERROR: expected isValid() to return true for h3t://www.google.com:65636/test1/$23/file
ERROR: expected isValid() to return true for h3t://www.google.com:65636/t123/test1?action=view
ERROR: expected isValid() to return true for h3t://www.google.com:65636/t123/test1?action=edit&amp;mode=up
ERROR: expected isValid() to return true for h3t://www.google.com:65636/t123/test1
ERROR: expected isValid() to return true for h3t://www.google.com:65636/t123/t123?action=view
ERROR: expected isValid() to return true for h3t://www.google.com:65636/t123/t123?action=edit&amp;mode=up
ERROR: expected isValid() to return true for h3t://www.google.com:65636/t123/t123
ERROR: expected isValid() to return true for h3t://www.google.com:65636/t123/$23?action=view
ERROR: expected isValid() to return true for h3t://www.google.com:65636/t123/$23?action=edit&amp;mode=up
ERROR: expected isValid() to return true for h3t://www.google.com:65636/t123/$23
ERROR: expected isValid() to return true for h3t://www.google.com:65636/t123/test1?action=view
ERROR: expected isValid() to return true for h3t://www.google.com:65636/t123/test1?action=edit&amp;mode=up
ERROR: expected isValid() to return true for h3t://www.google.com:65636/t123/test1
ERROR: expected isValid() to return true for h3t://www.google.com:65636/t123/test1/file?action=view
ERROR: expected isValid() to return true for h3t://www.google.com:65636/t123/test1/file?action=edit&amp;mode=up
ERROR: expected isValid() to return true for h3t://www.google.com:65636/t123/test1/file
ERROR: expected isValid() to return true for h3t://www.google.com:65636/t123/t123/file?action=view
ERROR: expected isValid() to return true for h3t://www.google.com:65636/t123/t123/file?action=edit&amp;mode=up
ERROR: expected isValid() to return true for h3t://www.google.com:65636/t123/t123/file
ERROR: expected isValid() to return true for h3t://www.google.com:65636/t123/$23/file?action=view
ERROR: expected isValid() to return true for h3t://www.google.com:65636/t123/$23/file?action=edit&amp;mode=up
ERROR: expected isValid() to return true for h3t://www.google.com:65636/t123/$23/file
ERROR: expected isValid() to return true for h3t://www.google.com:65636/$23/test1?action=view
ERROR: expected isValid() to return true for h3t://www.google.com:65636/$23/test1?action=edit&amp;mode=up
ERROR: expected isValid() to return true for h3t://www.google.com:65636/$23/test1
ERROR: expected isValid() to return true for h3t://www.google.com:65636/$23/t123?action=view
ERROR: expected isValid() to return true for h3t://www.google.com:65636/$23/t123?action=edit&amp;mode=up
ERROR: expected isValid() to return true for h3t://www.google.com:65636/$23/t123
ERROR: expected isValid() to return true for h3t://www.google.com:65636/$23/$23?action=view
ERROR: expected isValid() to return true for h3t://www.google.com:65636/$23/$23?action=edit&amp;mode=up
ERROR: expected isValid() to return true for h3t://www.google.com:65636/$23/$23
ERROR: expected isValid() to return true for h3t://www.google.com:65636/$23/test1?action=view
ERROR: expected isValid() to return true for h3t://www.google.com:65636/$23/test1?action=edit&amp;mode=up
ERROR: expected isValid() to return true for h3t://www.google.com:65636/$23/test1
ERROR: expected isValid() to return true for h3t://www.google.com:65636/$23/test1/file?action=view
ERROR: expected isValid() to return true for h3t://www.google.com:65636/$23/test1/file?action=edit&amp;mode=up
ERROR: expected isValid() to return true for h3t://www.google.com:65636/$23/test1/file
ERROR: expected isValid() to return true for h3t://www.google.com:65636/$23/t123/file?action=view
ERROR: expected isValid() to return true for h3t://www.google.com:65636/$23/t123/file?action=edit&amp;mode=up
ERROR: expected isValid() to return true for h3t://www.google.com:65636/$23/t123/file
ERROR: expected isValid() to return true for h3t://www.google.com:65636/$23/$23/file?action=view
ERROR: expected isValid() to return true for h3t://www.google.com:65636/$23/$23/file?action=edit&amp;mode=up
ERROR: expected isValid() to return true for h3t://www.google.com:65636/$23/$23/file
ERROR: expected isValid() to return true for h3t://www.google.com:65636/test1/test1?action=view
ERROR: expected isValid() to return true for h3t://www.google.com:65636/test1/test1?action=edit&amp;mode=up
ERROR: expected isValid() to return true for h3t://www.google.com:65636/test1/test1
ERROR: expected isValid() to return true for h3t://www.google.com:65636/test1/t123?action=view
ERROR: expected isValid() to return true for h3t://www.google.com:65636/test1/t123?action=edit&amp;mode=up
ERROR: expected isValid() to return true for h3t://www.google.com:65636/test1/t123
ERROR: expected isValid() to return true for h3t://www.google.com:65636/test1/$23?action=view
ERROR: expected isValid() to return true for h3t://www.google.com:65636/test1/$23?action=edit&amp;mode=up
ERROR: expected isValid() to return true for h3t://www.google.com:65636/test1/$23
ERROR: expected isValid() to return true for h3t://www.google.com:65636/test1/test1?action=view
ERROR: expected isValid() to return true for h3t://www.google.com:65636/test1/test1?action=edit&amp;mode=up
ERROR: expected isValid() to return true for h3t://www.google.com:65636/test1/test1
ERROR: expected isValid() to return true for h3t://www.google.com:65636/test1/test1/file?action=view
ERROR: expected isValid() to return true for h3t://www.google.com:65636/test1/test1/file?action=edit&amp;mode=up
ERROR: expected isValid() to return true for h3t://www.google.com:65636/test1/test1/file
ERROR: expected isValid() to return true for h3t://www.google.com:65636/test1/t123/file?action=view
ERROR: expected isValid() to return true for h3t://www.google.com:65636/test1/t123/file?action=edit&amp;mode=up
ERROR: expected isValid() to return true for h3t://www.google.com:65636/test1/t123/file
ERROR: expected isValid() to return true for h3t://www.google.com:65636/test1/$23/file?action=view
ERROR: expected isValid() to return true for h3t://www.google.com:65636/test1/$23/file?action=edit&amp;mode=up
ERROR: expected isValid() to return true for h3t://www.google.com:65636/test1/$23/file
ERROR: expected isValid() to return true for h3t://www.google.com:65636/test1/file/test1?action=view
ERROR: expected isValid() to return true for h3t://www.google.com:65636/test1/file/test1?action=edit&amp;mode=up
ERROR: expected isValid() to return true for h3t://www.google.com:65636/test1/file/test1
ERROR: expected isValid() to return true for h3t://www.google.com:65636/test1/file/t123?action=view
ERROR: expected isValid() to return true for h3t://www.google.com:65636/test1/file/t123?action=edit&amp;mode=up
ERROR: expected isValid() to return true for h3t://www.google.com:65636/test1/file/t123
ERROR: expected isValid() to return true for h3t://www.google.com:65636/test1/file/$23?action=view
ERROR: expected isValid() to return true for h3t://www.google.com:65636/test1/file/$23?action=edit&amp;mode=up
ERROR: expected isValid() to return true for h3t://www.google.com:65636/test1/file/$23
ERROR: expected isValid() to return true for h3t://www.google.com:65636/test1/file/test1?action=view
ERROR: expected isValid() to return true for h3t://www.google.com:65636/test1/file/test1?action=edit&amp;mode=up
ERROR: expected isValid() to return true for h3t://www.google.com:65636/test1/file/test1
ERROR: expected isValid() to return true for h3t://www.google.com:65636/test1/file/test1/file?action=view
ERROR: expected isValid() to return true for h3t://www.google.com:65636/test1/file/test1/file?action=edit&amp;mode=up
ERROR: expected isValid() to return true for h3t://www.google.com:65636/test1/file/test1/file
ERROR: expected isValid() to return true for h3t://www.google.com:65636/test1/file/t123/file?action=view
ERROR: expected isValid() to return true for h3t://www.google.com:65636/test1/file/t123/file?action=edit&amp;mode=up
ERROR: expected isValid() to return true for h3t://www.google.com:65636/test1/file/t123/file
ERROR: expected isValid() to return true for h3t://www.google.com:65636/test1/file/$23/file?action=view
ERROR: expected isValid() to return true for h3t://www.google.com:65636/test1/file/$23/file?action=edit&amp;mode=up
ERROR: expected isValid() to return true for h3t://www.google.com:65636/test1/file/$23/file
ERROR: expected isValid() to return true for h3t://go.com:80/test1/test1?action=view
ERROR: expected isValid() to return true for h3t://go.com:80/test1/test1?action=edit&amp;mode=up
ERROR: expected isValid() to return true for h3t://go.com:80/test1/t123?action=view
ERROR: expected isValid() to return true for h3t://go.com:80/test1/t123?action=edit&amp;mode=up
ERROR: expected isValid() to return true for h3t://go.com:80/test1/$23?action=view
ERROR: expected isValid() to return true for h3t://go.com:80/test1/$23?action=edit&amp;mode=up
ERROR: expected isValid() to return true for h3t://go.com:80/test1/test1?action=view
ERROR: expected isValid() to return true for h3t://go.com:80/test1/test1?action=edit&amp;mode=up
ERROR: expected isValid() to return true for h3t://go.com:80/test1/test1/file?action=view
ERROR: expected isValid() to return true for h3t://go.com:80/test1/test1/file?action=edit&amp;mode=up
ERROR: expected isValid() to return true for h3t://go.com:80/test1/t123/file?action=view
ERROR: expected isValid() to return true for h3t://go.com:80/test1/t123/file?action=edit&amp;mode=up
ERROR: expected isValid() to return true for h3t://go.com:80/test1/$23/file?action=view
ERROR: expected isValid() to return true for h3t://go.com:80/test1/$23/file?action=edit&amp;mode=up
ERROR: expected isValid() to return true for h3t://go.com:80/t123/test1?action=view
ERROR: expected isValid() to return true for h3t://go.com:80/t123/test1?action=edit&amp;mode=up
ERROR: expected isValid() to return true for h3t://go.com:80/t123/t123?action=view
ERROR: expected isValid() to return true for h3t://go.com:80/t123/t123?action=edit&amp;mode=up
ERROR: expected isValid() to return true for h3t://go.com:80/t123/$23?action=view
ERROR: expected isValid() to return true for h3t://go.com:80/t123/$23?action=edit&amp;mode=up
ERROR: expected isValid() to return true for h3t://go.com:80/t123/test1?action=view
ERROR: expected isValid() to return true for h3t://go.com:80/t123/test1?action=edit&amp;mode=up
ERROR: expected isValid() to return true for h3t://go.com:80/t123/test1/file?action=view
ERROR: expected isValid() to return true for h3t://go.com:80/t123/test1/file?action=edit&amp;mode=up
ERROR: expected isValid() to return true for h3t://go.com:80/t123/t123/file?action=view
ERROR: expected isValid() to return true for h3t://go.com:80/t123/t123/file?action=edit&amp;mode=up
ERROR: expected isValid() to return true for h3t://go.com:80/t123/$23/file?action=view
ERROR: expected isValid() to return true for h3t://go.com:80/t123/$23/file?action=edit&amp;mode=up
ERROR: expected isValid() to return true for h3t://go.com:80/$23/test1?action=view
ERROR: expected isValid() to return true for h3t://go.com:80/$23/test1?action=edit&amp;mode=up
ERROR: expected isValid() to return true for h3t://go.com:80/$23/t123?action=view
ERROR: expected isValid() to return true for h3t://go.com:80/$23/t123?action=edit&amp;mode=up
ERROR: expected isValid() to return true for h3t://go.com:80/$23/$23?action=view
ERROR: expected isValid() to return true for h3t://go.com:80/$23/$23?action=edit&amp;mode=up
ERROR: expected isValid() to return true for h3t://go.com:80/$23/test1?action=view
ERROR: expected isValid() to return true for h3t://go.com:80/$23/test1?action=edit&amp;mode=up
ERROR: expected isValid() to return true for h3t://go.com:80/$23/test1/file?action=view
ERROR: expected isValid() to return true for h3t://go.com:80/$23/test1/file?action=edit&amp;mode=up
ERROR: expected isValid() to return true for h3t://go.com:80/$23/t123/file?action=view
ERROR: expected isValid() to return true for h3t://go.com:80/$23/t123/file?action=edit&amp;mode=up
ERROR: expected isValid() to return true for h3t://go.com:80/$23/$23/file?action=view
ERROR: expected isValid() to return true for h3t://go.com:80/$23/$23/file?action=edit&amp;mode=up
ERROR: expected isValid() to return true for h3t://go.com:80/test1/test1?action=view
ERROR: expected isValid() to return true for h3t://go.com:80/test1/test1?action=edit&amp;mode=up
ERROR: expected isValid() to return true for h3t://go.com:80/test1/t123?action=view
ERROR: expected isValid() to return true for h3t://go.com:80/test1/t123?action=edit&amp;mode=up
ERROR: expected isValid() to return true for h3t://go.com:80/test1/$23?action=view
ERROR: expected isValid() to return true for h3t://go.com:80/test1/$23?action=edit&amp;mode=up
ERROR: expected isValid() to return true for h3t://go.com:80/test1/test1?action=view
ERROR: expected isValid() to return true for h3t://go.com:80/test1/test1?action=edit&amp;mode=up
ERROR: expected isValid() to return true for h3t://go.com:80/test1/test1/file?action=view
ERROR: expected isValid() to return true for h3t://go.com:80/test1/test1/file?action=edit&amp;mode=up
ERROR: expected isValid() to return true for h3t://go.com:80/test1/t123/file?action=view
ERROR: expected isValid() to return true for h3t://go.com:80/test1/t123/file?action=edit&amp;mode=up
ERROR: expected isValid() to return true for h3t://go.com:80/test1/$23/file?action=view
ERROR: expected isValid() to return true for h3t://go.com:80/test1/$23/file?action=edit&amp;mode=up
ERROR: expected isValid() to return true for h3t://go.com:80/test1/file/test1?action=view
ERROR: expected isValid() to return true for h3t://go.com:80/test1/file/test1?action=edit&amp;mode=up
ERROR: expected isValid() to return true for h3t://go.com:80/test1/file/t123?action=view
ERROR: expected isValid() to return true for h3t://go.com:80/test1/file/t123?action=edit&amp;mode=up
ERROR: expected isValid() to return true for h3t://go.com:80/test1/file/$23?action=view
ERROR: expected isValid() to return true for h3t://go.com:80/test1/file/$23?action=edit&amp;mode=up
ERROR: expected isValid() to return true for h3t://go.com:80/test1/file/test1?action=view
ERROR: expected isValid() to return true for h3t://go.com:80/test1/file/test1?action=edit&amp;mode=up
ERROR: expected isValid() to return true for h3t://go.com:80/test1/file/test1/file?action=view
ERROR: expected isValid() to return true for h3t://go.com:80/test1/file/test1/file?action=edit&amp;mode=up
ERROR: expected isValid() to return true for h3t://go.com:80/test1/file/t123/file?action=view
ERROR: expected isValid() to return true for h3t://go.com:80/test1/file/t123/file?action=edit&amp;mode=up
ERROR: expected isValid() to return true for h3t://go.com:80/test1/file/$23/file?action=view
ERROR: expected isValid() to return true for h3t://go.com:80/test1/file/$23/file?action=edit&amp;mode=up
ERROR: expected isValid() to return true for h3t://go.com:65535/test1/test1?action=view
ERROR: expected isValid() to return true for h3t://go.com:65535/test1/test1?action=edit&amp;mode=up
ERROR: expected isValid() to return true for h3t://go.com:65535/test1/test1
ERROR: expected isValid() to return true for h3t://go.com:65535/test1/t123?action=view
ERROR: expected isValid() to return true for h3t://go.com:65535/test1/t123?action=edit&amp;mode=up
ERROR: expected isValid() to return true for h3t://go.com:65535/test1/t123
ERROR: expected isValid() to return true for h3t://go.com:65535/test1/$23?action=view
ERROR: expected isValid() to return true for h3t://go.com:65535/test1/$23?action=edit&amp;mode=up
ERROR: expected isValid() to return true for h3t://go.com:65535/test1/$23
ERROR: expected isValid() to return true for h3t://go.com:65535/test1/test1?action=view
ERROR: expected isValid() to return true for h3t://go.com:65535/test1/test1?action=edit&amp;mode=up
ERROR: expected isValid() to return true for h3t://go.com:65535/test1/test1
ERROR: expected isValid() to return true for h3t://go.com:65535/test1/test1/file?action=view
ERROR: expected isValid() to return true for h3t://go.com:65535/test1/test1/file?action=edit&amp;mode=up
ERROR: expected isValid() to return true for h3t://go.com:65535/test1/test1/file
ERROR: expected isValid() to return true for h3t://go.com:65535/test1/t123/file?action=view
ERROR: expected isValid() to return true for h3t://go.com:65535/test1/t123/file?action=edit&amp;mode=up
ERROR: expected isValid() to return true for h3t://go.com:65535/test1/t123/file
ERROR: expected isValid() to return true for h3t://go.com:65535/test1/$23/file?action=view
ERROR: expected isValid() to return true for h3t://go.com:65535/test1/$23/file?action=edit&amp;mode=up
ERROR: expected isValid() to return true for h3t://go.com:65535/test1/$23/file
ERROR: expected isValid() to return true for h3t://go.com:65535/t123/test1?action=view
ERROR: expected isValid() to return true for h3t://go.com:65535/t123/test1?action=edit&amp;mode=up
ERROR: expected isValid() to return true for h3t://go.com:65535/t123/test1
ERROR: expected isValid() to return true for h3t://go.com:65535/t123/t123?action=view
ERROR: expected isValid() to return true for h3t://go.com:65535/t123/t123?action=edit&amp;mode=up
ERROR: expected isValid() to return true for h3t://go.com:65535/t123/t123
ERROR: expected isValid() to return true for h3t://go.com:65535/t123/$23?action=view
ERROR: expected isValid() to return true for h3t://go.com:65535/t123/$23?action=edit&amp;mode=up
ERROR: expected isValid() to return true for h3t://go.com:65535/t123/$23
ERROR: expected isValid() to return true for h3t://go.com:65535/t123/test1?action=view
ERROR: expected isValid() to return true for h3t://go.com:65535/t123/test1?action=edit&amp;mode=up
ERROR: expected isValid() to return true for h3t://go.com:65535/t123/test1
ERROR: expected isValid() to return true for h3t://go.com:65535/t123/test1/file?action=view
ERROR: expected isValid() to return true for h3t://go.com:65535/t123/test1/file?action=edit&amp;mode=up
ERROR: expected isValid() to return true for h3t://go.com:65535/t123/test1/file
ERROR: expected isValid() to return true for h3t://go.com:65535/t123/t123/file?action=view
ERROR: expected isValid() to return true for h3t://go.com:65535/t123/t123/file?action=edit&amp;mode=up
ERROR: expected isValid() to return true for h3t://go.com:65535/t123/t123/file
ERROR: expected isValid() to return true for h3t://go.com:65535/t123/$23/file?action=view
ERROR: expected isValid() to return true for h3t://go.com:65535/t123/$23/file?action=edit&amp;mode=up
ERROR: expected isValid() to return true for h3t://go.com:65535/t123/$23/file
ERROR: expected isValid() to return true for h3t://go.com:65535/$23/test1?action=view
ERROR: expected isValid() to return true for h3t://go.com:65535/$23/test1?action=edit&amp;mode=up
ERROR: expected isValid() to return true for h3t://go.com:65535/$23/test1
ERROR: expected isValid() to return true for h3t://go.com:65535/$23/t123?action=view
ERROR: expected isValid() to return true for h3t://go.com:65535/$23/t123?action=edit&amp;mode=up
ERROR: expected isValid() to return true for h3t://go.com:65535/$23/t123
ERROR: expected isValid() to return true for h3t://go.com:65535/$23/$23?action=view
ERROR: expected isValid() to return true for h3t://go.com:65535/$23/$23?action=edit&amp;mode=up
ERROR: expected isValid() to return true for h3t://go.com:65535/$23/$23
ERROR: expected isValid() to return true for h3t://go.com:65535/$23/test1?action=view
ERROR: expected isValid() to return true for h3t://go.com:65535/$23/test1?action=edit&amp;mode=up
ERROR: expected isValid() to return true for h3t://go.com:65535/$23/test1
ERROR: expected isValid() to return true for h3t://go.com:65535/$23/test1/file?action=view
ERROR: expected isValid() to return true for h3t://go.com:65535/$23/test1/file?action=edit&amp;mode=up
ERROR: expected isValid() to return true for h3t://go.com:65535/$23/test1/file
ERROR: expected isValid() to return true for h3t://go.com:65535/$23/t123/file?action=view
ERROR: expected isValid() to return true for h3t://go.com:65535/$23/t123/file?action=edit&amp;mode=up
ERROR: expected isValid() to return true for h3t://go.com:65535/$23/t123/file
ERROR: expected isValid() to return true for h3t://go.com:65535/$23/$23/file?action=view
ERROR: expected isValid() to return true for h3t://go.com:65535/$23/$23/file?action=edit&amp;mode=up
ERROR: expected isValid() to return true for h3t://go.com:65535/$23/$23/file
ERROR: expected isValid() to return true for h3t://go.com:65535/test1/test1?action=view
ERROR: expected isValid() to return true for h3t://go.com:65535/test1/test1?action=edit&amp;mode=up
ERROR: expected isValid() to return true for h3t://go.com:65535/test1/test1
ERROR: expected isValid() to return true for h3t://go.com:65535/test1/t123?action=view
ERROR: expected isValid() to return true for h3t://go.com:65535/test1/t123?action=edit&amp;mode=up
ERROR: expected isValid() to return true for h3t://go.com:65535/test1/t123
ERROR: expected isValid() to return true for h3t://go.com:65535/test1/$23?action=view
ERROR: expected isValid() to return true for h3t://go.com:65535/test1/$23?action=edit&amp;mode=up
ERROR: expected isValid() to return true for h3t://go.com:65535/test1/$23
ERROR: expected isValid() to return true for h3t://go.com:65535/test1/test1?action=view
ERROR: expected isValid() to return true for h3t://go.com:65535/test1/test1?action=edit&amp;mode=up
ERROR: expected isValid() to return true for h3t://go.com:65535/test1/test1
ERROR: expected isValid() to return true for h3t://go.com:65535/test1/test1/file?action=view
ERROR: expected isValid() to return true for h3t://go.com:65535/test1/test1/file?action=edit&amp;mode=up
ERROR: expected isValid() to return true for h3t://go.com:65535/test1/test1/file
ERROR: expected isValid() to return true for h3t://go.com:65535/test1/t123/file?action=view
ERROR: expected isValid() to return true for h3t://go.com:65535/test1/t123/file?action=edit&amp;mode=up
ERROR: expected isValid() to return true for h3t://go.com:65535/test1/t123/file
ERROR: expected isValid() to return true for h3t://go.com:65535/test1/$23/file?action=view
ERROR: expected isValid() to return true for h3t://go.com:65535/test1/$23/file?action=edit&amp;mode=up
ERROR: expected isValid() to return true for h3t://go.com:65535/test1/$23/file
ERROR: expected isValid() to return true for h3t://go.com:65535/test1/file/test1?action=view
ERROR: expected isValid() to return true for h3t://go.com:65535/test1/file/test1?action=edit&amp;mode=up
ERROR: expected isValid() to return true for h3t://go.com:65535/test1/file/test1
ERROR: expected isValid() to return true for h3t://go.com:65535/test1/file/t123?action=view
ERROR: expected isValid() to return true for h3t://go.com:65535/test1/file/t123?action=edit&amp;mode=up
ERROR: expected isValid() to return true for h3t://go.com:65535/test1/file/t123
ERROR: expected isValid() to return true for h3t://go.com:65535/test1/file/$23?action=view
ERROR: expected isValid() to return true for h3t://go.com:65535/test1/file/$23?action=edit&amp;mode=up
ERROR: expected isValid() to return true for h3t://go.com:65535/test1/file/$23
ERROR: expected isValid() to return true for h3t://go.com:65535/test1/file/test1?action=view
ERROR: expected isValid() to return true for h3t://go.com:65535/test1/file/test1?action=edit&amp;mode=up
ERROR: expected isValid() to return true for h3t://go.com:65535/test1/file/test1
ERROR: expected isValid() to return true for h3t://go.com:65535/test1/file/test1/file?action=view
ERROR: expected isValid() to return true for h3t://go.com:65535/test1/file/test1/file?action=edit&amp;mode=up
ERROR: expected isValid() to return true for h3t://go.com:65535/test1/file/test1/file
ERROR: expected isValid() to return true for h3t://go.com:65535/test1/file/t123/file?action=view
ERROR: expected isValid() to return true for h3t://go.com:65535/test1/file/t123/file?action=edit&amp;mode=up
ERROR: expected isValid() to return true for h3t://go.com:65535/test1/file/t123/file
ERROR: expected isValid() to return true for h3t://go.com:65535/test1/file/$23/file?action=view
ERROR: expected isValid() to return true for h3t://go.com:65535/test1/file/$23/file?action=edit&amp;mode=up
ERROR: expected isValid() to return true for h3t://go.com:65535/test1/file/$23/file
ERROR: expected isValid() to return true for h3t://go.com:0/test1/test1?action=view
ERROR: expected isValid() to return true for h3t://go.com:0/test1/test1?action=edit&amp;mode=up
ERROR: expected isValid() to return true for h3t://go.com:0/test1/t123?action=view
ERROR: expected isValid() to return true for h3t://go.com:0/test1/t123?action=edit&amp;mode=up
ERROR: expected isValid() to return true for h3t://go.com:0/test1/$23?action=view
ERROR: expected isValid() to return true for h3t://go.com:0/test1/$23?action=edit&amp;mode=up
ERROR: expected isValid() to return true for h3t://go.com:0/test1/test1?action=view
ERROR: expected isValid() to return true for h3t://go.com:0/test1/test1?action=edit&amp;mode=up
ERROR: expected isValid() to return true for h3t://go.com:0/test1/test1/file?action=view
ERROR: expected isValid() to return true for h3t://go.com:0/test1/test1/file?action=edit&amp;mode=up
ERROR: expected isValid() to return true for h3t://go.com:0/test1/t123/file?action=view
ERROR: expected isValid() to return true for h3t://go.com:0/test1/t123/file?action=edit&amp;mode=up
ERROR: expected isValid() to return true for h3t://go.com:0/test1/$23/file?action=view
ERROR: expected isValid() to return true for h3t://go.com:0/test1/$23/file?action=edit&amp;mode=up
ERROR: expected isValid() to return true for h3t://go.com:0/t123/test1?action=view
ERROR: expected isValid() to return true for h3t://go.com:0/t123/test1?action=edit&amp;mode=up
ERROR: expected isValid() to return true for h3t://go.com:0/t123/t123?action=view
ERROR: expected isValid() to return true for h3t://go.com:0/t123/t123?action=edit&amp;mode=up
ERROR: expected isValid() to return true for h3t://go.com:0/t123/$23?action=view
ERROR: expected isValid() to return true for h3t://go.com:0/t123/$23?action=edit&amp;mode=up
ERROR: expected isValid() to return true for h3t://go.com:0/t123/test1?action=view
ERROR: expected isValid() to return true for h3t://go.com:0/t123/test1?action=edit&amp;mode=up
ERROR: expected isValid() to return true for h3t://go.com:0/t123/test1/file?action=view
ERROR: expected isValid() to return true for h3t://go.com:0/t123/test1/file?action=edit&amp;mode=up
ERROR: expected isValid() to return true for h3t://go.com:0/t123/t123/file?action=view
ERROR: expected isValid() to return true for h3t://go.com:0/t123/t123/file?action=edit&amp;mode=up
ERROR: expected isValid() to return true for h3t://go.com:0/t123/$23/file?action=view
ERROR: expected isValid() to return true for h3t://go.com:0/t123/$23/file?action=edit&amp;mode=up
ERROR: expected isValid() to return true for h3t://go.com:0/$23/test1?action=view
ERROR: expected isValid() to return true for h3t://go.com:0/$23/test1?action=edit&amp;mode=up
ERROR: expected isValid() to return true for h3t://go.com:0/$23/t123?action=view
ERROR: expected isValid() to return true for h3t://go.com:0/$23/t123?action=edit&amp;mode=up
ERROR: expected isValid() to return true for h3t://go.com:0/$23/$23?action=view
ERROR: expected isValid() to return true for h3t://go.com:0/$23/$23?action=edit&amp;mode=up
ERROR: expected isValid() to return true for h3t://go.com:0/$23/test1?action=view
ERROR: expected isValid() to return true for h3t://go.com:0/$23/test1?action=edit&amp;mode=up
ERROR: expected isValid() to return true for h3t://go.com:0/$23/test1/file?action=view
ERROR: expected isValid() to return true for h3t://go.com:0/$23/test1/file?action=edit&amp;mode=up
ERROR: expected isValid() to return true for h3t://go.com:0/$23/t123/file?action=view
ERROR: expected isValid() to return true for h3t://go.com:0/$23/t123/file?action=edit&amp;mode=up
ERROR: expected isValid() to return true for h3t://go.com:0/$23/$23/file?action=view
ERROR: expected isValid() to return true for h3t://go.com:0/$23/$23/file?action=edit&amp;mode=up
ERROR: expected isValid() to return true for h3t://go.com:0/test1/test1?action=view
ERROR: expected isValid() to return true for h3t://go.com:0/test1/test1?action=edit&amp;mode=up
ERROR: expected isValid() to return true for h3t://go.com:0/test1/t123?action=view
ERROR: expected isValid() to return true for h3t://go.com:0/test1/t123?action=edit&amp;mode=up
ERROR: expected isValid() to return true for h3t://go.com:0/test1/$23?action=view
ERROR: expected isValid() to return true for h3t://go.com:0/test1/$23?action=edit&amp;mode=up
ERROR: expected isValid() to return true for h3t://go.com:0/test1/test1?action=view
ERROR: expected isValid() to return true for h3t://go.com:0/test1/test1?action=edit&amp;mode=up
ERROR: expected isValid() to return true for h3t://go.com:0/test1/test1/file?action=view
ERROR: expected isValid() to return true for h3t://go.com:0/test1/test1/file?action=edit&amp;mode=up
ERROR: expected isValid() to return true for h3t://go.com:0/test1/t123/file?action=view
ERROR: expected isValid() to return true for h3t://go.com:0/test1/t123/file?action=edit&amp;mode=up
ERROR: expected isValid() to return true for h3t://go.com:0/test1/$23/file?action=view
ERROR: expected isValid() to return true for h3t://go.com:0/test1/$23/file?action=edit&amp;mode=up
ERROR: expected isValid() to return true for h3t://go.com:0/test1/file/test1?action=view
ERROR: expected isValid() to return true for h3t://go.com:0/test1/file/test1?action=edit&amp;mode=up
ERROR: expected isValid() to return true for h3t://go.com:0/test1/file/t123?action=view
ERROR: expected isValid() to return true for h3t://go.com:0/test1/file/t123?action=edit&amp;mode=up
ERROR: expected isValid() to return true for h3t://go.com:0/test1/file/$23?action=view
ERROR: expected isValid() to return true for h3t://go.com:0/test1/file/$23?action=edit&amp;mode=up
ERROR: expected isValid() to return true for h3t://go.com:0/test1/file/test1?action=view
ERROR: expected isValid() to return true for h3t://go.com:0/test1/file/test1?action=edit&amp;mode=up
ERROR: expected isValid() to return true for h3t://go.com:0/test1/file/test1/file?action=view
ERROR: expected isValid() to return true for h3t://go.com:0/test1/file/test1/file?action=edit&amp;mode=up
ERROR: expected isValid() to return true for h3t://go.com:0/test1/file/t123/file?action=view
ERROR: expected isValid() to return true for h3t://go.com:0/test1/file/t123/file?action=edit&amp;mode=up
ERROR: expected isValid() to return true for h3t://go.com:0/test1/file/$23/file?action=view
ERROR: expected isValid() to return true for h3t://go.com:0/test1/file/$23/file?action=edit&amp;mode=up
ERROR: expected isValid() to return true for h3t://go.com/test1/test1?action=view
ERROR: expected isValid() to return true for h3t://go.com/test1/test1?action=edit&amp;mode=up
ERROR: expected isValid() to return true for h3t://go.com/test1/t123?action=view
ERROR: expected isValid() to return true for h3t://go.com/test1/t123?action=edit&amp;mode=up
ERROR: expected isValid() to return true for h3t://go.com/test1/$23?action=view
ERROR: expected isValid() to return true for h3t://go.com/test1/$23?action=edit&amp;mode=up
ERROR: expected isValid() to return true for h3t://go.com/test1/test1?action=view
ERROR: expected isValid() to return true for h3t://go.com/test1/test1?action=edit&amp;mode=up
ERROR: expected isValid() to return true for h3t://go.com/test1/test1/file?action=view
ERROR: expected isValid() to return true for h3t://go.com/test1/test1/file?action=edit&amp;mode=up
ERROR: expected isValid() to return true for h3t://go.com/test1/t123/file?action=view
ERROR: expected isValid() to return true for h3t://go.com/test1/t123/file?action=edit&amp;mode=up
ERROR: expected isValid() to return true for h3t://go.com/test1/$23/file?action=view
ERROR: expected isValid() to return true for h3t://go.com/test1/$23/file?action=edit&amp;mode=up
ERROR: expected isValid() to return true for h3t://go.com/t123/test1?action=view
ERROR: expected isValid() to return true for h3t://go.com/t123/test1?action=edit&amp;mode=up
ERROR: expected isValid() to return true for h3t://go.com/t123/t123?action=view
ERROR: expected isValid() to return true for h3t://go.com/t123/t123?action=edit&amp;mode=up
ERROR: expected isValid() to return true for h3t://go.com/t123/$23?action=view
ERROR: expected isValid() to return true for h3t://go.com/t123/$23?action=edit&amp;mode=up
ERROR: expected isValid() to return true for h3t://go.com/t123/test1?action=view
ERROR: expected isValid() to return true for h3t://go.com/t123/test1?action=edit&amp;mode=up
ERROR: expected isValid() to return true for h3t://go.com/t123/test1/file?action=view
ERROR: expected isValid() to return true for h3t://go.com/t123/test1/file?action=edit&amp;mode=up
ERROR: expected isValid() to return true for h3t://go.com/t123/t123/file?action=view
ERROR: expected isValid() to return true for h3t://go.com/t123/t123/file?action=edit&amp;mode=up
ERROR: expected isValid() to return true for h3t://go.com/t123/$23/file?action=view
ERROR: expected isValid() to return true for h3t://go.com/t123/$23/file?action=edit&amp;mode=up
ERROR: expected isValid() to return true for h3t://go.com/$23/test1?action=view
ERROR: expected isValid() to return true for h3t://go.com/$23/test1?action=edit&amp;mode=up
ERROR: expected isValid() to return true for h3t://go.com/$23/t123?action=view
ERROR: expected isValid() to return true for h3t://go.com/$23/t123?action=edit&amp;mode=up
ERROR: expected isValid() to return true for h3t://go.com/$23/$23?action=view
ERROR: expected isValid() to return true for h3t://go.com/$23/$23?action=edit&amp;mode=up
ERROR: expected isValid() to return true for h3t://go.com/$23/test1?action=view
ERROR: expected isValid() to return true for h3t://go.com/$23/test1?action=edit&amp;mode=up
ERROR: expected isValid() to return true for h3t://go.com/$23/test1/file?action=view
ERROR: expected isValid() to return true for h3t://go.com/$23/test1/file?action=edit&amp;mode=up
ERROR: expected isValid() to return true for h3t://go.com/$23/t123/file?action=view
ERROR: expected isValid() to return true for h3t://go.com/$23/t123/file?action=edit&amp;mode=up
ERROR: expected isValid() to return true for h3t://go.com/$23/$23/file?action=view
ERROR: expected isValid() to return true for h3t://go.com/$23/$23/file?action=edit&amp;mode=up
ERROR: expected isValid() to return true for h3t://go.com/test1/test1?action=view
ERROR: expected isValid() to return true for h3t://go.com/test1/test1?action=edit&amp;mode=up
ERROR: expected isValid() to return true for h3t://go.com/test1/t123?action=view
ERROR: expected isValid() to return true for h3t://go.com/test1/t123?action=edit&amp;mode=up
ERROR: expected isValid() to return true for h3t://go.com/test1/$23?action=view
ERROR: expected isValid() to return true for h3t://go.com/test1/$23?action=edit&amp;mode=up
ERROR: expected isValid() to return true for h3t://go.com/test1/test1?action=view
ERROR: expected isValid() to return true for h3t://go.com/test1/test1?action=edit&amp;mode=up
ERROR: expected isValid() to return true for h3t://go.com/test1/test1/file?action=view
ERROR: expected isValid() to return true for h3t://go.com/test1/test1/file?action=edit&amp;mode=up
ERROR: expected isValid() to return true for h3t://go.com/test1/t123/file?action=view
ERROR: expected isValid() to return true for h3t://go.com/test1/t123/file?action=edit&amp;mode=up
ERROR: expected isValid() to return true for h3t://go.com/test1/$23/file?action=view
ERROR: expected isValid() to return true for h3t://go.com/test1/$23/file?action=edit&amp;mode=up
ERROR: expected isValid() to return true for h3t://go.com/test1/file/test1?action=view
ERROR: expected isValid() to return true for h3t://go.com/test1/file/test1?action=edit&amp;mode=up
ERROR: expected isValid() to return true for h3t://go.com/test1/file/t123?action=view
ERROR: expected isValid() to return true for h3t://go.com/test1/file/t123?action=edit&amp;mode=up
ERROR: expected isValid() to return true for h3t://go.com/test1/file/$23?action=view
ERROR: expected isValid() to return true for h3t://go.com/test1/file/$23?action=edit&amp;mode=up
ERROR: expected isValid() to return true for h3t://go.com/test1/file/test1?action=view
ERROR: expected isValid() to return true for h3t://go.com/test1/file/test1?action=edit&amp;mode=up
ERROR: expected isValid() to return true for h3t://go.com/test1/file/test1/file?action=view
ERROR: expected isValid() to return true for h3t://go.com/test1/file/test1/file?action=edit&amp;mode=up
ERROR: expected isValid() to return true for h3t://go.com/test1/file/t123/file?action=view
ERROR: expected isValid() to return true for h3t://go.com/test1/file/t123/file?action=edit&amp;mode=up
ERROR: expected isValid() to return true for h3t://go.com/test1/file/$23/file?action=view
ERROR: expected isValid() to return true for h3t://go.com/test1/file/$23/file?action=edit&amp;mode=up
ERROR: expected isValid() to return true for h3t://go.com:65636/test1/test1?action=view
ERROR: expected isValid() to return true for h3t://go.com:65636/test1/test1?action=edit&amp;mode=up
ERROR: expected isValid() to return true for h3t://go.com:65636/test1/test1
ERROR: expected isValid() to return true for h3t://go.com:65636/test1/t123?action=view
ERROR: expected isValid() to return true for h3t://go.com:65636/test1/t123?action=edit&amp;mode=up
ERROR: expected isValid() to return true for h3t://go.com:65636/test1/t123
ERROR: expected isValid() to return true for h3t://go.com:65636/test1/$23?action=view
ERROR: expected isValid() to return true for h3t://go.com:65636/test1/$23?action=edit&amp;mode=up
ERROR: expected isValid() to return true for h3t://go.com:65636/test1/$23
ERROR: expected isValid() to return true for h3t://go.com:65636/test1/test1?action=view
ERROR: expected isValid() to return true for h3t://go.com:65636/test1/test1?action=edit&amp;mode=up
ERROR: expected isValid() to return true for h3t://go.com:65636/test1/test1
ERROR: expected isValid() to return true for h3t://go.com:65636/test1/test1/file?action=view
ERROR: expected isValid() to return true for h3t://go.com:65636/test1/test1/file?action=edit&amp;mode=up
ERROR: expected isValid() to return true for h3t://go.com:65636/test1/test1/file
ERROR: expected isValid() to return true for h3t://go.com:65636/test1/t123/file?action=view
ERROR: expected isValid() to return true for h3t://go.com:65636/test1/t123/file?action=edit&amp;mode=up
ERROR: expected isValid() to return true for h3t://go.com:65636/test1/t123/file
ERROR: expected isValid() to return true for h3t://go.com:65636/test1/$23/file?action=view
ERROR: expected isValid() to return true for h3t://go.com:65636/test1/$23/file?action=edit&amp;mode=up
ERROR: expected isValid() to return true for h3t://go.com:65636/test1/$23/file
ERROR: expected isValid() to return true for h3t://go.com:65636/t123/test1?action=view
ERROR: expected isValid() to return true for h3t://go.com:65636/t123/test1?action=edit&amp;mode=up
ERROR: expected isValid() to return true for h3t://go.com:65636/t123/test1
ERROR: expected isValid() to return true for h3t://go.com:65636/t123/t123?action=view
ERROR: expected isValid() to return true for h3t://go.com:65636/t123/t123?action=edit&amp;mode=up
ERROR: expected isValid() to return true for h3t://go.com:65636/t123/t123
ERROR: expected isValid() to return true for h3t://go.com:65636/t123/$23?action=view
ERROR: expected isValid() to return true for h3t://go.com:65636/t123/$23?action=edit&amp;mode=up
ERROR: expected isValid() to return true for h3t://go.com:65636/t123/$23
ERROR: expected isValid() to return true for h3t://go.com:65636/t123/test1?action=view
ERROR: expected isValid() to return true for h3t://go.com:65636/t123/test1?action=edit&amp;mode=up
ERROR: expected isValid() to return true for h3t://go.com:65636/t123/test1
ERROR: expected isValid() to return true for h3t://go.com:65636/t123/test1/file?action=view
ERROR: expected isValid() to return true for h3t://go.com:65636/t123/test1/file?action=edit&amp;mode=up
ERROR: expected isValid() to return true for h3t://go.com:65636/t123/test1/file
ERROR: expected isValid() to return true for h3t://go.com:65636/t123/t123/file?action=view
ERROR: expected isValid() to return true for h3t://go.com:65636/t123/t123/file?action=edit&amp;mode=up
ERROR: expected isValid() to return true for h3t://go.com:65636/t123/t123/file
ERROR: expected isValid() to return true for h3t://go.com:65636/t123/$23/file?action=view
ERROR: expected isValid() to return true for h3t://go.com:65636/t123/$23/file?action=edit&amp;mode=up
ERROR: expected isValid() to return true for h3t://go.com:65636/t123/$23/file
ERROR: expected isValid() to return true for h3t://go.com:65636/$23/test1?action=view
ERROR: expected isValid() to return true for h3t://go.com:65636/$23/test1?action=edit&amp;mode=up
ERROR: expected isValid() to return true for h3t://go.com:65636/$23/test1
ERROR: expected isValid() to return true for h3t://go.com:65636/$23/t123?action=view
ERROR: expected isValid() to return true for h3t://go.com:65636/$23/t123?action=edit&amp;mode=up
ERROR: expected isValid() to return true for h3t://go.com:65636/$23/t123
ERROR: expected isValid() to return true for h3t://go.com:65636/$23/$23?action=view
ERROR: expected isValid() to return true for h3t://go.com:65636/$23/$23?action=edit&amp;mode=up
ERROR: expected isValid() to return true for h3t://go.com:65636/$23/$23
ERROR: expected isValid() to return true for h3t://go.com:65636/$23/test1?action=view
ERROR: expected isValid() to return true for h3t://go.com:65636/$23/test1?action=edit&amp;mode=up
ERROR: expected isValid() to return true for h3t://go.com:65636/$23/test1
ERROR: expected isValid() to return true for h3t://go.com:65636/$23/test1/file?action=view
ERROR: expected isValid() to return true for h3t://go.com:65636/$23/test1/file?action=edit&amp;mode=up
ERROR: expected isValid() to return true for h3t://go.com:65636/$23/test1/file
ERROR: expected isValid() to return true for h3t://go.com:65636/$23/t123/file?action=view
ERROR: expected isValid() to return true for h3t://go.com:65636/$23/t123/file?action=edit&amp;mode=up
ERROR: expected isValid() to return true for h3t://go.com:65636/$23/t123/file
ERROR: expected isValid() to return true for h3t://go.com:65636/$23/$23/file?action=view
ERROR: expected isValid() to return true for h3t://go.com:65636/$23/$23/file?action=edit&amp;mode=up
ERROR: expected isValid() to return true for h3t://go.com:65636/$23/$23/file
ERROR: expected isValid() to return true for h3t://go.com:65636/test1/test1?action=view
ERROR: expected isValid() to return true for h3t://go.com:65636/test1/test1?action=edit&amp;mode=up
ERROR: expected isValid() to return true for h3t://go.com:65636/test1/test1
ERROR: expected isValid() to return true for h3t://go.com:65636/test1/t123?action=view
ERROR: expected isValid() to return true for h3t://go.com:65636/test1/t123?action=edit&amp;mode=up
ERROR: expected isValid() to return true for h3t://go.com:65636/test1/t123
ERROR: expected isValid() to return true for h3t://go.com:65636/test1/$23?action=view
ERROR: expected isValid() to return true for h3t://go.com:65636/test1/$23?action=edit&amp;mode=up
ERROR: expected isValid() to return true for h3t://go.com:65636/test1/$23
ERROR: expected isValid() to return true for h3t://go.com:65636/test1/test1?action=view
ERROR: expected isValid() to return true for h3t://go.com:65636/test1/test1?action=edit&amp;mode=up
ERROR: expected isValid() to return true for h3t://go.com:65636/test1/test1
ERROR: expected isValid() to return true for h3t://go.com:65636/test1/test1/file?action=view
ERROR: expected isValid() to return true for h3t://go.com:65636/test1/test1/file?action=edit&amp;mode=up
ERROR: expected isValid() to return true for h3t://go.com:65636/test1/test1/file
ERROR: expected isValid() to return true for h3t://go.com:65636/test1/t123/file?action=view
ERROR: expected isValid() to return true for h3t://go.com:65636/test1/t123/file?action=edit&amp;mode=up
ERROR: expected isValid() to return true for h3t://go.com:65636/test1/t123/file
ERROR: expected isValid() to return true for h3t://go.com:65636/test1/$23/file?action=view
ERROR: expected isValid() to return true for h3t://go.com:65636/test1/$23/file?action=edit&amp;mode=up
ERROR: expected isValid() to return true for h3t://go.com:65636/test1/$23/file
ERROR: expected isValid() to return true for h3t://go.com:65636/test1/file/test1?action=view
ERROR: expected isValid() to return true for h3t://go.com:65636/test1/file/test1?action=edit&amp;mode=up
ERROR: expected isValid() to return true for h3t://go.com:65636/test1/file/test1
ERROR: expected isValid() to return true for h3t://go.com:65636/test1/file/t123?action=view
ERROR: expected isValid() to return true for h3t://go.com:65636/test1/file/t123?action=edit&amp;mode=up
ERROR: expected isValid() to return true for h3t://go.com:65636/test1/file/t123
ERROR: expected isValid() to return true for h3t://go.com:65636/test1/file/$23?action=view
ERROR: expected isValid() to return true for h3t://go.com:65636/test1/file/$23?action=edit&amp;mode=up
ERROR: expected isValid() to return true for h3t://go.com:65636/test1/file/$23
ERROR: expected isValid() to return true for h3t://go.com:65636/test1/file/test1?action=view
ERROR: expected isValid() to return true for h3t://go.com:65636/test1/file/test1?action=edit&amp;mode=up
ERROR: expected isValid() to return true for h3t://go.com:65636/test1/file/test1
ERROR: expected isValid() to return true for h3t://go.com:65636/test1/file/test1/file?action=view
ERROR: expected isValid() to return true for h3t://go.com:65636/test1/file/test1/file?action=edit&amp;mode=up
ERROR: expected isValid() to return true for h3t://go.com:65636/test1/file/test1/file
ERROR: expected isValid() to return true for h3t://go.com:65636/test1/file/t123/file?action=view
ERROR: expected isValid() to return true for h3t://go.com:65636/test1/file/t123/file?action=edit&amp;mode=up
ERROR: expected isValid() to return true for h3t://go.com:65636/test1/file/t123/file
ERROR: expected isValid() to return true for h3t://go.com:65636/test1/file/$23/file?action=view
ERROR: expected isValid() to return true for h3t://go.com:65636/test1/file/$23/file?action=edit&amp;mode=up
ERROR: expected isValid() to return true for h3t://go.com:65636/test1/file/$23/file
ERROR: expected isValid() to return true for h3t://go.au:80/test1/test1?action=view
ERROR: expected isValid() to return true for h3t://go.au:80/test1/test1?action=edit&amp;mode=up
ERROR: expected isValid() to return true for h3t://go.au:80/test1/t123?action=view
ERROR: expected isValid() to return true for h3t://go.au:80/test1/t123?action=edit&amp;mode=up
ERROR: expected isValid() to return true for h3t://go.au:80/test1/$23?action=view
ERROR: expected isValid() to return true for h3t://go.au:80/test1/$23?action=edit&amp;mode=up
ERROR: expected isValid() to return true for h3t://go.au:80/test1/test1?action=view
ERROR: expected isValid() to return true for h3t://go.au:80/test1/test1?action=edit&amp;mode=up
ERROR: expected isValid() to return true for h3t://go.au:80/test1/test1/file?action=view
ERROR: expected isValid() to return true for h3t://go.au:80/test1/test1/file?action=edit&amp;mode=up
ERROR: expected isValid() to return true for h3t://go.au:80/test1/t123/file?action=view
ERROR: expected isValid() to return true for h3t://go.au:80/test1/t123/file?action=edit&amp;mode=up
ERROR: expected isValid() to return true for h3t://go.au:80/test1/$23/file?action=view
ERROR: expected isValid() to return true for h3t://go.au:80/test1/$23/file?action=edit&amp;mode=up
ERROR: expected isValid() to return true for h3t://go.au:80/t123/test1?action=view
ERROR: expected isValid() to return true for h3t://go.au:80/t123/test1?action=edit&amp;mode=up
ERROR: expected isValid() to return true for h3t://go.au:80/t123/t123?action=view
ERROR: expected isValid() to return true for h3t://go.au:80/t123/t123?action=edit&amp;mode=up
ERROR: expected isValid() to return true for h3t://go.au:80/t123/$23?action=view
ERROR: expected isValid() to return true for h3t://go.au:80/t123/$23?action=edit&amp;mode=up
ERROR: expected isValid() to return true for h3t://go.au:80/t123/test1?action=view
ERROR: expected isValid() to return true for h3t://go.au:80/t123/test1?action=edit&amp;mode=up
ERROR: expected isValid() to return true for h3t://go.au:80/t123/test1/file?action=view
ERROR: expected isValid() to return true for h3t://go.au:80/t123/test1/file?action=edit&amp;mode=up
ERROR: expected isValid() to return true for h3t://go.au:80/t123/t123/file?action=view
ERROR: expected isValid() to return true for h3t://go.au:80/t123/t123/file?action=edit&amp;mode=up
ERROR: expected isValid() to return true for h3t://go.au:80/t123/$23/file?action=view
ERROR: expected isValid() to return true for h3t://go.au:80/t123/$23/file?action=edit&amp;mode=up
ERROR: expected isValid() to return true for h3t://go.au:80/$23/test1?action=view
ERROR: expected isValid() to return true for h3t://go.au:80/$23/test1?action=edit&amp;mode=up
ERROR: expected isValid() to return true for h3t://go.au:80/$23/t123?action=view
ERROR: expected isValid() to return true for h3t://go.au:80/$23/t123?action=edit&amp;mode=up
ERROR: expected isValid() to return true for h3t://go.au:80/$23/$23?action=view
ERROR: expected isValid() to return true for h3t://go.au:80/$23/$23?action=edit&amp;mode=up
ERROR: expected isValid() to return true for h3t://go.au:80/$23/test1?action=view
ERROR: expected isValid() to return true for h3t://go.au:80/$23/test1?action=edit&amp;mode=up
ERROR: expected isValid() to return true for h3t://go.au:80/$23/test1/file?action=view
ERROR: expected isValid() to return true for h3t://go.au:80/$23/test1/file?action=edit&amp;mode=up
ERROR: expected isValid() to return true for h3t://go.au:80/$23/t123/file?action=view
ERROR: expected isValid() to return true for h3t://go.au:80/$23/t123/file?action=edit&amp;mode=up
ERROR: expected isValid() to return true for h3t://go.au:80/$23/$23/file?action=view
ERROR: expected isValid() to return true for h3t://go.au:80/$23/$23/file?action=edit&amp;mode=up
ERROR: expected isValid() to return true for h3t://go.au:80/test1/test1?action=view
ERROR: expected isValid() to return true for h3t://go.au:80/test1/test1?action=edit&amp;mode=up
ERROR: expected isValid() to return true for h3t://go.au:80/test1/t123?action=view
ERROR: expected isValid() to return true for h3t://go.au:80/test1/t123?action=edit&amp;mode=up
ERROR: expected isValid() to return true for h3t://go.au:80/test1/$23?action=view
ERROR: expected isValid() to return true for h3t://go.au:80/test1/$23?action=edit&amp;mode=up
ERROR: expected isValid() to return true for h3t://go.au:80/test1/test1?action=view
ERROR: expected isValid() to return true for h3t://go.au:80/test1/test1?action=edit&amp;mode=up
ERROR: expected isValid() to return true for h3t://go.au:80/test1/test1/file?action=view
ERROR: expected isValid() to return true for h3t://go.au:80/test1/test1/file?action=edit&amp;mode=up
ERROR: expected isValid() to return true for h3t://go.au:80/test1/t123/file?action=view
ERROR: expected isValid() to return true for h3t://go.au:80/test1/t123/file?action=edit&amp;mode=up
ERROR: expected isValid() to return true for h3t://go.au:80/test1/$23/file?action=view
ERROR: expected isValid() to return true for h3t://go.au:80/test1/$23/file?action=edit&amp;mode=up
ERROR: expected isValid() to return true for h3t://go.au:80/test1/file/test1?action=view
ERROR: expected isValid() to return true for h3t://go.au:80/test1/file/test1?action=edit&amp;mode=up
ERROR: expected isValid() to return true for h3t://go.au:80/test1/file/t123?action=view
ERROR: expected isValid() to return true for h3t://go.au:80/test1/file/t123?action=edit&amp;mode=up
ERROR: expected isValid() to return true for h3t://go.au:80/test1/file/$23?action=view
ERROR: expected isValid() to return true for h3t://go.au:80/test1/file/$23?action=edit&amp;mode=up
ERROR: expected isValid() to return true for h3t://go.au:80/test1/file/test1?action=view
ERROR: expected isValid() to return true for h3t://go.au:80/test1/file/test1?action=edit&amp;mode=up
ERROR: expected isValid() to return true for h3t://go.au:80/test1/file/test1/file?action=view
ERROR: expected isValid() to return true for h3t://go.au:80/test1/file/test1/file?action=edit&amp;mode=up
ERROR: expected isValid() to return true for h3t://go.au:80/test1/file/t123/file?action=view
ERROR: expected isValid() to return true for h3t://go.au:80/test1/file/t123/file?action=edit&amp;mode=up
ERROR: expected isValid() to return true for h3t://go.au:80/test1/file/$23/file?action=view
ERROR: expected isValid() to return true for h3t://go.au:80/test1/file/$23/file?action=edit&amp;mode=up
ERROR: expected isValid() to return true for h3t://go.au:65535/test1/test1?action=view
ERROR: expected isValid() to return true for h3t://go.au:65535/test1/test1?action=edit&amp;mode=up
ERROR: expected isValid() to return true for h3t://go.au:65535/test1/test1
ERROR: expected isValid() to return true for h3t://go.au:65535/test1/t123?action=view
ERROR: expected isValid() to return true for h3t://go.au:65535/test1/t123?action=edit&amp;mode=up
ERROR: expected isValid() to return true for h3t://go.au:65535/test1/t123
ERROR: expected isValid() to return true for h3t://go.au:65535/test1/$23?action=view
ERROR: expected isValid() to return true for h3t://go.au:65535/test1/$23?action=edit&amp;mode=up
ERROR: expected isValid() to return true for h3t://go.au:65535/test1/$23
ERROR: expected isValid() to return true for h3t://go.au:65535/test1/test1?action=view
ERROR: expected isValid() to return true for h3t://go.au:65535/test1/test1?action=edit&amp;mode=up
ERROR: expected isValid() to return true for h3t://go.au:65535/test1/test1
ERROR: expected isValid() to return true for h3t://go.au:65535/test1/test1/file?action=view
ERROR: expected isValid() to return true for h3t://go.au:65535/test1/test1/file?action=edit&amp;mode=up
ERROR: expected isValid() to return true for h3t://go.au:65535/test1/test1/file
ERROR: expected isValid() to return true for h3t://go.au:65535/test1/t123/file?action=view
ERROR: expected isValid() to return true for h3t://go.au:65535/test1/t123/file?action=edit&amp;mode=up
ERROR: expected isValid() to return true for h3t://go.au:65535/test1/t123/file
ERROR: expected isValid() to return true for h3t://go.au:65535/test1/$23/file?action=view
ERROR: expected isValid() to return true for h3t://go.au:65535/test1/$23/file?action=edit&amp;mode=up
ERROR: expected isValid() to return true for h3t://go.au:65535/test1/$23/file
ERROR: expected isValid() to return true for h3t://go.au:65535/t123/test1?action=view
ERROR: expected isValid() to return true for h3t://go.au:65535/t123/test1?action=edit&amp;mode=up
ERROR: expected isValid() to return true for h3t://go.au:65535/t123/test1
ERROR: expected isValid() to return true for h3t://go.au:65535/t123/t123?action=view
ERROR: expected isValid() to return true for h3t://go.au:65535/t123/t123?action=edit&amp;mode=up
ERROR: expected isValid() to return true for h3t://go.au:65535/t123/t123
ERROR: expected isValid() to return true for h3t://go.au:65535/t123/$23?action=view
ERROR: expected isValid() to return true for h3t://go.au:65535/t123/$23?action=edit&amp;mode=up
ERROR: expected isValid() to return true for h3t://go.au:65535/t123/$23
ERROR: expected isValid() to return true for h3t://go.au:65535/t123/test1?action=view
ERROR: expected isValid() to return true for h3t://go.au:65535/t123/test1?action=edit&amp;mode=up
ERROR: expected isValid() to return true for h3t://go.au:65535/t123/test1
ERROR: expected isValid() to return true for h3t://go.au:65535/t123/test1/file?action=view
ERROR: expected isValid() to return true for h3t://go.au:65535/t123/test1/file?action=edit&amp;mode=up
ERROR: expected isValid() to return true for h3t://go.au:65535/t123/test1/file
ERROR: expected isValid() to return true for h3t://go.au:65535/t123/t123/file?action=view
ERROR: expected isValid() to return true for h3t://go.au:65535/t123/t123/file?action=edit&amp;mode=up
ERROR: expected isValid() to return true for h3t://go.au:65535/t123/t123/file
ERROR: expected isValid() to return true for h3t://go.au:65535/t123/$23/file?action=view
ERROR: expected isValid() to return true for h3t://go.au:65535/t123/$23/file?action=edit&amp;mode=up
ERROR: expected isValid() to return true for h3t://go.au:65535/t123/$23/file
ERROR: expected isValid() to return true for h3t://go.au:65535/$23/test1?action=view
ERROR: expected isValid() to return true for h3t://go.au:65535/$23/test1?action=edit&amp;mode=up
ERROR: expected isValid() to return true for h3t://go.au:65535/$23/test1
ERROR: expected isValid() to return true for h3t://go.au:65535/$23/t123?action=view
ERROR: expected isValid() to return true for h3t://go.au:65535/$23/t123?action=edit&amp;mode=up
ERROR: expected isValid() to return true for h3t://go.au:65535/$23/t123
ERROR: expected isValid() to return true for h3t://go.au:65535/$23/$23?action=view
ERROR: expected isValid() to return true for h3t://go.au:65535/$23/$23?action=edit&amp;mode=up
ERROR: expected isValid() to return true for h3t://go.au:65535/$23/$23
ERROR: expected isValid() to return true for h3t://go.au:65535/$23/test1?action=view
ERROR: expected isValid() to return true for h3t://go.au:65535/$23/test1?action=edit&amp;mode=up
ERROR: expected isValid() to return true for h3t://go.au:65535/$23/test1
ERROR: expected isValid() to return true for h3t://go.au:65535/$23/test1/file?action=view
ERROR: expected isValid() to return true for h3t://go.au:65535/$23/test1/file?action=edit&amp;mode=up
ERROR: expected isValid() to return true for h3t://go.au:65535/$23/test1/file
ERROR: expected isValid() to return true for h3t://go.au:65535/$23/t123/file?action=view
ERROR: expected isValid() to return true for h3t://go.au:65535/$23/t123/file?action=edit&amp;mode=up
ERROR: expected isValid() to return true for h3t://go.au:65535/$23/t123/file
ERROR: expected isValid() to return true for h3t://go.au:65535/$23/$23/file?action=view
ERROR: expected isValid() to return true for h3t://go.au:65535/$23/$23/file?action=edit&amp;mode=up
ERROR: expected isValid() to return true for h3t://go.au:65535/$23/$23/file
ERROR: expected isValid() to return true for h3t://go.au:65535/test1/test1?action=view
ERROR: expected isValid() to return true for h3t://go.au:65535/test1/test1?action=edit&amp;mode=up
ERROR: expected isValid() to return true for h3t://go.au:65535/test1/test1
ERROR: expected isValid() to return true for h3t://go.au:65535/test1/t123?action=view
ERROR: expected isValid() to return true for h3t://go.au:65535/test1/t123?action=edit&amp;mode=up
ERROR: expected isValid() to return true for h3t://go.au:65535/test1/t123
ERROR: expected isValid() to return true for h3t://go.au:65535/test1/$23?action=view
ERROR: expected isValid() to return true for h3t://go.au:65535/test1/$23?action=edit&amp;mode=up
ERROR: expected isValid() to return true for h3t://go.au:65535/test1/$23
ERROR: expected isValid() to return true for h3t://go.au:65535/test1/test1?action=view
ERROR: expected isValid() to return true for h3t://go.au:65535/test1/test1?action=edit&amp;mode=up
ERROR: expected isValid() to return true for h3t://go.au:65535/test1/test1
ERROR: expected isValid() to return true for h3t://go.au:65535/test1/test1/file?action=view
ERROR: expected isValid() to return true for h3t://go.au:65535/test1/test1/file?action=edit&amp;mode=up
ERROR: expected isValid() to return true for h3t://go.au:65535/test1/test1/file
ERROR: expected isValid() to return true for h3t://go.au:65535/test1/t123/file?action=view
ERROR: expected isValid() to return true for h3t://go.au:65535/test1/t123/file?action=edit&amp;mode=up
ERROR: expected isValid() to return true for h3t://go.au:65535/test1/t123/file
ERROR: expected isValid() to return true for h3t://go.au:65535/test1/$23/file?action=view
ERROR: expected isValid() to return true for h3t://go.au:65535/test1/$23/file?action=edit&amp;mode=up
ERROR: expected isValid() to return true for h3t://go.au:65535/test1/$23/file
ERROR: expected isValid() to return true for h3t://go.au:65535/test1/file/test1?action=view
ERROR: expected isValid() to return true for h3t://go.au:65535/test1/file/test1?action=edit&amp;mode=up
ERROR: expected isValid() to return true for h3t://go.au:65535/test1/file/test1
ERROR: expected isValid() to return true for h3t://go.au:65535/test1/file/t123?action=view
ERROR: expected isValid() to return true for h3t://go.au:65535/test1/file/t123?action=edit&amp;mode=up
ERROR: expected isValid() to return true for h3t://go.au:65535/test1/file/t123
ERROR: expected isValid() to return true for h3t://go.au:65535/test1/file/$23?action=view
ERROR: expected isValid() to return true for h3t://go.au:65535/test1/file/$23?action=edit&amp;mode=up
ERROR: expected isValid() to return true for h3t://go.au:65535/test1/file/$23
ERROR: expected isValid() to return true for h3t://go.au:65535/test1/file/test1?action=view
ERROR: expected isValid() to return true for h3t://go.au:65535/test1/file/test1?action=edit&amp;mode=up
ERROR: expected isValid() to return true for h3t://go.au:65535/test1/file/test1
ERROR: expected isValid() to return true for h3t://go.au:65535/test1/file/test1/file?action=view
ERROR: expected isValid() to return true for h3t://go.au:65535/test1/file/test1/file?action=edit&amp;mode=up
ERROR: expected isValid() to return true for h3t://go.au:65535/test1/file/test1/file
ERROR: expected isValid() to return true for h3t://go.au:65535/test1/file/t123/file?action=view
ERROR: expected isValid() to return true for h3t://go.au:65535/test1/file/t123/file?action=edit&amp;mode=up
ERROR: expected isValid() to return true for h3t://go.au:65535/test1/file/t123/file
ERROR: expected isValid() to return true for h3t://go.au:65535/test1/file/$23/file?action=view
ERROR: expected isValid() to return true for h3t://go.au:65535/test1/file/$23/file?action=edit&amp;mode=up
ERROR: expected isValid() to return true for h3t://go.au:65535/test1/file/$23/file
ERROR: expected isValid() to return true for h3t://go.au:0/test1/test1?action=view
ERROR: expected isValid() to return true for h3t://go.au:0/test1/test1?action=edit&amp;mode=up
ERROR: expected isValid() to return true for h3t://go.au:0/test1/t123?action=view
ERROR: expected isValid() to return true for h3t://go.au:0/test1/t123?action=edit&amp;mode=up
ERROR: expected isValid() to return true for h3t://go.au:0/test1/$23?action=view
ERROR: expected isValid() to return true for h3t://go.au:0/test1/$23?action=edit&amp;mode=up
ERROR: expected isValid() to return true for h3t://go.au:0/test1/test1?action=view
ERROR: expected isValid() to return true for h3t://go.au:0/test1/test1?action=edit&amp;mode=up
ERROR: expected isValid() to return true for h3t://go.au:0/test1/test1/file?action=view
ERROR: expected isValid() to return true for h3t://go.au:0/test1/test1/file?action=edit&amp;mode=up
ERROR: expected isValid() to return true for h3t://go.au:0/test1/t123/file?action=view
ERROR: expected isValid() to return true for h3t://go.au:0/test1/t123/file?action=edit&amp;mode=up
ERROR: expected isValid() to return true for h3t://go.au:0/test1/$23/file?action=view
ERROR: expected isValid() to return true for h3t://go.au:0/test1/$23/file?action=edit&amp;mode=up
ERROR: expected isValid() to return true for h3t://go.au:0/t123/test1?action=view
ERROR: expected isValid() to return true for h3t://go.au:0/t123/test1?action=edit&amp;mode=up
ERROR: expected isValid() to return true for h3t://go.au:0/t123/t123?action=view
ERROR: expected isValid() to return true for h3t://go.au:0/t123/t123?action=edit&amp;mode=up
ERROR: expected isValid() to return true for h3t://go.au:0/t123/$23?action=view
ERROR: expected isValid() to return true for h3t://go.au:0/t123/$23?action=edit&amp;mode=up
ERROR: expected isValid() to return true for h3t://go.au:0/t123/test1?action=view
ERROR: expected isValid() to return true for h3t://go.au:0/t123/test1?action=edit&amp;mode=up
ERROR: expected isValid() to return true for h3t://go.au:0/t123/test1/file?action=view
ERROR: expected isValid() to return true for h3t://go.au:0/t123/test1/file?action=edit&amp;mode=up
ERROR: expected isValid() to return true for h3t://go.au:0/t123/t123/file?action=view
ERROR: expected isValid() to return true for h3t://go.au:0/t123/t123/file?action=edit&amp;mode=up
ERROR: expected isValid() to return true for h3t://go.au:0/t123/$23/file?action=view
ERROR: expected isValid() to return true for h3t://go.au:0/t123/$23/file?action=edit&amp;mode=up
ERROR: expected isValid() to return true for h3t://go.au:0/$23/test1?action=view
ERROR: expected isValid() to return true for h3t://go.au:0/$23/test1?action=edit&amp;mode=up
ERROR: expected isValid() to return true for h3t://go.au:0/$23/t123?action=view
ERROR: expected isValid() to return true for h3t://go.au:0/$23/t123?action=edit&amp;mode=up
ERROR: expected isValid() to return true for h3t://go.au:0/$23/$23?action=view
ERROR: expected isValid() to return true for h3t://go.au:0/$23/$23?action=edit&amp;mode=up
ERROR: expected isValid() to return true for h3t://go.au:0/$23/test1?action=view
ERROR: expected isValid() to return true for h3t://go.au:0/$23/test1?action=edit&amp;mode=up
ERROR: expected isValid() to return true for h3t://go.au:0/$23/test1/file?action=view
ERROR: expected isValid() to return true for h3t://go.au:0/$23/test1/file?action=edit&amp;mode=up
ERROR: expected isValid() to return true for h3t://go.au:0/$23/t123/file?action=view
ERROR: expected isValid() to return true for h3t://go.au:0/$23/t123/file?action=edit&amp;mode=up
ERROR: expected isValid() to return true for h3t://go.au:0/$23/$23/file?action=view
ERROR: expected isValid() to return true for h3t://go.au:0/$23/$23/file?action=edit&amp;mode=up
ERROR: expected isValid() to return true for h3t://go.au:0/test1/test1?action=view
ERROR: expected isValid() to return true for h3t://go.au:0/test1/test1?action=edit&amp;mode=up
ERROR: expected isValid() to return true for h3t://go.au:0/test1/t123?action=view
ERROR: expected isValid() to return true for h3t://go.au:0/test1/t123?action=edit&amp;mode=up
ERROR: expected isValid() to return true for h3t://go.au:0/test1/$23?action=view
ERROR: expected isValid() to return true for h3t://go.au:0/test1/$23?action=edit&amp;mode=up
ERROR: expected isValid() to return true for h3t://go.au:0/test1/test1?action=view
ERROR: expected isValid() to return true for h3t://go.au:0/test1/test1?action=edit&amp;mode=up
ERROR: expected isValid() to return true for h3t://go.au:0/test1/test1/file?action=view
ERROR: expected isValid() to return true for h3t://go.au:0/test1/test1/file?action=edit&amp;mode=up
ERROR: expected isValid() to return true for h3t://go.au:0/test1/t123/file?action=view
ERROR: expected isValid() to return true for h3t://go.au:0/test1/t123/file?action=edit&amp;mode=up
ERROR: expected isValid() to return true for h3t://go.au:0/test1/$23/file?action=view
ERROR: expected isValid() to return true for h3t://go.au:0/test1/$23/file?action=edit&amp;mode=up
ERROR: expected isValid() to return true for h3t://go.au:0/test1/file/test1?action=view
ERROR: expected isValid() to return true for h3t://go.au:0/test1/file/test1?action=edit&amp;mode=up
ERROR: expected isValid() to return true for h3t://go.au:0/test1/file/t123?action=view
ERROR: expected isValid() to return true for h3t://go.au:0/test1/file/t123?action=edit&amp;mode=up
ERROR: expected isValid() to return true for h3t://go.au:0/test1/file/$23?action=view
ERROR: expected isValid() to return true for h3t://go.au:0/test1/file/$23?action=edit&amp;mode=up
ERROR: expected isValid() to return true for h3t://go.au:0/test1/file/test1?action=view
ERROR: expected isValid() to return true for h3t://go.au:0/test1/file/test1?action=edit&amp;mode=up
ERROR: expected isValid() to return true for h3t://go.au:0/test1/file/test1/file?action=view
ERROR: expected isValid() to return true for h3t://go.au:0/test1/file/test1/file?action=edit&amp;mode=up
ERROR: expected isValid() to return true for h3t://go.au:0/test1/file/t123/file?action=view
ERROR: expected isValid() to return true for h3t://go.au:0/test1/file/t123/file?action=edit&amp;mode=up
ERROR: expected isValid() to return true for h3t://go.au:0/test1/file/$23/file?action=view
ERROR: expected isValid() to return true for h3t://go.au:0/test1/file/$23/file?action=edit&amp;mode=up
ERROR: expected isValid() to return true for h3t://go.au/test1/test1?action=view
ERROR: expected isValid() to return true for h3t://go.au/test1/test1?action=edit&amp;mode=up
ERROR: expected isValid() to return true for h3t://go.au/test1/t123?action=view
ERROR: expected isValid() to return true for h3t://go.au/test1/t123?action=edit&amp;mode=up
ERROR: expected isValid() to return true for h3t://go.au/test1/$23?action=view
ERROR: expected isValid() to return true for h3t://go.au/test1/$23?action=edit&amp;mode=up
ERROR: expected isValid() to return true for h3t://go.au/test1/test1?action=view
ERROR: expected isValid() to return true for h3t://go.au/test1/test1?action=edit&amp;mode=up
ERROR: expected isValid() to return true for h3t://go.au/test1/test1/file?action=view
ERROR: expected isValid() to return true for h3t://go.au/test1/test1/file?action=edit&amp;mode=up
ERROR: expected isValid() to return true for h3t://go.au/test1/t123/file?action=view
ERROR: expected isValid() to return true for h3t://go.au/test1/t123/file?action=edit&amp;mode=up
ERROR: expected isValid() to return true for h3t://go.au/test1/$23/file?action=view
ERROR: expected isValid() to return true for h3t://go.au/test1/$23/file?action=edit&amp;mode=up
ERROR: expected isValid() to return true for h3t://go.au/t123/test1?action=view
ERROR: expected isValid() to return true for h3t://go.au/t123/test1?action=edit&amp;mode=up
ERROR: expected isValid() to return true for h3t://go.au/t123/t123?action=view
ERROR: expected isValid() to return true for h3t://go.au/t123/t123?action=edit&amp;mode=up
ERROR: expected isValid() to return true for h3t://go.au/t123/$23?action=view
ERROR: expected isValid() to return true for h3t://go.au/t123/$23?action=edit&amp;mode=up
ERROR: expected isValid() to return true for h3t://go.au/t123/test1?action=view
ERROR: expected isValid() to return true for h3t://go.au/t123/test1?action=edit&amp;mode=up
ERROR: expected isValid() to return true for h3t://go.au/t123/test1/file?action=view
ERROR: expected isValid() to return true for h3t://go.au/t123/test1/file?action=edit&amp;mode=up
ERROR: expected isValid() to return true for h3t://go.au/t123/t123/file?action=view
ERROR: expected isValid() to return true for h3t://go.au/t123/t123/file?action=edit&amp;mode=up
ERROR: expected isValid() to return true for h3t://go.au/t123/$23/file?action=view
ERROR: expected isValid() to return true for h3t://go.au/t123/$23/file?action=edit&amp;mode=up
ERROR: expected isValid() to return true for h3t://go.au/$23/test1?action=view
ERROR: expected isValid() to return true for h3t://go.au/$23/test1?action=edit&amp;mode=up
ERROR: expected isValid() to return true for h3t://go.au/$23/t123?action=view
ERROR: expected isValid() to return true for h3t://go.au/$23/t123?action=edit&amp;mode=up
ERROR: expected isValid() to return true for h3t://go.au/$23/$23?action=view
ERROR: expected isValid() to return true for h3t://go.au/$23/$23?action=edit&amp;mode=up
ERROR: expected isValid() to return true for h3t://go.au/$23/test1?action=view
ERROR: expected isValid() to return true for h3t://go.au/$23/test1?action=edit&amp;mode=up
ERROR: expected isValid() to return true for h3t://go.au/$23/test1/file?action=view
ERROR: expected isValid() to return true for h3t://go.au/$23/test1/file?action=edit&amp;mode=up
ERROR: expected isValid() to return true for h3t://go.au/$23/t123/file?action=view
ERROR: expected isValid() to return true for h3t://go.au/$23/t123/file?action=edit&amp;mode=up
ERROR: expected isValid() to return true for h3t://go.au/$23/$23/file?action=view
ERROR: expected isValid() to return true for h3t://go.au/$23/$23/file?action=edit&amp;mode=up
ERROR: expected isValid() to return true for h3t://go.au/test1/test1?action=view
ERROR: expected isValid() to return true for h3t://go.au/test1/test1?action=edit&amp;mode=up
ERROR: expected isValid() to return true for h3t://go.au/test1/t123?action=view
ERROR: expected isValid() to return true for h3t://go.au/test1/t123?action=edit&amp;mode=up
ERROR: expected isValid() to return true for h3t://go.au/test1/$23?action=view
ERROR: expected isValid() to return true for h3t://go.au/test1/$23?action=edit&amp;mode=up
ERROR: expected isValid() to return true for h3t://go.au/test1/test1?action=view
ERROR: expected isValid() to return true for h3t://go.au/test1/test1?action=edit&amp;mode=up
ERROR: expected isValid() to return true for h3t://go.au/test1/test1/file?action=view
ERROR: expected isValid() to return true for h3t://go.au/test1/test1/file?action=edit&amp;mode=up
ERROR: expected isValid() to return true for h3t://go.au/test1/t123/file?action=view
ERROR: expected isValid() to return true for h3t://go.au/test1/t123/file?action=edit&amp;mode=up
ERROR: expected isValid() to return true for h3t://go.au/test1/$23/file?action=view
ERROR: expected isValid() to return true for h3t://go.au/test1/$23/file?action=edit&amp;mode=up
ERROR: expected isValid() to return true for h3t://go.au/test1/file/test1?action=view
ERROR: expected isValid() to return true for h3t://go.au/test1/file/test1?action=edit&amp;mode=up
ERROR: expected isValid() to return true for h3t://go.au/test1/file/t123?action=view
ERROR: expected isValid() to return true for h3t://go.au/test1/file/t123?action=edit&amp;mode=up
ERROR: expected isValid() to return true for h3t://go.au/test1/file/$23?action=view
ERROR: expected isValid() to return true for h3t://go.au/test1/file/$23?action=edit&amp;mode=up
ERROR: expected isValid() to return true for h3t://go.au/test1/file/test1?action=view
ERROR: expected isValid() to return true for h3t://go.au/test1/file/test1?action=edit&amp;mode=up
ERROR: expected isValid() to return true for h3t://go.au/test1/file/test1/file?action=view
ERROR: expected isValid() to return true for h3t://go.au/test1/file/test1/file?action=edit&amp;mode=up
ERROR: expected isValid() to return true for h3t://go.au/test1/file/t123/file?action=view
ERROR: expected isValid() to return true for h3t://go.au/test1/file/t123/file?action=edit&amp;mode=up
ERROR: expected isValid() to return true for h3t://go.au/test1/file/$23/file?action=view
ERROR: expected isValid() to return true for h3t://go.au/test1/file/$23/file?action=edit&amp;mode=up
ERROR: expected isValid() to return true for h3t://go.au:65636/test1/test1?action=view
ERROR: expected isValid() to return true for h3t://go.au:65636/test1/test1?action=edit&amp;mode=up
ERROR: expected isValid() to return true for h3t://go.au:65636/test1/test1
ERROR: expected isValid() to return true for h3t://go.au:65636/test1/t123?action=view
ERROR: expected isValid() to return true for h3t://go.au:65636/test1/t123?action=edit&amp;mode=up
ERROR: expected isValid() to return true for h3t://go.au:65636/test1/t123
ERROR: expected isValid() to return true for h3t://go.au:65636/test1/$23?action=view
ERROR: expected isValid() to return true for h3t://go.au:65636/test1/$23?action=edit&amp;mode=up
ERROR: expected isValid() to return true for h3t://go.au:65636/test1/$23
ERROR: expected isValid() to return true for h3t://go.au:65636/test1/test1?action=view
ERROR: expected isValid() to return true for h3t://go.au:65636/test1/test1?action=edit&amp;mode=up
ERROR: expected isValid() to return true for h3t://go.au:65636/test1/test1
ERROR: expected isValid() to return true for h3t://go.au:65636/test1/test1/file?action=view
ERROR: expected isValid() to return true for h3t://go.au:65636/test1/test1/file?action=edit&amp;mode=up
ERROR: expected isValid() to return true for h3t://go.au:65636/test1/test1/file
ERROR: expected isValid() to return true for h3t://go.au:65636/test1/t123/file?action=view
ERROR: expected isValid() to return true for h3t://go.au:65636/test1/t123/file?action=edit&amp;mode=up
ERROR: expected isValid() to return true for h3t://go.au:65636/test1/t123/file
ERROR: expected isValid() to return true for h3t://go.au:65636/test1/$23/file?action=view
ERROR: expected isValid() to return true for h3t://go.au:65636/test1/$23/file?action=edit&amp;mode=up
ERROR: expected isValid() to return true for h3t://go.au:65636/test1/$23/file
ERROR: expected isValid() to return true for h3t://go.au:65636/t123/test1?action=view
ERROR: expected isValid() to return true for h3t://go.au:65636/t123/test1?action=edit&amp;mode=up
ERROR: expected isValid() to return true for h3t://go.au:65636/t123/test1
ERROR: expected isValid() to return true for h3t://go.au:65636/t123/t123?action=view
ERROR: expected isValid() to return true for h3t://go.au:65636/t123/t123?action=edit&amp;mode=up
ERROR: expected isValid() to return true for h3t://go.au:65636/t123/t123
ERROR: expected isValid() to return true for h3t://go.au:65636/t123/$23?action=view
ERROR: expected isValid() to return true for h3t://go.au:65636/t123/$23?action=edit&amp;mode=up
ERROR: expected isValid() to return true for h3t://go.au:65636/t123/$23
ERROR: expected isValid() to return true for h3t://go.au:65636/t123/test1?action=view
ERROR: expected isValid() to return true for h3t://go.au:65636/t123/test1?action=edit&amp;mode=up
ERROR: expected isValid() to return true for h3t://go.au:65636/t123/test1
ERROR: expected isValid() to return true for h3t://go.au:65636/t123/test1/file?action=view
ERROR: expected isValid() to return true for h3t://go.au:65636/t123/test1/file?action=edit&amp;mode=up
ERROR: expected isValid() to return true for h3t://go.au:65636/t123/test1/file
ERROR: expected isValid() to return true for h3t://go.au:65636/t123/t123/file?action=view
ERROR: expected isValid() to return true for h3t://go.au:65636/t123/t123/file?action=edit&amp;mode=up
ERROR: expected isValid() to return true for h3t://go.au:65636/t123/t123/file
ERROR: expected isValid() to return true for h3t://go.au:65636/t123/$23/file?action=view
ERROR: expected isValid() to return true for h3t://go.au:65636/t123/$23/file?action=edit&amp;mode=up
ERROR: expected isValid() to return true for h3t://go.au:65636/t123/$23/file
ERROR: expected isValid() to return true for h3t://go.au:65636/$23/test1?action=view
ERROR: expected isValid() to return true for h3t://go.au:65636/$23/test1?action=edit&amp;mode=up
ERROR: expected isValid() to return true for h3t://go.au:65636/$23/test1
ERROR: expected isValid() to return true for h3t://go.au:65636/$23/t123?action=view
ERROR: expected isValid() to return true for h3t://go.au:65636/$23/t123?action=edit&amp;mode=up
ERROR: expected isValid() to return true for h3t://go.au:65636/$23/t123
ERROR: expected isValid() to return true for h3t://go.au:65636/$23/$23?action=view
ERROR: expected isValid() to return true for h3t://go.au:65636/$23/$23?action=edit&amp;mode=up
ERROR: expected isValid() to return true for h3t://go.au:65636/$23/$23
ERROR: expected isValid() to return true for h3t://go.au:65636/$23/test1?action=view
ERROR: expected isValid() to return true for h3t://go.au:65636/$23/test1?action=edit&amp;mode=up
ERROR: expected isValid() to return true for h3t://go.au:65636/$23/test1
ERROR: expected isValid() to return true for h3t://go.au:65636/$23/test1/file?action=view
ERROR: expected isValid() to return true for h3t://go.au:65636/$23/test1/file?action=edit&amp;mode=up
ERROR: expected isValid() to return true for h3t://go.au:65636/$23/test1/file
ERROR: expected isValid() to return true for h3t://go.au:65636/$23/t123/file?action=view
ERROR: expected isValid() to return true for h3t://go.au:65636/$23/t123/file?action=edit&amp;mode=up
ERROR: expected isValid() to return true for h3t://go.au:65636/$23/t123/file
ERROR: expected isValid() to return true for h3t://go.au:65636/$23/$23/file?action=view
ERROR: expected isValid() to return true for h3t://go.au:65636/$23/$23/file?action=edit&amp;mode=up
ERROR: expected isValid() to return true for h3t://go.au:65636/$23/$23/file
ERROR: expected isValid() to return true for h3t://go.au:65636/test1/test1?action=view
ERROR: expected isValid() to return true for h3t://go.au:65636/test1/test1?action=edit&amp;mode=up
ERROR: expected isValid() to return true for h3t://go.au:65636/test1/test1
ERROR: expected isValid() to return true for h3t://go.au:65636/test1/t123?action=view
ERROR: expected isValid() to return true for h3t://go.au:65636/test1/t123?action=edit&amp;mode=up
ERROR: expected isValid() to return true for h3t://go.au:65636/test1/t123
ERROR: expected isValid() to return true for h3t://go.au:65636/test1/$23?action=view
ERROR: expected isValid() to return true for h3t://go.au:65636/test1/$23?action=edit&amp;mode=up
ERROR: expected isValid() to return true for h3t://go.au:65636/test1/$23
ERROR: expected isValid() to return true for h3t://go.au:65636/test1/test1?action=view
ERROR: expected isValid() to return true for h3t://go.au:65636/test1/test1?action=edit&amp;mode=up
ERROR: expected isValid() to return true for h3t://go.au:65636/test1/test1
ERROR: expected isValid() to return true for h3t://go.au:65636/test1/test1/file?action=view
ERROR: expected isValid() to return true for h3t://go.au:65636/test1/test1/file?action=edit&amp;mode=up
ERROR: expected isValid() to return true for h3t://go.au:65636/test1/test1/file
ERROR: expected isValid() to return true for h3t://go.au:65636/test1/t123/file?action=view
ERROR: expected isValid() to return true for h3t://go.au:65636/test1/t123/file?action=edit&amp;mode=up
ERROR: expected isValid() to return true for h3t://go.au:65636/test1/t123/file
ERROR: expected isValid() to return true for h3t://go.au:65636/test1/$23/file?action=view
ERROR: expected isValid() to return true for h3t://go.au:65636/test1/$23/file?action=edit&amp;mode=up
ERROR: expected isValid() to return true for h3t://go.au:65636/test1/$23/file
ERROR: expected isValid() to return true for h3t://go.au:65636/test1/file/test1?action=view
ERROR: expected isValid() to return true for h3t://go.au:65636/test1/file/test1?action=edit&amp;mode=up
ERROR: expected isValid() to return true for h3t://go.au:65636/test1/file/test1
ERROR: expected isValid() to return true for h3t://go.au:65636/test1/file/t123?action=view
ERROR: expected isValid() to return true for h3t://go.au:65636/test1/file/t123?action=edit&amp;mode=up
ERROR: expected isValid() to return true for h3t://go.au:65636/test1/file/t123
ERROR: expected isValid() to return true for h3t://go.au:65636/test1/file/$23?action=view
ERROR: expected isValid() to return true for h3t://go.au:65636/test1/file/$23?action=edit&amp;mode=up
ERROR: expected isValid() to return true for h3t://go.au:65636/test1/file/$23
ERROR: expected isValid() to return true for h3t://go.au:65636/test1/file/test1?action=view
ERROR: expected isValid() to return true for h3t://go.au:65636/test1/file/test1?action=edit&amp;mode=up
ERROR: expected isValid() to return true for h3t://go.au:65636/test1/file/test1
ERROR: expected isValid() to return true for h3t://go.au:65636/test1/file/test1/file?action=view
ERROR: expected isValid() to return true for h3t://go.au:65636/test1/file/test1/file?action=edit&amp;mode=up
ERROR: expected isValid() to return true for h3t://go.au:65636/test1/file/test1/file
ERROR: expected isValid() to return true for h3t://go.au:65636/test1/file/t123/file?action=view
ERROR: expected isValid() to return true for h3t://go.au:65636/test1/file/t123/file?action=edit&amp;mode=up
ERROR: expected isValid() to return true for h3t://go.au:65636/test1/file/t123/file
ERROR: expected isValid() to return true for h3t://go.au:65636/test1/file/$23/file?action=view
ERROR: expected isValid() to return true for h3t://go.au:65636/test1/file/$23/file?action=edit&amp;mode=up
ERROR: expected isValid() to return true for h3t://go.au:65636/test1/file/$23/file
ERROR: expected isValid() to return true for h3t://0.0.0.0:80/test1/test1?action=view
ERROR: expected isValid() to return true for h3t://0.0.0.0:80/test1/test1?action=edit&amp;mode=up
ERROR: expected isValid() to return true for h3t://0.0.0.0:80/test1/t123?action=view
ERROR: expected isValid() to return true for h3t://0.0.0.0:80/test1/t123?action=edit&amp;mode=up
ERROR: expected isValid() to return true for h3t://0.0.0.0:80/test1/$23?action=view
ERROR: expected isValid() to return true for h3t://0.0.0.0:80/test1/$23?action=edit&amp;mode=up
ERROR: expected isValid() to return true for h3t://0.0.0.0:80/test1/test1?action=view
ERROR: expected isValid() to return true for h3t://0.0.0.0:80/test1/test1?action=edit&amp;mode=up
ERROR: expected isValid() to return true for h3t://0.0.0.0:80/test1/test1/file?action=view
ERROR: expected isValid() to return true for h3t://0.0.0.0:80/test1/test1/file?action=edit&amp;mode=up
ERROR: expected isValid() to return true for h3t://0.0.0.0:80/test1/t123/file?action=view
ERROR: expected isValid() to return true for h3t://0.0.0.0:80/test1/t123/file?action=edit&amp;mode=up
ERROR: expected isValid() to return true for h3t://0.0.0.0:80/test1/$23/file?action=view
ERROR: expected isValid() to return true for h3t://0.0.0.0:80/test1/$23/file?action=edit&amp;mode=up
ERROR: expected isValid() to return true for h3t://0.0.0.0:80/t123/test1?action=view
ERROR: expected isValid() to return true for h3t://0.0.0.0:80/t123/test1?action=edit&amp;mode=up
ERROR: expected isValid() to return true for h3t://0.0.0.0:80/t123/t123?action=view
ERROR: expected isValid() to return true for h3t://0.0.0.0:80/t123/t123?action=edit&amp;mode=up
ERROR: expected isValid() to return true for h3t://0.0.0.0:80/t123/$23?action=view
ERROR: expected isValid() to return true for h3t://0.0.0.0:80/t123/$23?action=edit&amp;mode=up
ERROR: expected isValid() to return true for h3t://0.0.0.0:80/t123/test1?action=view
ERROR: expected isValid() to return true for h3t://0.0.0.0:80/t123/test1?action=edit&amp;mode=up
ERROR: expected isValid() to return true for h3t://0.0.0.0:80/t123/test1/file?action=view
ERROR: expected isValid() to return true for h3t://0.0.0.0:80/t123/test1/file?action=edit&amp;mode=up
ERROR: expected isValid() to return true for h3t://0.0.0.0:80/t123/t123/file?action=view
ERROR: expected isValid() to return true for h3t://0.0.0.0:80/t123/t123/file?action=edit&amp;mode=up
ERROR: expected isValid() to return true for h3t://0.0.0.0:80/t123/$23/file?action=view
ERROR: expected isValid() to return true for h3t://0.0.0.0:80/t123/$23/file?action=edit&amp;mode=up
ERROR: expected isValid() to return true for h3t://0.0.0.0:80/$23/test1?action=view
ERROR: expected isValid() to return true for h3t://0.0.0.0:80/$23/test1?action=edit&amp;mode=up
ERROR: expected isValid() to return true for h3t://0.0.0.0:80/$23/t123?action=view
ERROR: expected isValid() to return true for h3t://0.0.0.0:80/$23/t123?action=edit&amp;mode=up
ERROR: expected isValid() to return true for h3t://0.0.0.0:80/$23/$23?action=view
ERROR: expected isValid() to return true for h3t://0.0.0.0:80/$23/$23?action=edit&amp;mode=up
ERROR: expected isValid() to return true for h3t://0.0.0.0:80/$23/test1?action=view
ERROR: expected isValid() to return true for h3t://0.0.0.0:80/$23/test1?action=edit&amp;mode=up
ERROR: expected isValid() to return true for h3t://0.0.0.0:80/$23/test1/file?action=view
ERROR: expected isValid() to return true for h3t://0.0.0.0:80/$23/test1/file?action=edit&amp;mode=up
ERROR: expected isValid() to return true for h3t://0.0.0.0:80/$23/t123/file?action=view
ERROR: expected isValid() to return true for h3t://0.0.0.0:80/$23/t123/file?action=edit&amp;mode=up
ERROR: expected isValid() to return true for h3t://0.0.0.0:80/$23/$23/file?action=view
ERROR: expected isValid() to return true for h3t://0.0.0.0:80/$23/$23/file?action=edit&amp;mode=up
ERROR: expected isValid() to return true for h3t://0.0.0.0:80/test1/test1?action=view
ERROR: expected isValid() to return true for h3t://0.0.0.0:80/test1/test1?action=edit&amp;mode=up
ERROR: expected isValid() to return true for h3t://0.0.0.0:80/test1/t123?action=view
ERROR: expected isValid() to return true for h3t://0.0.0.0:80/test1/t123?action=edit&amp;mode=up
ERROR: expected isValid() to return true for h3t://0.0.0.0:80/test1/$23?action=view
ERROR: expected isValid() to return true for h3t://0.0.0.0:80/test1/$23?action=edit&amp;mode=up
ERROR: expected isValid() to return true for h3t://0.0.0.0:80/test1/test1?action=view
ERROR: expected isValid() to return true for h3t://0.0.0.0:80/test1/test1?action=edit&amp;mode=up
ERROR: expected isValid() to return true for h3t://0.0.0.0:80/test1/test1/file?action=view
ERROR: expected isValid() to return true for h3t://0.0.0.0:80/test1/test1/file?action=edit&amp;mode=up
ERROR: expected isValid() to return true for h3t://0.0.0.0:80/test1/t123/file?action=view
ERROR: expected isValid() to return true for h3t://0.0.0.0:80/test1/t123/file?action=edit&amp;mode=up
ERROR: expected isValid() to return true for h3t://0.0.0.0:80/test1/$23/file?action=view
ERROR: expected isValid() to return true for h3t://0.0.0.0:80/test1/$23/file?action=edit&amp;mode=up
ERROR: expected isValid() to return true for h3t://0.0.0.0:80/test1/file/test1?action=view
ERROR: expected isValid() to return true for h3t://0.0.0.0:80/test1/file/test1?action=edit&amp;mode=up
ERROR: expected isValid() to return true for h3t://0.0.0.0:80/test1/file/t123?action=view
ERROR: expected isValid() to return true for h3t://0.0.0.0:80/test1/file/t123?action=edit&amp;mode=up
ERROR: expected isValid() to return true for h3t://0.0.0.0:80/test1/file/$23?action=view
ERROR: expected isValid() to return true for h3t://0.0.0.0:80/test1/file/$23?action=edit&amp;mode=up
ERROR: expected isValid() to return true for h3t://0.0.0.0:80/test1/file/test1?action=view
ERROR: expected isValid() to return true for h3t://0.0.0.0:80/test1/file/test1?action=edit&amp;mode=up
ERROR: expected isValid() to return true for h3t://0.0.0.0:80/test1/file/test1/file?action=view
ERROR: expected isValid() to return true for h3t://0.0.0.0:80/test1/file/test1/file?action=edit&amp;mode=up
ERROR: expected isValid() to return true for h3t://0.0.0.0:80/test1/file/t123/file?action=view
ERROR: expected isValid() to return true for h3t://0.0.0.0:80/test1/file/t123/file?action=edit&amp;mode=up
ERROR: expected isValid() to return true for h3t://0.0.0.0:80/test1/file/$23/file?action=view
ERROR: expected isValid() to return true for h3t://0.0.0.0:80/test1/file/$23/file?action=edit&amp;mode=up
ERROR: expected isValid() to return true for h3t://0.0.0.0:65535/test1/test1?action=view
ERROR: expected isValid() to return true for h3t://0.0.0.0:65535/test1/test1?action=edit&amp;mode=up
ERROR: expected isValid() to return true for h3t://0.0.0.0:65535/test1/test1
ERROR: expected isValid() to return true for h3t://0.0.0.0:65535/test1/t123?action=view
ERROR: expected isValid() to return true for h3t://0.0.0.0:65535/test1/t123?action=edit&amp;mode=up
ERROR: expected isValid() to return true for h3t://0.0.0.0:65535/test1/t123
ERROR: expected isValid() to return true for h3t://0.0.0.0:65535/test1/$23?action=view
ERROR: expected isValid() to return true for h3t://0.0.0.0:65535/test1/$23?action=edit&amp;mode=up
ERROR: expected isValid() to return true for h3t://0.0.0.0:65535/test1/$23
ERROR: expected isValid() to return true for h3t://0.0.0.0:65535/test1/test1?action=view
ERROR: expected isValid() to return true for h3t://0.0.0.0:65535/test1/test1?action=edit&amp;mode=up
ERROR: expected isValid() to return true for h3t://0.0.0.0:65535/test1/test1
ERROR: expected isValid() to return true for h3t://0.0.0.0:65535/test1/test1/file?action=view
ERROR: expected isValid() to return true for h3t://0.0.0.0:65535/test1/test1/file?action=edit&amp;mode=up
ERROR: expected isValid() to return true for h3t://0.0.0.0:65535/test1/test1/file
ERROR: expected isValid() to return true for h3t://0.0.0.0:65535/test1/t123/file?action=view
ERROR: expected isValid() to return true for h3t://0.0.0.0:65535/test1/t123/file?action=edit&amp;mode=up
ERROR: expected isValid() to return true for h3t://0.0.0.0:65535/test1/t123/file
ERROR: expected isValid() to return true for h3t://0.0.0.0:65535/test1/$23/file?action=view
ERROR: expected isValid() to return true for h3t://0.0.0.0:65535/test1/$23/file?action=edit&amp;mode=up
ERROR: expected isValid() to return true for h3t://0.0.0.0:65535/test1/$23/file
ERROR: expected isValid() to return true for h3t://0.0.0.0:65535/t123/test1?action=view
ERROR: expected isValid() to return true for h3t://0.0.0.0:65535/t123/test1?action=edit&amp;mode=up
ERROR: expected isValid() to return true for h3t://0.0.0.0:65535/t123/test1
ERROR: expected isValid() to return true for h3t://0.0.0.0:65535/t123/t123?action=view
ERROR: expected isValid() to return true for h3t://0.0.0.0:65535/t123/t123?action=edit&amp;mode=up
ERROR: expected isValid() to return true for h3t://0.0.0.0:65535/t123/t123
ERROR: expected isValid() to return true for h3t://0.0.0.0:65535/t123/$23?action=view
ERROR: expected isValid() to return true for h3t://0.0.0.0:65535/t123/$23?action=edit&amp;mode=up
ERROR: expected isValid() to return true for h3t://0.0.0.0:65535/t123/$23
ERROR: expected isValid() to return true for h3t://0.0.0.0:65535/t123/test1?action=view
ERROR: expected isValid() to return true for h3t://0.0.0.0:65535/t123/test1?action=edit&amp;mode=up
ERROR: expected isValid() to return true for h3t://0.0.0.0:65535/t123/test1
ERROR: expected isValid() to return true for h3t://0.0.0.0:65535/t123/test1/file?action=view
ERROR: expected isValid() to return true for h3t://0.0.0.0:65535/t123/test1/file?action=edit&amp;mode=up
ERROR: expected isValid() to return true for h3t://0.0.0.0:65535/t123/test1/file
ERROR: expected isValid() to return true for h3t://0.0.0.0:65535/t123/t123/file?action=view
ERROR: expected isValid() to return true for h3t://0.0.0.0:65535/t123/t123/file?action=edit&amp;mode=up
ERROR: expected isValid() to return true for h3t://0.0.0.0:65535/t123/t123/file
ERROR: expected isValid() to return true for h3t://0.0.0.0:65535/t123/$23/file?action=view
ERROR: expected isValid() to return true for h3t://0.0.0.0:65535/t123/$23/file?action=edit&amp;mode=up
ERROR: expected isValid() to return true for h3t://0.0.0.0:65535/t123/$23/file
ERROR: expected isValid() to return true for h3t://0.0.0.0:65535/$23/test1?action=view
ERROR: expected isValid() to return true for h3t://0.0.0.0:65535/$23/test1?action=edit&amp;mode=up
ERROR: expected isValid() to return true for h3t://0.0.0.0:65535/$23/test1
ERROR: expected isValid() to return true for h3t://0.0.0.0:65535/$23/t123?action=view
ERROR: expected isValid() to return true for h3t://0.0.0.0:65535/$23/t123?action=edit&amp;mode=up
ERROR: expected isValid() to return true for h3t://0.0.0.0:65535/$23/t123
ERROR: expected isValid() to return true for h3t://0.0.0.0:65535/$23/$23?action=view
ERROR: expected isValid() to return true for h3t://0.0.0.0:65535/$23/$23?action=edit&amp;mode=up
ERROR: expected isValid() to return true for h3t://0.0.0.0:65535/$23/$23
ERROR: expected isValid() to return true for h3t://0.0.0.0:65535/$23/test1?action=view
ERROR: expected isValid() to return true for h3t://0.0.0.0:65535/$23/test1?action=edit&amp;mode=up
ERROR: expected isValid() to return true for h3t://0.0.0.0:65535/$23/test1
ERROR: expected isValid() to return true for h3t://0.0.0.0:65535/$23/test1/file?action=view
ERROR: expected isValid() to return true for h3t://0.0.0.0:65535/$23/test1/file?action=edit&amp;mode=up
ERROR: expected isValid() to return true for h3t://0.0.0.0:65535/$23/test1/file
ERROR: expected isValid() to return true for h3t://0.0.0.0:65535/$23/t123/file?action=view
ERROR: expected isValid() to return true for h3t://0.0.0.0:65535/$23/t123/file?action=edit&amp;mode=up
ERROR: expected isValid() to return true for h3t://0.0.0.0:65535/$23/t123/file
ERROR: expected isValid() to return true for h3t://0.0.0.0:65535/$23/$23/file?action=view
ERROR: expected isValid() to return true for h3t://0.0.0.0:65535/$23/$23/file?action=edit&amp;mode=up
ERROR: expected isValid() to return true for h3t://0.0.0.0:65535/$23/$23/file
ERROR: expected isValid() to return true for h3t://0.0.0.0:65535/test1/test1?action=view
ERROR: expected isValid() to return true for h3t://0.0.0.0:65535/test1/test1?action=edit&amp;mode=up
ERROR: expected isValid() to return true for h3t://0.0.0.0:65535/test1/test1
ERROR: expected isValid() to return true for h3t://0.0.0.0:65535/test1/t123?action=view
ERROR: expected isValid() to return true for h3t://0.0.0.0:65535/test1/t123?action=edit&amp;mode=up
ERROR: expected isValid() to return true for h3t://0.0.0.0:65535/test1/t123
ERROR: expected isValid() to return true for h3t://0.0.0.0:65535/test1/$23?action=view
ERROR: expected isValid() to return true for h3t://0.0.0.0:65535/test1/$23?action=edit&amp;mode=up
ERROR: expected isValid() to return true for h3t://0.0.0.0:65535/test1/$23
ERROR: expected isValid() to return true for h3t://0.0.0.0:65535/test1/test1?action=view
ERROR: expected isValid() to return true for h3t://0.0.0.0:65535/test1/test1?action=edit&amp;mode=up
ERROR: expected isValid() to return true for h3t://0.0.0.0:65535/test1/test1
ERROR: expected isValid() to return true for h3t://0.0.0.0:65535/test1/test1/file?action=view
ERROR: expected isValid() to return true for h3t://0.0.0.0:65535/test1/test1/file?action=edit&amp;mode=up
ERROR: expected isValid() to return true for h3t://0.0.0.0:65535/test1/test1/file
ERROR: expected isValid() to return true for h3t://0.0.0.0:65535/test1/t123/file?action=view
ERROR: expected isValid() to return true for h3t://0.0.0.0:65535/test1/t123/file?action=edit&amp;mode=up
ERROR: expected isValid() to return true for h3t://0.0.0.0:65535/test1/t123/file
ERROR: expected isValid() to return true for h3t://0.0.0.0:65535/test1/$23/file?action=view
ERROR: expected isValid() to return true for h3t://0.0.0.0:65535/test1/$23/file?action=edit&amp;mode=up
ERROR: expected isValid() to return true for h3t://0.0.0.0:65535/test1/$23/file
ERROR: expected isValid() to return true for h3t://0.0.0.0:65535/test1/file/test1?action=view
ERROR: expected isValid() to return true for h3t://0.0.0.0:65535/test1/file/test1?action=edit&amp;mode=up
ERROR: expected isValid() to return true for h3t://0.0.0.0:65535/test1/file/test1
ERROR: expected isValid() to return true for h3t://0.0.0.0:65535/test1/file/t123?action=view
ERROR: expected isValid() to return true for h3t://0.0.0.0:65535/test1/file/t123?action=edit&amp;mode=up
ERROR: expected isValid() to return true for h3t://0.0.0.0:65535/test1/file/t123
ERROR: expected isValid() to return true for h3t://0.0.0.0:65535/test1/file/$23?action=view
ERROR: expected isValid() to return true for h3t://0.0.0.0:65535/test1/file/$23?action=edit&amp;mode=up
ERROR: expected isValid() to return true for h3t://0.0.0.0:65535/test1/file/$23
ERROR: expected isValid() to return true for h3t://0.0.0.0:65535/test1/file/test1?action=view
ERROR: expected isValid() to return true for h3t://0.0.0.0:65535/test1/file/test1?action=edit&amp;mode=up
ERROR: expected isValid() to return true for h3t://0.0.0.0:65535/test1/file/test1
ERROR: expected isValid() to return true for h3t://0.0.0.0:65535/test1/file/test1/file?action=view
ERROR: expected isValid() to return true for h3t://0.0.0.0:65535/test1/file/test1/file?action=edit&amp;mode=up
ERROR: expected isValid() to return true for h3t://0.0.0.0:65535/test1/file/test1/file
ERROR: expected isValid() to return true for h3t://0.0.0.0:65535/test1/file/t123/file?action=view
ERROR: expected isValid() to return true for h3t://0.0.0.0:65535/test1/file/t123/file?action=edit&amp;mode=up
ERROR: expected isValid() to return true for h3t://0.0.0.0:65535/test1/file/t123/file
ERROR: expected isValid() to return true for h3t://0.0.0.0:65535/test1/file/$23/file?action=view
ERROR: expected isValid() to return true for h3t://0.0.0.0:65535/test1/file/$23/file?action=edit&amp;mode=up
ERROR: expected isValid() to return true for h3t://0.0.0.0:65535/test1/file/$23/file
ERROR: expected isValid() to return true for h3t://0.0.0.0:0/test1/test1?action=view
ERROR: expected isValid() to return true for h3t://0.0.0.0:0/test1/test1?action=edit&amp;mode=up
ERROR: expected isValid() to return true for h3t://0.0.0.0:0/test1/t123?action=view
ERROR: expected isValid() to return true for h3t://0.0.0.0:0/test1/t123?action=edit&amp;mode=up
ERROR: expected isValid() to return true for h3t://0.0.0.0:0/test1/$23?action=view
ERROR: expected isValid() to return true for h3t://0.0.0.0:0/test1/$23?action=edit&amp;mode=up
ERROR: expected isValid() to return true for h3t://0.0.0.0:0/test1/test1?action=view
ERROR: expected isValid() to return true for h3t://0.0.0.0:0/test1/test1?action=edit&amp;mode=up
ERROR: expected isValid() to return true for h3t://0.0.0.0:0/test1/test1/file?action=view
ERROR: expected isValid() to return true for h3t://0.0.0.0:0/test1/test1/file?action=edit&amp;mode=up
ERROR: expected isValid() to return true for h3t://0.0.0.0:0/test1/t123/file?action=view
ERROR: expected isValid() to return true for h3t://0.0.0.0:0/test1/t123/file?action=edit&amp;mode=up
ERROR: expected isValid() to return true for h3t://0.0.0.0:0/test1/$23/file?action=view
ERROR: expected isValid() to return true for h3t://0.0.0.0:0/test1/$23/file?action=edit&amp;mode=up
ERROR: expected isValid() to return true for h3t://0.0.0.0:0/t123/test1?action=view
ERROR: expected isValid() to return true for h3t://0.0.0.0:0/t123/test1?action=edit&amp;mode=up
ERROR: expected isValid() to return true for h3t://0.0.0.0:0/t123/t123?action=view
ERROR: expected isValid() to return true for h3t://0.0.0.0:0/t123/t123?action=edit&amp;mode=up
ERROR: expected isValid() to return true for h3t://0.0.0.0:0/t123/$23?action=view
ERROR: expected isValid() to return true for h3t://0.0.0.0:0/t123/$23?action=edit&amp;mode=up
ERROR: expected isValid() to return true for h3t://0.0.0.0:0/t123/test1?action=view
ERROR: expected isValid() to return true for h3t://0.0.0.0:0/t123/test1?action=edit&amp;mode=up
ERROR: expected isValid() to return true for h3t://0.0.0.0:0/t123/test1/file?action=view
ERROR: expected isValid() to return true for h3t://0.0.0.0:0/t123/test1/file?action=edit&amp;mode=up
ERROR: expected isValid() to return true for h3t://0.0.0.0:0/t123/t123/file?action=view
ERROR: expected isValid() to return true for h3t://0.0.0.0:0/t123/t123/file?action=edit&amp;mode=up
ERROR: expected isValid() to return true for h3t://0.0.0.0:0/t123/$23/file?action=view
ERROR: expected isValid() to return true for h3t://0.0.0.0:0/t123/$23/file?action=edit&amp;mode=up
ERROR: expected isValid() to return true for h3t://0.0.0.0:0/$23/test1?action=view
ERROR: expected isValid() to return true for h3t://0.0.0.0:0/$23/test1?action=edit&amp;mode=up
ERROR: expected isValid() to return true for h3t://0.0.0.0:0/$23/t123?action=view
ERROR: expected isValid() to return true for h3t://0.0.0.0:0/$23/t123?action=edit&amp;mode=up
ERROR: expected isValid() to return true for h3t://0.0.0.0:0/$23/$23?action=view
ERROR: expected isValid() to return true for h3t://0.0.0.0:0/$23/$23?action=edit&amp;mode=up
ERROR: expected isValid() to return true for h3t://0.0.0.0:0/$23/test1?action=view
ERROR: expected isValid() to return true for h3t://0.0.0.0:0/$23/test1?action=edit&amp;mode=up
ERROR: expected isValid() to return true for h3t://0.0.0.0:0/$23/test1/file?action=view
ERROR: expected isValid() to return true for h3t://0.0.0.0:0/$23/test1/file?action=edit&amp;mode=up
ERROR: expected isValid() to return true for h3t://0.0.0.0:0/$23/t123/file?action=view
ERROR: expected isValid() to return true for h3t://0.0.0.0:0/$23/t123/file?action=edit&amp;mode=up
ERROR: expected isValid() to return true for h3t://0.0.0.0:0/$23/$23/file?action=view
ERROR: expected isValid() to return true for h3t://0.0.0.0:0/$23/$23/file?action=edit&amp;mode=up
ERROR: expected isValid() to return true for h3t://0.0.0.0:0/test1/test1?action=view
ERROR: expected isValid() to return true for h3t://0.0.0.0:0/test1/test1?action=edit&amp;mode=up
ERROR: expected isValid() to return true for h3t://0.0.0.0:0/test1/t123?action=view
ERROR: expected isValid() to return true for h3t://0.0.0.0:0/test1/t123?action=edit&amp;mode=up
ERROR: expected isValid() to return true for h3t://0.0.0.0:0/test1/$23?action=view
ERROR: expected isValid() to return true for h3t://0.0.0.0:0/test1/$23?action=edit&amp;mode=up
ERROR: expected isValid() to return true for h3t://0.0.0.0:0/test1/test1?action=view
ERROR: expected isValid() to return true for h3t://0.0.0.0:0/test1/test1?action=edit&amp;mode=up
ERROR: expected isValid() to return true for h3t://0.0.0.0:0/test1/test1/file?action=view
ERROR: expected isValid() to return true for h3t://0.0.0.0:0/test1/test1/file?action=edit&amp;mode=up
ERROR: expected isValid() to return true for h3t://0.0.0.0:0/test1/t123/file?action=view
ERROR: expected isValid() to return true for h3t://0.0.0.0:0/test1/t123/file?action=edit&amp;mode=up
ERROR: expected isValid() to return true for h3t://0.0.0.0:0/test1/$23/file?action=view
ERROR: expected isValid() to return true for h3t://0.0.0.0:0/test1/$23/file?action=edit&amp;mode=up
ERROR: expected isValid() to return true for h3t://0.0.0.0:0/test1/file/test1?action=view
ERROR: expected isValid() to return true for h3t://0.0.0.0:0/test1/file/test1?action=edit&amp;mode=up
ERROR: expected isValid() to return true for h3t://0.0.0.0:0/test1/file/t123?action=view
ERROR: expected isValid() to return true for h3t://0.0.0.0:0/test1/file/t123?action=edit&amp;mode=up
ERROR: expected isValid() to return true for h3t://0.0.0.0:0/test1/file/$23?action=view
ERROR: expected isValid() to return true for h3t://0.0.0.0:0/test1/file/$23?action=edit&amp;mode=up
ERROR: expected isValid() to return true for h3t://0.0.0.0:0/test1/file/test1?action=view
ERROR: expected isValid() to return true for h3t://0.0.0.0:0/test1/file/test1?action=edit&amp;mode=up
ERROR: expected isValid() to return true for h3t://0.0.0.0:0/test1/file/test1/file?action=view
ERROR: expected isValid() to return true for h3t://0.0.0.0:0/test1/file/test1/file?action=edit&amp;mode=up
ERROR: expected isValid() to return true for h3t://0.0.0.0:0/test1/file/t123/file?action=view
ERROR: expected isValid() to return true for h3t://0.0.0.0:0/test1/file/t123/file?action=edit&amp;mode=up
ERROR: expected isValid() to return true for h3t://0.0.0.0:0/test1/file/$23/file?action=view
ERROR: expected isValid() to return true for h3t://0.0.0.0:0/test1/file/$23/file?action=edit&amp;mode=up
ERROR: expected isValid() to return true for h3t://0.0.0.0/test1/test1?action=view
ERROR: expected isValid() to return true for h3t://0.0.0.0/test1/test1?action=edit&amp;mode=up
ERROR: expected isValid() to return true for h3t://0.0.0.0/test1/t123?action=view
ERROR: expected isValid() to return true for h3t://0.0.0.0/test1/t123?action=edit&amp;mode=up
ERROR: expected isValid() to return true for h3t://0.0.0.0/test1/$23?action=view
ERROR: expected isValid() to return true for h3t://0.0.0.0/test1/$23?action=edit&amp;mode=up
ERROR: expected isValid() to return true for h3t://0.0.0.0/test1/test1?action=view
ERROR: expected isValid() to return true for h3t://0.0.0.0/test1/test1?action=edit&amp;mode=up
ERROR: expected isValid() to return true for h3t://0.0.0.0/test1/test1/file?action=view
ERROR: expected isValid() to return true for h3t://0.0.0.0/test1/test1/file?action=edit&amp;mode=up
ERROR: expected isValid() to return true for h3t://0.0.0.0/test1/t123/file?action=view
ERROR: expected isValid() to return true for h3t://0.0.0.0/test1/t123/file?action=edit&amp;mode=up
ERROR: expected isValid() to return true for h3t://0.0.0.0/test1/$23/file?action=view
ERROR: expected isValid() to return true for h3t://0.0.0.0/test1/$23/file?action=edit&amp;mode=up
ERROR: expected isValid() to return true for h3t://0.0.0.0/t123/test1?action=view
ERROR: expected isValid() to return true for h3t://0.0.0.0/t123/test1?action=edit&amp;mode=up
ERROR: expected isValid() to return true for h3t://0.0.0.0/t123/t123?action=view
ERROR: expected isValid() to return true for h3t://0.0.0.0/t123/t123?action=edit&amp;mode=up
ERROR: expected isValid() to return true for h3t://0.0.0.0/t123/$23?action=view
ERROR: expected isValid() to return true for h3t://0.0.0.0/t123/$23?action=edit&amp;mode=up
ERROR: expected isValid() to return true for h3t://0.0.0.0/t123/test1?action=view
ERROR: expected isValid() to return true for h3t://0.0.0.0/t123/test1?action=edit&amp;mode=up
ERROR: expected isValid() to return true for h3t://0.0.0.0/t123/test1/file?action=view
ERROR: expected isValid() to return true for h3t://0.0.0.0/t123/test1/file?action=edit&amp;mode=up
ERROR: expected isValid() to return true for h3t://0.0.0.0/t123/t123/file?action=view
ERROR: expected isValid() to return true for h3t://0.0.0.0/t123/t123/file?action=edit&amp;mode=up
ERROR: expected isValid() to return true for h3t://0.0.0.0/t123/$23/file?action=view
ERROR: expected isValid() to return true for h3t://0.0.0.0/t123/$23/file?action=edit&amp;mode=up
ERROR: expected isValid() to return true for h3t://0.0.0.0/$23/test1?action=view
ERROR: expected isValid() to return true for h3t://0.0.0.0/$23/test1?action=edit&amp;mode=up
ERROR: expected isValid() to return true for h3t://0.0.0.0/$23/t123?action=view
ERROR: expected isValid() to return true for h3t://0.0.0.0/$23/t123?action=edit&amp;mode=up
ERROR: expected isValid() to return true for h3t://0.0.0.0/$23/$23?action=view
ERROR: expected isValid() to return true for h3t://0.0.0.0/$23/$23?action=edit&amp;mode=up
ERROR: expected isValid() to return true for h3t://0.0.0.0/$23/test1?action=view
ERROR: expected isValid() to return true for h3t://0.0.0.0/$23/test1?action=edit&amp;mode=up
ERROR: expected isValid() to return true for h3t://0.0.0.0/$23/test1/file?action=view
ERROR: expected isValid() to return true for h3t://0.0.0.0/$23/test1/file?action=edit&amp;mode=up
ERROR: expected isValid() to return true for h3t://0.0.0.0/$23/t123/file?action=view
ERROR: expected isValid() to return true for h3t://0.0.0.0/$23/t123/file?action=edit&amp;mode=up
ERROR: expected isValid() to return true for h3t://0.0.0.0/$23/$23/file?action=view
ERROR: expected isValid() to return true for h3t://0.0.0.0/$23/$23/file?action=edit&amp;mode=up
ERROR: expected isValid() to return true for h3t://0.0.0.0/test1/test1?action=view
ERROR: expected isValid() to return true for h3t://0.0.0.0/test1/test1?action=edit&amp;mode=up
ERROR: expected isValid() to return true for h3t://0.0.0.0/test1/t123?action=view
ERROR: expected isValid() to return true for h3t://0.0.0.0/test1/t123?action=edit&amp;mode=up
ERROR: expected isValid() to return true for h3t://0.0.0.0/test1/$23?action=view
ERROR: expected isValid() to return true for h3t://0.0.0.0/test1/$23?action=edit&amp;mode=up
ERROR: expected isValid() to return true for h3t://0.0.0.0/test1/test1?action=view
ERROR: expected isValid() to return true for h3t://0.0.0.0/test1/test1?action=edit&amp;mode=up
ERROR: expected isValid() to return true for h3t://0.0.0.0/test1/test1/file?action=view
ERROR: expected isValid() to return true for h3t://0.0.0.0/test1/test1/file?action=edit&amp;mode=up
ERROR: expected isValid() to return true for h3t://0.0.0.0/test1/t123/file?action=view
ERROR: expected isValid() to return true for h3t://0.0.0.0/test1/t123/file?action=edit&amp;mode=up
ERROR: expected isValid() to return true for h3t://0.0.0.0/test1/$23/file?action=view
ERROR: expected isValid() to return true for h3t://0.0.0.0/test1/$23/file?action=edit&amp;mode=up
ERROR: expected isValid() to return true for h3t://0.0.0.0/test1/file/test1?action=view
ERROR: expected isValid() to return true for h3t://0.0.0.0/test1/file/test1?action=edit&amp;mode=up
ERROR: expected isValid() to return true for h3t://0.0.0.0/test1/file/t123?action=view
ERROR: expected isValid() to return true for h3t://0.0.0.0/test1/file/t123?action=edit&amp;mode=up
ERROR: expected isValid() to return true for h3t://0.0.0.0/test1/file/$23?action=view
ERROR: expected isValid() to return true for h3t://0.0.0.0/test1/file/$23?action=edit&amp;mode=up
ERROR: expected isValid() to return true for h3t://0.0.0.0/test1/file/test1?action=view
ERROR: expected isValid() to return true for h3t://0.0.0.0/test1/file/test1?action=edit&amp;mode=up
ERROR: expected isValid() to return true for h3t://0.0.0.0/test1/file/test1/file?action=view
ERROR: expected isValid() to return true for h3t://0.0.0.0/test1/file/test1/file?action=edit&amp;mode=up
ERROR: expected isValid() to return true for h3t://0.0.0.0/test1/file/t123/file?action=view
ERROR: expected isValid() to return true for h3t://0.0.0.0/test1/file/t123/file?action=edit&amp;mode=up
ERROR: expected isValid() to return true for h3t://0.0.0.0/test1/file/$23/file?action=view
ERROR: expected isValid() to return true for h3t://0.0.0.0/test1/file/$23/file?action=edit&amp;mode=up
ERROR: expected isValid() to return true for h3t://0.0.0.0:65636/test1/test1?action=view
ERROR: expected isValid() to return true for h3t://0.0.0.0:65636/test1/test1?action=edit&amp;mode=up
ERROR: expected isValid() to return true for h3t://0.0.0.0:65636/test1/test1
ERROR: expected isValid() to return true for h3t://0.0.0.0:65636/test1/t123?action=view
ERROR: expected isValid() to return true for h3t://0.0.0.0:65636/test1/t123?action=edit&amp;mode=up
ERROR: expected isValid() to return true for h3t://0.0.0.0:65636/test1/t123
ERROR: expected isValid() to return true for h3t://0.0.0.0:65636/test1/$23?action=view
ERROR: expected isValid() to return true for h3t://0.0.0.0:65636/test1/$23?action=edit&amp;mode=up
ERROR: expected isValid() to return true for h3t://0.0.0.0:65636/test1/$23
ERROR: expected isValid() to return true for h3t://0.0.0.0:65636/test1/test1?action=view
ERROR: expected isValid() to return true for h3t://0.0.0.0:65636/test1/test1?action=edit&amp;mode=up
ERROR: expected isValid() to return true for h3t://0.0.0.0:65636/test1/test1
ERROR: expected isValid() to return true for h3t://0.0.0.0:65636/test1/test1/file?action=view
ERROR: expected isValid() to return true for h3t://0.0.0.0:65636/test1/test1/file?action=edit&amp;mode=up
ERROR: expected isValid() to return true for h3t://0.0.0.0:65636/test1/test1/file
ERROR: expected isValid() to return true for h3t://0.0.0.0:65636/test1/t123/file?action=view
ERROR: expected isValid() to return true for h3t://0.0.0.0:65636/test1/t123/file?action=edit&amp;mode=up
ERROR: expected isValid() to return true for h3t://0.0.0.0:65636/test1/t123/file
ERROR: expected isValid() to return true for h3t://0.0.0.0:65636/test1/$23/file?action=view
ERROR: expected isValid() to return true for h3t://0.0.0.0:65636/test1/$23/file?action=edit&amp;mode=up
ERROR: expected isValid() to return true for h3t://0.0.0.0:65636/test1/$23/file
ERROR: expected isValid() to return true for h3t://0.0.0.0:65636/t123/test1?action=view
ERROR: expected isValid() to return true for h3t://0.0.0.0:65636/t123/test1?action=edit&amp;mode=up
ERROR: expected isValid() to return true for h3t://0.0.0.0:65636/t123/test1
ERROR: expected isValid() to return true for h3t://0.0.0.0:65636/t123/t123?action=view
ERROR: expected isValid() to return true for h3t://0.0.0.0:65636/t123/t123?action=edit&amp;mode=up
ERROR: expected isValid() to return true for h3t://0.0.0.0:65636/t123/t123
ERROR: expected isValid() to return true for h3t://0.0.0.0:65636/t123/$23?action=view
ERROR: expected isValid() to return true for h3t://0.0.0.0:65636/t123/$23?action=edit&amp;mode=up
ERROR: expected isValid() to return true for h3t://0.0.0.0:65636/t123/$23
ERROR: expected isValid() to return true for h3t://0.0.0.0:65636/t123/test1?action=view
ERROR: expected isValid() to return true for h3t://0.0.0.0:65636/t123/test1?action=edit&amp;mode=up
ERROR: expected isValid() to return true for h3t://0.0.0.0:65636/t123/test1
ERROR: expected isValid() to return true for h3t://0.0.0.0:65636/t123/test1/file?action=view
ERROR: expected isValid() to return true for h3t://0.0.0.0:65636/t123/test1/file?action=edit&amp;mode=up
ERROR: expected isValid() to return true for h3t://0.0.0.0:65636/t123/test1/file
ERROR: expected isValid() to return true for h3t://0.0.0.0:65636/t123/t123/file?action=view
ERROR: expected isValid() to return true for h3t://0.0.0.0:65636/t123/t123/file?action=edit&amp;mode=up
ERROR: expected isValid() to return true for h3t://0.0.0.0:65636/t123/t123/file
ERROR: expected isValid() to return true for h3t://0.0.0.0:65636/t123/$23/file?action=view
ERROR: expected isValid() to return true for h3t://0.0.0.0:65636/t123/$23/file?action=edit&amp;mode=up
ERROR: expected isValid() to return true for h3t://0.0.0.0:65636/t123/$23/file
ERROR: expected isValid() to return true for h3t://0.0.0.0:65636/$23/test1?action=view
ERROR: expected isValid() to return true for h3t://0.0.0.0:65636/$23/test1?action=edit&amp;mode=up
ERROR: expected isValid() to return true for h3t://0.0.0.0:65636/$23/test1
ERROR: expected isValid() to return true for h3t://0.0.0.0:65636/$23/t123?action=view
ERROR: expected isValid() to return true for h3t://0.0.0.0:65636/$23/t123?action=edit&amp;mode=up
ERROR: expected isValid() to return true for h3t://0.0.0.0:65636/$23/t123
ERROR: expected isValid() to return true for h3t://0.0.0.0:65636/$23/$23?action=view
ERROR: expected isValid() to return true for h3t://0.0.0.0:65636/$23/$23?action=edit&amp;mode=up
ERROR: expected isValid() to return true for h3t://0.0.0.0:65636/$23/$23
ERROR: expected isValid() to return true for h3t://0.0.0.0:65636/$23/test1?action=view
ERROR: expected isValid() to return true for h3t://0.0.0.0:65636/$23/test1?action=edit&amp;mode=up
ERROR: expected isValid() to return true for h3t://0.0.0.0:65636/$23/test1
ERROR: expected isValid() to return true for h3t://0.0.0.0:65636/$23/test1/file?action=view
ERROR: expected isValid() to return true for h3t://0.0.0.0:65636/$23/test1/file?action=edit&amp;mode=up
ERROR: expected isValid() to return true for h3t://0.0.0.0:65636/$23/test1/file
ERROR: expected isValid() to return true for h3t://0.0.0.0:65636/$23/t123/file?action=view
ERROR: expected isValid() to return true for h3t://0.0.0.0:65636/$23/t123/file?action=edit&amp;mode=up
ERROR: expected isValid() to return true for h3t://0.0.0.0:65636/$23/t123/file
ERROR: expected isValid() to return true for h3t://0.0.0.0:65636/$23/$23/file?action=view
ERROR: expected isValid() to return true for h3t://0.0.0.0:65636/$23/$23/file?action=edit&amp;mode=up
ERROR: expected isValid() to return true for h3t://0.0.0.0:65636/$23/$23/file
ERROR: expected isValid() to return true for h3t://0.0.0.0:65636/test1/test1?action=view
ERROR: expected isValid() to return true for h3t://0.0.0.0:65636/test1/test1?action=edit&amp;mode=up
ERROR: expected isValid() to return true for h3t://0.0.0.0:65636/test1/test1
ERROR: expected isValid() to return true for h3t://0.0.0.0:65636/test1/t123?action=view
ERROR: expected isValid() to return true for h3t://0.0.0.0:65636/test1/t123?action=edit&amp;mode=up
ERROR: expected isValid() to return true for h3t://0.0.0.0:65636/test1/t123
ERROR: expected isValid() to return true for h3t://0.0.0.0:65636/test1/$23?action=view
ERROR: expected isValid() to return true for h3t://0.0.0.0:65636/test1/$23?action=edit&amp;mode=up
ERROR: expected isValid() to return true for h3t://0.0.0.0:65636/test1/$23
ERROR: expected isValid() to return true for h3t://0.0.0.0:65636/test1/test1?action=view
ERROR: expected isValid() to return true for h3t://0.0.0.0:65636/test1/test1?action=edit&amp;mode=up
ERROR: expected isValid() to return true for h3t://0.0.0.0:65636/test1/test1
ERROR: expected isValid() to return true for h3t://0.0.0.0:65636/test1/test1/file?action=view
ERROR: expected isValid() to return true for h3t://0.0.0.0:65636/test1/test1/file?action=edit&amp;mode=up
ERROR: expected isValid() to return true for h3t://0.0.0.0:65636/test1/test1/file
ERROR: expected isValid() to return true for h3t://0.0.0.0:65636/test1/t123/file?action=view
ERROR: expected isValid() to return true for h3t://0.0.0.0:65636/test1/t123/file?action=edit&amp;mode=up
ERROR: expected isValid() to return true for h3t://0.0.0.0:65636/test1/t123/file
ERROR: expected isValid() to return true for h3t://0.0.0.0:65636/test1/$23/file?action=view
ERROR: expected isValid() to return true for h3t://0.0.0.0:65636/test1/$23/file?action=edit&amp;mode=up
ERROR: expected isValid() to return true for h3t://0.0.0.0:65636/test1/$23/file
ERROR: expected isValid() to return true for h3t://0.0.0.0:65636/test1/file/test1?action=view
ERROR: expected isValid() to return true for h3t://0.0.0.0:65636/test1/file/test1?action=edit&amp;mode=up
ERROR: expected isValid() to return true for h3t://0.0.0.0:65636/test1/file/test1
ERROR: expected isValid() to return true for h3t://0.0.0.0:65636/test1/file/t123?action=view
ERROR: expected isValid() to return true for h3t://0.0.0.0:65636/test1/file/t123?action=edit&amp;mode=up
ERROR: expected isValid() to return true for h3t://0.0.0.0:65636/test1/file/t123
ERROR: expected isValid() to return true for h3t://0.0.0.0:65636/test1/file/$23?action=view
ERROR: expected isValid() to return true for h3t://0.0.0.0:65636/test1/file/$23?action=edit&amp;mode=up
ERROR: expected isValid() to return true for h3t://0.0.0.0:65636/test1/file/$23
ERROR: expected isValid() to return true for h3t://0.0.0.0:65636/test1/file/test1?action=view
ERROR: expected isValid() to return true for h3t://0.0.0.0:65636/test1/file/test1?action=edit&amp;mode=up
ERROR: expected isValid() to return true for h3t://0.0.0.0:65636/test1/file/test1
ERROR: expected isValid() to return true for h3t://0.0.0.0:65636/test1/file/test1/file?action=view
ERROR: expected isValid() to return true for h3t://0.0.0.0:65636/test1/file/test1/file?action=edit&amp;mode=up
ERROR: expected isValid() to return true for h3t://0.0.0.0:65636/test1/file/test1/file
ERROR: expected isValid() to return true for h3t://0.0.0.0:65636/test1/file/t123/file?action=view
ERROR: expected isValid() to return true for h3t://0.0.0.0:65636/test1/file/t123/file?action=edit&amp;mode=up
ERROR: expected isValid() to return true for h3t://0.0.0.0:65636/test1/file/t123/file
ERROR: expected isValid() to return true for h3t://0.0.0.0:65636/test1/file/$23/file?action=view
ERROR: expected isValid() to return true for h3t://0.0.0.0:65636/test1/file/$23/file?action=edit&amp;mode=up
ERROR: expected isValid() to return true for h3t://0.0.0.0:65636/test1/file/$23/file
ERROR: expected isValid() to return true for h3t://255.255.255.255:80/test1/test1?action=view
ERROR: expected isValid() to return true for h3t://255.255.255.255:80/test1/test1?action=edit&amp;mode=up
ERROR: expected isValid() to return true for h3t://255.255.255.255:80/test1/t123?action=view
ERROR: expected isValid() to return true for h3t://255.255.255.255:80/test1/t123?action=edit&amp;mode=up
ERROR: expected isValid() to return true for h3t://255.255.255.255:80/test1/$23?action=view
ERROR: expected isValid() to return true for h3t://255.255.255.255:80/test1/$23?action=edit&amp;mode=up
ERROR: expected isValid() to return true for h3t://255.255.255.255:80/test1/test1?action=view
ERROR: expected isValid() to return true for h3t://255.255.255.255:80/test1/test1?action=edit&amp;mode=up
ERROR: expected isValid() to return true for h3t://255.255.255.255:80/test1/test1/file?action=view
ERROR: expected isValid() to return true for h3t://255.255.255.255:80/test1/test1/file?action=edit&amp;mode=up
ERROR: expected isValid() to return true for h3t://255.255.255.255:80/test1/t123/file?action=view
ERROR: expected isValid() to return true for h3t://255.255.255.255:80/test1/t123/file?action=edit&amp;mode=up
ERROR: expected isValid() to return true for h3t://255.255.255.255:80/test1/$23/file?action=view
ERROR: expected isValid() to return true for h3t://255.255.255.255:80/test1/$23/file?action=edit&amp;mode=up
ERROR: expected isValid() to return true for h3t://255.255.255.255:80/t123/test1?action=view
ERROR: expected isValid() to return true for h3t://255.255.255.255:80/t123/test1?action=edit&amp;mode=up
ERROR: expected isValid() to return true for h3t://255.255.255.255:80/t123/t123?action=view
ERROR: expected isValid() to return true for h3t://255.255.255.255:80/t123/t123?action=edit&amp;mode=up
ERROR: expected isValid() to return true for h3t://255.255.255.255:80/t123/$23?action=view
ERROR: expected isValid() to return true for h3t://255.255.255.255:80/t123/$23?action=edit&amp;mode=up
ERROR: expected isValid() to return true for h3t://255.255.255.255:80/t123/test1?action=view
ERROR: expected isValid() to return true for h3t://255.255.255.255:80/t123/test1?action=edit&amp;mode=up
ERROR: expected isValid() to return true for h3t://255.255.255.255:80/t123/test1/file?action=view
ERROR: expected isValid() to return true for h3t://255.255.255.255:80/t123/test1/file?action=edit&amp;mode=up
ERROR: expected isValid() to return true for h3t://255.255.255.255:80/t123/t123/file?action=view
ERROR: expected isValid() to return true for h3t://255.255.255.255:80/t123/t123/file?action=edit&amp;mode=up
ERROR: expected isValid() to return true for h3t://255.255.255.255:80/t123/$23/file?action=view
ERROR: expected isValid() to return true for h3t://255.255.255.255:80/t123/$23/file?action=edit&amp;mode=up
ERROR: expected isValid() to return true for h3t://255.255.255.255:80/$23/test1?action=view
ERROR: expected isValid() to return true for h3t://255.255.255.255:80/$23/test1?action=edit&amp;mode=up
ERROR: expected isValid() to return true for h3t://255.255.255.255:80/$23/t123?action=view
ERROR: expected isValid() to return true for h3t://255.255.255.255:80/$23/t123?action=edit&amp;mode=up
ERROR: expected isValid() to return true for h3t://255.255.255.255:80/$23/$23?action=view
ERROR: expected isValid() to return true for h3t://255.255.255.255:80/$23/$23?action=edit&amp;mode=up
ERROR: expected isValid() to return true for h3t://255.255.255.255:80/$23/test1?action=view
ERROR: expected isValid() to return true for h3t://255.255.255.255:80/$23/test1?action=edit&amp;mode=up
ERROR: expected isValid() to return true for h3t://255.255.255.255:80/$23/test1/file?action=view
ERROR: expected isValid() to return true for h3t://255.255.255.255:80/$23/test1/file?action=edit&amp;mode=up
ERROR: expected isValid() to return true for h3t://255.255.255.255:80/$23/t123/file?action=view
ERROR: expected isValid() to return true for h3t://255.255.255.255:80/$23/t123/file?action=edit&amp;mode=up
ERROR: expected isValid() to return true for h3t://255.255.255.255:80/$23/$23/file?action=view
ERROR: expected isValid() to return true for h3t://255.255.255.255:80/$23/$23/file?action=edit&amp;mode=up
ERROR: expected isValid() to return true for h3t://255.255.255.255:80/test1/test1?action=view
ERROR: expected isValid() to return true for h3t://255.255.255.255:80/test1/test1?action=edit&amp;mode=up
ERROR: expected isValid() to return true for h3t://255.255.255.255:80/test1/t123?action=view
ERROR: expected isValid() to return true for h3t://255.255.255.255:80/test1/t123?action=edit&amp;mode=up
ERROR: expected isValid() to return true for h3t://255.255.255.255:80/test1/$23?action=view
ERROR: expected isValid() to return true for h3t://255.255.255.255:80/test1/$23?action=edit&amp;mode=up
ERROR: expected isValid() to return true for h3t://255.255.255.255:80/test1/test1?action=view
ERROR: expected isValid() to return true for h3t://255.255.255.255:80/test1/test1?action=edit&amp;mode=up
ERROR: expected isValid() to return true for h3t://255.255.255.255:80/test1/test1/file?action=view
ERROR: expected isValid() to return true for h3t://255.255.255.255:80/test1/test1/file?action=edit&amp;mode=up
ERROR: expected isValid() to return true for h3t://255.255.255.255:80/test1/t123/file?action=view
ERROR: expected isValid() to return true for h3t://255.255.255.255:80/test1/t123/file?action=edit&amp;mode=up
ERROR: expected isValid() to return true for h3t://255.255.255.255:80/test1/$23/file?action=view
ERROR: expected isValid() to return true for h3t://255.255.255.255:80/test1/$23/file?action=edit&amp;mode=up
ERROR: expected isValid() to return true for h3t://255.255.255.255:80/test1/file/test1?action=view
ERROR: expected isValid() to return true for h3t://255.255.255.255:80/test1/file/test1?action=edit&amp;mode=up
ERROR: expected isValid() to return true for h3t://255.255.255.255:80/test1/file/t123?action=view
ERROR: expected isValid() to return true for h3t://255.255.255.255:80/test1/file/t123?action=edit&amp;mode=up
ERROR: expected isValid() to return true for h3t://255.255.255.255:80/test1/file/$23?action=view
ERROR: expected isValid() to return true for h3t://255.255.255.255:80/test1/file/$23?action=edit&amp;mode=up
ERROR: expected isValid() to return true for h3t://255.255.255.255:80/test1/file/test1?action=view
ERROR: expected isValid() to return true for h3t://255.255.255.255:80/test1/file/test1?action=edit&amp;mode=up
ERROR: expected isValid() to return true for h3t://255.255.255.255:80/test1/file/test1/file?action=view
ERROR: expected isValid() to return true for h3t://255.255.255.255:80/test1/file/test1/file?action=edit&amp;mode=up
ERROR: expected isValid() to return true for h3t://255.255.255.255:80/test1/file/t123/file?action=view
ERROR: expected isValid() to return true for h3t://255.255.255.255:80/test1/file/t123/file?action=edit&amp;mode=up
ERROR: expected isValid() to return true for h3t://255.255.255.255:80/test1/file/$23/file?action=view
ERROR: expected isValid() to return true for h3t://255.255.255.255:80/test1/file/$23/file?action=edit&amp;mode=up
ERROR: expected isValid() to return true for h3t://255.255.255.255:65535/test1/test1?action=view
ERROR: expected isValid() to return true for h3t://255.255.255.255:65535/test1/test1?action=edit&amp;mode=up
ERROR: expected isValid() to return true for h3t://255.255.255.255:65535/test1/test1
ERROR: expected isValid() to return true for h3t://255.255.255.255:65535/test1/t123?action=view
ERROR: expected isValid() to return true for h3t://255.255.255.255:65535/test1/t123?action=edit&amp;mode=up
ERROR: expected isValid() to return true for h3t://255.255.255.255:65535/test1/t123
ERROR: expected isValid() to return true for h3t://255.255.255.255:65535/test1/$23?action=view
ERROR: expected isValid() to return true for h3t://255.255.255.255:65535/test1/$23?action=edit&amp;mode=up
ERROR: expected isValid() to return true for h3t://255.255.255.255:65535/test1/$23
ERROR: expected isValid() to return true for h3t://255.255.255.255:65535/test1/test1?action=view
ERROR: expected isValid() to return true for h3t://255.255.255.255:65535/test1/test1?action=edit&amp;mode=up
ERROR: expected isValid() to return true for h3t://255.255.255.255:65535/test1/test1
ERROR: expected isValid() to return true for h3t://255.255.255.255:65535/test1/test1/file?action=view
ERROR: expected isValid() to return true for h3t://255.255.255.255:65535/test1/test1/file?action=edit&amp;mode=up
ERROR: expected isValid() to return true for h3t://255.255.255.255:65535/test1/test1/file
ERROR: expected isValid() to return true for h3t://255.255.255.255:65535/test1/t123/file?action=view
ERROR: expected isValid() to return true for h3t://255.255.255.255:65535/test1/t123/file?action=edit&amp;mode=up
ERROR: expected isValid() to return true for h3t://255.255.255.255:65535/test1/t123/file
ERROR: expected isValid() to return true for h3t://255.255.255.255:65535/test1/$23/file?action=view
ERROR: expected isValid() to return true for h3t://255.255.255.255:65535/test1/$23/file?action=edit&amp;mode=up
ERROR: expected isValid() to return true for h3t://255.255.255.255:65535/test1/$23/file
ERROR: expected isValid() to return true for h3t://255.255.255.255:65535/t123/test1?action=view
ERROR: expected isValid() to return true for h3t://255.255.255.255:65535/t123/test1?action=edit&amp;mode=up
ERROR: expected isValid() to return true for h3t://255.255.255.255:65535/t123/test1
ERROR: expected isValid() to return true for h3t://255.255.255.255:65535/t123/t123?action=view
ERROR: expected isValid() to return true for h3t://255.255.255.255:65535/t123/t123?action=edit&amp;mode=up
ERROR: expected isValid() to return true for h3t://255.255.255.255:65535/t123/t123
ERROR: expected isValid() to return true for h3t://255.255.255.255:65535/t123/$23?action=view
ERROR: expected isValid() to return true for h3t://255.255.255.255:65535/t123/$23?action=edit&amp;mode=up
ERROR: expected isValid() to return true for h3t://255.255.255.255:65535/t123/$23
ERROR: expected isValid() to return true for h3t://255.255.255.255:65535/t123/test1?action=view
ERROR: expected isValid() to return true for h3t://255.255.255.255:65535/t123/test1?action=edit&amp;mode=up
ERROR: expected isValid() to return true for h3t://255.255.255.255:65535/t123/test1
ERROR: expected isValid() to return true for h3t://255.255.255.255:65535/t123/test1/file?action=view
ERROR: expected isValid() to return true for h3t://255.255.255.255:65535/t123/test1/file?action=edit&amp;mode=up
ERROR: expected isValid() to return true for h3t://255.255.255.255:65535/t123/test1/file
ERROR: expected isValid() to return true for h3t://255.255.255.255:65535/t123/t123/file?action=view
ERROR: expected isValid() to return true for h3t://255.255.255.255:65535/t123/t123/file?action=edit&amp;mode=up
ERROR: expected isValid() to return true for h3t://255.255.255.255:65535/t123/t123/file
ERROR: expected isValid() to return true for h3t://255.255.255.255:65535/t123/$23/file?action=view
ERROR: expected isValid() to return true for h3t://255.255.255.255:65535/t123/$23/file?action=edit&amp;mode=up
ERROR: expected isValid() to return true for h3t://255.255.255.255:65535/t123/$23/file
ERROR: expected isValid() to return true for h3t://255.255.255.255:65535/$23/test1?action=view
ERROR: expected isValid() to return true for h3t://255.255.255.255:65535/$23/test1?action=edit&amp;mode=up
ERROR: expected isValid() to return true for h3t://255.255.255.255:65535/$23/test1
ERROR: expected isValid() to return true for h3t://255.255.255.255:65535/$23/t123?action=view
ERROR: expected isValid() to return true for h3t://255.255.255.255:65535/$23/t123?action=edit&amp;mode=up
ERROR: expected isValid() to return true for h3t://255.255.255.255:65535/$23/t123
ERROR: expected isValid() to return true for h3t://255.255.255.255:65535/$23/$23?action=view
ERROR: expected isValid() to return true for h3t://255.255.255.255:65535/$23/$23?action=edit&amp;mode=up
ERROR: expected isValid() to return true for h3t://255.255.255.255:65535/$23/$23
ERROR: expected isValid() to return true for h3t://255.255.255.255:65535/$23/test1?action=view
ERROR: expected isValid() to return true for h3t://255.255.255.255:65535/$23/test1?action=edit&amp;mode=up
ERROR: expected isValid() to return true for h3t://255.255.255.255:65535/$23/test1
ERROR: expected isValid() to return true for h3t://255.255.255.255:65535/$23/test1/file?action=view
ERROR: expected isValid() to return true for h3t://255.255.255.255:65535/$23/test1/file?action=edit&amp;mode=up
ERROR: expected isValid() to return true for h3t://255.255.255.255:65535/$23/test1/file
ERROR: expected isValid() to return true for h3t://255.255.255.255:65535/$23/t123/file?action=view
ERROR: expected isValid() to return true for h3t://255.255.255.255:65535/$23/t123/file?action=edit&amp;mode=up
ERROR: expected isValid() to return true for h3t://255.255.255.255:65535/$23/t123/file
ERROR: expected isValid() to return true for h3t://255.255.255.255:65535/$23/$23/file?action=view
ERROR: expected isValid() to return true for h3t://255.255.255.255:65535/$23/$23/file?action=edit&amp;mode=up
ERROR: expected isValid() to return true for h3t://255.255.255.255:65535/$23/$23/file
ERROR: expected isValid() to return true for h3t://255.255.255.255:65535/test1/test1?action=view
ERROR: expected isValid() to return true for h3t://255.255.255.255:65535/test1/test1?action=edit&amp;mode=up
ERROR: expected isValid() to return true for h3t://255.255.255.255:65535/test1/test1
ERROR: expected isValid() to return true for h3t://255.255.255.255:65535/test1/t123?action=view
ERROR: expected isValid() to return true for h3t://255.255.255.255:65535/test1/t123?action=edit&amp;mode=up
ERROR: expected isValid() to return true for h3t://255.255.255.255:65535/test1/t123
ERROR: expected isValid() to return true for h3t://255.255.255.255:65535/test1/$23?action=view
ERROR: expected isValid() to return true for h3t://255.255.255.255:65535/test1/$23?action=edit&amp;mode=up
ERROR: expected isValid() to return true for h3t://255.255.255.255:65535/test1/$23
ERROR: expected isValid() to return true for h3t://255.255.255.255:65535/test1/test1?action=view
ERROR: expected isValid() to return true for h3t://255.255.255.255:65535/test1/test1?action=edit&amp;mode=up
ERROR: expected isValid() to return true for h3t://255.255.255.255:65535/test1/test1
ERROR: expected isValid() to return true for h3t://255.255.255.255:65535/test1/test1/file?action=view
ERROR: expected isValid() to return true for h3t://255.255.255.255:65535/test1/test1/file?action=edit&amp;mode=up
ERROR: expected isValid() to return true for h3t://255.255.255.255:65535/test1/test1/file
ERROR: expected isValid() to return true for h3t://255.255.255.255:65535/test1/t123/file?action=view
ERROR: expected isValid() to return true for h3t://255.255.255.255:65535/test1/t123/file?action=edit&amp;mode=up
ERROR: expected isValid() to return true for h3t://255.255.255.255:65535/test1/t123/file
ERROR: expected isValid() to return true for h3t://255.255.255.255:65535/test1/$23/file?action=view
ERROR: expected isValid() to return true for h3t://255.255.255.255:65535/test1/$23/file?action=edit&amp;mode=up
ERROR: expected isValid() to return true for h3t://255.255.255.255:65535/test1/$23/file
ERROR: expected isValid() to return true for h3t://255.255.255.255:65535/test1/file/test1?action=view
ERROR: expected isValid() to return true for h3t://255.255.255.255:65535/test1/file/test1?action=edit&amp;mode=up
ERROR: expected isValid() to return true for h3t://255.255.255.255:65535/test1/file/test1
ERROR: expected isValid() to return true for h3t://255.255.255.255:65535/test1/file/t123?action=view
ERROR: expected isValid() to return true for h3t://255.255.255.255:65535/test1/file/t123?action=edit&amp;mode=up
ERROR: expected isValid() to return true for h3t://255.255.255.255:65535/test1/file/t123
ERROR: expected isValid() to return true for h3t://255.255.255.255:65535/test1/file/$23?action=view
ERROR: expected isValid() to return true for h3t://255.255.255.255:65535/test1/file/$23?action=edit&amp;mode=up
ERROR: expected isValid() to return true for h3t://255.255.255.255:65535/test1/file/$23
ERROR: expected isValid() to return true for h3t://255.255.255.255:65535/test1/file/test1?action=view
ERROR: expected isValid() to return true for h3t://255.255.255.255:65535/test1/file/test1?action=edit&amp;mode=up
ERROR: expected isValid() to return true for h3t://255.255.255.255:65535/test1/file/test1
ERROR: expected isValid() to return true for h3t://255.255.255.255:65535/test1/file/test1/file?action=view
ERROR: expected isValid() to return true for h3t://255.255.255.255:65535/test1/file/test1/file?action=edit&amp;mode=up
ERROR: expected isValid() to return true for h3t://255.255.255.255:65535/test1/file/test1/file
ERROR: expected isValid() to return true for h3t://255.255.255.255:65535/test1/file/t123/file?action=view
ERROR: expected isValid() to return true for h3t://255.255.255.255:65535/test1/file/t123/file?action=edit&amp;mode=up
ERROR: expected isValid() to return true for h3t://255.255.255.255:65535/test1/file/t123/file
ERROR: expected isValid() to return true for h3t://255.255.255.255:65535/test1/file/$23/file?action=view
ERROR: expected isValid() to return true for h3t://255.255.255.255:65535/test1/file/$23/file?action=edit&amp;mode=up
ERROR: expected isValid() to return true for h3t://255.255.255.255:65535/test1/file/$23/file
ERROR: expected isValid() to return true for h3t://255.255.255.255:0/test1/test1?action=view
ERROR: expected isValid() to return true for h3t://255.255.255.255:0/test1/test1?action=edit&amp;mode=up
ERROR: expected isValid() to return true for h3t://255.255.255.255:0/test1/t123?action=view
ERROR: expected isValid() to return true for h3t://255.255.255.255:0/test1/t123?action=edit&amp;mode=up
ERROR: expected isValid() to return true for h3t://255.255.255.255:0/test1/$23?action=view
ERROR: expected isValid() to return true for h3t://255.255.255.255:0/test1/$23?action=edit&amp;mode=up
ERROR: expected isValid() to return true for h3t://255.255.255.255:0/test1/test1?action=view
ERROR: expected isValid() to return true for h3t://255.255.255.255:0/test1/test1?action=edit&amp;mode=up
ERROR: expected isValid() to return true for h3t://255.255.255.255:0/test1/test1/file?action=view
ERROR: expected isValid() to return true for h3t://255.255.255.255:0/test1/test1/file?action=edit&amp;mode=up
ERROR: expected isValid() to return true for h3t://255.255.255.255:0/test1/t123/file?action=view
ERROR: expected isValid() to return true for h3t://255.255.255.255:0/test1/t123/file?action=edit&amp;mode=up
ERROR: expected isValid() to return true for h3t://255.255.255.255:0/test1/$23/file?action=view
ERROR: expected isValid() to return true for h3t://255.255.255.255:0/test1/$23/file?action=edit&amp;mode=up
ERROR: expected isValid() to return true for h3t://255.255.255.255:0/t123/test1?action=view
ERROR: expected isValid() to return true for h3t://255.255.255.255:0/t123/test1?action=edit&amp;mode=up
ERROR: expected isValid() to return true for h3t://255.255.255.255:0/t123/t123?action=view
ERROR: expected isValid() to return true for h3t://255.255.255.255:0/t123/t123?action=edit&amp;mode=up
ERROR: expected isValid() to return true for h3t://255.255.255.255:0/t123/$23?action=view
ERROR: expected isValid() to return true for h3t://255.255.255.255:0/t123/$23?action=edit&amp;mode=up
ERROR: expected isValid() to return true for h3t://255.255.255.255:0/t123/test1?action=view
ERROR: expected isValid() to return true for h3t://255.255.255.255:0/t123/test1?action=edit&amp;mode=up
ERROR: expected isValid() to return true for h3t://255.255.255.255:0/t123/test1/file?action=view
ERROR: expected isValid() to return true for h3t://255.255.255.255:0/t123/test1/file?action=edit&amp;mode=up
ERROR: expected isValid() to return true for h3t://255.255.255.255:0/t123/t123/file?action=view
ERROR: expected isValid() to return true for h3t://255.255.255.255:0/t123/t123/file?action=edit&amp;mode=up
ERROR: expected isValid() to return true for h3t://255.255.255.255:0/t123/$23/file?action=view
ERROR: expected isValid() to return true for h3t://255.255.255.255:0/t123/$23/file?action=edit&amp;mode=up
ERROR: expected isValid() to return true for h3t://255.255.255.255:0/$23/test1?action=view
ERROR: expected isValid() to return true for h3t://255.255.255.255:0/$23/test1?action=edit&amp;mode=up
ERROR: expected isValid() to return true for h3t://255.255.255.255:0/$23/t123?action=view
ERROR: expected isValid() to return true for h3t://255.255.255.255:0/$23/t123?action=edit&amp;mode=up
ERROR: expected isValid() to return true for h3t://255.255.255.255:0/$23/$23?action=view
ERROR: expected isValid() to return true for h3t://255.255.255.255:0/$23/$23?action=edit&amp;mode=up
ERROR: expected isValid() to return true for h3t://255.255.255.255:0/$23/test1?action=view
ERROR: expected isValid() to return true for h3t://255.255.255.255:0/$23/test1?action=edit&amp;mode=up
ERROR: expected isValid() to return true for h3t://255.255.255.255:0/$23/test1/file?action=view
ERROR: expected isValid() to return true for h3t://255.255.255.255:0/$23/test1/file?action=edit&amp;mode=up
ERROR: expected isValid() to return true for h3t://255.255.255.255:0/$23/t123/file?action=view
ERROR: expected isValid() to return true for h3t://255.255.255.255:0/$23/t123/file?action=edit&amp;mode=up
ERROR: expected isValid() to return true for h3t://255.255.255.255:0/$23/$23/file?action=view
ERROR: expected isValid() to return true for h3t://255.255.255.255:0/$23/$23/file?action=edit&amp;mode=up
ERROR: expected isValid() to return true for h3t://255.255.255.255:0/test1/test1?action=view
ERROR: expected isValid() to return true for h3t://255.255.255.255:0/test1/test1?action=edit&amp;mode=up
ERROR: expected isValid() to return true for h3t://255.255.255.255:0/test1/t123?action=view
ERROR: expected isValid() to return true for h3t://255.255.255.255:0/test1/t123?action=edit&amp;mode=up
ERROR: expected isValid() to return true for h3t://255.255.255.255:0/test1/$23?action=view
ERROR: expected isValid() to return true for h3t://255.255.255.255:0/test1/$23?action=edit&amp;mode=up
ERROR: expected isValid() to return true for h3t://255.255.255.255:0/test1/test1?action=view
ERROR: expected isValid() to return true for h3t://255.255.255.255:0/test1/test1?action=edit&amp;mode=up
ERROR: expected isValid() to return true for h3t://255.255.255.255:0/test1/test1/file?action=view
ERROR: expected isValid() to return true for h3t://255.255.255.255:0/test1/test1/file?action=edit&amp;mode=up
ERROR: expected isValid() to return true for h3t://255.255.255.255:0/test1/t123/file?action=view
ERROR: expected isValid() to return true for h3t://255.255.255.255:0/test1/t123/file?action=edit&amp;mode=up
ERROR: expected isValid() to return true for h3t://255.255.255.255:0/test1/$23/file?action=view
ERROR: expected isValid() to return true for h3t://255.255.255.255:0/test1/$23/file?action=edit&amp;mode=up
ERROR: expected isValid() to return true for h3t://255.255.255.255:0/test1/file/test1?action=view
ERROR: expected isValid() to return true for h3t://255.255.255.255:0/test1/file/test1?action=edit&amp;mode=up
ERROR: expected isValid() to return true for h3t://255.255.255.255:0/test1/file/t123?action=view
ERROR: expected isValid() to return true for h3t://255.255.255.255:0/test1/file/t123?action=edit&amp;mode=up
ERROR: expected isValid() to return true for h3t://255.255.255.255:0/test1/file/$23?action=view
ERROR: expected isValid() to return true for h3t://255.255.255.255:0/test1/file/$23?action=edit&amp;mode=up
ERROR: expected isValid() to return true for h3t://255.255.255.255:0/test1/file/test1?action=view
ERROR: expected isValid() to return true for h3t://255.255.255.255:0/test1/file/test1?action=edit&amp;mode=up
ERROR: expected isValid() to return true for h3t://255.255.255.255:0/test1/file/test1/file?action=view
ERROR: expected isValid() to return true for h3t://255.255.255.255:0/test1/file/test1/file?action=edit&amp;mode=up
ERROR: expected isValid() to return true for h3t://255.255.255.255:0/test1/file/t123/file?action=view
ERROR: expected isValid() to return true for h3t://255.255.255.255:0/test1/file/t123/file?action=edit&amp;mode=up
ERROR: expected isValid() to return true for h3t://255.255.255.255:0/test1/file/$23/file?action=view
ERROR: expected isValid() to return true for h3t://255.255.255.255:0/test1/file/$23/file?action=edit&amp;mode=up
ERROR: expected isValid() to return true for h3t://255.255.255.255/test1/test1?action=view
ERROR: expected isValid() to return true for h3t://255.255.255.255/test1/test1?action=edit&amp;mode=up
ERROR: expected isValid() to return true for h3t://255.255.255.255/test1/t123?action=view
ERROR: expected isValid() to return true for h3t://255.255.255.255/test1/t123?action=edit&amp;mode=up
ERROR: expected isValid() to return true for h3t://255.255.255.255/test1/$23?action=view
ERROR: expected isValid() to return true for h3t://255.255.255.255/test1/$23?action=edit&amp;mode=up
ERROR: expected isValid() to return true for h3t://255.255.255.255/test1/test1?action=view
ERROR: expected isValid() to return true for h3t://255.255.255.255/test1/test1?action=edit&amp;mode=up
ERROR: expected isValid() to return true for h3t://255.255.255.255/test1/test1/file?action=view
ERROR: expected isValid() to return true for h3t://255.255.255.255/test1/test1/file?action=edit&amp;mode=up
ERROR: expected isValid() to return true for h3t://255.255.255.255/test1/t123/file?action=view
ERROR: expected isValid() to return true for h3t://255.255.255.255/test1/t123/file?action=edit&amp;mode=up
ERROR: expected isValid() to return true for h3t://255.255.255.255/test1/$23/file?action=view
ERROR: expected isValid() to return true for h3t://255.255.255.255/test1/$23/file?action=edit&amp;mode=up
ERROR: expected isValid() to return true for h3t://255.255.255.255/t123/test1?action=view
ERROR: expected isValid() to return true for h3t://255.255.255.255/t123/test1?action=edit&amp;mode=up
ERROR: expected isValid() to return true for h3t://255.255.255.255/t123/t123?action=view
ERROR: expected isValid() to return true for h3t://255.255.255.255/t123/t123?action=edit&amp;mode=up
ERROR: expected isValid() to return true for h3t://255.255.255.255/t123/$23?action=view
ERROR: expected isValid() to return true for h3t://255.255.255.255/t123/$23?action=edit&amp;mode=up
ERROR: expected isValid() to return true for h3t://255.255.255.255/t123/test1?action=view
ERROR: expected isValid() to return true for h3t://255.255.255.255/t123/test1?action=edit&amp;mode=up
ERROR: expected isValid() to return true for h3t://255.255.255.255/t123/test1/file?action=view
ERROR: expected isValid() to return true for h3t://255.255.255.255/t123/test1/file?action=edit&amp;mode=up
ERROR: expected isValid() to return true for h3t://255.255.255.255/t123/t123/file?action=view
ERROR: expected isValid() to return true for h3t://255.255.255.255/t123/t123/file?action=edit&amp;mode=up
ERROR: expected isValid() to return true for h3t://255.255.255.255/t123/$23/file?action=view
ERROR: expected isValid() to return true for h3t://255.255.255.255/t123/$23/file?action=edit&amp;mode=up
ERROR: expected isValid() to return true for h3t://255.255.255.255/$23/test1?action=view
ERROR: expected isValid() to return true for h3t://255.255.255.255/$23/test1?action=edit&amp;mode=up
ERROR: expected isValid() to return true for h3t://255.255.255.255/$23/t123?action=view
ERROR: expected isValid() to return true for h3t://255.255.255.255/$23/t123?action=edit&amp;mode=up
ERROR: expected isValid() to return true for h3t://255.255.255.255/$23/$23?action=view
ERROR: expected isValid() to return true for h3t://255.255.255.255/$23/$23?action=edit&amp;mode=up
ERROR: expected isValid() to return true for h3t://255.255.255.255/$23/test1?action=view
ERROR: expected isValid() to return true for h3t://255.255.255.255/$23/test1?action=edit&amp;mode=up
ERROR: expected isValid() to return true for h3t://255.255.255.255/$23/test1/file?action=view
ERROR: expected isValid() to return true for h3t://255.255.255.255/$23/test1/file?action=edit&amp;mode=up
ERROR: expected isValid() to return true for h3t://255.255.255.255/$23/t123/file?action=view
ERROR: expected isValid() to return true for h3t://255.255.255.255/$23/t123/file?action=edit&amp;mode=up
ERROR: expected isValid() to return true for h3t://255.255.255.255/$23/$23/file?action=view
ERROR: expected isValid() to return true for h3t://255.255.255.255/$23/$23/file?action=edit&amp;mode=up
ERROR: expected isValid() to return true for h3t://255.255.255.255/test1/test1?action=view
ERROR: expected isValid() to return true for h3t://255.255.255.255/test1/test1?action=edit&amp;mode=up
ERROR: expected isValid() to return true for h3t://255.255.255.255/test1/t123?action=view
ERROR: expected isValid() to return true for h3t://255.255.255.255/test1/t123?action=edit&amp;mode=up
ERROR: expected isValid() to return true for h3t://255.255.255.255/test1/$23?action=view
ERROR: expected isValid() to return true for h3t://255.255.255.255/test1/$23?action=edit&amp;mode=up
ERROR: expected isValid() to return true for h3t://255.255.255.255/test1/test1?action=view
ERROR: expected isValid() to return true for h3t://255.255.255.255/test1/test1?action=edit&amp;mode=up
ERROR: expected isValid() to return true for h3t://255.255.255.255/test1/test1/file?action=view
ERROR: expected isValid() to return true for h3t://255.255.255.255/test1/test1/file?action=edit&amp;mode=up
ERROR: expected isValid() to return true for h3t://255.255.255.255/test1/t123/file?action=view
ERROR: expected isValid() to return true for h3t://255.255.255.255/test1/t123/file?action=edit&amp;mode=up
ERROR: expected isValid() to return true for h3t://255.255.255.255/test1/$23/file?action=view
ERROR: expected isValid() to return true for h3t://255.255.255.255/test1/$23/file?action=edit&amp;mode=up
ERROR: expected isValid() to return true for h3t://255.255.255.255/test1/file/test1?action=view
ERROR: expected isValid() to return true for h3t://255.255.255.255/test1/file/test1?action=edit&amp;mode=up
ERROR: expected isValid() to return true for h3t://255.255.255.255/test1/file/t123?action=view
ERROR: expected isValid() to return true for h3t://255.255.255.255/test1/file/t123?action=edit&amp;mode=up
ERROR: expected isValid() to return true for h3t://255.255.255.255/test1/file/$23?action=view
ERROR: expected isValid() to return true for h3t://255.255.255.255/test1/file/$23?action=edit&amp;mode=up
ERROR: expected isValid() to return true for h3t://255.255.255.255/test1/file/test1?action=view
ERROR: expected isValid() to return true for h3t://255.255.255.255/test1/file/test1?action=edit&amp;mode=up
ERROR: expected isValid() to return true for h3t://255.255.255.255/test1/file/test1/file?action=view
ERROR: expected isValid() to return true for h3t://255.255.255.255/test1/file/test1/file?action=edit&amp;mode=up
ERROR: expected isValid() to return true for h3t://255.255.255.255/test1/file/t123/file?action=view
ERROR: expected isValid() to return true for h3t://255.255.255.255/test1/file/t123/file?action=edit&amp;mode=up
ERROR: expected isValid() to return true for h3t://255.255.255.255/test1/file/$23/file?action=view
ERROR: expected isValid() to return true for h3t://255.255.255.255/test1/file/$23/file?action=edit&amp;mode=up
ERROR: expected isValid() to return true for h3t://255.255.255.255:65636/test1/test1?action=view
ERROR: expected isValid() to return true for h3t://255.255.255.255:65636/test1/test1?action=edit&amp;mode=up
ERROR: expected isValid() to return true for h3t://255.255.255.255:65636/test1/test1
ERROR: expected isValid() to return true for h3t://255.255.255.255:65636/test1/t123?action=view
ERROR: expected isValid() to return true for h3t://255.255.255.255:65636/test1/t123?action=edit&amp;mode=up
ERROR: expected isValid() to return true for h3t://255.255.255.255:65636/test1/t123
ERROR: expected isValid() to return true for h3t://255.255.255.255:65636/test1/$23?action=view
ERROR: expected isValid() to return true for h3t://255.255.255.255:65636/test1/$23?action=edit&amp;mode=up
ERROR: expected isValid() to return true for h3t://255.255.255.255:65636/test1/$23
ERROR: expected isValid() to return true for h3t://255.255.255.255:65636/test1/test1?action=view
ERROR: expected isValid() to return true for h3t://255.255.255.255:65636/test1/test1?action=edit&amp;mode=up
ERROR: expected isValid() to return true for h3t://255.255.255.255:65636/test1/test1
ERROR: expected isValid() to return true for h3t://255.255.255.255:65636/test1/test1/file?action=view
ERROR: expected isValid() to return true for h3t://255.255.255.255:65636/test1/test1/file?action=edit&amp;mode=up
ERROR: expected isValid() to return true for h3t://255.255.255.255:65636/test1/test1/file
ERROR: expected isValid() to return true for h3t://255.255.255.255:65636/test1/t123/file?action=view
ERROR: expected isValid() to return true for h3t://255.255.255.255:65636/test1/t123/file?action=edit&amp;mode=up
ERROR: expected isValid() to return true for h3t://255.255.255.255:65636/test1/t123/file
ERROR: expected isValid() to return true for h3t://255.255.255.255:65636/test1/$23/file?action=view
ERROR: expected isValid() to return true for h3t://255.255.255.255:65636/test1/$23/file?action=edit&amp;mode=up
ERROR: expected isValid() to return true for h3t://255.255.255.255:65636/test1/$23/file
ERROR: expected isValid() to return true for h3t://255.255.255.255:65636/t123/test1?action=view
ERROR: expected isValid() to return true for h3t://255.255.255.255:65636/t123/test1?action=edit&amp;mode=up
ERROR: expected isValid() to return true for h3t://255.255.255.255:65636/t123/test1
ERROR: expected isValid() to return true for h3t://255.255.255.255:65636/t123/t123?action=view
ERROR: expected isValid() to return true for h3t://255.255.255.255:65636/t123/t123?action=edit&amp;mode=up
ERROR: expected isValid() to return true for h3t://255.255.255.255:65636/t123/t123
ERROR: expected isValid() to return true for h3t://255.255.255.255:65636/t123/$23?action=view
ERROR: expected isValid() to return true for h3t://255.255.255.255:65636/t123/$23?action=edit&amp;mode=up
ERROR: expected isValid() to return true for h3t://255.255.255.255:65636/t123/$23
ERROR: expected isValid() to return true for h3t://255.255.255.255:65636/t123/test1?action=view
ERROR: expected isValid() to return true for h3t://255.255.255.255:65636/t123/test1?action=edit&amp;mode=up
ERROR: expected isValid() to return true for h3t://255.255.255.255:65636/t123/test1
ERROR: expected isValid() to return true for h3t://255.255.255.255:65636/t123/test1/file?action=view
ERROR: expected isValid() to return true for h3t://255.255.255.255:65636/t123/test1/file?action=edit&amp;mode=up
ERROR: expected isValid() to return true for h3t://255.255.255.255:65636/t123/test1/file
ERROR: expected isValid() to return true for h3t://255.255.255.255:65636/t123/t123/file?action=view
ERROR: expected isValid() to return true for h3t://255.255.255.255:65636/t123/t123/file?action=edit&amp;mode=up
ERROR: expected isValid() to return true for h3t://255.255.255.255:65636/t123/t123/file
ERROR: expected isValid() to return true for h3t://255.255.255.255:65636/t123/$23/file?action=view
ERROR: expected isValid() to return true for h3t://255.255.255.255:65636/t123/$23/file?action=edit&amp;mode=up
ERROR: expected isValid() to return true for h3t://255.255.255.255:65636/t123/$23/file
ERROR: expected isValid() to return true for h3t://255.255.255.255:65636/$23/test1?action=view
ERROR: expected isValid() to return true for h3t://255.255.255.255:65636/$23/test1?action=edit&amp;mode=up
ERROR: expected isValid() to return true for h3t://255.255.255.255:65636/$23/test1
ERROR: expected isValid() to return true for h3t://255.255.255.255:65636/$23/t123?action=view
ERROR: expected isValid() to return true for h3t://255.255.255.255:65636/$23/t123?action=edit&amp;mode=up
ERROR: expected isValid() to return true for h3t://255.255.255.255:65636/$23/t123
ERROR: expected isValid() to return true for h3t://255.255.255.255:65636/$23/$23?action=view
ERROR: expected isValid() to return true for h3t://255.255.255.255:65636/$23/$23?action=edit&amp;mode=up
ERROR: expected isValid() to return true for h3t://255.255.255.255:65636/$23/$23
ERROR: expected isValid() to return true for h3t://255.255.255.255:65636/$23/test1?action=view
ERROR: expected isValid() to return true for h3t://255.255.255.255:65636/$23/test1?action=edit&amp;mode=up
ERROR: expected isValid() to return true for h3t://255.255.255.255:65636/$23/test1
ERROR: expected isValid() to return true for h3t://255.255.255.255:65636/$23/test1/file?action=view
ERROR: expected isValid() to return true for h3t://255.255.255.255:65636/$23/test1/file?action=edit&amp;mode=up
ERROR: expected isValid() to return true for h3t://255.255.255.255:65636/$23/test1/file
ERROR: expected isValid() to return true for h3t://255.255.255.255:65636/$23/t123/file?action=view
ERROR: expected isValid() to return true for h3t://255.255.255.255:65636/$23/t123/file?action=edit&amp;mode=up
ERROR: expected isValid() to return true for h3t://255.255.255.255:65636/$23/t123/file
ERROR: expected isValid() to return true for h3t://255.255.255.255:65636/$23/$23/file?action=view
ERROR: expected isValid() to return true for h3t://255.255.255.255:65636/$23/$23/file?action=edit&amp;mode=up
ERROR: expected isValid() to return true for h3t://255.255.255.255:65636/$23/$23/file
ERROR: expected isValid() to return true for h3t://255.255.255.255:65636/test1/test1?action=view
ERROR: expected isValid() to return true for h3t://255.255.255.255:65636/test1/test1?action=edit&amp;mode=up
ERROR: expected isValid() to return true for h3t://255.255.255.255:65636/test1/test1
ERROR: expected isValid() to return true for h3t://255.255.255.255:65636/test1/t123?action=view
ERROR: expected isValid() to return true for h3t://255.255.255.255:65636/test1/t123?action=edit&amp;mode=up
ERROR: expected isValid() to return true for h3t://255.255.255.255:65636/test1/t123
ERROR: expected isValid() to return true for h3t://255.255.255.255:65636/test1/$23?action=view
ERROR: expected isValid() to return true for h3t://255.255.255.255:65636/test1/$23?action=edit&amp;mode=up
ERROR: expected isValid() to return true for h3t://255.255.255.255:65636/test1/$23
ERROR: expected isValid() to return true for h3t://255.255.255.255:65636/test1/test1?action=view
ERROR: expected isValid() to return true for h3t://255.255.255.255:65636/test1/test1?action=edit&amp;mode=up
ERROR: expected isValid() to return true for h3t://255.255.255.255:65636/test1/test1
ERROR: expected isValid() to return true for h3t://255.255.255.255:65636/test1/test1/file?action=view
ERROR: expected isValid() to return true for h3t://255.255.255.255:65636/test1/test1/file?action=edit&amp;mode=up
ERROR: expected isValid() to return true for h3t://255.255.255.255:65636/test1/test1/file
ERROR: expected isValid() to return true for h3t://255.255.255.255:65636/test1/t123/file?action=view
ERROR: expected isValid() to return true for h3t://255.255.255.255:65636/test1/t123/file?action=edit&amp;mode=up
ERROR: expected isValid() to return true for h3t://255.255.255.255:65636/test1/t123/file
ERROR: expected isValid() to return true for h3t://255.255.255.255:65636/test1/$23/file?action=view
ERROR: expected isValid() to return true for h3t://255.255.255.255:65636/test1/$23/file?action=edit&amp;mode=up
ERROR: expected isValid() to return true for h3t://255.255.255.255:65636/test1/$23/file
ERROR: expected isValid() to return true for h3t://255.255.255.255:65636/test1/file/test1?action=view
ERROR: expected isValid() to return true for h3t://255.255.255.255:65636/test1/file/test1?action=edit&amp;mode=up
ERROR: expected isValid() to return true for h3t://255.255.255.255:65636/test1/file/test1
ERROR: expected isValid() to return true for h3t://255.255.255.255:65636/test1/file/t123?action=view
ERROR: expected isValid() to return true for h3t://255.255.255.255:65636/test1/file/t123?action=edit&amp;mode=up
ERROR: expected isValid() to return true for h3t://255.255.255.255:65636/test1/file/t123
ERROR: expected isValid() to return true for h3t://255.255.255.255:65636/test1/file/$23?action=view
ERROR: expected isValid() to return true for h3t://255.255.255.255:65636/test1/file/$23?action=edit&amp;mode=up
ERROR: expected isValid() to return true for h3t://255.255.255.255:65636/test1/file/$23
ERROR: expected isValid() to return true for h3t://255.255.255.255:65636/test1/file/test1?action=view
ERROR: expected isValid() to return true for h3t://255.255.255.255:65636/test1/file/test1?action=edit&amp;mode=up
ERROR: expected isValid() to return true for h3t://255.255.255.255:65636/test1/file/test1
ERROR: expected isValid() to return true for h3t://255.255.255.255:65636/test1/file/test1/file?action=view
ERROR: expected isValid() to return true for h3t://255.255.255.255:65636/test1/file/test1/file?action=edit&amp;mode=up
ERROR: expected isValid() to return true for h3t://255.255.255.255:65636/test1/file/test1/file
ERROR: expected isValid() to return true for h3t://255.255.255.255:65636/test1/file/t123/file?action=view
ERROR: expected isValid() to return true for h3t://255.255.255.255:65636/test1/file/t123/file?action=edit&amp;mode=up
ERROR: expected isValid() to return true for h3t://255.255.255.255:65636/test1/file/t123/file
ERROR: expected isValid() to return true for h3t://255.255.255.255:65636/test1/file/$23/file?action=view
ERROR: expected isValid() to return true for h3t://255.255.255.255:65636/test1/file/$23/file?action=edit&amp;mode=up
ERROR: expected isValid() to return true for h3t://255.255.255.255:65636/test1/file/$23/file
ERROR: expected isValid() to return false for h3t://256.256.256.256:80/test1/test1
ERROR: expected isValid() to return false for h3t://256.256.256.256:80/test1/t123
ERROR: expected isValid() to return false for h3t://256.256.256.256:80/test1/$23
ERROR: expected isValid() to return false for h3t://256.256.256.256:80/test1/test1
ERROR: expected isValid() to return false for h3t://256.256.256.256:80/test1/test1/file
ERROR: expected isValid() to return false for h3t://256.256.256.256:80/test1/t123/file
ERROR: expected isValid() to return false for h3t://256.256.256.256:80/test1/$23/file
ERROR: expected isValid() to return false for h3t://256.256.256.256:80/t123/test1
ERROR: expected isValid() to return false for h3t://256.256.256.256:80/t123/t123
ERROR: expected isValid() to return false for h3t://256.256.256.256:80/t123/$23
ERROR: expected isValid() to return false for h3t://256.256.256.256:80/t123/test1
ERROR: expected isValid() to return false for h3t://256.256.256.256:80/t123/test1/file
ERROR: expected isValid() to return false for h3t://256.256.256.256:80/t123/t123/file
ERROR: expected isValid() to return false for h3t://256.256.256.256:80/t123/$23/file
ERROR: expected isValid() to return false for h3t://256.256.256.256:80/$23/test1
ERROR: expected isValid() to return false for h3t://256.256.256.256:80/$23/t123
ERROR: expected isValid() to return false for h3t://256.256.256.256:80/$23/$23
ERROR: expected isValid() to return false for h3t://256.256.256.256:80/$23/test1
ERROR: expected isValid() to return false for h3t://256.256.256.256:80/$23/test1/file
ERROR: expected isValid() to return false for h3t://256.256.256.256:80/$23/t123/file
ERROR: expected isValid() to return false for h3t://256.256.256.256:80/$23/$23/file
ERROR: expected isValid() to return false for h3t://256.256.256.256:80/test1/test1
ERROR: expected isValid() to return false for h3t://256.256.256.256:80/test1/t123
ERROR: expected isValid() to return false for h3t://256.256.256.256:80/test1/$23
ERROR: expected isValid() to return false for h3t://256.256.256.256:80/test1/test1
ERROR: expected isValid() to return false for h3t://256.256.256.256:80/test1/test1/file
ERROR: expected isValid() to return false for h3t://256.256.256.256:80/test1/t123/file
ERROR: expected isValid() to return false for h3t://256.256.256.256:80/test1/$23/file
ERROR: expected isValid() to return false for h3t://256.256.256.256:80/test1/file/test1
ERROR: expected isValid() to return false for h3t://256.256.256.256:80/test1/file/t123
ERROR: expected isValid() to return false for h3t://256.256.256.256:80/test1/file/$23
ERROR: expected isValid() to return false for h3t://256.256.256.256:80/test1/file/test1
ERROR: expected isValid() to return false for h3t://256.256.256.256:80/test1/file/test1/file
ERROR: expected isValid() to return false for h3t://256.256.256.256:80/test1/file/t123/file
ERROR: expected isValid() to return false for h3t://256.256.256.256:80/test1/file/$23/file
ERROR: expected isValid() to return false for h3t://256.256.256.256:0/test1/test1
ERROR: expected isValid() to return false for h3t://256.256.256.256:0/test1/t123
ERROR: expected isValid() to return false for h3t://256.256.256.256:0/test1/$23
ERROR: expected isValid() to return false for h3t://256.256.256.256:0/test1/test1
ERROR: expected isValid() to return false for h3t://256.256.256.256:0/test1/test1/file
ERROR: expected isValid() to return false for h3t://256.256.256.256:0/test1/t123/file
ERROR: expected isValid() to return false for h3t://256.256.256.256:0/test1/$23/file
ERROR: expected isValid() to return false for h3t://256.256.256.256:0/t123/test1
ERROR: expected isValid() to return false for h3t://256.256.256.256:0/t123/t123
ERROR: expected isValid() to return false for h3t://256.256.256.256:0/t123/$23
ERROR: expected isValid() to return false for h3t://256.256.256.256:0/t123/test1
ERROR: expected isValid() to return false for h3t://256.256.256.256:0/t123/test1/file
ERROR: expected isValid() to return false for h3t://256.256.256.256:0/t123/t123/file
ERROR: expected isValid() to return false for h3t://256.256.256.256:0/t123/$23/file
ERROR: expected isValid() to return false for h3t://256.256.256.256:0/$23/test1
ERROR: expected isValid() to return false for h3t://256.256.256.256:0/$23/t123
ERROR: expected isValid() to return false for h3t://256.256.256.256:0/$23/$23
ERROR: expected isValid() to return false for h3t://256.256.256.256:0/$23/test1
ERROR: expected isValid() to return false for h3t://256.256.256.256:0/$23/test1/file
ERROR: expected isValid() to return false for h3t://256.256.256.256:0/$23/t123/file
ERROR: expected isValid() to return false for h3t://256.256.256.256:0/$23/$23/file
ERROR: expected isValid() to return false for h3t://256.256.256.256:0/test1/test1
ERROR: expected isValid() to return false for h3t://256.256.256.256:0/test1/t123
ERROR: expected isValid() to return false for h3t://256.256.256.256:0/test1/$23
ERROR: expected isValid() to return false for h3t://256.256.256.256:0/test1/test1
ERROR: expected isValid() to return false for h3t://256.256.256.256:0/test1/test1/file
ERROR: expected isValid() to return false for h3t://256.256.256.256:0/test1/t123/file
ERROR: expected isValid() to return false for h3t://256.256.256.256:0/test1/$23/file
ERROR: expected isValid() to return false for h3t://256.256.256.256:0/test1/file/test1
ERROR: expected isValid() to return false for h3t://256.256.256.256:0/test1/file/t123
ERROR: expected isValid() to return false for h3t://256.256.256.256:0/test1/file/$23
ERROR: expected isValid() to return false for h3t://256.256.256.256:0/test1/file/test1
ERROR: expected isValid() to return false for h3t://256.256.256.256:0/test1/file/test1/file
ERROR: expected isValid() to return false for h3t://256.256.256.256:0/test1/file/t123/file
ERROR: expected isValid() to return false for h3t://256.256.256.256:0/test1/file/$23/file
ERROR: expected isValid() to return false for h3t://256.256.256.256/test1/test1
ERROR: expected isValid() to return false for h3t://256.256.256.256/test1/t123
ERROR: expected isValid() to return false for h3t://256.256.256.256/test1/$23
ERROR: expected isValid() to return false for h3t://256.256.256.256/test1/test1
ERROR: expected isValid() to return false for h3t://256.256.256.256/test1/test1/file
ERROR: expected isValid() to return false for h3t://256.256.256.256/test1/t123/file
ERROR: expected isValid() to return false for h3t://256.256.256.256/test1/$23/file
ERROR: expected isValid() to return false for h3t://256.256.256.256/t123/test1
ERROR: expected isValid() to return false for h3t://256.256.256.256/t123/t123
ERROR: expected isValid() to return false for h3t://256.256.256.256/t123/$23
ERROR: expected isValid() to return false for h3t://256.256.256.256/t123/test1
ERROR: expected isValid() to return false for h3t://256.256.256.256/t123/test1/file
ERROR: expected isValid() to return false for h3t://256.256.256.256/t123/t123/file
ERROR: expected isValid() to return false for h3t://256.256.256.256/t123/$23/file
ERROR: expected isValid() to return false for h3t://256.256.256.256/$23/test1
ERROR: expected isValid() to return false for h3t://256.256.256.256/$23/t123
ERROR: expected isValid() to return false for h3t://256.256.256.256/$23/$23
ERROR: expected isValid() to return false for h3t://256.256.256.256/$23/test1
ERROR: expected isValid() to return false for h3t://256.256.256.256/$23/test1/file
ERROR: expected isValid() to return false for h3t://256.256.256.256/$23/t123/file
ERROR: expected isValid() to return false for h3t://256.256.256.256/$23/$23/file
ERROR: expected isValid() to return false for h3t://256.256.256.256/test1/test1
ERROR: expected isValid() to return false for h3t://256.256.256.256/test1/t123
ERROR: expected isValid() to return false for h3t://256.256.256.256/test1/$23
ERROR: expected isValid() to return false for h3t://256.256.256.256/test1/test1
ERROR: expected isValid() to return false for h3t://256.256.256.256/test1/test1/file
ERROR: expected isValid() to return false for h3t://256.256.256.256/test1/t123/file
ERROR: expected isValid() to return false for h3t://256.256.256.256/test1/$23/file
ERROR: expected isValid() to return false for h3t://256.256.256.256/test1/file/test1
ERROR: expected isValid() to return false for h3t://256.256.256.256/test1/file/t123
ERROR: expected isValid() to return false for h3t://256.256.256.256/test1/file/$23
ERROR: expected isValid() to return false for h3t://256.256.256.256/test1/file/test1
ERROR: expected isValid() to return false for h3t://256.256.256.256/test1/file/test1/file
ERROR: expected isValid() to return false for h3t://256.256.256.256/test1/file/t123/file
ERROR: expected isValid() to return false for h3t://256.256.256.256/test1/file/$23/file
ERROR: expected isValid() to return true for h3t://255.com:80/test1/test1?action=view
ERROR: expected isValid() to return true for h3t://255.com:80/test1/test1?action=edit&amp;mode=up
ERROR: expected isValid() to return true for h3t://255.com:80/test1/t123?action=view
ERROR: expected isValid() to return true for h3t://255.com:80/test1/t123?action=edit&amp;mode=up
ERROR: expected isValid() to return true for h3t://255.com:80/test1/$23?action=view
ERROR: expected isValid() to return true for h3t://255.com:80/test1/$23?action=edit&amp;mode=up
ERROR: expected isValid() to return true for h3t://255.com:80/test1/test1?action=view
ERROR: expected isValid() to return true for h3t://255.com:80/test1/test1?action=edit&amp;mode=up
ERROR: expected isValid() to return true for h3t://255.com:80/test1/test1/file?action=view
ERROR: expected isValid() to return true for h3t://255.com:80/test1/test1/file?action=edit&amp;mode=up
ERROR: expected isValid() to return true for h3t://255.com:80/test1/t123/file?action=view
ERROR: expected isValid() to return true for h3t://255.com:80/test1/t123/file?action=edit&amp;mode=up
ERROR: expected isValid() to return true for h3t://255.com:80/test1/$23/file?action=view
ERROR: expected isValid() to return true for h3t://255.com:80/test1/$23/file?action=edit&amp;mode=up
ERROR: expected isValid() to return true for h3t://255.com:80/t123/test1?action=view
ERROR: expected isValid() to return true for h3t://255.com:80/t123/test1?action=edit&amp;mode=up
ERROR: expected isValid() to return true for h3t://255.com:80/t123/t123?action=view
ERROR: expected isValid() to return true for h3t://255.com:80/t123/t123?action=edit&amp;mode=up
ERROR: expected isValid() to return true for h3t://255.com:80/t123/$23?action=view
ERROR: expected isValid() to return true for h3t://255.com:80/t123/$23?action=edit&amp;mode=up
ERROR: expected isValid() to return true for h3t://255.com:80/t123/test1?action=view
ERROR: expected isValid() to return true for h3t://255.com:80/t123/test1?action=edit&amp;mode=up
ERROR: expected isValid() to return true for h3t://255.com:80/t123/test1/file?action=view
ERROR: expected isValid() to return true for h3t://255.com:80/t123/test1/file?action=edit&amp;mode=up
ERROR: expected isValid() to return true for h3t://255.com:80/t123/t123/file?action=view
ERROR: expected isValid() to return true for h3t://255.com:80/t123/t123/file?action=edit&amp;mode=up
ERROR: expected isValid() to return true for h3t://255.com:80/t123/$23/file?action=view
ERROR: expected isValid() to return true for h3t://255.com:80/t123/$23/file?action=edit&amp;mode=up
ERROR: expected isValid() to return true for h3t://255.com:80/$23/test1?action=view
ERROR: expected isValid() to return true for h3t://255.com:80/$23/test1?action=edit&amp;mode=up
ERROR: expected isValid() to return true for h3t://255.com:80/$23/t123?action=view
ERROR: expected isValid() to return true for h3t://255.com:80/$23/t123?action=edit&amp;mode=up
ERROR: expected isValid() to return true for h3t://255.com:80/$23/$23?action=view
ERROR: expected isValid() to return true for h3t://255.com:80/$23/$23?action=edit&amp;mode=up
ERROR: expected isValid() to return true for h3t://255.com:80/$23/test1?action=view
ERROR: expected isValid() to return true for h3t://255.com:80/$23/test1?action=edit&amp;mode=up
ERROR: expected isValid() to return true for h3t://255.com:80/$23/test1/file?action=view
ERROR: expected isValid() to return true for h3t://255.com:80/$23/test1/file?action=edit&amp;mode=up
ERROR: expected isValid() to return true for h3t://255.com:80/$23/t123/file?action=view
ERROR: expected isValid() to return true for h3t://255.com:80/$23/t123/file?action=edit&amp;mode=up
ERROR: expected isValid() to return true for h3t://255.com:80/$23/$23/file?action=view
ERROR: expected isValid() to return true for h3t://255.com:80/$23/$23/file?action=edit&amp;mode=up
ERROR: expected isValid() to return true for h3t://255.com:80/test1/test1?action=view
ERROR: expected isValid() to return true for h3t://255.com:80/test1/test1?action=edit&amp;mode=up
ERROR: expected isValid() to return true for h3t://255.com:80/test1/t123?action=view
ERROR: expected isValid() to return true for h3t://255.com:80/test1/t123?action=edit&amp;mode=up
ERROR: expected isValid() to return true for h3t://255.com:80/test1/$23?action=view
ERROR: expected isValid() to return true for h3t://255.com:80/test1/$23?action=edit&amp;mode=up
ERROR: expected isValid() to return true for h3t://255.com:80/test1/test1?action=view
ERROR: expected isValid() to return true for h3t://255.com:80/test1/test1?action=edit&amp;mode=up
ERROR: expected isValid() to return true for h3t://255.com:80/test1/test1/file?action=view
ERROR: expected isValid() to return true for h3t://255.com:80/test1/test1/file?action=edit&amp;mode=up
ERROR: expected isValid() to return true for h3t://255.com:80/test1/t123/file?action=view
ERROR: expected isValid() to return true for h3t://255.com:80/test1/t123/file?action=edit&amp;mode=up
ERROR: expected isValid() to return true for h3t://255.com:80/test1/$23/file?action=view
ERROR: expected isValid() to return true for h3t://255.com:80/test1/$23/file?action=edit&amp;mode=up
ERROR: expected isValid() to return true for h3t://255.com:80/test1/file/test1?action=view
ERROR: expected isValid() to return true for h3t://255.com:80/test1/file/test1?action=edit&amp;mode=up
ERROR: expected isValid() to return true for h3t://255.com:80/test1/file/t123?action=view
ERROR: expected isValid() to return true for h3t://255.com:80/test1/file/t123?action=edit&amp;mode=up
ERROR: expected isValid() to return true for h3t://255.com:80/test1/file/$23?action=view
ERROR: expected isValid() to return true for h3t://255.com:80/test1/file/$23?action=edit&amp;mode=up
ERROR: expected isValid() to return true for h3t://255.com:80/test1/file/test1?action=view
ERROR: expected isValid() to return true for h3t://255.com:80/test1/file/test1?action=edit&amp;mode=up
ERROR: expected isValid() to return true for h3t://255.com:80/test1/file/test1/file?action=view
ERROR: expected isValid() to return true for h3t://255.com:80/test1/file/test1/file?action=edit&amp;mode=up
ERROR: expected isValid() to return true for h3t://255.com:80/test1/file/t123/file?action=view
ERROR: expected isValid() to return true for h3t://255.com:80/test1/file/t123/file?action=edit&amp;mode=up
ERROR: expected isValid() to return true for h3t://255.com:80/test1/file/$23/file?action=view
ERROR: expected isValid() to return true for h3t://255.com:80/test1/file/$23/file?action=edit&amp;mode=up
ERROR: expected isValid() to return true for h3t://255.com:65535/test1/test1?action=view
ERROR: expected isValid() to return true for h3t://255.com:65535/test1/test1?action=edit&amp;mode=up
ERROR: expected isValid() to return true for h3t://255.com:65535/test1/test1
ERROR: expected isValid() to return true for h3t://255.com:65535/test1/t123?action=view
ERROR: expected isValid() to return true for h3t://255.com:65535/test1/t123?action=edit&amp;mode=up
ERROR: expected isValid() to return true for h3t://255.com:65535/test1/t123
ERROR: expected isValid() to return true for h3t://255.com:65535/test1/$23?action=view
ERROR: expected isValid() to return true for h3t://255.com:65535/test1/$23?action=edit&amp;mode=up
ERROR: expected isValid() to return true for h3t://255.com:65535/test1/$23
ERROR: expected isValid() to return true for h3t://255.com:65535/test1/test1?action=view
ERROR: expected isValid() to return true for h3t://255.com:65535/test1/test1?action=edit&amp;mode=up
ERROR: expected isValid() to return true for h3t://255.com:65535/test1/test1
ERROR: expected isValid() to return true for h3t://255.com:65535/test1/test1/file?action=view
ERROR: expected isValid() to return true for h3t://255.com:65535/test1/test1/file?action=edit&amp;mode=up
ERROR: expected isValid() to return true for h3t://255.com:65535/test1/test1/file
ERROR: expected isValid() to return true for h3t://255.com:65535/test1/t123/file?action=view
ERROR: expected isValid() to return true for h3t://255.com:65535/test1/t123/file?action=edit&amp;mode=up
ERROR: expected isValid() to return true for h3t://255.com:65535/test1/t123/file
ERROR: expected isValid() to return true for h3t://255.com:65535/test1/$23/file?action=view
ERROR: expected isValid() to return true for h3t://255.com:65535/test1/$23/file?action=edit&amp;mode=up
ERROR: expected isValid() to return true for h3t://255.com:65535/test1/$23/file
ERROR: expected isValid() to return true for h3t://255.com:65535/t123/test1?action=view
ERROR: expected isValid() to return true for h3t://255.com:65535/t123/test1?action=edit&amp;mode=up
ERROR: expected isValid() to return true for h3t://255.com:65535/t123/test1
ERROR: expected isValid() to return true for h3t://255.com:65535/t123/t123?action=view
ERROR: expected isValid() to return true for h3t://255.com:65535/t123/t123?action=edit&amp;mode=up
ERROR: expected isValid() to return true for h3t://255.com:65535/t123/t123
ERROR: expected isValid() to return true for h3t://255.com:65535/t123/$23?action=view
ERROR: expected isValid() to return true for h3t://255.com:65535/t123/$23?action=edit&amp;mode=up
ERROR: expected isValid() to return true for h3t://255.com:65535/t123/$23
ERROR: expected isValid() to return true for h3t://255.com:65535/t123/test1?action=view
ERROR: expected isValid() to return true for h3t://255.com:65535/t123/test1?action=edit&amp;mode=up
ERROR: expected isValid() to return true for h3t://255.com:65535/t123/test1
ERROR: expected isValid() to return true for h3t://255.com:65535/t123/test1/file?action=view
ERROR: expected isValid() to return true for h3t://255.com:65535/t123/test1/file?action=edit&amp;mode=up
ERROR: expected isValid() to return true for h3t://255.com:65535/t123/test1/file
ERROR: expected isValid() to return true for h3t://255.com:65535/t123/t123/file?action=view
ERROR: expected isValid() to return true for h3t://255.com:65535/t123/t123/file?action=edit&amp;mode=up
ERROR: expected isValid() to return true for h3t://255.com:65535/t123/t123/file
ERROR: expected isValid() to return true for h3t://255.com:65535/t123/$23/file?action=view
ERROR: expected isValid() to return true for h3t://255.com:65535/t123/$23/file?action=edit&amp;mode=up
ERROR: expected isValid() to return true for h3t://255.com:65535/t123/$23/file
ERROR: expected isValid() to return true for h3t://255.com:65535/$23/test1?action=view
ERROR: expected isValid() to return true for h3t://255.com:65535/$23/test1?action=edit&amp;mode=up
ERROR: expected isValid() to return true for h3t://255.com:65535/$23/test1
ERROR: expected isValid() to return true for h3t://255.com:65535/$23/t123?action=view
ERROR: expected isValid() to return true for h3t://255.com:65535/$23/t123?action=edit&amp;mode=up
ERROR: expected isValid() to return true for h3t://255.com:65535/$23/t123
ERROR: expected isValid() to return true for h3t://255.com:65535/$23/$23?action=view
ERROR: expected isValid() to return true for h3t://255.com:65535/$23/$23?action=edit&amp;mode=up
ERROR: expected isValid() to return true for h3t://255.com:65535/$23/$23
ERROR: expected isValid() to return true for h3t://255.com:65535/$23/test1?action=view
ERROR: expected isValid() to return true for h3t://255.com:65535/$23/test1?action=edit&amp;mode=up
ERROR: expected isValid() to return true for h3t://255.com:65535/$23/test1
ERROR: expected isValid() to return true for h3t://255.com:65535/$23/test1/file?action=view
ERROR: expected isValid() to return true for h3t://255.com:65535/$23/test1/file?action=edit&amp;mode=up
ERROR: expected isValid() to return true for h3t://255.com:65535/$23/test1/file
ERROR: expected isValid() to return true for h3t://255.com:65535/$23/t123/file?action=view
ERROR: expected isValid() to return true for h3t://255.com:65535/$23/t123/file?action=edit&amp;mode=up
ERROR: expected isValid() to return true for h3t://255.com:65535/$23/t123/file
ERROR: expected isValid() to return true for h3t://255.com:65535/$23/$23/file?action=view
ERROR: expected isValid() to return true for h3t://255.com:65535/$23/$23/file?action=edit&amp;mode=up
ERROR: expected isValid() to return true for h3t://255.com:65535/$23/$23/file
ERROR: expected isValid() to return true for h3t://255.com:65535/test1/test1?action=view
ERROR: expected isValid() to return true for h3t://255.com:65535/test1/test1?action=edit&amp;mode=up
ERROR: expected isValid() to return true for h3t://255.com:65535/test1/test1
ERROR: expected isValid() to return true for h3t://255.com:65535/test1/t123?action=view
ERROR: expected isValid() to return true for h3t://255.com:65535/test1/t123?action=edit&amp;mode=up
ERROR: expected isValid() to return true for h3t://255.com:65535/test1/t123
ERROR: expected isValid() to return true for h3t://255.com:65535/test1/$23?action=view
ERROR: expected isValid() to return true for h3t://255.com:65535/test1/$23?action=edit&amp;mode=up
ERROR: expected isValid() to return true for h3t://255.com:65535/test1/$23
ERROR: expected isValid() to return true for h3t://255.com:65535/test1/test1?action=view
ERROR: expected isValid() to return true for h3t://255.com:65535/test1/test1?action=edit&amp;mode=up
ERROR: expected isValid() to return true for h3t://255.com:65535/test1/test1
ERROR: expected isValid() to return true for h3t://255.com:65535/test1/test1/file?action=view
ERROR: expected isValid() to return true for h3t://255.com:65535/test1/test1/file?action=edit&amp;mode=up
ERROR: expected isValid() to return true for h3t://255.com:65535/test1/test1/file
ERROR: expected isValid() to return true for h3t://255.com:65535/test1/t123/file?action=view
ERROR: expected isValid() to return true for h3t://255.com:65535/test1/t123/file?action=edit&amp;mode=up
ERROR: expected isValid() to return true for h3t://255.com:65535/test1/t123/file
ERROR: expected isValid() to return true for h3t://255.com:65535/test1/$23/file?action=view
ERROR: expected isValid() to return true for h3t://255.com:65535/test1/$23/file?action=edit&amp;mode=up
ERROR: expected isValid() to return true for h3t://255.com:65535/test1/$23/file
ERROR: expected isValid() to return true for h3t://255.com:65535/test1/file/test1?action=view
ERROR: expected isValid() to return true for h3t://255.com:65535/test1/file/test1?action=edit&amp;mode=up
ERROR: expected isValid() to return true for h3t://255.com:65535/test1/file/test1
ERROR: expected isValid() to return true for h3t://255.com:65535/test1/file/t123?action=view
ERROR: expected isValid() to return true for h3t://255.com:65535/test1/file/t123?action=edit&amp;mode=up
ERROR: expected isValid() to return true for h3t://255.com:65535/test1/file/t123
ERROR: expected isValid() to return true for h3t://255.com:65535/test1/file/$23?action=view
ERROR: expected isValid() to return true for h3t://255.com:65535/test1/file/$23?action=edit&amp;mode=up
ERROR: expected isValid() to return true for h3t://255.com:65535/test1/file/$23
ERROR: expected isValid() to return true for h3t://255.com:65535/test1/file/test1?action=view
ERROR: expected isValid() to return true for h3t://255.com:65535/test1/file/test1?action=edit&amp;mode=up
ERROR: expected isValid() to return true for h3t://255.com:65535/test1/file/test1
ERROR: expected isValid() to return true for h3t://255.com:65535/test1/file/test1/file?action=view
ERROR: expected isValid() to return true for h3t://255.com:65535/test1/file/test1/file?action=edit&amp;mode=up
ERROR: expected isValid() to return true for h3t://255.com:65535/test1/file/test1/file
ERROR: expected isValid() to return true for h3t://255.com:65535/test1/file/t123/file?action=view
ERROR: expected isValid() to return true for h3t://255.com:65535/test1/file/t123/file?action=edit&amp;mode=up
ERROR: expected isValid() to return true for h3t://255.com:65535/test1/file/t123/file
ERROR: expected isValid() to return true for h3t://255.com:65535/test1/file/$23/file?action=view
ERROR: expected isValid() to return true for h3t://255.com:65535/test1/file/$23/file?action=edit&amp;mode=up
ERROR: expected isValid() to return true for h3t://255.com:65535/test1/file/$23/file
ERROR: expected isValid() to return true for h3t://255.com:0/test1/test1?action=view
ERROR: expected isValid() to return true for h3t://255.com:0/test1/test1?action=edit&amp;mode=up
ERROR: expected isValid() to return true for h3t://255.com:0/test1/t123?action=view
ERROR: expected isValid() to return true for h3t://255.com:0/test1/t123?action=edit&amp;mode=up
ERROR: expected isValid() to return true for h3t://255.com:0/test1/$23?action=view
ERROR: expected isValid() to return true for h3t://255.com:0/test1/$23?action=edit&amp;mode=up
ERROR: expected isValid() to return true for h3t://255.com:0/test1/test1?action=view
ERROR: expected isValid() to return true for h3t://255.com:0/test1/test1?action=edit&amp;mode=up
ERROR: expected isValid() to return true for h3t://255.com:0/test1/test1/file?action=view
ERROR: expected isValid() to return true for h3t://255.com:0/test1/test1/file?action=edit&amp;mode=up
ERROR: expected isValid() to return true for h3t://255.com:0/test1/t123/file?action=view
ERROR: expected isValid() to return true for h3t://255.com:0/test1/t123/file?action=edit&amp;mode=up
ERROR: expected isValid() to return true for h3t://255.com:0/test1/$23/file?action=view
ERROR: expected isValid() to return true for h3t://255.com:0/test1/$23/file?action=edit&amp;mode=up
ERROR: expected isValid() to return true for h3t://255.com:0/t123/test1?action=view
ERROR: expected isValid() to return true for h3t://255.com:0/t123/test1?action=edit&amp;mode=up
ERROR: expected isValid() to return true for h3t://255.com:0/t123/t123?action=view
ERROR: expected isValid() to return true for h3t://255.com:0/t123/t123?action=edit&amp;mode=up
ERROR: expected isValid() to return true for h3t://255.com:0/t123/$23?action=view
ERROR: expected isValid() to return true for h3t://255.com:0/t123/$23?action=edit&amp;mode=up
ERROR: expected isValid() to return true for h3t://255.com:0/t123/test1?action=view
ERROR: expected isValid() to return true for h3t://255.com:0/t123/test1?action=edit&amp;mode=up
ERROR: expected isValid() to return true for h3t://255.com:0/t123/test1/file?action=view
ERROR: expected isValid() to return true for h3t://255.com:0/t123/test1/file?action=edit&amp;mode=up
ERROR: expected isValid() to return true for h3t://255.com:0/t123/t123/file?action=view
ERROR: expected isValid() to return true for h3t://255.com:0/t123/t123/file?action=edit&amp;mode=up
ERROR: expected isValid() to return true for h3t://255.com:0/t123/$23/file?action=view
ERROR: expected isValid() to return true for h3t://255.com:0/t123/$23/file?action=edit&amp;mode=up
ERROR: expected isValid() to return true for h3t://255.com:0/$23/test1?action=view
ERROR: expected isValid() to return true for h3t://255.com:0/$23/test1?action=edit&amp;mode=up
ERROR: expected isValid() to return true for h3t://255.com:0/$23/t123?action=view
ERROR: expected isValid() to return true for h3t://255.com:0/$23/t123?action=edit&amp;mode=up
ERROR: expected isValid() to return true for h3t://255.com:0/$23/$23?action=view
ERROR: expected isValid() to return true for h3t://255.com:0/$23/$23?action=edit&amp;mode=up
ERROR: expected isValid() to return true for h3t://255.com:0/$23/test1?action=view
ERROR: expected isValid() to return true for h3t://255.com:0/$23/test1?action=edit&amp;mode=up
ERROR: expected isValid() to return true for h3t://255.com:0/$23/test1/file?action=view
ERROR: expected isValid() to return true for h3t://255.com:0/$23/test1/file?action=edit&amp;mode=up
ERROR: expected isValid() to return true for h3t://255.com:0/$23/t123/file?action=view
ERROR: expected isValid() to return true for h3t://255.com:0/$23/t123/file?action=edit&amp;mode=up
ERROR: expected isValid() to return true for h3t://255.com:0/$23/$23/file?action=view
ERROR: expected isValid() to return true for h3t://255.com:0/$23/$23/file?action=edit&amp;mode=up
ERROR: expected isValid() to return true for h3t://255.com:0/test1/test1?action=view
ERROR: expected isValid() to return true for h3t://255.com:0/test1/test1?action=edit&amp;mode=up
ERROR: expected isValid() to return true for h3t://255.com:0/test1/t123?action=view
ERROR: expected isValid() to return true for h3t://255.com:0/test1/t123?action=edit&amp;mode=up
ERROR: expected isValid() to return true for h3t://255.com:0/test1/$23?action=view
ERROR: expected isValid() to return true for h3t://255.com:0/test1/$23?action=edit&amp;mode=up
ERROR: expected isValid() to return true for h3t://255.com:0/test1/test1?action=view
ERROR: expected isValid() to return true for h3t://255.com:0/test1/test1?action=edit&amp;mode=up
ERROR: expected isValid() to return true for h3t://255.com:0/test1/test1/file?action=view
ERROR: expected isValid() to return true for h3t://255.com:0/test1/test1/file?action=edit&amp;mode=up
ERROR: expected isValid() to return true for h3t://255.com:0/test1/t123/file?action=view
ERROR: expected isValid() to return true for h3t://255.com:0/test1/t123/file?action=edit&amp;mode=up
ERROR: expected isValid() to return true for h3t://255.com:0/test1/$23/file?action=view
ERROR: expected isValid() to return true for h3t://255.com:0/test1/$23/file?action=edit&amp;mode=up
ERROR: expected isValid() to return true for h3t://255.com:0/test1/file/test1?action=view
ERROR: expected isValid() to return true for h3t://255.com:0/test1/file/test1?action=edit&amp;mode=up
ERROR: expected isValid() to return true for h3t://255.com:0/test1/file/t123?action=view
ERROR: expected isValid() to return true for h3t://255.com:0/test1/file/t123?action=edit&amp;mode=up
ERROR: expected isValid() to return true for h3t://255.com:0/test1/file/$23?action=view
ERROR: expected isValid() to return true for h3t://255.com:0/test1/file/$23?action=edit&amp;mode=up
ERROR: expected isValid() to return true for h3t://255.com:0/test1/file/test1?action=view
ERROR: expected isValid() to return true for h3t://255.com:0/test1/file/test1?action=edit&amp;mode=up
ERROR: expected isValid() to return true for h3t://255.com:0/test1/file/test1/file?action=view
ERROR: expected isValid() to return true for h3t://255.com:0/test1/file/test1/file?action=edit&amp;mode=up
ERROR: expected isValid() to return true for h3t://255.com:0/test1/file/t123/file?action=view
ERROR: expected isValid() to return true for h3t://255.com:0/test1/file/t123/file?action=edit&amp;mode=up
ERROR: expected isValid() to return true for h3t://255.com:0/test1/file/$23/file?action=view
ERROR: expected isValid() to return true for h3t://255.com:0/test1/file/$23/file?action=edit&amp;mode=up
ERROR: expected isValid() to return true for h3t://255.com/test1/test1?action=view
ERROR: expected isValid() to return true for h3t://255.com/test1/test1?action=edit&amp;mode=up
ERROR: expected isValid() to return true for h3t://255.com/test1/t123?action=view
ERROR: expected isValid() to return true for h3t://255.com/test1/t123?action=edit&amp;mode=up
ERROR: expected isValid() to return true for h3t://255.com/test1/$23?action=view
ERROR: expected isValid() to return true for h3t://255.com/test1/$23?action=edit&amp;mode=up
ERROR: expected isValid() to return true for h3t://255.com/test1/test1?action=view
ERROR: expected isValid() to return true for h3t://255.com/test1/test1?action=edit&amp;mode=up
ERROR: expected isValid() to return true for h3t://255.com/test1/test1/file?action=view
ERROR: expected isValid() to return true for h3t://255.com/test1/test1/file?action=edit&amp;mode=up
ERROR: expected isValid() to return true for h3t://255.com/test1/t123/file?action=view
ERROR: expected isValid() to return true for h3t://255.com/test1/t123/file?action=edit&amp;mode=up
ERROR: expected isValid() to return true for h3t://255.com/test1/$23/file?action=view
ERROR: expected isValid() to return true for h3t://255.com/test1/$23/file?action=edit&amp;mode=up
ERROR: expected isValid() to return true for h3t://255.com/t123/test1?action=view
ERROR: expected isValid() to return true for h3t://255.com/t123/test1?action=edit&amp;mode=up
ERROR: expected isValid() to return true for h3t://255.com/t123/t123?action=view
ERROR: expected isValid() to return true for h3t://255.com/t123/t123?action=edit&amp;mode=up
ERROR: expected isValid() to return true for h3t://255.com/t123/$23?action=view
ERROR: expected isValid() to return true for h3t://255.com/t123/$23?action=edit&amp;mode=up
ERROR: expected isValid() to return true for h3t://255.com/t123/test1?action=view
ERROR: expected isValid() to return true for h3t://255.com/t123/test1?action=edit&amp;mode=up
ERROR: expected isValid() to return true for h3t://255.com/t123/test1/file?action=view
ERROR: expected isValid() to return true for h3t://255.com/t123/test1/file?action=edit&amp;mode=up
ERROR: expected isValid() to return true for h3t://255.com/t123/t123/file?action=view
ERROR: expected isValid() to return true for h3t://255.com/t123/t123/file?action=edit&amp;mode=up
ERROR: expected isValid() to return true for h3t://255.com/t123/$23/file?action=view
ERROR: expected isValid() to return true for h3t://255.com/t123/$23/file?action=edit&amp;mode=up
ERROR: expected isValid() to return true for h3t://255.com/$23/test1?action=view
ERROR: expected isValid() to return true for h3t://255.com/$23/test1?action=edit&amp;mode=up
ERROR: expected isValid() to return true for h3t://255.com/$23/t123?action=view
ERROR: expected isValid() to return true for h3t://255.com/$23/t123?action=edit&amp;mode=up
ERROR: expected isValid() to return true for h3t://255.com/$23/$23?action=view
ERROR: expected isValid() to return true for h3t://255.com/$23/$23?action=edit&amp;mode=up
ERROR: expected isValid() to return true for h3t://255.com/$23/test1?action=view
ERROR: expected isValid() to return true for h3t://255.com/$23/test1?action=edit&amp;mode=up
ERROR: expected isValid() to return true for h3t://255.com/$23/test1/file?action=view
ERROR: expected isValid() to return true for h3t://255.com/$23/test1/file?action=edit&amp;mode=up
ERROR: expected isValid() to return true for h3t://255.com/$23/t123/file?action=view
ERROR: expected isValid() to return true for h3t://255.com/$23/t123/file?action=edit&amp;mode=up
ERROR: expected isValid() to return true for h3t://255.com/$23/$23/file?action=view
ERROR: expected isValid() to return true for h3t://255.com/$23/$23/file?action=edit&amp;mode=up
ERROR: expected isValid() to return true for h3t://255.com/test1/test1?action=view
ERROR: expected isValid() to return true for h3t://255.com/test1/test1?action=edit&amp;mode=up
ERROR: expected isValid() to return true for h3t://255.com/test1/t123?action=view
ERROR: expected isValid() to return true for h3t://255.com/test1/t123?action=edit&amp;mode=up
ERROR: expected isValid() to return true for h3t://255.com/test1/$23?action=view
ERROR: expected isValid() to return true for h3t://255.com/test1/$23?action=edit&amp;mode=up
ERROR: expected isValid() to return true for h3t://255.com/test1/test1?action=view
ERROR: expected isValid() to return true for h3t://255.com/test1/test1?action=edit&amp;mode=up
ERROR: expected isValid() to return true for h3t://255.com/test1/test1/file?action=view
ERROR: expected isValid() to return true for h3t://255.com/test1/test1/file?action=edit&amp;mode=up
ERROR: expected isValid() to return true for h3t://255.com/test1/t123/file?action=view
ERROR: expected isValid() to return true for h3t://255.com/test1/t123/file?action=edit&amp;mode=up
ERROR: expected isValid() to return true for h3t://255.com/test1/$23/file?action=view
ERROR: expected isValid() to return true for h3t://255.com/test1/$23/file?action=edit&amp;mode=up
ERROR: expected isValid() to return true for h3t://255.com/test1/file/test1?action=view
ERROR: expected isValid() to return true for h3t://255.com/test1/file/test1?action=edit&amp;mode=up
ERROR: expected isValid() to return true for h3t://255.com/test1/file/t123?action=view
ERROR: expected isValid() to return true for h3t://255.com/test1/file/t123?action=edit&amp;mode=up
ERROR: expected isValid() to return true for h3t://255.com/test1/file/$23?action=view
ERROR: expected isValid() to return true for h3t://255.com/test1/file/$23?action=edit&amp;mode=up
ERROR: expected isValid() to return true for h3t://255.com/test1/file/test1?action=view
ERROR: expected isValid() to return true for h3t://255.com/test1/file/test1?action=edit&amp;mode=up
ERROR: expected isValid() to return true for h3t://255.com/test1/file/test1/file?action=view
ERROR: expected isValid() to return true for h3t://255.com/test1/file/test1/file?action=edit&amp;mode=up
ERROR: expected isValid() to return true for h3t://255.com/test1/file/t123/file?action=view
ERROR: expected isValid() to return true for h3t://255.com/test1/file/t123/file?action=edit&amp;mode=up
ERROR: expected isValid() to return true for h3t://255.com/test1/file/$23/file?action=view
ERROR: expected isValid() to return true for h3t://255.com/test1/file/$23/file?action=edit&amp;mode=up
ERROR: expected isValid() to return true for h3t://255.com:65636/test1/test1?action=view
ERROR: expected isValid() to return true for h3t://255.com:65636/test1/test1?action=edit&amp;mode=up
ERROR: expected isValid() to return true for h3t://255.com:65636/test1/test1
ERROR: expected isValid() to return true for h3t://255.com:65636/test1/t123?action=view
ERROR: expected isValid() to return true for h3t://255.com:65636/test1/t123?action=edit&amp;mode=up
ERROR: expected isValid() to return true for h3t://255.com:65636/test1/t123
ERROR: expected isValid() to return true for h3t://255.com:65636/test1/$23?action=view
ERROR: expected isValid() to return true for h3t://255.com:65636/test1/$23?action=edit&amp;mode=up
ERROR: expected isValid() to return true for h3t://255.com:65636/test1/$23
ERROR: expected isValid() to return true for h3t://255.com:65636/test1/test1?action=view
ERROR: expected isValid() to return true for h3t://255.com:65636/test1/test1?action=edit&amp;mode=up
ERROR: expected isValid() to return true for h3t://255.com:65636/test1/test1
ERROR: expected isValid() to return true for h3t://255.com:65636/test1/test1/file?action=view
ERROR: expected isValid() to return true for h3t://255.com:65636/test1/test1/file?action=edit&amp;mode=up
ERROR: expected isValid() to return true for h3t://255.com:65636/test1/test1/file
ERROR: expected isValid() to return true for h3t://255.com:65636/test1/t123/file?action=view
ERROR: expected isValid() to return true for h3t://255.com:65636/test1/t123/file?action=edit&amp;mode=up
ERROR: expected isValid() to return true for h3t://255.com:65636/test1/t123/file
ERROR: expected isValid() to return true for h3t://255.com:65636/test1/$23/file?action=view
ERROR: expected isValid() to return true for h3t://255.com:65636/test1/$23/file?action=edit&amp;mode=up
ERROR: expected isValid() to return true for h3t://255.com:65636/test1/$23/file
ERROR: expected isValid() to return true for h3t://255.com:65636/t123/test1?action=view
ERROR: expected isValid() to return true for h3t://255.com:65636/t123/test1?action=edit&amp;mode=up
ERROR: expected isValid() to return true for h3t://255.com:65636/t123/test1
ERROR: expected isValid() to return true for h3t://255.com:65636/t123/t123?action=view
ERROR: expected isValid() to return true for h3t://255.com:65636/t123/t123?action=edit&amp;mode=up
ERROR: expected isValid() to return true for h3t://255.com:65636/t123/t123
ERROR: expected isValid() to return true for h3t://255.com:65636/t123/$23?action=view
ERROR: expected isValid() to return true for h3t://255.com:65636/t123/$23?action=edit&amp;mode=up
ERROR: expected isValid() to return true for h3t://255.com:65636/t123/$23
ERROR: expected isValid() to return true for h3t://255.com:65636/t123/test1?action=view
ERROR: expected isValid() to return true for h3t://255.com:65636/t123/test1?action=edit&amp;mode=up
ERROR: expected isValid() to return true for h3t://255.com:65636/t123/test1
ERROR: expected isValid() to return true for h3t://255.com:65636/t123/test1/file?action=view
ERROR: expected isValid() to return true for h3t://255.com:65636/t123/test1/file?action=edit&amp;mode=up
ERROR: expected isValid() to return true for h3t://255.com:65636/t123/test1/file
ERROR: expected isValid() to return true for h3t://255.com:65636/t123/t123/file?action=view
ERROR: expected isValid() to return true for h3t://255.com:65636/t123/t123/file?action=edit&amp;mode=up
ERROR: expected isValid() to return true for h3t://255.com:65636/t123/t123/file
ERROR: expected isValid() to return true for h3t://255.com:65636/t123/$23/file?action=view
ERROR: expected isValid() to return true for h3t://255.com:65636/t123/$23/file?action=edit&amp;mode=up
ERROR: expected isValid() to return true for h3t://255.com:65636/t123/$23/file
ERROR: expected isValid() to return true for h3t://255.com:65636/$23/test1?action=view
ERROR: expected isValid() to return true for h3t://255.com:65636/$23/test1?action=edit&amp;mode=up
ERROR: expected isValid() to return true for h3t://255.com:65636/$23/test1
ERROR: expected isValid() to return true for h3t://255.com:65636/$23/t123?action=view
ERROR: expected isValid() to return true for h3t://255.com:65636/$23/t123?action=edit&amp;mode=up
ERROR: expected isValid() to return true for h3t://255.com:65636/$23/t123
ERROR: expected isValid() to return true for h3t://255.com:65636/$23/$23?action=view
ERROR: expected isValid() to return true for h3t://255.com:65636/$23/$23?action=edit&amp;mode=up
ERROR: expected isValid() to return true for h3t://255.com:65636/$23/$23
ERROR: expected isValid() to return true for h3t://255.com:65636/$23/test1?action=view
ERROR: expected isValid() to return true for h3t://255.com:65636/$23/test1?action=edit&amp;mode=up
ERROR: expected isValid() to return true for h3t://255.com:65636/$23/test1
ERROR: expected isValid() to return true for h3t://255.com:65636/$23/test1/file?action=view
ERROR: expected isValid() to return true for h3t://255.com:65636/$23/test1/file?action=edit&amp;mode=up
ERROR: expected isValid() to return true for h3t://255.com:65636/$23/test1/file
ERROR: expected isValid() to return true for h3t://255.com:65636/$23/t123/file?action=view
ERROR: expected isValid() to return true for h3t://255.com:65636/$23/t123/file?action=edit&amp;mode=up
ERROR: expected isValid() to return true for h3t://255.com:65636/$23/t123/file
ERROR: expected isValid() to return true for h3t://255.com:65636/$23/$23/file?action=view
ERROR: expected isValid() to return true for h3t://255.com:65636/$23/$23/file?action=edit&amp;mode=up
ERROR: expected isValid() to return true for h3t://255.com:65636/$23/$23/file
ERROR: expected isValid() to return true for h3t://255.com:65636/test1/test1?action=view
ERROR: expected isValid() to return true for h3t://255.com:65636/test1/test1?action=edit&amp;mode=up
ERROR: expected isValid() to return true for h3t://255.com:65636/test1/test1
ERROR: expected isValid() to return true for h3t://255.com:65636/test1/t123?action=view
ERROR: expected isValid() to return true for h3t://255.com:65636/test1/t123?action=edit&amp;mode=up
ERROR: expected isValid() to return true for h3t://255.com:65636/test1/t123
ERROR: expected isValid() to return true for h3t://255.com:65636/test1/$23?action=view
ERROR: expected isValid() to return true for h3t://255.com:65636/test1/$23?action=edit&amp;mode=up
ERROR: expected isValid() to return true for h3t://255.com:65636/test1/$23
ERROR: expected isValid() to return true for h3t://255.com:65636/test1/test1?action=view
ERROR: expected isValid() to return true for h3t://255.com:65636/test1/test1?action=edit&amp;mode=up
ERROR: expected isValid() to return true for h3t://255.com:65636/test1/test1
ERROR: expected isValid() to return true for h3t://255.com:65636/test1/test1/file?action=view
ERROR: expected isValid() to return true for h3t://255.com:65636/test1/test1/file?action=edit&amp;mode=up
ERROR: expected isValid() to return true for h3t://255.com:65636/test1/test1/file
ERROR: expected isValid() to return true for h3t://255.com:65636/test1/t123/file?action=view
ERROR: expected isValid() to return true for h3t://255.com:65636/test1/t123/file?action=edit&amp;mode=up
ERROR: expected isValid() to return true for h3t://255.com:65636/test1/t123/file
ERROR: expected isValid() to return true for h3t://255.com:65636/test1/$23/file?action=view
ERROR: expected isValid() to return true for h3t://255.com:65636/test1/$23/file?action=edit&amp;mode=up
ERROR: expected isValid() to return true for h3t://255.com:65636/test1/$23/file
ERROR: expected isValid() to return true for h3t://255.com:65636/test1/file/test1?action=view
ERROR: expected isValid() to return true for h3t://255.com:65636/test1/file/test1?action=edit&amp;mode=up
ERROR: expected isValid() to return true for h3t://255.com:65636/test1/file/test1
ERROR: expected isValid() to return true for h3t://255.com:65636/test1/file/t123?action=view
ERROR: expected isValid() to return true for h3t://255.com:65636/test1/file/t123?action=edit&amp;mode=up
ERROR: expected isValid() to return true for h3t://255.com:65636/test1/file/t123
ERROR: expected isValid() to return true for h3t://255.com:65636/test1/file/$23?action=view
ERROR: expected isValid() to return true for h3t://255.com:65636/test1/file/$23?action=edit&amp;mode=up
ERROR: expected isValid() to return true for h3t://255.com:65636/test1/file/$23
ERROR: expected isValid() to return true for h3t://255.com:65636/test1/file/test1?action=view
ERROR: expected isValid() to return true for h3t://255.com:65636/test1/file/test1?action=edit&amp;mode=up
ERROR: expected isValid() to return true for h3t://255.com:65636/test1/file/test1
ERROR: expected isValid() to return true for h3t://255.com:65636/test1/file/test1/file?action=view
ERROR: expected isValid() to return true for h3t://255.com:65636/test1/file/test1/file?action=edit&amp;mode=up
ERROR: expected isValid() to return true for h3t://255.com:65636/test1/file/test1/file
ERROR: expected isValid() to return true for h3t://255.com:65636/test1/file/t123/file?action=view
ERROR: expected isValid() to return true for h3t://255.com:65636/test1/file/t123/file?action=edit&amp;mode=up
ERROR: expected isValid() to return true for h3t://255.com:65636/test1/file/t123/file
ERROR: expected isValid() to return true for h3t://255.com:65636/test1/file/$23/file?action=view
ERROR: expected isValid() to return true for h3t://255.com:65636/test1/file/$23/file?action=edit&amp;mode=up
ERROR: expected isValid() to return true for h3t://255.com:65636/test1/file/$23/file
ERROR: expected isValid() to return true for h3t://go.cc:80/test1/test1?action=view
ERROR: expected isValid() to return true for h3t://go.cc:80/test1/test1?action=edit&amp;mode=up
ERROR: expected isValid() to return true for h3t://go.cc:80/test1/t123?action=view
ERROR: expected isValid() to return true for h3t://go.cc:80/test1/t123?action=edit&amp;mode=up
ERROR: expected isValid() to return true for h3t://go.cc:80/test1/$23?action=view
ERROR: expected isValid() to return true for h3t://go.cc:80/test1/$23?action=edit&amp;mode=up
ERROR: expected isValid() to return true for h3t://go.cc:80/test1/test1?action=view
ERROR: expected isValid() to return true for h3t://go.cc:80/test1/test1?action=edit&amp;mode=up
ERROR: expected isValid() to return true for h3t://go.cc:80/test1/test1/file?action=view
ERROR: expected isValid() to return true for h3t://go.cc:80/test1/test1/file?action=edit&amp;mode=up
ERROR: expected isValid() to return true for h3t://go.cc:80/test1/t123/file?action=view
ERROR: expected isValid() to return true for h3t://go.cc:80/test1/t123/file?action=edit&amp;mode=up
ERROR: expected isValid() to return true for h3t://go.cc:80/test1/$23/file?action=view
ERROR: expected isValid() to return true for h3t://go.cc:80/test1/$23/file?action=edit&amp;mode=up
ERROR: expected isValid() to return true for h3t://go.cc:80/t123/test1?action=view
ERROR: expected isValid() to return true for h3t://go.cc:80/t123/test1?action=edit&amp;mode=up
ERROR: expected isValid() to return true for h3t://go.cc:80/t123/t123?action=view
ERROR: expected isValid() to return true for h3t://go.cc:80/t123/t123?action=edit&amp;mode=up
ERROR: expected isValid() to return true for h3t://go.cc:80/t123/$23?action=view
ERROR: expected isValid() to return true for h3t://go.cc:80/t123/$23?action=edit&amp;mode=up
ERROR: expected isValid() to return true for h3t://go.cc:80/t123/test1?action=view
ERROR: expected isValid() to return true for h3t://go.cc:80/t123/test1?action=edit&amp;mode=up
ERROR: expected isValid() to return true for h3t://go.cc:80/t123/test1/file?action=view
ERROR: expected isValid() to return true for h3t://go.cc:80/t123/test1/file?action=edit&amp;mode=up
ERROR: expected isValid() to return true for h3t://go.cc:80/t123/t123/file?action=view
ERROR: expected isValid() to return true for h3t://go.cc:80/t123/t123/file?action=edit&amp;mode=up
ERROR: expected isValid() to return true for h3t://go.cc:80/t123/$23/file?action=view
ERROR: expected isValid() to return true for h3t://go.cc:80/t123/$23/file?action=edit&amp;mode=up
ERROR: expected isValid() to return true for h3t://go.cc:80/$23/test1?action=view
ERROR: expected isValid() to return true for h3t://go.cc:80/$23/test1?action=edit&amp;mode=up
ERROR: expected isValid() to return true for h3t://go.cc:80/$23/t123?action=view
ERROR: expected isValid() to return true for h3t://go.cc:80/$23/t123?action=edit&amp;mode=up
ERROR: expected isValid() to return true for h3t://go.cc:80/$23/$23?action=view
ERROR: expected isValid() to return true for h3t://go.cc:80/$23/$23?action=edit&amp;mode=up
ERROR: expected isValid() to return true for h3t://go.cc:80/$23/test1?action=view
ERROR: expected isValid() to return true for h3t://go.cc:80/$23/test1?action=edit&amp;mode=up
ERROR: expected isValid() to return true for h3t://go.cc:80/$23/test1/file?action=view
ERROR: expected isValid() to return true for h3t://go.cc:80/$23/test1/file?action=edit&amp;mode=up
ERROR: expected isValid() to return true for h3t://go.cc:80/$23/t123/file?action=view
ERROR: expected isValid() to return true for h3t://go.cc:80/$23/t123/file?action=edit&amp;mode=up
ERROR: expected isValid() to return true for h3t://go.cc:80/$23/$23/file?action=view
ERROR: expected isValid() to return true for h3t://go.cc:80/$23/$23/file?action=edit&amp;mode=up
ERROR: expected isValid() to return true for h3t://go.cc:80/test1/test1?action=view
ERROR: expected isValid() to return true for h3t://go.cc:80/test1/test1?action=edit&amp;mode=up
ERROR: expected isValid() to return true for h3t://go.cc:80/test1/t123?action=view
ERROR: expected isValid() to return true for h3t://go.cc:80/test1/t123?action=edit&amp;mode=up
ERROR: expected isValid() to return true for h3t://go.cc:80/test1/$23?action=view
ERROR: expected isValid() to return true for h3t://go.cc:80/test1/$23?action=edit&amp;mode=up
ERROR: expected isValid() to return true for h3t://go.cc:80/test1/test1?action=view
ERROR: expected isValid() to return true for h3t://go.cc:80/test1/test1?action=edit&amp;mode=up
ERROR: expected isValid() to return true for h3t://go.cc:80/test1/test1/file?action=view
ERROR: expected isValid() to return true for h3t://go.cc:80/test1/test1/file?action=edit&amp;mode=up
ERROR: expected isValid() to return true for h3t://go.cc:80/test1/t123/file?action=view
ERROR: expected isValid() to return true for h3t://go.cc:80/test1/t123/file?action=edit&amp;mode=up
ERROR: expected isValid() to return true for h3t://go.cc:80/test1/$23/file?action=view
ERROR: expected isValid() to return true for h3t://go.cc:80/test1/$23/file?action=edit&amp;mode=up
ERROR: expected isValid() to return true for h3t://go.cc:80/test1/file/test1?action=view
ERROR: expected isValid() to return true for h3t://go.cc:80/test1/file/test1?action=edit&amp;mode=up
ERROR: expected isValid() to return true for h3t://go.cc:80/test1/file/t123?action=view
ERROR: expected isValid() to return true for h3t://go.cc:80/test1/file/t123?action=edit&amp;mode=up
ERROR: expected isValid() to return true for h3t://go.cc:80/test1/file/$23?action=view
ERROR: expected isValid() to return true for h3t://go.cc:80/test1/file/$23?action=edit&amp;mode=up
ERROR: expected isValid() to return true for h3t://go.cc:80/test1/file/test1?action=view
ERROR: expected isValid() to return true for h3t://go.cc:80/test1/file/test1?action=edit&amp;mode=up
ERROR: expected isValid() to return true for h3t://go.cc:80/test1/file/test1/file?action=view
ERROR: expected isValid() to return true for h3t://go.cc:80/test1/file/test1/file?action=edit&amp;mode=up
ERROR: expected isValid() to return true for h3t://go.cc:80/test1/file/t123/file?action=view
ERROR: expected isValid() to return true for h3t://go.cc:80/test1/file/t123/file?action=edit&amp;mode=up
ERROR: expected isValid() to return true for h3t://go.cc:80/test1/file/$23/file?action=view
ERROR: expected isValid() to return true for h3t://go.cc:80/test1/file/$23/file?action=edit&amp;mode=up
ERROR: expected isValid() to return true for h3t://go.cc:65535/test1/test1?action=view
ERROR: expected isValid() to return true for h3t://go.cc:65535/test1/test1?action=edit&amp;mode=up
ERROR: expected isValid() to return true for h3t://go.cc:65535/test1/test1
ERROR: expected isValid() to return true for h3t://go.cc:65535/test1/t123?action=view
ERROR: expected isValid() to return true for h3t://go.cc:65535/test1/t123?action=edit&amp;mode=up
ERROR: expected isValid() to return true for h3t://go.cc:65535/test1/t123
ERROR: expected isValid() to return true for h3t://go.cc:65535/test1/$23?action=view
ERROR: expected isValid() to return true for h3t://go.cc:65535/test1/$23?action=edit&amp;mode=up
ERROR: expected isValid() to return true for h3t://go.cc:65535/test1/$23
ERROR: expected isValid() to return true for h3t://go.cc:65535/test1/test1?action=view
ERROR: expected isValid() to return true for h3t://go.cc:65535/test1/test1?action=edit&amp;mode=up
ERROR: expected isValid() to return true for h3t://go.cc:65535/test1/test1
ERROR: expected isValid() to return true for h3t://go.cc:65535/test1/test1/file?action=view
ERROR: expected isValid() to return true for h3t://go.cc:65535/test1/test1/file?action=edit&amp;mode=up
ERROR: expected isValid() to return true for h3t://go.cc:65535/test1/test1/file
ERROR: expected isValid() to return true for h3t://go.cc:65535/test1/t123/file?action=view
ERROR: expected isValid() to return true for h3t://go.cc:65535/test1/t123/file?action=edit&amp;mode=up
ERROR: expected isValid() to return true for h3t://go.cc:65535/test1/t123/file
ERROR: expected isValid() to return true for h3t://go.cc:65535/test1/$23/file?action=view
ERROR: expected isValid() to return true for h3t://go.cc:65535/test1/$23/file?action=edit&amp;mode=up
ERROR: expected isValid() to return true for h3t://go.cc:65535/test1/$23/file
ERROR: expected isValid() to return true for h3t://go.cc:65535/t123/test1?action=view
ERROR: expected isValid() to return true for h3t://go.cc:65535/t123/test1?action=edit&amp;mode=up
ERROR: expected isValid() to return true for h3t://go.cc:65535/t123/test1
ERROR: expected isValid() to return true for h3t://go.cc:65535/t123/t123?action=view
ERROR: expected isValid() to return true for h3t://go.cc:65535/t123/t123?action=edit&amp;mode=up
ERROR: expected isValid() to return true for h3t://go.cc:65535/t123/t123
ERROR: expected isValid() to return true for h3t://go.cc:65535/t123/$23?action=view
ERROR: expected isValid() to return true for h3t://go.cc:65535/t123/$23?action=edit&amp;mode=up
ERROR: expected isValid() to return true for h3t://go.cc:65535/t123/$23
ERROR: expected isValid() to return true for h3t://go.cc:65535/t123/test1?action=view
ERROR: expected isValid() to return true for h3t://go.cc:65535/t123/test1?action=edit&amp;mode=up
ERROR: expected isValid() to return true for h3t://go.cc:65535/t123/test1
ERROR: expected isValid() to return true for h3t://go.cc:65535/t123/test1/file?action=view
ERROR: expected isValid() to return true for h3t://go.cc:65535/t123/test1/file?action=edit&amp;mode=up
ERROR: expected isValid() to return true for h3t://go.cc:65535/t123/test1/file
ERROR: expected isValid() to return true for h3t://go.cc:65535/t123/t123/file?action=view
ERROR: expected isValid() to return true for h3t://go.cc:65535/t123/t123/file?action=edit&amp;mode=up
ERROR: expected isValid() to return true for h3t://go.cc:65535/t123/t123/file
ERROR: expected isValid() to return true for h3t://go.cc:65535/t123/$23/file?action=view
ERROR: expected isValid() to return true for h3t://go.cc:65535/t123/$23/file?action=edit&amp;mode=up
ERROR: expected isValid() to return true for h3t://go.cc:65535/t123/$23/file
ERROR: expected isValid() to return true for h3t://go.cc:65535/$23/test1?action=view
ERROR: expected isValid() to return true for h3t://go.cc:65535/$23/test1?action=edit&amp;mode=up
ERROR: expected isValid() to return true for h3t://go.cc:65535/$23/test1
ERROR: expected isValid() to return true for h3t://go.cc:65535/$23/t123?action=view
ERROR: expected isValid() to return true for h3t://go.cc:65535/$23/t123?action=edit&amp;mode=up
ERROR: expected isValid() to return true for h3t://go.cc:65535/$23/t123
ERROR: expected isValid() to return true for h3t://go.cc:65535/$23/$23?action=view
ERROR: expected isValid() to return true for h3t://go.cc:65535/$23/$23?action=edit&amp;mode=up
ERROR: expected isValid() to return true for h3t://go.cc:65535/$23/$23
ERROR: expected isValid() to return true for h3t://go.cc:65535/$23/test1?action=view
ERROR: expected isValid() to return true for h3t://go.cc:65535/$23/test1?action=edit&amp;mode=up
ERROR: expected isValid() to return true for h3t://go.cc:65535/$23/test1
ERROR: expected isValid() to return true for h3t://go.cc:65535/$23/test1/file?action=view
ERROR: expected isValid() to return true for h3t://go.cc:65535/$23/test1/file?action=edit&amp;mode=up
ERROR: expected isValid() to return true for h3t://go.cc:65535/$23/test1/file
ERROR: expected isValid() to return true for h3t://go.cc:65535/$23/t123/file?action=view
ERROR: expected isValid() to return true for h3t://go.cc:65535/$23/t123/file?action=edit&amp;mode=up
ERROR: expected isValid() to return true for h3t://go.cc:65535/$23/t123/file
ERROR: expected isValid() to return true for h3t://go.cc:65535/$23/$23/file?action=view
ERROR: expected isValid() to return true for h3t://go.cc:65535/$23/$23/file?action=edit&amp;mode=up
ERROR: expected isValid() to return true for h3t://go.cc:65535/$23/$23/file
ERROR: expected isValid() to return true for h3t://go.cc:65535/test1/test1?action=view
ERROR: expected isValid() to return true for h3t://go.cc:65535/test1/test1?action=edit&amp;mode=up
ERROR: expected isValid() to return true for h3t://go.cc:65535/test1/test1
ERROR: expected isValid() to return true for h3t://go.cc:65535/test1/t123?action=view
ERROR: expected isValid() to return true for h3t://go.cc:65535/test1/t123?action=edit&amp;mode=up
ERROR: expected isValid() to return true for h3t://go.cc:65535/test1/t123
ERROR: expected isValid() to return true for h3t://go.cc:65535/test1/$23?action=view
ERROR: expected isValid() to return true for h3t://go.cc:65535/test1/$23?action=edit&amp;mode=up
ERROR: expected isValid() to return true for h3t://go.cc:65535/test1/$23
ERROR: expected isValid() to return true for h3t://go.cc:65535/test1/test1?action=view
ERROR: expected isValid() to return true for h3t://go.cc:65535/test1/test1?action=edit&amp;mode=up
ERROR: expected isValid() to return true for h3t://go.cc:65535/test1/test1
ERROR: expected isValid() to return true for h3t://go.cc:65535/test1/test1/file?action=view
ERROR: expected isValid() to return true for h3t://go.cc:65535/test1/test1/file?action=edit&amp;mode=up
ERROR: expected isValid() to return true for h3t://go.cc:65535/test1/test1/file
ERROR: expected isValid() to return true for h3t://go.cc:65535/test1/t123/file?action=view
ERROR: expected isValid() to return true for h3t://go.cc:65535/test1/t123/file?action=edit&amp;mode=up
ERROR: expected isValid() to return true for h3t://go.cc:65535/test1/t123/file
ERROR: expected isValid() to return true for h3t://go.cc:65535/test1/$23/file?action=view
ERROR: expected isValid() to return true for h3t://go.cc:65535/test1/$23/file?action=edit&amp;mode=up
ERROR: expected isValid() to return true for h3t://go.cc:65535/test1/$23/file
ERROR: expected isValid() to return true for h3t://go.cc:65535/test1/file/test1?action=view
ERROR: expected isValid() to return true for h3t://go.cc:65535/test1/file/test1?action=edit&amp;mode=up
ERROR: expected isValid() to return true for h3t://go.cc:65535/test1/file/test1
ERROR: expected isValid() to return true for h3t://go.cc:65535/test1/file/t123?action=view
ERROR: expected isValid() to return true for h3t://go.cc:65535/test1/file/t123?action=edit&amp;mode=up
ERROR: expected isValid() to return true for h3t://go.cc:65535/test1/file/t123
ERROR: expected isValid() to return true for h3t://go.cc:65535/test1/file/$23?action=view
ERROR: expected isValid() to return true for h3t://go.cc:65535/test1/file/$23?action=edit&amp;mode=up
ERROR: expected isValid() to return true for h3t://go.cc:65535/test1/file/$23
ERROR: expected isValid() to return true for h3t://go.cc:65535/test1/file/test1?action=view
ERROR: expected isValid() to return true for h3t://go.cc:65535/test1/file/test1?action=edit&amp;mode=up
ERROR: expected isValid() to return true for h3t://go.cc:65535/test1/file/test1
ERROR: expected isValid() to return true for h3t://go.cc:65535/test1/file/test1/file?action=view
ERROR: expected isValid() to return true for h3t://go.cc:65535/test1/file/test1/file?action=edit&amp;mode=up
ERROR: expected isValid() to return true for h3t://go.cc:65535/test1/file/test1/file
ERROR: expected isValid() to return true for h3t://go.cc:65535/test1/file/t123/file?action=view
ERROR: expected isValid() to return true for h3t://go.cc:65535/test1/file/t123/file?action=edit&amp;mode=up
ERROR: expected isValid() to return true for h3t://go.cc:65535/test1/file/t123/file
ERROR: expected isValid() to return true for h3t://go.cc:65535/test1/file/$23/file?action=view
ERROR: expected isValid() to return true for h3t://go.cc:65535/test1/file/$23/file?action=edit&amp;mode=up
ERROR: expected isValid() to return true for h3t://go.cc:65535/test1/file/$23/file
ERROR: expected isValid() to return true for h3t://go.cc:0/test1/test1?action=view
ERROR: expected isValid() to return true for h3t://go.cc:0/test1/test1?action=edit&amp;mode=up
ERROR: expected isValid() to return true for h3t://go.cc:0/test1/t123?action=view
ERROR: expected isValid() to return true for h3t://go.cc:0/test1/t123?action=edit&amp;mode=up
ERROR: expected isValid() to return true for h3t://go.cc:0/test1/$23?action=view
ERROR: expected isValid() to return true for h3t://go.cc:0/test1/$23?action=edit&amp;mode=up
ERROR: expected isValid() to return true for h3t://go.cc:0/test1/test1?action=view
ERROR: expected isValid() to return true for h3t://go.cc:0/test1/test1?action=edit&amp;mode=up
ERROR: expected isValid() to return true for h3t://go.cc:0/test1/test1/file?action=view
ERROR: expected isValid() to return true for h3t://go.cc:0/test1/test1/file?action=edit&amp;mode=up
ERROR: expected isValid() to return true for h3t://go.cc:0/test1/t123/file?action=view
ERROR: expected isValid() to return true for h3t://go.cc:0/test1/t123/file?action=edit&amp;mode=up
ERROR: expected isValid() to return true for h3t://go.cc:0/test1/$23/file?action=view
ERROR: expected isValid() to return true for h3t://go.cc:0/test1/$23/file?action=edit&amp;mode=up
ERROR: expected isValid() to return true for h3t://go.cc:0/t123/test1?action=view
ERROR: expected isValid() to return true for h3t://go.cc:0/t123/test1?action=edit&amp;mode=up
ERROR: expected isValid() to return true for h3t://go.cc:0/t123/t123?action=view
ERROR: expected isValid() to return true for h3t://go.cc:0/t123/t123?action=edit&amp;mode=up
ERROR: expected isValid() to return true for h3t://go.cc:0/t123/$23?action=view
ERROR: expected isValid() to return true for h3t://go.cc:0/t123/$23?action=edit&amp;mode=up
ERROR: expected isValid() to return true for h3t://go.cc:0/t123/test1?action=view
ERROR: expected isValid() to return true for h3t://go.cc:0/t123/test1?action=edit&amp;mode=up
ERROR: expected isValid() to return true for h3t://go.cc:0/t123/test1/file?action=view
ERROR: expected isValid() to return true for h3t://go.cc:0/t123/test1/file?action=edit&amp;mode=up
ERROR: expected isValid() to return true for h3t://go.cc:0/t123/t123/file?action=view
ERROR: expected isValid() to return true for h3t://go.cc:0/t123/t123/file?action=edit&amp;mode=up
ERROR: expected isValid() to return true for h3t://go.cc:0/t123/$23/file?action=view
ERROR: expected isValid() to return true for h3t://go.cc:0/t123/$23/file?action=edit&amp;mode=up
ERROR: expected isValid() to return true for h3t://go.cc:0/$23/test1?action=view
ERROR: expected isValid() to return true for h3t://go.cc:0/$23/test1?action=edit&amp;mode=up
ERROR: expected isValid() to return true for h3t://go.cc:0/$23/t123?action=view
ERROR: expected isValid() to return true for h3t://go.cc:0/$23/t123?action=edit&amp;mode=up
ERROR: expected isValid() to return true for h3t://go.cc:0/$23/$23?action=view
ERROR: expected isValid() to return true for h3t://go.cc:0/$23/$23?action=edit&amp;mode=up
ERROR: expected isValid() to return true for h3t://go.cc:0/$23/test1?action=view
ERROR: expected isValid() to return true for h3t://go.cc:0/$23/test1?action=edit&amp;mode=up
ERROR: expected isValid() to return true for h3t://go.cc:0/$23/test1/file?action=view
ERROR: expected isValid() to return true for h3t://go.cc:0/$23/test1/file?action=edit&amp;mode=up
ERROR: expected isValid() to return true for h3t://go.cc:0/$23/t123/file?action=view
ERROR: expected isValid() to return true for h3t://go.cc:0/$23/t123/file?action=edit&amp;mode=up
ERROR: expected isValid() to return true for h3t://go.cc:0/$23/$23/file?action=view
ERROR: expected isValid() to return true for h3t://go.cc:0/$23/$23/file?action=edit&amp;mode=up
ERROR: expected isValid() to return true for h3t://go.cc:0/test1/test1?action=view
ERROR: expected isValid() to return true for h3t://go.cc:0/test1/test1?action=edit&amp;mode=up
ERROR: expected isValid() to return true for h3t://go.cc:0/test1/t123?action=view
ERROR: expected isValid() to return true for h3t://go.cc:0/test1/t123?action=edit&amp;mode=up
ERROR: expected isValid() to return true for h3t://go.cc:0/test1/$23?action=view
ERROR: expected isValid() to return true for h3t://go.cc:0/test1/$23?action=edit&amp;mode=up
ERROR: expected isValid() to return true for h3t://go.cc:0/test1/test1?action=view
ERROR: expected isValid() to return true for h3t://go.cc:0/test1/test1?action=edit&amp;mode=up
ERROR: expected isValid() to return true for h3t://go.cc:0/test1/test1/file?action=view
ERROR: expected isValid() to return true for h3t://go.cc:0/test1/test1/file?action=edit&amp;mode=up
ERROR: expected isValid() to return true for h3t://go.cc:0/test1/t123/file?action=view
ERROR: expected isValid() to return true for h3t://go.cc:0/test1/t123/file?action=edit&amp;mode=up
ERROR: expected isValid() to return true for h3t://go.cc:0/test1/$23/file?action=view
ERROR: expected isValid() to return true for h3t://go.cc:0/test1/$23/file?action=edit&amp;mode=up
ERROR: expected isValid() to return true for h3t://go.cc:0/test1/file/test1?action=view
ERROR: expected isValid() to return true for h3t://go.cc:0/test1/file/test1?action=edit&amp;mode=up
ERROR: expected isValid() to return true for h3t://go.cc:0/test1/file/t123?action=view
ERROR: expected isValid() to return true for h3t://go.cc:0/test1/file/t123?action=edit&amp;mode=up
ERROR: expected isValid() to return true for h3t://go.cc:0/test1/file/$23?action=view
ERROR: expected isValid() to return true for h3t://go.cc:0/test1/file/$23?action=edit&amp;mode=up
ERROR: expected isValid() to return true for h3t://go.cc:0/test1/file/test1?action=view
ERROR: expected isValid() to return true for h3t://go.cc:0/test1/file/test1?action=edit&amp;mode=up
ERROR: expected isValid() to return true for h3t://go.cc:0/test1/file/test1/file?action=view
ERROR: expected isValid() to return true for h3t://go.cc:0/test1/file/test1/file?action=edit&amp;mode=up
ERROR: expected isValid() to return true for h3t://go.cc:0/test1/file/t123/file?action=view
ERROR: expected isValid() to return true for h3t://go.cc:0/test1/file/t123/file?action=edit&amp;mode=up
ERROR: expected isValid() to return true for h3t://go.cc:0/test1/file/$23/file?action=view
ERROR: expected isValid() to return true for h3t://go.cc:0/test1/file/$23/file?action=edit&amp;mode=up
ERROR: expected isValid() to return true for h3t://go.cc/test1/test1?action=view
ERROR: expected isValid() to return true for h3t://go.cc/test1/test1?action=edit&amp;mode=up
ERROR: expected isValid() to return true for h3t://go.cc/test1/t123?action=view
ERROR: expected isValid() to return true for h3t://go.cc/test1/t123?action=edit&amp;mode=up
ERROR: expected isValid() to return true for h3t://go.cc/test1/$23?action=view
ERROR: expected isValid() to return true for h3t://go.cc/test1/$23?action=edit&amp;mode=up
ERROR: expected isValid() to return true for h3t://go.cc/test1/test1?action=view
ERROR: expected isValid() to return true for h3t://go.cc/test1/test1?action=edit&amp;mode=up
ERROR: expected isValid() to return true for h3t://go.cc/test1/test1/file?action=view
ERROR: expected isValid() to return true for h3t://go.cc/test1/test1/file?action=edit&amp;mode=up
ERROR: expected isValid() to return true for h3t://go.cc/test1/t123/file?action=view
ERROR: expected isValid() to return true for h3t://go.cc/test1/t123/file?action=edit&amp;mode=up
ERROR: expected isValid() to return true for h3t://go.cc/test1/$23/file?action=view
ERROR: expected isValid() to return true for h3t://go.cc/test1/$23/file?action=edit&amp;mode=up
ERROR: expected isValid() to return true for h3t://go.cc/t123/test1?action=view
ERROR: expected isValid() to return true for h3t://go.cc/t123/test1?action=edit&amp;mode=up
ERROR: expected isValid() to return true for h3t://go.cc/t123/t123?action=view
ERROR: expected isValid() to return true for h3t://go.cc/t123/t123?action=edit&amp;mode=up
ERROR: expected isValid() to return true for h3t://go.cc/t123/$23?action=view
ERROR: expected isValid() to return true for h3t://go.cc/t123/$23?action=edit&amp;mode=up
ERROR: expected isValid() to return true for h3t://go.cc/t123/test1?action=view
ERROR: expected isValid() to return true for h3t://go.cc/t123/test1?action=edit&amp;mode=up
ERROR: expected isValid() to return true for h3t://go.cc/t123/test1/file?action=view
ERROR: expected isValid() to return true for h3t://go.cc/t123/test1/file?action=edit&amp;mode=up
ERROR: expected isValid() to return true for h3t://go.cc/t123/t123/file?action=view
ERROR: expected isValid() to return true for h3t://go.cc/t123/t123/file?action=edit&amp;mode=up
ERROR: expected isValid() to return true for h3t://go.cc/t123/$23/file?action=view
ERROR: expected isValid() to return true for h3t://go.cc/t123/$23/file?action=edit&amp;mode=up
ERROR: expected isValid() to return true for h3t://go.cc/$23/test1?action=view
ERROR: expected isValid() to return true for h3t://go.cc/$23/test1?action=edit&amp;mode=up
ERROR: expected isValid() to return true for h3t://go.cc/$23/t123?action=view
ERROR: expected isValid() to return true for h3t://go.cc/$23/t123?action=edit&amp;mode=up
ERROR: expected isValid() to return true for h3t://go.cc/$23/$23?action=view
ERROR: expected isValid() to return true for h3t://go.cc/$23/$23?action=edit&amp;mode=up
ERROR: expected isValid() to return true for h3t://go.cc/$23/test1?action=view
ERROR: expected isValid() to return true for h3t://go.cc/$23/test1?action=edit&amp;mode=up
ERROR: expected isValid() to return true for h3t://go.cc/$23/test1/file?action=view
ERROR: expected isValid() to return true for h3t://go.cc/$23/test1/file?action=edit&amp;mode=up
ERROR: expected isValid() to return true for h3t://go.cc/$23/t123/file?action=view
ERROR: expected isValid() to return true for h3t://go.cc/$23/t123/file?action=edit&amp;mode=up
ERROR: expected isValid() to return true for h3t://go.cc/$23/$23/file?action=view
ERROR: expected isValid() to return true for h3t://go.cc/$23/$23/file?action=edit&amp;mode=up
ERROR: expected isValid() to return true for h3t://go.cc/test1/test1?action=view
ERROR: expected isValid() to return true for h3t://go.cc/test1/test1?action=edit&amp;mode=up
ERROR: expected isValid() to return true for h3t://go.cc/test1/t123?action=view
ERROR: expected isValid() to return true for h3t://go.cc/test1/t123?action=edit&amp;mode=up
ERROR: expected isValid() to return true for h3t://go.cc/test1/$23?action=view
ERROR: expected isValid() to return true for h3t://go.cc/test1/$23?action=edit&amp;mode=up
ERROR: expected isValid() to return true for h3t://go.cc/test1/test1?action=view
ERROR: expected isValid() to return true for h3t://go.cc/test1/test1?action=edit&amp;mode=up
ERROR: expected isValid() to return true for h3t://go.cc/test1/test1/file?action=view
ERROR: expected isValid() to return true for h3t://go.cc/test1/test1/file?action=edit&amp;mode=up
ERROR: expected isValid() to return true for h3t://go.cc/test1/t123/file?action=view
ERROR: expected isValid() to return true for h3t://go.cc/test1/t123/file?action=edit&amp;mode=up
ERROR: expected isValid() to return true for h3t://go.cc/test1/$23/file?action=view
ERROR: expected isValid() to return true for h3t://go.cc/test1/$23/file?action=edit&amp;mode=up
ERROR: expected isValid() to return true for h3t://go.cc/test1/file/test1?action=view
ERROR: expected isValid() to return true for h3t://go.cc/test1/file/test1?action=edit&amp;mode=up
ERROR: expected isValid() to return true for h3t://go.cc/test1/file/t123?action=view
ERROR: expected isValid() to return true for h3t://go.cc/test1/file/t123?action=edit&amp;mode=up
ERROR: expected isValid() to return true for h3t://go.cc/test1/file/$23?action=view
ERROR: expected isValid() to return true for h3t://go.cc/test1/file/$23?action=edit&amp;mode=up
ERROR: expected isValid() to return true for h3t://go.cc/test1/file/test1?action=view
ERROR: expected isValid() to return true for h3t://go.cc/test1/file/test1?action=edit&amp;mode=up
ERROR: expected isValid() to return true for h3t://go.cc/test1/file/test1/file?action=view
ERROR: expected isValid() to return true for h3t://go.cc/test1/file/test1/file?action=edit&amp;mode=up
ERROR: expected isValid() to return true for h3t://go.cc/test1/file/t123/file?action=view
ERROR: expected isValid() to return true for h3t://go.cc/test1/file/t123/file?action=edit&amp;mode=up
ERROR: expected isValid() to return true for h3t://go.cc/test1/file/$23/file?action=view
ERROR: expected isValid() to return true for h3t://go.cc/test1/file/$23/file?action=edit&amp;mode=up
ERROR: expected isValid() to return true for h3t://go.cc:65636/test1/test1?action=view
ERROR: expected isValid() to return true for h3t://go.cc:65636/test1/test1?action=edit&amp;mode=up
ERROR: expected isValid() to return true for h3t://go.cc:65636/test1/test1
ERROR: expected isValid() to return true for h3t://go.cc:65636/test1/t123?action=view
ERROR: expected isValid() to return true for h3t://go.cc:65636/test1/t123?action=edit&amp;mode=up
ERROR: expected isValid() to return true for h3t://go.cc:65636/test1/t123
ERROR: expected isValid() to return true for h3t://go.cc:65636/test1/$23?action=view
ERROR: expected isValid() to return true for h3t://go.cc:65636/test1/$23?action=edit&amp;mode=up
ERROR: expected isValid() to return true for h3t://go.cc:65636/test1/$23
ERROR: expected isValid() to return true for h3t://go.cc:65636/test1/test1?action=view
ERROR: expected isValid() to return true for h3t://go.cc:65636/test1/test1?action=edit&amp;mode=up
ERROR: expected isValid() to return true for h3t://go.cc:65636/test1/test1
ERROR: expected isValid() to return true for h3t://go.cc:65636/test1/test1/file?action=view
ERROR: expected isValid() to return true for h3t://go.cc:65636/test1/test1/file?action=edit&amp;mode=up
ERROR: expected isValid() to return true for h3t://go.cc:65636/test1/test1/file
ERROR: expected isValid() to return true for h3t://go.cc:65636/test1/t123/file?action=view
ERROR: expected isValid() to return true for h3t://go.cc:65636/test1/t123/file?action=edit&amp;mode=up
ERROR: expected isValid() to return true for h3t://go.cc:65636/test1/t123/file
ERROR: expected isValid() to return true for h3t://go.cc:65636/test1/$23/file?action=view
ERROR: expected isValid() to return true for h3t://go.cc:65636/test1/$23/file?action=edit&amp;mode=up
ERROR: expected isValid() to return true for h3t://go.cc:65636/test1/$23/file
ERROR: expected isValid() to return true for h3t://go.cc:65636/t123/test1?action=view
ERROR: expected isValid() to return true for h3t://go.cc:65636/t123/test1?action=edit&amp;mode=up
ERROR: expected isValid() to return true for h3t://go.cc:65636/t123/test1
ERROR: expected isValid() to return true for h3t://go.cc:65636/t123/t123?action=view
ERROR: expected isValid() to return true for h3t://go.cc:65636/t123/t123?action=edit&amp;mode=up
ERROR: expected isValid() to return true for h3t://go.cc:65636/t123/t123
ERROR: expected isValid() to return true for h3t://go.cc:65636/t123/$23?action=view
ERROR: expected isValid() to return true for h3t://go.cc:65636/t123/$23?action=edit&amp;mode=up
ERROR: expected isValid() to return true for h3t://go.cc:65636/t123/$23
ERROR: expected isValid() to return true for h3t://go.cc:65636/t123/test1?action=view
ERROR: expected isValid() to return true for h3t://go.cc:65636/t123/test1?action=edit&amp;mode=up
ERROR: expected isValid() to return true for h3t://go.cc:65636/t123/test1
ERROR: expected isValid() to return true for h3t://go.cc:65636/t123/test1/file?action=view
ERROR: expected isValid() to return true for h3t://go.cc:65636/t123/test1/file?action=edit&amp;mode=up
ERROR: expected isValid() to return true for h3t://go.cc:65636/t123/test1/file
ERROR: expected isValid() to return true for h3t://go.cc:65636/t123/t123/file?action=view
ERROR: expected isValid() to return true for h3t://go.cc:65636/t123/t123/file?action=edit&amp;mode=up
ERROR: expected isValid() to return true for h3t://go.cc:65636/t123/t123/file
ERROR: expected isValid() to return true for h3t://go.cc:65636/t123/$23/file?action=view
ERROR: expected isValid() to return true for h3t://go.cc:65636/t123/$23/file?action=edit&amp;mode=up
ERROR: expected isValid() to return true for h3t://go.cc:65636/t123/$23/file
ERROR: expected isValid() to return true for h3t://go.cc:65636/$23/test1?action=view
ERROR: expected isValid() to return true for h3t://go.cc:65636/$23/test1?action=edit&amp;mode=up
ERROR: expected isValid() to return true for h3t://go.cc:65636/$23/test1
ERROR: expected isValid() to return true for h3t://go.cc:65636/$23/t123?action=view
ERROR: expected isValid() to return true for h3t://go.cc:65636/$23/t123?action=edit&amp;mode=up
ERROR: expected isValid() to return true for h3t://go.cc:65636/$23/t123
ERROR: expected isValid() to return true for h3t://go.cc:65636/$23/$23?action=view
ERROR: expected isValid() to return true for h3t://go.cc:65636/$23/$23?action=edit&amp;mode=up
ERROR: expected isValid() to return true for h3t://go.cc:65636/$23/$23
ERROR: expected isValid() to return true for h3t://go.cc:65636/$23/test1?action=view
ERROR: expected isValid() to return true for h3t://go.cc:65636/$23/test1?action=edit&amp;mode=up
ERROR: expected isValid() to return true for h3t://go.cc:65636/$23/test1
ERROR: expected isValid() to return true for h3t://go.cc:65636/$23/test1/file?action=view
ERROR: expected isValid() to return true for h3t://go.cc:65636/$23/test1/file?action=edit&amp;mode=up
ERROR: expected isValid() to return true for h3t://go.cc:65636/$23/test1/file
ERROR: expected isValid() to return true for h3t://go.cc:65636/$23/t123/file?action=view
ERROR: expected isValid() to return true for h3t://go.cc:65636/$23/t123/file?action=edit&amp;mode=up
ERROR: expected isValid() to return true for h3t://go.cc:65636/$23/t123/file
ERROR: expected isValid() to return true for h3t://go.cc:65636/$23/$23/file?action=view
ERROR: expected isValid() to return true for h3t://go.cc:65636/$23/$23/file?action=edit&amp;mode=up
ERROR: expected isValid() to return true for h3t://go.cc:65636/$23/$23/file
ERROR: expected isValid() to return true for h3t://go.cc:65636/test1/test1?action=view
ERROR: expected isValid() to return true for h3t://go.cc:65636/test1/test1?action=edit&amp;mode=up
ERROR: expected isValid() to return true for h3t://go.cc:65636/test1/test1
ERROR: expected isValid() to return true for h3t://go.cc:65636/test1/t123?action=view
ERROR: expected isValid() to return true for h3t://go.cc:65636/test1/t123?action=edit&amp;mode=up
ERROR: expected isValid() to return true for h3t://go.cc:65636/test1/t123
ERROR: expected isValid() to return true for h3t://go.cc:65636/test1/$23?action=view
ERROR: expected isValid() to return true for h3t://go.cc:65636/test1/$23?action=edit&amp;mode=up
ERROR: expected isValid() to return true for h3t://go.cc:65636/test1/$23
ERROR: expected isValid() to return true for h3t://go.cc:65636/test1/test1?action=view
ERROR: expected isValid() to return true for h3t://go.cc:65636/test1/test1?action=edit&amp;mode=up
ERROR: expected isValid() to return true for h3t://go.cc:65636/test1/test1
ERROR: expected isValid() to return true for h3t://go.cc:65636/test1/test1/file?action=view
ERROR: expected isValid() to return true for h3t://go.cc:65636/test1/test1/file?action=edit&amp;mode=up
ERROR: expected isValid() to return true for h3t://go.cc:65636/test1/test1/file
ERROR: expected isValid() to return true for h3t://go.cc:65636/test1/t123/file?action=view
ERROR: expected isValid() to return true for h3t://go.cc:65636/test1/t123/file?action=edit&amp;mode=up
ERROR: expected isValid() to return true for h3t://go.cc:65636/test1/t123/file
ERROR: expected isValid() to return true for h3t://go.cc:65636/test1/$23/file?action=view
ERROR: expected isValid() to return true for h3t://go.cc:65636/test1/$23/file?action=edit&amp;mode=up
ERROR: expected isValid() to return true for h3t://go.cc:65636/test1/$23/file
ERROR: expected isValid() to return true for h3t://go.cc:65636/test1/file/test1?action=view
ERROR: expected isValid() to return true for h3t://go.cc:65636/test1/file/test1?action=edit&amp;mode=up
ERROR: expected isValid() to return true for h3t://go.cc:65636/test1/file/test1
ERROR: expected isValid() to return true for h3t://go.cc:65636/test1/file/t123?action=view
ERROR: expected isValid() to return true for h3t://go.cc:65636/test1/file/t123?action=edit&amp;mode=up
ERROR: expected isValid() to return true for h3t://go.cc:65636/test1/file/t123
ERROR: expected isValid() to return true for h3t://go.cc:65636/test1/file/$23?action=view
ERROR: expected isValid() to return true for h3t://go.cc:65636/test1/file/$23?action=edit&amp;mode=up
ERROR: expected isValid() to return true for h3t://go.cc:65636/test1/file/$23
ERROR: expected isValid() to return true for h3t://go.cc:65636/test1/file/test1?action=view
ERROR: expected isValid() to return true for h3t://go.cc:65636/test1/file/test1?action=edit&amp;mode=up
ERROR: expected isValid() to return true for h3t://go.cc:65636/test1/file/test1
ERROR: expected isValid() to return true for h3t://go.cc:65636/test1/file/test1/file?action=view
ERROR: expected isValid() to return true for h3t://go.cc:65636/test1/file/test1/file?action=edit&amp;mode=up
ERROR: expected isValid() to return true for h3t://go.cc:65636/test1/file/test1/file
ERROR: expected isValid() to return true for h3t://go.cc:65636/test1/file/t123/file?action=view
ERROR: expected isValid() to return true for h3t://go.cc:65636/test1/file/t123/file?action=edit&amp;mode=up
ERROR: expected isValid() to return true for h3t://go.cc:65636/test1/file/t123/file
ERROR: expected isValid() to return true for h3t://go.cc:65636/test1/file/$23/file?action=view
ERROR: expected isValid() to return true for h3t://go.cc:65636/test1/file/$23/file?action=edit&amp;mode=up
ERROR: expected isValid() to return true for h3t://go.cc:65636/test1/file/$23/file
Number of errors found in testing: 9135
</system-out>
  </testcase>
</testsuite>